[Client] 2025/12/07 12:41:34.365543 ClientDriver: started; expecting 9000 clients
[Client] 2025/12/07 12:41:41.547309 ClientDriver: parsing CSV file /Users/rituraj/Downloads/cft-rituraj735/sample_testcases.csv
[Client] 2025/12/07 12:41:41.548241 ClientDriver: parsed 2 sets from /Users/rituraj/Downloads/cft-rituraj735/sample_testcases.csv
[Client] 2025/12/07 12:41:41.548446 ClientDriver: loaded 2 transaction sets from /Users/rituraj/Downloads/cft-rituraj735/sample_testcases.csv
[Client] 2025/12/07 12:41:43.228972 ClientDriver: processing set 1 with 6 txns
[Client] 2025/12/07 12:41:44.533090 
[1/6] Transaction: (21,700,2)
[Client] 2025/12/07 12:41:44.533215 ClientDriver: set 1 txn 1/6 (21,700,2)
[Client] 2025/12/07 12:41:44.533243 Client 21: sending txn (21,700,2) ts=1765129304533232000 (cluster=1 leader=1)
[Client] 2025/12/07 12:41:44.534117 Client 21: sending request to node 1 seq? pending ts=1765129304533232000
[Client] 2025/12/07 12:41:44.562058 Client 21: node 1 replied success=true seq=1
[Client] 2025/12/07 12:41:44.562112 Client 21: cluster 1 leader 1 succeeded ts=1765129304533232000 seq=1
[Client] 2025/12/07 12:41:44.562125 ClientDriver: txn applied seq=1
[Client] 2025/12/07 12:41:44.763250 
[2/6] Transaction: (3001,3002,3)
[Client] 2025/12/07 12:41:44.763478 ClientDriver: set 1 txn 2/6 (3001,3002,3)
[Client] 2025/12/07 12:41:44.763595 Client 3001: sending txn (3001,3002,3) ts=1765129304763574000 (cluster=2 leader=4)
[Client] 2025/12/07 12:41:44.765462 Client 3001: sending request to node 4 seq? pending ts=1765129304763574000
[Client] 2025/12/07 12:41:44.786345 Client 3001: node 4 replied success=true seq=1
[Client] 2025/12/07 12:41:44.789670 Client 3001: cluster 2 leader 4 succeeded ts=1765129304763574000 seq=1
[Client] 2025/12/07 12:41:44.789688 ClientDriver: txn applied seq=1
[Client] 2025/12/07 12:41:44.990782 
[3/6] Transaction: (6004,6006,3)
[Client] 2025/12/07 12:41:44.991034 ClientDriver: set 1 txn 3/6 (6004,6006,3)
[Client] 2025/12/07 12:41:44.991176 Client 6004: sending txn (6004,6006,3) ts=1765129304991150000 (cluster=3 leader=7)
[Client] 2025/12/07 12:41:44.992802 Client 6004: sending request to node 7 seq? pending ts=1765129304991150000
[Client] 2025/12/07 12:41:45.023156 Client 6004: node 7 replied success=true seq=1
[Client] 2025/12/07 12:41:45.026531 Client 6004: cluster 3 leader 7 succeeded ts=1765129304991150000 seq=1
[Client] 2025/12/07 12:41:45.026552 ClientDriver: txn applied seq=1
[Client] 2025/12/07 12:41:45.227633 
[4/6] Transaction: (F(n5,,0)
[Client] 2025/12/07 12:41:45.227820 ClientDriver: set 1 txn 4/6 (F(n5,,0)
[Client] 2025/12/07 12:41:45.429030 
[5/6] Transaction: (3003,4001,2)
[Client] 2025/12/07 12:41:45.429133 ClientDriver: set 1 txn 5/6 (3003,4001,2)
[Client] 2025/12/07 12:41:45.429189 Client 3003: sending txn (3003,4001,2) ts=1765129305429180000 (cluster=2 leader=4)
[Client] 2025/12/07 12:41:45.429931 Client 3003: sending request to node 4 seq? pending ts=1765129305429180000
[Client] 2025/12/07 12:41:45.430355 Client 3003: node 4 replied success=false seq=0
[Client] 2025/12/07 12:41:45.430414 ClientDriver: deferring txn (3003,4001,2)
[Client] 2025/12/07 12:41:45.631525 
[6/6] Transaction: (21,4002,2)
[Client] 2025/12/07 12:41:45.631718 ClientDriver: set 1 txn 6/6 (21,4002,2)
[Client] 2025/12/07 12:41:45.631830 Client 21: sending txn (21,4002,2) ts=1765129305631813000 (cluster=1 leader=1)
[Client] 2025/12/07 12:41:45.633792 Client 21: sending request to node 1 seq? pending ts=1765129305631813000
[Client] 2025/12/07 12:41:45.691848 Client 21: node 1 replied success=false seq=0
[Client] 2025/12/07 12:41:45.895637 ClientDriver: set 1 complete success=3 fail=2
[Client] 2025/12/07 12:41:45.895771 Performance: txns=5 avgLatency=30.879816ms throughput=4.30/s
