[Node 1] 2025/11/23 22:56:36.614086 Node 1: initializing at localhost:8001 with 5 peers
[Node 1] 2025/11/23 22:56:36.614356 [Database] initializing new in-memory store
[Node 1] 2025/11/23 22:56:36.614373 [Database] client A initialized with balance 10
[Node 1] 2025/11/23 22:56:36.614378 [Database] client B initialized with balance 10
[Node 1] 2025/11/23 22:56:36.614381 [Database] client C initialized with balance 10
[Node 1] 2025/11/23 22:56:36.614384 [Database] client D initialized with balance 10
[Node 1] 2025/11/23 22:56:36.614386 [Database] client E initialized with balance 10
[Node 1] 2025/11/23 22:56:36.614389 [Database] client F initialized with balance 10
[Node 1] 2025/11/23 22:56:36.614391 [Database] client G initialized with balance 10
[Node 1] 2025/11/23 22:56:36.614395 [Database] client H initialized with balance 10
[Node 1] 2025/11/23 22:56:36.614399 [Database] client I initialized with balance 10
[Node 1] 2025/11/23 22:56:36.614403 [Database] client J initialized with balance 10
[Node 1] 2025/11/23 22:56:36.614378 Node 1: leader timeout monitor running
[Node 1] 2025/11/23 22:56:36.614409 Node 1: initialization complete (maj=3)
[Node 1] 2025/11/23 22:56:36.614569 Node 1: starting RPC server at localhost:8001
[Node 1] 2025/11/23 22:56:38.617588 Node 1: Starting initial leader election
[Node 1] 2025/11/23 22:56:38.617976 Node 1: StartLeaderElection invoked (leader=false active=true)
[Node 1] 2025/11/23 22:56:38.618060 Node 1: Starting leader election with ballot (1,1)
[Node 1] 2025/11/23 22:56:38.618366 Node 1: RPC Prepare->node 4
[Node 1] 2025/11/23 22:56:38.618393 Node 1: RPC Prepare->node 2
[Node 1] 2025/11/23 22:56:38.618416 Node 1: RPC Prepare->node 3
[Node 1] 2025/11/23 22:56:38.618502 Node 1: RPC Prepare->node 5
[Node 1] 2025/11/23 22:56:38.620618 Node 1: RPC dial Prepare to node 3 failed: dial tcp 127.0.0.1:8003: connect: connection refused
[Node 1] 2025/11/23 22:56:38.620891 Node 1: RPC dial Prepare to node 4 failed: dial tcp 127.0.0.1:8004: connect: connection refused
[Node 1] 2025/11/23 22:56:38.620824 Node 1: RPC dial Prepare to node 5 failed: dial tcp 127.0.0.1:8005: connect: connection refused
[Node 1] 2025/11/23 22:56:38.622922 Node 1: leader election failed (promises=2 need=3)
[Node 1] 2025/11/23 22:56:39.628334 Node 1: Leader timeout (3.013828s), no leader msgs, starting election
[Node 1] 2025/11/23 22:56:39.628617 Node 1: StartLeaderElection invoked (leader=false active=true)
[Node 1] 2025/11/23 22:56:39.629067 Node 1: Starting leader election with ballot (2,1)
[Node 1] 2025/11/23 22:56:39.629684 Node 1: RPC Prepare->node 3
[Node 1] 2025/11/23 22:56:39.629688 Node 1: RPC Prepare->node 4
[Node 1] 2025/11/23 22:56:39.629720 Node 1: RPC Prepare->node 5
[Node 1] 2025/11/23 22:56:39.629736 Node 1: RPC Prepare->node 2
[Node 1] 2025/11/23 22:56:39.632587 Node 1: RPC dial Prepare to node 5 failed: dial tcp 127.0.0.1:8005: connect: connection refused
[Node 1] 2025/11/23 22:56:39.632908 Node 1: RPC dial Prepare to node 4 failed: dial tcp 127.0.0.1:8004: connect: connection refused
[Node 1] 2025/11/23 22:56:39.634426 Node 1: creating new view from 3 promises
[Node 1] 2025/11/23 22:56:39.634527 Node 1: applyCommittedEntries up to seq=0
[Node 1] 2025/11/23 22:56:39.634578 Node 1: new view constructed with 0 entries (maxSeq=0)
[Node 1] 2025/11/23 22:56:39.634688 Node 1: broadcasting NewView ballot=(2,1) entries=0
[Node 1] 2025/11/23 22:56:39.634776 Node 1: RPC NewView->node 5
[Node 1] 2025/11/23 22:56:39.634566 Node 1: heartbeat loop started
[Node 1] 2025/11/23 22:56:39.634776 Node 1: RPC NewView->node 2
[Node 1] 2025/11/23 22:56:39.634782 Node 1: RPC NewView->node 3
[Node 1] 2025/11/23 22:56:39.634790 Node 1: RPC NewView->node 4
[Node 1] 2025/11/23 22:56:39.636256 Node 1: RPC dial NewView to node 4 failed: dial tcp 127.0.0.1:8004: connect: connection refused
[Node 1] 2025/11/23 22:56:39.636780 Node 1: RPC dial NewView to node 5 failed: dial tcp 127.0.0.1:8005: connect: connection refused
[Node 1] 2025/11/23 22:56:40.135736 Node 1: RPC HandleHeartbeat->node 2
[Node 1] 2025/11/23 22:56:40.135765 Node 1: RPC HandleHeartbeat->node 4
[Node 1] 2025/11/23 22:56:40.135778 Node 1: RPC HandleHeartbeat->node 3
[Node 1] 2025/11/23 22:56:40.135788 Node 1: RPC HandleHeartbeat->node 5
[Node 1] 2025/11/23 22:56:40.137255 Node 1: RPC dial HandleHeartbeat to node 5 failed: dial tcp 127.0.0.1:8005: connect: connection refused
[Node 1] 2025/11/23 22:56:40.137296 Node 1: RPC dial HandleHeartbeat to node 4 failed: dial tcp 127.0.0.1:8004: connect: connection refused
[Node 1] 2025/11/23 22:56:40.635758 Node 1: RPC HandleHeartbeat->node 5
[Node 1] 2025/11/23 22:56:40.636215 Node 1: RPC HandleHeartbeat->node 3
[Node 1] 2025/11/23 22:56:40.636233 Node 1: RPC HandleHeartbeat->node 2
[Node 1] 2025/11/23 22:56:40.636346 Node 1: RPC HandleHeartbeat->node 4
[Node 1] 2025/11/23 22:56:40.639340 Node 1: RPC dial HandleHeartbeat to node 4 failed: dial tcp 127.0.0.1:8004: connect: connection refused
[Node 1] 2025/11/23 22:56:40.639399 Node 1: RPC dial HandleHeartbeat to node 5 failed: dial tcp 127.0.0.1:8005: connect: connection refused
[Node 1] 2025/11/23 22:56:41.135704 Node 1: RPC HandleHeartbeat->node 4
[Node 1] 2025/11/23 22:56:41.135701 Node 1: RPC HandleHeartbeat->node 2
[Node 1] 2025/11/23 22:56:41.135719 Node 1: RPC HandleHeartbeat->node 3
[Node 1] 2025/11/23 22:56:41.135720 Node 1: RPC HandleHeartbeat->node 5
[Node 1] 2025/11/23 22:56:41.137267 Node 1: RPC dial HandleHeartbeat to node 5 failed: dial tcp 127.0.0.1:8005: connect: connection refused
[Node 1] 2025/11/23 22:56:41.137282 Node 1: RPC dial HandleHeartbeat to node 4 failed: dial tcp 127.0.0.1:8004: connect: connection refused
[Node 1] 2025/11/23 22:56:41.635603 Node 1: RPC HandleHeartbeat->node 5
[Node 1] 2025/11/23 22:56:41.635584 Node 1: RPC HandleHeartbeat->node 3
[Node 1] 2025/11/23 22:56:41.635614 Node 1: RPC HandleHeartbeat->node 2
[Node 1] 2025/11/23 22:56:41.635626 Node 1: RPC HandleHeartbeat->node 4
[Node 1] 2025/11/23 22:56:41.637901 Node 1: RPC dial HandleHeartbeat to node 4 failed: dial tcp 127.0.0.1:8004: connect: connection refused
[Node 1] 2025/11/23 22:56:41.637920 Node 1: RPC dial HandleHeartbeat to node 5 failed: dial tcp 127.0.0.1:8005: connect: connection refused
[Node 1] 2025/11/23 22:56:42.135753 Node 1: RPC HandleHeartbeat->node 2
[Node 1] 2025/11/23 22:56:42.135757 Node 1: RPC HandleHeartbeat->node 5
[Node 1] 2025/11/23 22:56:42.135772 Node 1: RPC HandleHeartbeat->node 3
[Node 1] 2025/11/23 22:56:42.135778 Node 1: RPC HandleHeartbeat->node 4
[Node 1] 2025/11/23 22:56:42.137581 Node 1: RPC dial HandleHeartbeat to node 5 failed: dial tcp 127.0.0.1:8005: connect: connection refused
[Node 1] 2025/11/23 22:56:42.137605 Node 1: RPC dial HandleHeartbeat to node 4 failed: dial tcp 127.0.0.1:8004: connect: connection refused
[Node 1] 2025/11/23 22:56:42.634728 Node 1: RPC HandleHeartbeat->node 5
[Node 1] 2025/11/23 22:56:42.634762 Node 1: RPC HandleHeartbeat->node 3
[Node 1] 2025/11/23 22:56:42.634771 Node 1: RPC HandleHeartbeat->node 2
[Node 1] 2025/11/23 22:56:42.634783 Node 1: RPC HandleHeartbeat->node 4
[Node 1] 2025/11/23 22:56:42.636169 Node 1: RPC dial HandleHeartbeat to node 4 failed: dial tcp 127.0.0.1:8004: connect: connection refused
[Node 1] 2025/11/23 22:56:42.636338 Node 1: RPC dial HandleHeartbeat to node 5 failed: dial tcp 127.0.0.1:8005: connect: connection refused
[Node 1] 2025/11/23 22:56:42.661267 Node 1: leader election success with ballot (2,1)
[Node 1] 2025/11/23 22:56:42.661316 Node 1: Became leader after election, successful
[Node 1] 2025/11/23 22:56:42.661340 Node 1: heartbeat loop started
[Node 1] 2025/11/23 22:56:43.134837 Node 1: RPC HandleHeartbeat->node 5
[Node 1] 2025/11/23 22:56:43.134910 Node 1: RPC HandleHeartbeat->node 3
[Node 1] 2025/11/23 22:56:43.134931 Node 1: RPC HandleHeartbeat->node 2
[Node 1] 2025/11/23 22:56:43.134943 Node 1: RPC HandleHeartbeat->node 4
[Node 1] 2025/11/23 22:56:43.137330 Node 1: RPC dial HandleHeartbeat to node 5 failed: dial tcp 127.0.0.1:8005: connect: connection refused
[Node 1] 2025/11/23 22:56:43.162488 Node 1: RPC HandleHeartbeat->node 5
[Node 1] 2025/11/23 22:56:43.162533 Node 1: RPC HandleHeartbeat->node 3
[Node 1] 2025/11/23 22:56:43.162542 Node 1: RPC HandleHeartbeat->node 2
[Node 1] 2025/11/23 22:56:43.162567 Node 1: RPC HandleHeartbeat->node 4
[Node 1] 2025/11/23 22:56:43.166340 Node 1: RPC dial HandleHeartbeat to node 5 failed: dial tcp 127.0.0.1:8005: connect: connection refused
[Node 1] 2025/11/23 22:56:43.634799 Node 1: RPC HandleHeartbeat->node 2
[Node 1] 2025/11/23 22:56:43.634805 Node 1: RPC HandleHeartbeat->node 5
[Node 1] 2025/11/23 22:56:43.634842 Node 1: RPC HandleHeartbeat->node 4
[Node 1] 2025/11/23 22:56:43.634852 Node 1: RPC HandleHeartbeat->node 3
[Node 1] 2025/11/23 22:56:43.638428 Node 1: RPC dial HandleHeartbeat to node 5 failed: dial tcp 127.0.0.1:8005: connect: connection refused
[Node 1] 2025/11/23 22:56:43.662439 Node 1: RPC HandleHeartbeat->node 3
[Node 1] 2025/11/23 22:56:43.662439 Node 1: RPC HandleHeartbeat->node 5
[Node 1] 2025/11/23 22:56:43.662448 Node 1: RPC HandleHeartbeat->node 4
[Node 1] 2025/11/23 22:56:43.662452 Node 1: RPC HandleHeartbeat->node 2
[Node 1] 2025/11/23 22:56:43.663578 Node 1: RPC dial HandleHeartbeat to node 5 failed: dial tcp 127.0.0.1:8005: connect: connection refused
[Node 1] 2025/11/23 22:56:44.135762 Node 1: RPC HandleHeartbeat->node 5
[Node 1] 2025/11/23 22:56:44.135760 Node 1: RPC HandleHeartbeat->node 3
[Node 1] 2025/11/23 22:56:44.135784 Node 1: RPC HandleHeartbeat->node 2
[Node 1] 2025/11/23 22:56:44.135792 Node 1: RPC HandleHeartbeat->node 4
[Node 1] 2025/11/23 22:56:44.138491 Node 1: RPC dial HandleHeartbeat to node 5 failed: dial tcp 127.0.0.1:8005: connect: connection refused
[Node 1] 2025/11/23 22:56:44.162458 Node 1: RPC HandleHeartbeat->node 5
[Node 1] 2025/11/23 22:56:44.162585 Node 1: RPC HandleHeartbeat->node 4
[Node 1] 2025/11/23 22:56:44.162722 Node 1: RPC HandleHeartbeat->node 3
[Node 1] 2025/11/23 22:56:44.162813 Node 1: RPC HandleHeartbeat->node 2
[Node 1] 2025/11/23 22:56:44.165340 Node 1: RPC dial HandleHeartbeat to node 5 failed: dial tcp 127.0.0.1:8005: connect: connection refused
[Node 1] 2025/11/23 22:56:44.635728 Node 1: RPC HandleHeartbeat->node 3
[Node 1] 2025/11/23 22:56:44.635747 Node 1: RPC HandleHeartbeat->node 5
[Node 1] 2025/11/23 22:56:44.635756 Node 1: RPC HandleHeartbeat->node 4
[Node 1] 2025/11/23 22:56:44.635761 Node 1: RPC HandleHeartbeat->node 2
[Node 1] 2025/11/23 22:56:44.662426 Node 1: RPC HandleHeartbeat->node 2
[Node 1] 2025/11/23 22:56:44.662460 Node 1: RPC HandleHeartbeat->node 5
[Node 1] 2025/11/23 22:56:44.662463 Node 1: RPC HandleHeartbeat->node 4
[Node 1] 2025/11/23 22:56:44.662468 Node 1: RPC HandleHeartbeat->node 3
[Node 1] 2025/11/23 22:56:45.135760 Node 1: RPC HandleHeartbeat->node 5
[Node 1] 2025/11/23 22:56:45.135769 Node 1: RPC HandleHeartbeat->node 3
[Node 1] 2025/11/23 22:56:45.135783 Node 1: RPC HandleHeartbeat->node 2
[Node 1] 2025/11/23 22:56:45.135790 Node 1: RPC HandleHeartbeat->node 4
[Node 1] 2025/11/23 22:56:45.162493 Node 1: RPC HandleHeartbeat->node 2
[Node 1] 2025/11/23 22:56:45.162510 Node 1: RPC HandleHeartbeat->node 4
[Node 1] 2025/11/23 22:56:45.162520 Node 1: RPC HandleHeartbeat->node 3
[Node 1] 2025/11/23 22:56:45.162518 Node 1: RPC HandleHeartbeat->node 5
[Node 1] 2025/11/23 22:56:45.635733 Node 1: RPC HandleHeartbeat->node 3
[Node 1] 2025/11/23 22:56:45.635723 Node 1: RPC HandleHeartbeat->node 5
[Node 1] 2025/11/23 22:56:45.635733 Node 1: RPC HandleHeartbeat->node 4
[Node 1] 2025/11/23 22:56:45.635772 Node 1: RPC HandleHeartbeat->node 2
[Node 1] 2025/11/23 22:56:45.662469 Node 1: RPC HandleHeartbeat->node 2
[Node 1] 2025/11/23 22:56:45.662466 Node 1: RPC HandleHeartbeat->node 4
[Node 1] 2025/11/23 22:56:45.662479 Node 1: RPC HandleHeartbeat->node 3
[Node 1] 2025/11/23 22:56:45.662485 Node 1: RPC HandleHeartbeat->node 5
[Node 1] 2025/11/23 22:56:46.135816 Node 1: RPC HandleHeartbeat->node 2
[Node 1] 2025/11/23 22:56:46.135864 Node 1: RPC HandleHeartbeat->node 3
[Node 1] 2025/11/23 22:56:46.135873 Node 1: RPC HandleHeartbeat->node 5
[Node 1] 2025/11/23 22:56:46.135896 Node 1: RPC HandleHeartbeat->node 4
[Node 1] 2025/11/23 22:56:46.162553 Node 1: RPC HandleHeartbeat->node 5
[Node 1] 2025/11/23 22:56:46.163019 Node 1: RPC HandleHeartbeat->node 3
[Node 1] 2025/11/23 22:56:46.163050 Node 1: RPC HandleHeartbeat->node 4
[Node 1] 2025/11/23 22:56:46.163070 Node 1: RPC HandleHeartbeat->node 2
[Node 1] 2025/11/23 22:56:46.635819 Node 1: RPC HandleHeartbeat->node 3
[Node 1] 2025/11/23 22:56:46.635859 Node 1: RPC HandleHeartbeat->node 5
[Node 1] 2025/11/23 22:56:46.635876 Node 1: RPC HandleHeartbeat->node 4
[Node 1] 2025/11/23 22:56:46.635906 Node 1: RPC HandleHeartbeat->node 2
[Node 1] 2025/11/23 22:56:46.662496 Node 1: RPC HandleHeartbeat->node 4
[Node 1] 2025/11/23 22:56:46.662550 Node 1: RPC HandleHeartbeat->node 2
[Node 1] 2025/11/23 22:56:46.662561 Node 1: RPC HandleHeartbeat->node 5
[Node 1] 2025/11/23 22:56:46.662567 Node 1: RPC HandleHeartbeat->node 3
[Node 1] 2025/11/23 22:56:47.135770 Node 1: RPC HandleHeartbeat->node 3
[Node 1] 2025/11/23 22:56:47.135813 Node 1: RPC HandleHeartbeat->node 2
[Node 1] 2025/11/23 22:56:47.135821 Node 1: RPC HandleHeartbeat->node 5
[Node 1] 2025/11/23 22:56:47.135820 Node 1: RPC HandleHeartbeat->node 4
[Node 1] 2025/11/23 22:56:47.161806 Node 1: RPC HandleHeartbeat->node 5
[Node 1] 2025/11/23 22:56:47.161838 Node 1: RPC HandleHeartbeat->node 3
[Node 1] 2025/11/23 22:56:47.161855 Node 1: RPC HandleHeartbeat->node 2
[Node 1] 2025/11/23 22:56:47.161865 Node 1: RPC HandleHeartbeat->node 4
[Node 1] 2025/11/23 22:56:47.635690 Node 1: RPC HandleHeartbeat->node 2
[Node 1] 2025/11/23 22:56:47.635711 Node 1: RPC HandleHeartbeat->node 5
[Node 1] 2025/11/23 22:56:47.635728 Node 1: RPC HandleHeartbeat->node 4
[Node 1] 2025/11/23 22:56:47.635741 Node 1: RPC HandleHeartbeat->node 3
[Node 1] 2025/11/23 22:56:47.662456 Node 1: RPC HandleHeartbeat->node 2
[Node 1] 2025/11/23 22:56:47.662495 Node 1: RPC HandleHeartbeat->node 4
[Node 1] 2025/11/23 22:56:47.662507 Node 1: RPC HandleHeartbeat->node 3
[Node 1] 2025/11/23 22:56:47.662515 Node 1: RPC HandleHeartbeat->node 5
[Node 1] 2025/11/23 22:56:48.134876 Node 1: RPC HandleHeartbeat->node 3
[Node 1] 2025/11/23 22:56:48.134868 Node 1: RPC HandleHeartbeat->node 5
[Node 1] 2025/11/23 22:56:48.134888 Node 1: RPC HandleHeartbeat->node 2
[Node 1] 2025/11/23 22:56:48.134892 Node 1: RPC HandleHeartbeat->node 4
[Node 1] 2025/11/23 22:56:48.162556 Node 1: RPC HandleHeartbeat->node 4
[Node 1] 2025/11/23 22:56:48.162557 Node 1: RPC HandleHeartbeat->node 5
[Node 1] 2025/11/23 22:56:48.162570 Node 1: RPC HandleHeartbeat->node 3
[Node 1] 2025/11/23 22:56:48.162577 Node 1: RPC HandleHeartbeat->node 2
[Node 1] 2025/11/23 22:56:48.635798 Node 1: RPC HandleHeartbeat->node 4
[Node 1] 2025/11/23 22:56:48.635802 Node 1: RPC HandleHeartbeat->node 2
[Node 1] 2025/11/23 22:56:48.635807 Node 1: RPC HandleHeartbeat->node 5
[Node 1] 2025/11/23 22:56:48.635810 Node 1: RPC HandleHeartbeat->node 3
[Node 1] 2025/11/23 22:56:48.662486 Node 1: RPC HandleHeartbeat->node 5
[Node 1] 2025/11/23 22:56:48.662521 Node 1: RPC HandleHeartbeat->node 2
[Node 1] 2025/11/23 22:56:48.662526 Node 1: RPC HandleHeartbeat->node 3
[Node 1] 2025/11/23 22:56:48.662557 Node 1: RPC HandleHeartbeat->node 4
[Node 1] 2025/11/23 22:56:49.135900 Node 1: RPC HandleHeartbeat->node 5
[Node 1] 2025/11/23 22:56:49.135992 Node 1: RPC HandleHeartbeat->node 3
[Node 1] 2025/11/23 22:56:49.136016 Node 1: RPC HandleHeartbeat->node 2
[Node 1] 2025/11/23 22:56:49.136093 Node 1: RPC HandleHeartbeat->node 4
[Node 1] 2025/11/23 22:56:49.162582 Node 1: RPC HandleHeartbeat->node 2
[Node 1] 2025/11/23 22:56:49.162632 Node 1: RPC HandleHeartbeat->node 4
[Node 1] 2025/11/23 22:56:49.162644 Node 1: RPC HandleHeartbeat->node 3
[Node 1] 2025/11/23 22:56:49.162653 Node 1: RPC HandleHeartbeat->node 5
[Node 1] 2025/11/23 22:56:49.635779 Node 1: RPC HandleHeartbeat->node 5
[Node 1] 2025/11/23 22:56:49.635792 Node 1: RPC HandleHeartbeat->node 3
[Node 1] 2025/11/23 22:56:49.635807 Node 1: RPC HandleHeartbeat->node 2
[Node 1] 2025/11/23 22:56:49.635810 Node 1: RPC HandleHeartbeat->node 4
[Node 1] 2025/11/23 22:56:49.662485 Node 1: RPC HandleHeartbeat->node 5
[Node 1] 2025/11/23 22:56:49.662518 Node 1: RPC HandleHeartbeat->node 3
[Node 1] 2025/11/23 22:56:49.662525 Node 1: RPC HandleHeartbeat->node 4
[Node 1] 2025/11/23 22:56:49.662538 Node 1: RPC HandleHeartbeat->node 2
[Node 1] 2025/11/23 22:56:50.135817 Node 1: RPC HandleHeartbeat->node 2
[Node 1] 2025/11/23 22:56:50.135810 Node 1: RPC HandleHeartbeat->node 4
[Node 1] 2025/11/23 22:56:50.135819 Node 1: RPC HandleHeartbeat->node 3
[Node 1] 2025/11/23 22:56:50.135889 Node 1: RPC HandleHeartbeat->node 5
[Node 1] 2025/11/23 22:56:50.162515 Node 1: RPC HandleHeartbeat->node 2
[Node 1] 2025/11/23 22:56:50.162559 Node 1: RPC HandleHeartbeat->node 4
[Node 1] 2025/11/23 22:56:50.162574 Node 1: RPC HandleHeartbeat->node 3
[Node 1] 2025/11/23 22:56:50.162583 Node 1: RPC HandleHeartbeat->node 5
[Node 1] 2025/11/23 22:56:50.635800 Node 1: RPC HandleHeartbeat->node 5
[Node 1] 2025/11/23 22:56:50.635828 Node 1: RPC HandleHeartbeat->node 3
[Node 1] 2025/11/23 22:56:50.635842 Node 1: RPC HandleHeartbeat->node 2
[Node 1] 2025/11/23 22:56:50.635855 Node 1: RPC HandleHeartbeat->node 4
[Node 1] 2025/11/23 22:56:50.661590 Node 1: RPC HandleHeartbeat->node 5
[Node 1] 2025/11/23 22:56:50.661638 Node 1: RPC HandleHeartbeat->node 3
[Node 1] 2025/11/23 22:56:50.661650 Node 1: RPC HandleHeartbeat->node 2
[Node 1] 2025/11/23 22:56:50.661658 Node 1: RPC HandleHeartbeat->node 4
[Node 1] 2025/11/23 22:56:51.135925 Node 1: RPC HandleHeartbeat->node 4
[Node 1] 2025/11/23 22:56:51.135909 Node 1: RPC HandleHeartbeat->node 5
[Node 1] 2025/11/23 22:56:51.135954 Node 1: RPC HandleHeartbeat->node 3
[Node 1] 2025/11/23 22:56:51.135955 Node 1: RPC HandleHeartbeat->node 2
[Node 1] 2025/11/23 22:56:51.162526 Node 1: RPC HandleHeartbeat->node 3
[Node 1] 2025/11/23 22:56:51.162568 Node 1: RPC HandleHeartbeat->node 5
[Node 1] 2025/11/23 22:56:51.162579 Node 1: RPC HandleHeartbeat->node 4
[Node 1] 2025/11/23 22:56:51.162588 Node 1: RPC HandleHeartbeat->node 2
[Node 1] 2025/11/23 22:56:51.635834 Node 1: RPC HandleHeartbeat->node 5
[Node 1] 2025/11/23 22:56:51.635883 Node 1: RPC HandleHeartbeat->node 3
[Node 1] 2025/11/23 22:56:51.635899 Node 1: RPC HandleHeartbeat->node 2
[Node 1] 2025/11/23 22:56:51.635940 Node 1: RPC HandleHeartbeat->node 4
[Node 1] 2025/11/23 22:56:51.661586 Node 1: RPC HandleHeartbeat->node 3
[Node 1] 2025/11/23 22:56:51.661829 Node 1: RPC HandleHeartbeat->node 2
[Node 1] 2025/11/23 22:56:51.661757 Node 1: RPC HandleHeartbeat->node 5
[Node 1] 2025/11/23 22:56:51.661770 Node 1: RPC HandleHeartbeat->node 4
[Node 1] 2025/11/23 22:56:52.135875 Node 1: RPC HandleHeartbeat->node 5
[Node 1] 2025/11/23 22:56:52.135895 Node 1: RPC HandleHeartbeat->node 3
[Node 1] 2025/11/23 22:56:52.135905 Node 1: RPC HandleHeartbeat->node 2
[Node 1] 2025/11/23 22:56:52.135944 Node 1: RPC HandleHeartbeat->node 4
[Node 1] 2025/11/23 22:56:52.162603 Node 1: RPC HandleHeartbeat->node 2
[Node 1] 2025/11/23 22:56:52.162573 Node 1: RPC HandleHeartbeat->node 5
[Node 1] 2025/11/23 22:56:52.162615 Node 1: RPC HandleHeartbeat->node 3
[Node 1] 2025/11/23 22:56:52.162626 Node 1: RPC HandleHeartbeat->node 4
[Node 1] 2025/11/23 22:56:52.635892 Node 1: RPC HandleHeartbeat->node 2
[Node 1] 2025/11/23 22:56:52.636000 Node 1: RPC HandleHeartbeat->node 4
[Node 1] 2025/11/23 22:56:52.636024 Node 1: RPC HandleHeartbeat->node 3
[Node 1] 2025/11/23 22:56:52.636047 Node 1: RPC HandleHeartbeat->node 5
[Node 1] 2025/11/23 22:56:52.662525 Node 1: RPC HandleHeartbeat->node 3
[Node 1] 2025/11/23 22:56:52.662575 Node 1: RPC HandleHeartbeat->node 4
[Node 1] 2025/11/23 22:56:52.662593 Node 1: RPC HandleHeartbeat->node 2
[Node 1] 2025/11/23 22:56:52.662590 Node 1: RPC HandleHeartbeat->node 5
[Node 1] 2025/11/23 22:56:53.135834 Node 1: RPC HandleHeartbeat->node 3
[Node 1] 2025/11/23 22:56:53.135851 Node 1: RPC HandleHeartbeat->node 5
[Node 1] 2025/11/23 22:56:53.135849 Node 1: RPC HandleHeartbeat->node 2
[Node 1] 2025/11/23 22:56:53.135862 Node 1: RPC HandleHeartbeat->node 4
[Node 1] 2025/11/23 22:56:53.161575 Node 1: RPC HandleHeartbeat->node 5
[Node 1] 2025/11/23 22:56:53.161600 Node 1: RPC HandleHeartbeat->node 4
[Node 1] 2025/11/23 22:56:53.161602 Node 1: RPC HandleHeartbeat->node 3
[Node 1] 2025/11/23 22:56:53.161607 Node 1: RPC HandleHeartbeat->node 2
[Node 1] 2025/11/23 22:56:53.635824 Node 1: RPC HandleHeartbeat->node 5
[Node 1] 2025/11/23 22:56:53.635899 Node 1: RPC HandleHeartbeat->node 3
[Node 1] 2025/11/23 22:56:53.635925 Node 1: RPC HandleHeartbeat->node 2
[Node 1] 2025/11/23 22:56:53.635937 Node 1: RPC HandleHeartbeat->node 4
[Node 1] 2025/11/23 22:56:53.662532 Node 1: RPC HandleHeartbeat->node 5
[Node 1] 2025/11/23 22:56:53.662583 Node 1: RPC HandleHeartbeat->node 4
[Node 1] 2025/11/23 22:56:53.662590 Node 1: RPC HandleHeartbeat->node 3
[Node 1] 2025/11/23 22:56:53.662597 Node 1: RPC HandleHeartbeat->node 2
[Node 1] 2025/11/23 22:56:54.135898 Node 1: RPC HandleHeartbeat->node 4
[Node 1] 2025/11/23 22:56:54.135885 Node 1: RPC HandleHeartbeat->node 3
[Node 1] 2025/11/23 22:56:54.135914 Node 1: RPC HandleHeartbeat->node 2
[Node 1] 2025/11/23 22:56:54.135925 Node 1: RPC HandleHeartbeat->node 5
[Node 1] 2025/11/23 22:56:54.162546 Node 1: RPC HandleHeartbeat->node 5
[Node 1] 2025/11/23 22:56:54.162591 Node 1: RPC HandleHeartbeat->node 3
[Node 1] 2025/11/23 22:56:54.162602 Node 1: RPC HandleHeartbeat->node 2
[Node 1] 2025/11/23 22:56:54.162610 Node 1: RPC HandleHeartbeat->node 4
[Node 1] 2025/11/23 22:56:54.635872 Node 1: RPC HandleHeartbeat->node 2
[Node 1] 2025/11/23 22:56:54.635896 Node 1: RPC HandleHeartbeat->node 4
[Node 1] 2025/11/23 22:56:54.635911 Node 1: RPC HandleHeartbeat->node 3
[Node 1] 2025/11/23 22:56:54.635924 Node 1: RPC HandleHeartbeat->node 5
[Node 1] 2025/11/23 22:56:54.662571 Node 1: RPC HandleHeartbeat->node 2
[Node 1] 2025/11/23 22:56:54.662620 Node 1: RPC HandleHeartbeat->node 4
[Node 1] 2025/11/23 22:56:54.662632 Node 1: RPC HandleHeartbeat->node 3
[Node 1] 2025/11/23 22:56:54.662677 Node 1: RPC HandleHeartbeat->node 5
[Node 1] 2025/11/23 22:56:55.135897 Node 1: RPC HandleHeartbeat->node 5
[Node 1] 2025/11/23 22:56:55.135886 Node 1: RPC HandleHeartbeat->node 2
[Node 1] 2025/11/23 22:56:55.135927 Node 1: RPC HandleHeartbeat->node 3
[Node 1] 2025/11/23 22:56:55.135960 Node 1: RPC HandleHeartbeat->node 4
[Node 1] 2025/11/23 22:56:55.162570 Node 1: RPC HandleHeartbeat->node 5
[Node 1] 2025/11/23 22:56:55.162615 Node 1: RPC HandleHeartbeat->node 3
[Node 1] 2025/11/23 22:56:55.162631 Node 1: RPC HandleHeartbeat->node 2
[Node 1] 2025/11/23 22:56:55.162643 Node 1: RPC HandleHeartbeat->node 4
[Node 1] 2025/11/23 22:56:55.635886 Node 1: RPC HandleHeartbeat->node 3
[Node 1] 2025/11/23 22:56:55.635866 Node 1: RPC HandleHeartbeat->node 5
[Node 1] 2025/11/23 22:56:55.635887 Node 1: RPC HandleHeartbeat->node 4
[Node 1] 2025/11/23 22:56:55.635960 Node 1: RPC HandleHeartbeat->node 2
[Node 1] 2025/11/23 22:56:55.662584 Node 1: RPC HandleHeartbeat->node 2
[Node 1] 2025/11/23 22:56:55.662658 Node 1: RPC HandleHeartbeat->node 4
[Node 1] 2025/11/23 22:56:55.662668 Node 1: RPC HandleHeartbeat->node 3
[Node 1] 2025/11/23 22:56:55.662705 Node 1: RPC HandleHeartbeat->node 5
[Node 1] 2025/11/23 22:56:56.135679 Node 1: RPC HandleHeartbeat->node 3
[Node 1] 2025/11/23 22:56:56.135715 Node 1: RPC HandleHeartbeat->node 5
[Node 1] 2025/11/23 22:56:56.135729 Node 1: RPC HandleHeartbeat->node 4
[Node 1] 2025/11/23 22:56:56.135760 Node 1: RPC HandleHeartbeat->node 2
[Node 1] 2025/11/23 22:56:56.161691 Node 1: RPC HandleHeartbeat->node 5
[Node 1] 2025/11/23 22:56:56.161700 Node 1: RPC HandleHeartbeat->node 3
[Node 1] 2025/11/23 22:56:56.161711 Node 1: RPC HandleHeartbeat->node 2
[Node 1] 2025/11/23 22:56:56.161719 Node 1: RPC HandleHeartbeat->node 4
[Node 1] 2025/11/23 22:56:56.635930 Node 1: RPC HandleHeartbeat->node 3
[Node 1] 2025/11/23 22:56:56.635932 Node 1: RPC HandleHeartbeat->node 5
[Node 1] 2025/11/23 22:56:56.635955 Node 1: RPC HandleHeartbeat->node 4
[Node 1] 2025/11/23 22:56:56.635959 Node 1: RPC HandleHeartbeat->node 2
[Node 1] 2025/11/23 22:56:56.662583 Node 1: RPC HandleHeartbeat->node 5
[Node 1] 2025/11/23 22:56:56.662634 Node 1: RPC HandleHeartbeat->node 3
[Node 1] 2025/11/23 22:56:56.662646 Node 1: RPC HandleHeartbeat->node 2
[Node 1] 2025/11/23 22:56:56.662646 Node 1: RPC HandleHeartbeat->node 4
[Node 1] 2025/11/23 22:56:57.012324 Node 1: UpdateActiveStatus node=4 live=true
[Node 1] 2025/11/23 22:56:57.012397 Node 1: setNodeLiveness node=4 live=true
[Node 1] 2025/11/23 22:56:57.012320 Node 1: UpdateActiveStatus node=2 live=true
[Node 1] 2025/11/23 22:56:57.012503 Node 1: setNodeLiveness node=2 live=true
[Node 1] 2025/11/23 22:56:57.012471 Node 1: UpdateActiveStatus node=5 live=true
[Node 1] 2025/11/23 22:56:57.012552 Node 1: setNodeLiveness node=5 live=true
[Node 1] 2025/11/23 22:56:57.012561 Node 1: UpdateActiveStatus node=3 live=true
[Node 1] 2025/11/23 22:56:57.012594 Node 1: setNodeLiveness node=3 live=true
[Node 1] 2025/11/23 22:56:57.012644 Node 1: UpdateActiveStatus node=1 live=true
[Node 1] 2025/11/23 22:56:57.012661 Node 1: setNodeLiveness node=1 live=true
[Node 1] 2025/11/23 22:56:57.135208 Node 1: RPC HandleHeartbeat->node 5
[Node 1] 2025/11/23 22:56:57.135217 Node 1: RPC HandleHeartbeat->node 3
[Node 1] 2025/11/23 22:56:57.135226 Node 1: RPC HandleHeartbeat->node 2
[Node 1] 2025/11/23 22:56:57.135227 Node 1: RPC HandleHeartbeat->node 4
[Node 1] 2025/11/23 22:56:57.162651 Node 1: RPC HandleHeartbeat->node 5
[Node 1] 2025/11/23 22:56:57.162670 Node 1: RPC HandleHeartbeat->node 3
[Node 1] 2025/11/23 22:56:57.162679 Node 1: RPC HandleHeartbeat->node 2
[Node 1] 2025/11/23 22:56:57.162685 Node 1: RPC HandleHeartbeat->node 4
[Node 1] 2025/11/23 22:56:57.309680 Node 1: HandleClientRequest type=REQUEST client=A ts=1763956617307376000
[Node 1] 2025/11/23 22:56:57.309780 Node 1: ProcessClientRequest client=A ts=1763956617307376000 no-op=false
[Node 1] 2025/11/23 22:56:57.309882 Node 1: RPC Accept->node 5
[Node 1] 2025/11/23 22:56:57.309895 Node 1: RPC Accept->node 3
[Node 1] 2025/11/23 22:56:57.309905 Node 1: RPC Accept->node 2
[Node 1] 2025/11/23 22:56:57.309908 Node 1: RPC Accept->node 4
[Node 1] 2025/11/23 22:56:57.320878 [Database] executing txn (A,J,3)
[Node 1] 2025/11/23 22:56:57.320958 [Database] txn success: A -> J amount 3
[Node 1] 2025/11/23 22:56:57.320981 Node 1: RPC Commit->node 5
[Node 1] 2025/11/23 22:56:57.320990 Node 1: RPC Commit->node 2
[Node 1] 2025/11/23 22:56:57.320997 Node 1: RPC Commit->node 4
[Node 1] 2025/11/23 22:56:57.321006 Node 1: RPC Commit->node 3
[Node 1] 2025/11/23 22:56:57.321012 Node 1: ProcessClientRequest seq=1 success=true msg=success
[Node 1] 2025/11/23 22:56:57.524709 Node 1: HandleClientRequest type=REQUEST client=C ts=1763956617522788000
[Node 1] 2025/11/23 22:56:57.524893 Node 1: ProcessClientRequest client=C ts=1763956617522788000 no-op=false
[Node 1] 2025/11/23 22:56:57.525006 Node 1: RPC Accept->node 4
[Node 1] 2025/11/23 22:56:57.525015 Node 1: RPC Accept->node 2
[Node 1] 2025/11/23 22:56:57.525024 Node 1: RPC Accept->node 5
[Node 1] 2025/11/23 22:56:57.525039 Node 1: RPC Accept->node 3
[Node 1] 2025/11/23 22:56:57.535274 [Database] executing txn (C,D,1)
[Node 1] 2025/11/23 22:56:57.535423 [Database] txn success: C -> D amount 1
[Node 1] 2025/11/23 22:56:57.535528 Node 1: RPC Commit->node 2
[Node 1] 2025/11/23 22:56:57.535556 Node 1: RPC Commit->node 3
[Node 1] 2025/11/23 22:56:57.535599 Node 1: RPC Commit->node 4
[Node 1] 2025/11/23 22:56:57.535609 Node 1: RPC Commit->node 5
[Node 1] 2025/11/23 22:56:57.535612 Node 1: ProcessClientRequest seq=2 success=true msg=success
[Node 1] 2025/11/23 22:56:57.635921 Node 1: RPC HandleHeartbeat->node 5
[Node 1] 2025/11/23 22:56:57.635935 Node 1: RPC HandleHeartbeat->node 3
[Node 1] 2025/11/23 22:56:57.635952 Node 1: RPC HandleHeartbeat->node 2
[Node 1] 2025/11/23 22:56:57.635967 Node 1: RPC HandleHeartbeat->node 4
[Node 1] 2025/11/23 22:56:57.662249 Node 1: RPC HandleHeartbeat->node 5
[Node 1] 2025/11/23 22:56:57.662299 Node 1: RPC HandleHeartbeat->node 3
[Node 1] 2025/11/23 22:56:57.662300 Node 1: RPC HandleHeartbeat->node 4
[Node 1] 2025/11/23 22:56:57.662309 Node 1: RPC HandleHeartbeat->node 2
[Node 1] 2025/11/23 22:56:57.739513 Node 1: HandleClientRequest type=REQUEST client=B ts=1763956617737487000
[Node 1] 2025/11/23 22:56:57.739619 Node 1: ProcessClientRequest client=B ts=1763956617737487000 no-op=false
[Node 1] 2025/11/23 22:56:57.739703 Node 1: RPC Accept->node 5
[Node 1] 2025/11/23 22:56:57.739712 Node 1: RPC Accept->node 3
[Node 1] 2025/11/23 22:56:57.739719 Node 1: RPC Accept->node 2
[Node 1] 2025/11/23 22:56:57.739737 Node 1: RPC Accept->node 4
[Node 1] 2025/11/23 22:56:57.753552 [Database] executing txn (B,E,4)
[Node 1] 2025/11/23 22:56:57.753647 [Database] txn success: B -> E amount 4
[Node 1] 2025/11/23 22:56:57.753695 Node 1: RPC Commit->node 5
[Node 1] 2025/11/23 22:56:57.753706 Node 1: RPC Commit->node 4
[Node 1] 2025/11/23 22:56:57.753717 Node 1: ProcessClientRequest seq=3 success=true msg=success
[Node 1] 2025/11/23 22:56:57.753702 Node 1: RPC Commit->node 3
[Node 1] 2025/11/23 22:56:57.753697 Node 1: RPC Commit->node 2
[Node 1] 2025/11/23 22:56:57.957255 Node 1: HandleClientRequest type=REQUEST client=F ts=1763956617955389000
[Node 1] 2025/11/23 22:56:57.957350 Node 1: ProcessClientRequest client=F ts=1763956617955389000 no-op=false
[Node 1] 2025/11/23 22:56:57.957437 Node 1: RPC Accept->node 5
[Node 1] 2025/11/23 22:56:57.957463 Node 1: RPC Accept->node 4
[Node 1] 2025/11/23 22:56:57.957439 Node 1: RPC Accept->node 3
[Node 1] 2025/11/23 22:56:57.957451 Node 1: RPC Accept->node 2
[Node 1] 2025/11/23 22:56:57.968278 [Database] executing txn (F,G,2)
[Node 1] 2025/11/23 22:56:57.968841 [Database] txn success: F -> G amount 2
[Node 1] 2025/11/23 22:56:57.969189 Node 1: ProcessClientRequest seq=4 success=true msg=success
[Node 1] 2025/11/23 22:56:57.969382 Node 1: RPC Commit->node 3
[Node 1] 2025/11/23 22:56:57.969393 Node 1: RPC Commit->node 2
[Node 1] 2025/11/23 22:56:57.969425 Node 1: RPC Commit->node 5
[Node 1] 2025/11/23 22:56:57.969431 Node 1: RPC Commit->node 4
[Node 1] 2025/11/23 22:56:58.135865 Node 1: RPC HandleHeartbeat->node 5
[Node 1] 2025/11/23 22:56:58.135865 Node 1: RPC HandleHeartbeat->node 3
[Node 1] 2025/11/23 22:56:58.135877 Node 1: RPC HandleHeartbeat->node 2
[Node 1] 2025/11/23 22:56:58.135882 Node 1: RPC HandleHeartbeat->node 4
[Node 1] 2025/11/23 22:56:58.162572 Node 1: RPC HandleHeartbeat->node 5
[Node 1] 2025/11/23 22:56:58.162604 Node 1: RPC HandleHeartbeat->node 4
[Node 1] 2025/11/23 22:56:58.162604 Node 1: RPC HandleHeartbeat->node 3
[Node 1] 2025/11/23 22:56:58.162600 Node 1: RPC HandleHeartbeat->node 2
[Node 1] 2025/11/23 22:56:58.171251 Node 1: HandleClientRequest type=REQUEST client=H ts=1763956618170527000
[Node 1] 2025/11/23 22:56:58.171271 Node 1: ProcessClientRequest client=H ts=1763956618170527000 no-op=false
[Node 1] 2025/11/23 22:56:58.171287 Node 1: RPC Accept->node 4
[Node 1] 2025/11/23 22:56:58.171294 Node 1: RPC Accept->node 2
[Node 1] 2025/11/23 22:56:58.171315 Node 1: RPC Accept->node 5
[Node 1] 2025/11/23 22:56:58.171318 Node 1: RPC Accept->node 3
[Node 1] 2025/11/23 22:56:58.182321 [Database] executing txn (H,I,2)
[Node 1] 2025/11/23 22:56:58.182344 [Database] txn success: H -> I amount 2
[Node 1] 2025/11/23 22:56:58.182357 Node 1: RPC Commit->node 4
[Node 1] 2025/11/23 22:56:58.182364 Node 1: RPC Commit->node 2
[Node 1] 2025/11/23 22:56:58.182374 Node 1: RPC Commit->node 3
[Node 1] 2025/11/23 22:56:58.182371 Node 1: RPC Commit->node 5
[Node 1] 2025/11/23 22:56:58.182381 Node 1: ProcessClientRequest seq=5 success=true msg=success
[Node 1] 2025/11/23 22:56:58.635933 Node 1: RPC HandleHeartbeat->node 3
[Node 1] 2025/11/23 22:56:58.635965 Node 1: RPC HandleHeartbeat->node 5
[Node 1] 2025/11/23 22:56:58.635982 Node 1: RPC HandleHeartbeat->node 4
[Node 1] 2025/11/23 22:56:58.635991 Node 1: RPC HandleHeartbeat->node 2
[Node 1] 2025/11/23 22:56:58.662641 Node 1: RPC HandleHeartbeat->node 5
[Node 1] 2025/11/23 22:56:58.662680 Node 1: RPC HandleHeartbeat->node 3
[Node 1] 2025/11/23 22:56:58.662690 Node 1: RPC HandleHeartbeat->node 2
[Node 1] 2025/11/23 22:56:58.662699 Node 1: RPC HandleHeartbeat->node 4
[Node 1] 2025/11/23 22:56:59.135912 Node 1: RPC HandleHeartbeat->node 5
[Node 1] 2025/11/23 22:56:59.135922 Node 1: RPC HandleHeartbeat->node 3
[Node 1] 2025/11/23 22:56:59.135938 Node 1: RPC HandleHeartbeat->node 2
[Node 1] 2025/11/23 22:56:59.135948 Node 1: RPC HandleHeartbeat->node 4
[Node 1] 2025/11/23 22:56:59.162613 Node 1: RPC HandleHeartbeat->node 5
[Node 1] 2025/11/23 22:56:59.162661 Node 1: RPC HandleHeartbeat->node 3
[Node 1] 2025/11/23 22:56:59.162673 Node 1: RPC HandleHeartbeat->node 2
[Node 1] 2025/11/23 22:56:59.162685 Node 1: RPC HandleHeartbeat->node 4
[Node 1] 2025/11/23 22:56:59.298763 Node 1: UpdateActiveStatus node=1 live=true
[Node 1] 2025/11/23 22:56:59.298796 Node 1: setNodeLiveness node=1 live=true
[Node 1] 2025/11/23 22:56:59.298936 Node 1: UpdateActiveStatus node=3 live=true
[Node 1] 2025/11/23 22:56:59.298971 Node 1: setNodeLiveness node=3 live=true
[Node 1] 2025/11/23 22:56:59.299056 Node 1: UpdateActiveStatus node=2 live=true
[Node 1] 2025/11/23 22:56:59.299072 Node 1: setNodeLiveness node=2 live=true
[Node 1] 2025/11/23 22:56:59.299149 Node 1: UpdateActiveStatus node=4 live=true
[Node 1] 2025/11/23 22:56:59.299232 Node 1: setNodeLiveness node=4 live=true
[Node 1] 2025/11/23 22:56:59.299396 Node 1: UpdateActiveStatus node=5 live=false
[Node 1] 2025/11/23 22:56:59.299415 Node 1: setNodeLiveness node=5 live=false
[Node 1] 2025/11/23 22:56:59.600831 Node 1: HandleClientRequest type=REQUEST client=B ts=1763956619598356000
[Node 1] 2025/11/23 22:56:59.600970 Node 1: ProcessClientRequest client=B ts=1763956619598356000 no-op=false
[Node 1] 2025/11/23 22:56:59.601074 Node 1: skipping RPC Accept to inactive node 5
[Node 1] 2025/11/23 22:56:59.601076 Node 1: RPC Accept->node 3
[Node 1] 2025/11/23 22:56:59.601093 Node 1: RPC Accept->node 2
[Node 1] 2025/11/23 22:56:59.601115 Node 1: RPC Accept->node 4
[Node 1] 2025/11/23 22:56:59.612026 [Database] executing txn (B,I,2)
[Node 1] 2025/11/23 22:56:59.612097 [Database] txn success: B -> I amount 2
[Node 1] 2025/11/23 22:56:59.612120 Node 1: skipping RPC Commit to inactive node 5
[Node 1] 2025/11/23 22:56:59.612131 Node 1: RPC Commit->node 4
[Node 1] 2025/11/23 22:56:59.612134 Node 1: RPC Commit->node 3
[Node 1] 2025/11/23 22:56:59.612153 Node 1: ProcessClientRequest seq=6 success=true msg=success
[Node 1] 2025/11/23 22:56:59.612129 Node 1: RPC Commit->node 2
[Node 1] 2025/11/23 22:56:59.635896 Node 1: RPC HandleHeartbeat->node 4
[Node 1] 2025/11/23 22:56:59.635907 Node 1: RPC HandleHeartbeat->node 2
[Node 1] 2025/11/23 22:56:59.635915 Node 1: skipping RPC HandleHeartbeat to inactive node 5
[Node 1] 2025/11/23 22:56:59.635921 Node 1: RPC HandleHeartbeat->node 3
[Node 1] 2025/11/23 22:56:59.662559 Node 1: skipping RPC HandleHeartbeat to inactive node 5
[Node 1] 2025/11/23 22:56:59.662604 Node 1: RPC HandleHeartbeat->node 3
[Node 1] 2025/11/23 22:56:59.662617 Node 1: RPC HandleHeartbeat->node 4
[Node 1] 2025/11/23 22:56:59.662638 Node 1: RPC HandleHeartbeat->node 2
[Node 1] 2025/11/23 22:56:59.814896 Node 1: HandleClientRequest type=REQUEST client=J ts=1763956619812979000
[Node 1] 2025/11/23 22:56:59.814985 Node 1: ProcessClientRequest client=J ts=1763956619812979000 no-op=false
[Node 1] 2025/11/23 22:56:59.815058 Node 1: skipping RPC Accept to inactive node 5
[Node 1] 2025/11/23 22:56:59.815063 Node 1: RPC Accept->node 3
[Node 1] 2025/11/23 22:56:59.815072 Node 1: RPC Accept->node 2
[Node 1] 2025/11/23 22:56:59.815090 Node 1: RPC Accept->node 4
[Node 1] 2025/11/23 22:56:59.826140 [Database] executing txn (J,C,4)
[Node 1] 2025/11/23 22:56:59.826225 [Database] txn success: J -> C amount 4
[Node 1] 2025/11/23 22:56:59.826255 Node 1: RPC Commit->node 4
[Node 1] 2025/11/23 22:56:59.826272 Node 1: skipping RPC Commit to inactive node 5
[Node 1] 2025/11/23 22:56:59.826283 Node 1: RPC Commit->node 3
[Node 1] 2025/11/23 22:56:59.826292 Node 1: RPC Commit->node 2
[Node 1] 2025/11/23 22:56:59.826295 Node 1: ProcessClientRequest seq=7 success=true msg=success
[Node 1] 2025/11/23 22:57:00.135943 Node 1: RPC HandleHeartbeat->node 2
[Node 1] 2025/11/23 22:57:00.135985 Node 1: RPC HandleHeartbeat->node 4
[Node 1] 2025/11/23 22:57:00.136006 Node 1: RPC HandleHeartbeat->node 3
[Node 1] 2025/11/23 22:57:00.136019 Node 1: skipping RPC HandleHeartbeat to inactive node 5
[Node 1] 2025/11/23 22:57:00.161718 Node 1: RPC HandleHeartbeat->node 3
[Node 1] 2025/11/23 22:57:00.161788 Node 1: skipping RPC HandleHeartbeat to inactive node 5
[Node 1] 2025/11/23 22:57:00.161801 Node 1: RPC HandleHeartbeat->node 4
[Node 1] 2025/11/23 22:57:00.161809 Node 1: RPC HandleHeartbeat->node 2
[Node 1] 2025/11/23 22:57:00.635916 Node 1: skipping RPC HandleHeartbeat to inactive node 5
[Node 1] 2025/11/23 22:57:00.635950 Node 1: RPC HandleHeartbeat->node 3
[Node 1] 2025/11/23 22:57:00.635966 Node 1: RPC HandleHeartbeat->node 2
[Node 1] 2025/11/23 22:57:00.635976 Node 1: RPC HandleHeartbeat->node 4
[Node 1] 2025/11/23 22:57:00.662705 Node 1: RPC HandleHeartbeat->node 2
[Node 1] 2025/11/23 22:57:00.662783 Node 1: RPC HandleHeartbeat->node 4
[Node 1] 2025/11/23 22:57:00.662795 Node 1: skipping RPC HandleHeartbeat to inactive node 5
[Node 1] 2025/11/23 22:57:00.662801 Node 1: RPC HandleHeartbeat->node 3
[Node 1] 2025/11/23 22:57:00.974712 Node 1: UpdateActiveStatus node=1 live=true
[Node 1] 2025/11/23 22:57:00.974821 Node 1: setNodeLiveness node=1 live=true
[Node 1] 2025/11/23 22:57:00.978441 Node 1: UpdateActiveStatus node=5 live=true
[Node 1] 2025/11/23 22:57:00.978570 Node 1: setNodeLiveness node=5 live=true
[Node 1] 2025/11/23 22:57:00.978650 Node 1: buildStateSnapshot generating from 7 entries
[Node 1] 2025/11/23 22:57:00.978695 Node 1: snapshot ready entries=7 ballot=(2,1)
[Node 1] 2025/11/23 22:57:00.978719 Node 1: sending snapshot entries=7 to node 5
[Node 1] 2025/11/23 22:57:00.978737 Node 1: RPC NewView->node 5
[Node 1] 2025/11/23 22:57:00.979039 Node 1: UpdateActiveStatus node=3 live=true
[Node 1] 2025/11/23 22:57:00.979078 Node 1: setNodeLiveness node=3 live=true
[Node 1] 2025/11/23 22:57:00.979077 Node 1: UpdateActiveStatus node=4 live=false
[Node 1] 2025/11/23 22:57:00.979171 Node 1: setNodeLiveness node=4 live=false
[Node 1] 2025/11/23 22:57:00.979203 Node 1: UpdateActiveStatus node=2 live=false
[Node 1] 2025/11/23 22:57:00.979221 Node 1: setNodeLiveness node=2 live=false
[Node 1] 2025/11/23 22:57:00.979382 Node 1: RequestStateTransfer from node 5
[Node 1] 2025/11/23 22:57:00.979405 Node 1: buildStateSnapshot generating from 7 entries
[Node 1] 2025/11/23 22:57:00.979419 Node 1: snapshot ready entries=7 ballot=(2,1)
[Node 1] 2025/11/23 22:57:00.980806 Node 1: AcceptedFromNewView from node 5 seq=3
[Node 1] 2025/11/23 22:57:00.980853 Node 1: AcceptedFromNewView from node 5 seq=1
[Node 1] 2025/11/23 22:57:00.980890 Node 1: AcceptedFromNewView from node 5 seq=5
[Node 1] 2025/11/23 22:57:00.981014 Node 1: AcceptedFromNewView from node 5 seq=4
[Node 1] 2025/11/23 22:57:00.981029 Node 1: AcceptedFromNewView from node 5 seq=7
[Node 1] 2025/11/23 22:57:00.981033 Node 1: AcceptedFromNewView from node 5 seq=2
[Node 1] 2025/11/23 22:57:00.981039 Node 1: AcceptedFromNewView from node 5 seq=6
[Node 1] 2025/11/23 22:57:01.135924 Node 1: RPC HandleHeartbeat->node 5
[Node 1] 2025/11/23 22:57:01.135940 Node 1: RPC HandleHeartbeat->node 3
[Node 1] 2025/11/23 22:57:01.135958 Node 1: skipping RPC HandleHeartbeat to inactive node 2
[Node 1] 2025/11/23 22:57:01.135969 Node 1: skipping RPC HandleHeartbeat to inactive node 4
[Node 1] 2025/11/23 22:57:01.162610 Node 1: RPC HandleHeartbeat->node 5
[Node 1] 2025/11/23 22:57:01.162641 Node 1: RPC HandleHeartbeat->node 3
[Node 1] 2025/11/23 22:57:01.162651 Node 1: skipping RPC HandleHeartbeat to inactive node 2
[Node 1] 2025/11/23 22:57:01.162662 Node 1: skipping RPC HandleHeartbeat to inactive node 4
[Node 1] 2025/11/23 22:57:01.274468 Node 1: HandleClientRequest type=REQUEST client=B ts=1763956621272164000
[Node 1] 2025/11/23 22:57:01.274581 Node 1: ProcessClientRequest client=B ts=1763956621272164000 no-op=false
[Node 1] 2025/11/23 22:57:01.274681 Node 1: skipping RPC Accept to inactive node 4
[Node 1] 2025/11/23 22:57:01.274688 Node 1: RPC Accept->node 5
[Node 1] 2025/11/23 22:57:01.274698 Node 1: skipping RPC Accept to inactive node 2
[Node 1] 2025/11/23 22:57:01.274701 Node 1: RPC Accept->node 3
[Node 1] 2025/11/23 22:57:01.285440 [Database] executing txn (B,F,3)
[Node 1] 2025/11/23 22:57:01.285554 [Database] txn success: B -> F amount 3
[Node 1] 2025/11/23 22:57:01.285622 Node 1: RPC Commit->node 5
[Node 1] 2025/11/23 22:57:01.285618 Node 1: skipping RPC Commit to inactive node 2
[Node 1] 2025/11/23 22:57:01.285629 Node 1: RPC Commit->node 3
[Node 1] 2025/11/23 22:57:01.285638 Node 1: skipping RPC Commit to inactive node 4
[Node 1] 2025/11/23 22:57:01.285644 Node 1: ProcessClientRequest seq=8 success=true msg=success
[Node 1] 2025/11/23 22:57:01.489480 Node 1: HandleClientRequest type=REQUEST client=C ts=1763956621487518000
[Node 1] 2025/11/23 22:57:01.489569 Node 1: ProcessClientRequest client=C ts=1763956621487518000 no-op=false
[Node 1] 2025/11/23 22:57:01.489647 Node 1: skipping RPC Accept to inactive node 2
[Node 1] 2025/11/23 22:57:01.489650 Node 1: skipping RPC Accept to inactive node 4
[Node 1] 2025/11/23 22:57:01.489661 Node 1: RPC Accept->node 3
[Node 1] 2025/11/23 22:57:01.489682 Node 1: RPC Accept->node 5
[Node 1] 2025/11/23 22:57:01.500638 [Database] executing txn (C,A,2)
[Node 1] 2025/11/23 22:57:01.500766 [Database] txn success: C -> A amount 2
[Node 1] 2025/11/23 22:57:01.500801 Node 1: RPC Commit->node 3
[Node 1] 2025/11/23 22:57:01.500808 Node 1: skipping RPC Commit to inactive node 2
[Node 1] 2025/11/23 22:57:01.500810 Node 1: RPC Commit->node 5
[Node 1] 2025/11/23 22:57:01.500821 Node 1: ProcessClientRequest seq=9 success=true msg=success
[Node 1] 2025/11/23 22:57:01.500829 Node 1: skipping RPC Commit to inactive node 4
[Node 1] 2025/11/23 22:57:01.635988 Node 1: skipping RPC HandleHeartbeat to inactive node 2
[Node 1] 2025/11/23 22:57:01.635983 Node 1: skipping RPC HandleHeartbeat to inactive node 4
[Node 1] 2025/11/23 22:57:01.636006 Node 1: RPC HandleHeartbeat->node 3
[Node 1] 2025/11/23 22:57:01.636016 Node 1: RPC HandleHeartbeat->node 5
[Node 1] 2025/11/23 22:57:01.662654 Node 1: RPC HandleHeartbeat->node 5
[Node 1] 2025/11/23 22:57:01.662693 Node 1: RPC HandleHeartbeat->node 3
[Node 1] 2025/11/23 22:57:01.662705 Node 1: skipping RPC HandleHeartbeat to inactive node 2
[Node 1] 2025/11/23 22:57:01.662714 Node 1: skipping RPC HandleHeartbeat to inactive node 4
[Node 1] 2025/11/23 22:57:02.135940 Node 1: RPC HandleHeartbeat->node 5
[Node 1] 2025/11/23 22:57:02.135950 Node 1: RPC HandleHeartbeat->node 3
[Node 1] 2025/11/23 22:57:02.135958 Node 1: skipping RPC HandleHeartbeat to inactive node 2
[Node 1] 2025/11/23 22:57:02.135962 Node 1: skipping RPC HandleHeartbeat to inactive node 4
[Node 1] 2025/11/23 22:57:02.162557 Node 1: RPC HandleHeartbeat->node 5
[Node 1] 2025/11/23 22:57:02.162563 Node 1: RPC HandleHeartbeat->node 3
[Node 1] 2025/11/23 22:57:02.162576 Node 1: skipping RPC HandleHeartbeat to inactive node 2
[Node 1] 2025/11/23 22:57:02.162583 Node 1: skipping RPC HandleHeartbeat to inactive node 4
[Node 1] 2025/11/23 22:57:02.635997 Node 1: skipping RPC HandleHeartbeat to inactive node 2
[Node 1] 2025/11/23 22:57:02.636021 Node 1: skipping RPC HandleHeartbeat to inactive node 4
[Node 1] 2025/11/23 22:57:02.636033 Node 1: RPC HandleHeartbeat->node 5
[Node 1] 2025/11/23 22:57:02.636043 Node 1: RPC HandleHeartbeat->node 3
[Node 1] 2025/11/23 22:57:02.662666 Node 1: RPC HandleHeartbeat->node 5
[Node 1] 2025/11/23 22:57:02.662707 Node 1: RPC HandleHeartbeat->node 3
[Node 1] 2025/11/23 22:57:02.662719 Node 1: skipping RPC HandleHeartbeat to inactive node 2
[Node 1] 2025/11/23 22:57:02.662730 Node 1: skipping RPC HandleHeartbeat to inactive node 4
[Node 1] 2025/11/23 22:57:02.775646 Node 1: UpdateActiveStatus node=1 live=true
[Node 1] 2025/11/23 22:57:02.775794 Node 1: setNodeLiveness node=1 live=true
[Node 1] 2025/11/23 22:57:02.776802 Node 1: UpdateActiveStatus node=3 live=true
[Node 1] 2025/11/23 22:57:02.777115 Node 1: setNodeLiveness node=3 live=true
[Node 1] 2025/11/23 22:57:02.777130 Node 1: UpdateActiveStatus node=4 live=false
[Node 1] 2025/11/23 22:57:02.777198 Node 1: setNodeLiveness node=4 live=false
[Node 1] 2025/11/23 22:57:02.777343 Node 1: UpdateActiveStatus node=2 live=true
[Node 1] 2025/11/23 22:57:02.777424 Node 1: setNodeLiveness node=2 live=true
[Node 1] 2025/11/23 22:57:02.777381 Node 1: UpdateActiveStatus node=5 live=true
[Node 1] 2025/11/23 22:57:02.777485 Node 1: buildStateSnapshot generating from 9 entries
[Node 1] 2025/11/23 22:57:02.777525 Node 1: snapshot ready entries=9 ballot=(2,1)
[Node 1] 2025/11/23 22:57:02.777533 Node 1: sending snapshot entries=9 to node 2
[Node 1] 2025/11/23 22:57:02.777539 Node 1: setNodeLiveness node=5 live=true
[Node 1] 2025/11/23 22:57:02.777561 Node 1: RPC NewView->node 2
[Node 1] 2025/11/23 22:57:02.777985 Node 1: RequestStateTransfer from node 2
[Node 1] 2025/11/23 22:57:02.778008 Node 1: buildStateSnapshot generating from 9 entries
[Node 1] 2025/11/23 22:57:02.778024 Node 1: snapshot ready entries=9 ballot=(2,1)
[Node 1] 2025/11/23 22:57:03.074262 Node 1: HandleClientRequest type=REQUEST client=B ts=1763956623073494000
[Node 1] 2025/11/23 22:57:03.074284 Node 1: ProcessClientRequest client=B ts=1763956623073494000 no-op=false
[Node 1] 2025/11/23 22:57:03.074300 Node 1: RPC Accept->node 5
[Node 1] 2025/11/23 22:57:03.074304 Node 1: RPC Accept->node 3
[Node 1] 2025/11/23 22:57:03.074323 Node 1: RPC Accept->node 2
[Node 1] 2025/11/23 22:57:03.074332 Node 1: skipping RPC Accept to inactive node 4
[Node 1] 2025/11/23 22:57:03.085409 [Database] executing txn (B,F,3)
[Node 1] 2025/11/23 22:57:03.085465 [Database] txn failed: sender B insufficient balance 1 (amt 3)
[Node 1] 2025/11/23 22:57:03.085495 Node 1: RPC Commit->node 5
[Node 1] 2025/11/23 22:57:03.085502 Node 1: RPC Commit->node 2
[Node 1] 2025/11/23 22:57:03.085515 Node 1: skipping RPC Commit to inactive node 4
[Node 1] 2025/11/23 22:57:03.085519 Node 1: RPC Commit->node 3
[Node 1] 2025/11/23 22:57:03.085520 Node 1: ProcessClientRequest seq=10 success=false msg=insufficient balance
[Node 1] 2025/11/23 22:57:03.135919 Node 1: RPC HandleHeartbeat->node 5
[Node 1] 2025/11/23 22:57:03.135935 Node 1: RPC HandleHeartbeat->node 3
[Node 1] 2025/11/23 22:57:03.135945 Node 1: RPC HandleHeartbeat->node 2
[Node 1] 2025/11/23 22:57:03.135948 Node 1: skipping RPC HandleHeartbeat to inactive node 4
[Node 1] 2025/11/23 22:57:03.161793 Node 1: RPC HandleHeartbeat->node 2
[Node 1] 2025/11/23 22:57:03.161821 Node 1: RPC HandleHeartbeat->node 3
[Node 1] 2025/11/23 22:57:03.161818 Node 1: skipping RPC HandleHeartbeat to inactive node 4
[Node 1] 2025/11/23 22:57:03.161819 Node 1: RPC HandleHeartbeat->node 5
[Node 1] 2025/11/23 22:57:03.289128 Node 1: HandleClientRequest type=REQUEST client=A ts=1763956623286819000
[Node 1] 2025/11/23 22:57:03.289238 Node 1: ProcessClientRequest client=A ts=1763956623286819000 no-op=false
[Node 1] 2025/11/23 22:57:03.289326 Node 1: RPC Accept->node 5
[Node 1] 2025/11/23 22:57:03.289336 Node 1: RPC Accept->node 3
[Node 1] 2025/11/23 22:57:03.289346 Node 1: RPC Accept->node 2
[Node 1] 2025/11/23 22:57:03.289355 Node 1: skipping RPC Accept to inactive node 4
[Node 1] 2025/11/23 22:57:03.300036 [Database] executing txn (A,H,3)
[Node 1] 2025/11/23 22:57:03.300113 [Database] txn success: A -> H amount 3
[Node 1] 2025/11/23 22:57:03.300139 Node 1: RPC Commit->node 5
[Node 1] 2025/11/23 22:57:03.300148 Node 1: RPC Commit->node 2
[Node 1] 2025/11/23 22:57:03.300161 Node 1: skipping RPC Commit to inactive node 4
[Node 1] 2025/11/23 22:57:03.300185 Node 1: RPC Commit->node 3
[Node 1] 2025/11/23 22:57:03.300199 Node 1: ProcessClientRequest seq=11 success=true msg=success
[Node 1] 2025/11/23 22:57:03.635954 Node 1: RPC HandleHeartbeat->node 3
[Node 1] 2025/11/23 22:57:03.635976 Node 1: RPC HandleHeartbeat->node 5
[Node 1] 2025/11/23 22:57:03.635994 Node 1: skipping RPC HandleHeartbeat to inactive node 4
[Node 1] 2025/11/23 22:57:03.636014 Node 1: RPC HandleHeartbeat->node 2
[Node 1] 2025/11/23 22:57:03.662649 Node 1: RPC HandleHeartbeat->node 5
[Node 1] 2025/11/23 22:57:03.662710 Node 1: RPC HandleHeartbeat->node 3
[Node 1] 2025/11/23 22:57:03.662702 Node 1: skipping RPC HandleHeartbeat to inactive node 4
[Node 1] 2025/11/23 22:57:03.662722 Node 1: RPC HandleHeartbeat->node 2
[Node 1] 2025/11/23 22:57:04.135993 Node 1: RPC HandleHeartbeat->node 3
[Node 1] 2025/11/23 22:57:04.136009 Node 1: RPC HandleHeartbeat->node 5
[Node 1] 2025/11/23 22:57:04.136017 Node 1: RPC HandleHeartbeat->node 2
[Node 1] 2025/11/23 22:57:04.136033 Node 1: skipping RPC HandleHeartbeat to inactive node 4
[Node 1] 2025/11/23 22:57:04.162059 Node 1: RPC HandleHeartbeat->node 5
[Node 1] 2025/11/23 22:57:04.162132 Node 1: skipping RPC HandleHeartbeat to inactive node 4
[Node 1] 2025/11/23 22:57:04.162139 Node 1: RPC HandleHeartbeat->node 3
[Node 1] 2025/11/23 22:57:04.162149 Node 1: RPC HandleHeartbeat->node 2
[Node 1] 2025/11/23 22:57:04.635615 Node 1: RPC HandleHeartbeat->node 2
[Node 1] 2025/11/23 22:57:04.635605 Node 1: skipping RPC HandleHeartbeat to inactive node 4
[Node 1] 2025/11/23 22:57:04.635632 Node 1: RPC HandleHeartbeat->node 3
[Node 1] 2025/11/23 22:57:04.635645 Node 1: RPC HandleHeartbeat->node 5
[Node 1] 2025/11/23 22:57:04.662668 Node 1: RPC HandleHeartbeat->node 5
[Node 1] 2025/11/23 22:57:04.662731 Node 1: RPC HandleHeartbeat->node 3
[Node 1] 2025/11/23 22:57:04.662730 Node 1: skipping RPC HandleHeartbeat to inactive node 4
[Node 1] 2025/11/23 22:57:04.662746 Node 1: RPC HandleHeartbeat->node 2
[Node 1] 2025/11/23 22:57:04.837598 Node 1: UpdateActiveStatus node=5 live=false
[Node 1] 2025/11/23 22:57:04.837651 Node 1: setNodeLiveness node=5 live=false
[Node 1] 2025/11/23 22:57:04.837835 Node 1: UpdateActiveStatus node=4 live=false
[Node 1] 2025/11/23 22:57:04.837878 Node 1: setNodeLiveness node=4 live=false
[Node 1] 2025/11/23 22:57:04.837997 Node 1: UpdateActiveStatus node=2 live=true
[Node 1] 2025/11/23 22:57:04.838026 Node 1: setNodeLiveness node=2 live=true
[Node 1] 2025/11/23 22:57:04.838135 Node 1: UpdateActiveStatus node=1 live=true
[Node 1] 2025/11/23 22:57:04.838159 Node 1: setNodeLiveness node=1 live=true
[Node 1] 2025/11/23 22:57:04.838062 Node 1: UpdateActiveStatus node=3 live=false
[Node 1] 2025/11/23 22:57:04.838206 Node 1: setNodeLiveness node=3 live=false
[Node 1] 2025/11/23 22:57:05.135968 Node 1: skipping RPC HandleHeartbeat to inactive node 5
[Node 1] 2025/11/23 22:57:05.135985 Node 1: skipping RPC HandleHeartbeat to inactive node 3
[Node 1] 2025/11/23 22:57:05.135999 Node 1: RPC HandleHeartbeat->node 2
[Node 1] 2025/11/23 22:57:05.136011 Node 1: skipping RPC HandleHeartbeat to inactive node 4
[Node 1] 2025/11/23 22:57:05.138661 Node 1: HandleClientRequest type=REQUEST client=C ts=1763956625136640000
[Node 1] 2025/11/23 22:57:05.138777 Node 1: ProcessClientRequest client=C ts=1763956625136640000 no-op=false
[Node 1] 2025/11/23 22:57:05.138831 Node 1: insufficient active nodes 2 (needed 3) so skipping transactions
[Node 1] 2025/11/23 22:57:05.162701 Node 1: skipping RPC HandleHeartbeat to inactive node 5
[Node 1] 2025/11/23 22:57:05.162725 Node 1: skipping RPC HandleHeartbeat to inactive node 3
[Node 1] 2025/11/23 22:57:05.162734 Node 1: RPC HandleHeartbeat->node 2
[Node 1] 2025/11/23 22:57:05.162740 Node 1: skipping RPC HandleHeartbeat to inactive node 4
[Node 1] 2025/11/23 22:57:05.342997 Node 1: HandleClientRequest type=REQUEST client=D ts=1763956625341014000
[Node 1] 2025/11/23 22:57:05.343099 Node 1: ProcessClientRequest client=D ts=1763956625341014000 no-op=false
[Node 1] 2025/11/23 22:57:05.343140 Node 1: insufficient active nodes 2 (needed 3) so skipping transactions
[Node 1] 2025/11/23 22:57:05.635973 Node 1: skipping RPC HandleHeartbeat to inactive node 4
[Node 1] 2025/11/23 22:57:05.636003 Node 1: RPC HandleHeartbeat->node 2
[Node 1] 2025/11/23 22:57:05.636022 Node 1: skipping RPC HandleHeartbeat to inactive node 5
[Node 1] 2025/11/23 22:57:05.636033 Node 1: skipping RPC HandleHeartbeat to inactive node 3
[Node 1] 2025/11/23 22:57:05.662707 Node 1: skipping RPC HandleHeartbeat to inactive node 5
[Node 1] 2025/11/23 22:57:05.662734 Node 1: skipping RPC HandleHeartbeat to inactive node 3
[Node 1] 2025/11/23 22:57:05.662745 Node 1: RPC HandleHeartbeat->node 2
[Node 1] 2025/11/23 22:57:05.662759 Node 1: skipping RPC HandleHeartbeat to inactive node 4
[Node 1] 2025/11/23 22:57:06.136006 Node 1: skipping RPC HandleHeartbeat to inactive node 3
[Node 1] 2025/11/23 22:57:06.136008 Node 1: skipping RPC HandleHeartbeat to inactive node 5
[Node 1] 2025/11/23 22:57:06.136030 Node 1: skipping RPC HandleHeartbeat to inactive node 4
[Node 1] 2025/11/23 22:57:06.136061 Node 1: RPC HandleHeartbeat->node 2
[Node 1] 2025/11/23 22:57:06.162708 Node 1: skipping RPC HandleHeartbeat to inactive node 5
[Node 1] 2025/11/23 22:57:06.162807 Node 1: skipping RPC HandleHeartbeat to inactive node 3
[Node 1] 2025/11/23 22:57:06.162819 Node 1: RPC HandleHeartbeat->node 2
[Node 1] 2025/11/23 22:57:06.162863 Node 1: skipping RPC HandleHeartbeat to inactive node 4
[Node 1] 2025/11/23 22:57:06.635993 Node 1: skipping RPC HandleHeartbeat to inactive node 3
[Node 1] 2025/11/23 22:57:06.636021 Node 1: skipping RPC HandleHeartbeat to inactive node 5
[Node 1] 2025/11/23 22:57:06.636037 Node 1: skipping RPC HandleHeartbeat to inactive node 4
[Node 1] 2025/11/23 22:57:06.636048 Node 1: RPC HandleHeartbeat->node 2
[Node 1] 2025/11/23 22:57:06.662716 Node 1: skipping RPC HandleHeartbeat to inactive node 5
[Node 1] 2025/11/23 22:57:06.662758 Node 1: skipping RPC HandleHeartbeat to inactive node 3
[Node 1] 2025/11/23 22:57:06.662769 Node 1: RPC HandleHeartbeat->node 2
[Node 1] 2025/11/23 22:57:06.662781 Node 1: skipping RPC HandleHeartbeat to inactive node 4
[Node 1] 2025/11/23 22:57:07.048559 Node 1: UpdateActiveStatus node=5 live=true
[Node 1] 2025/11/23 22:57:07.048681 Node 1: setNodeLiveness node=5 live=true
[Node 1] 2025/11/23 22:57:07.048854 Node 1: buildStateSnapshot generating from 11 entries
[Node 1] 2025/11/23 22:57:07.048925 Node 1: snapshot ready entries=11 ballot=(2,1)
[Node 1] 2025/11/23 22:57:07.048957 Node 1: sending snapshot entries=11 to node 5
[Node 1] 2025/11/23 22:57:07.048980 Node 1: RPC NewView->node 5
[Node 1] 2025/11/23 22:57:07.050812 Node 1: UpdateActiveStatus node=1 live=true
[Node 1] 2025/11/23 22:57:07.050884 Node 1: setNodeLiveness node=1 live=true
[Node 1] 2025/11/23 22:57:07.051061 Node 1: UpdateActiveStatus node=2 live=true
[Node 1] 2025/11/23 22:57:07.051126 Node 1: setNodeLiveness node=2 live=true
[Node 1] 2025/11/23 22:57:07.051282 Node 1: UpdateActiveStatus node=3 live=true
[Node 1] 2025/11/23 22:57:07.051342 Node 1: setNodeLiveness node=3 live=true
[Node 1] 2025/11/23 22:57:07.051450 Node 1: buildStateSnapshot generating from 11 entries
[Node 1] 2025/11/23 22:57:07.052542 Node 1: snapshot ready entries=11 ballot=(2,1)
[Node 1] 2025/11/23 22:57:07.052577 Node 1: sending snapshot entries=11 to node 3
[Node 1] 2025/11/23 22:57:07.052587 Node 1: RPC NewView->node 3
[Node 1] 2025/11/23 22:57:07.052232 Node 1: UpdateActiveStatus node=4 live=true
[Node 1] 2025/11/23 22:57:07.052830 Node 1: setNodeLiveness node=4 live=true
[Node 1] 2025/11/23 22:57:07.052885 Node 1: buildStateSnapshot generating from 11 entries
[Node 1] 2025/11/23 22:57:07.052899 Node 1: snapshot ready entries=11 ballot=(2,1)
[Node 1] 2025/11/23 22:57:07.052905 Node 1: sending snapshot entries=11 to node 4
[Node 1] 2025/11/23 22:57:07.052911 Node 1: RPC NewView->node 4
[Node 1] 2025/11/23 22:57:07.054412 Node 1: RequestStateTransfer from node 3
[Node 1] 2025/11/23 22:57:07.054490 Node 1: buildStateSnapshot generating from 11 entries
[Node 1] 2025/11/23 22:57:07.054603 Node 1: RequestStateTransfer from node 5
[Node 1] 2025/11/23 22:57:07.054698 Node 1: buildStateSnapshot generating from 11 entries
[Node 1] 2025/11/23 22:57:07.055131 Node 1: snapshot ready entries=11 ballot=(2,1)
[Node 1] 2025/11/23 22:57:07.054634 Node 1: snapshot ready entries=11 ballot=(2,1)
[Node 1] 2025/11/23 22:57:07.054437 Node 1: RequestStateTransfer from node 4
[Node 1] 2025/11/23 22:57:07.055260 Node 1: buildStateSnapshot generating from 11 entries
[Node 1] 2025/11/23 22:57:07.055281 Node 1: snapshot ready entries=11 ballot=(2,1)
[Node 1] 2025/11/23 22:57:07.056513 Node 1: AcceptedFromNewView from node 4 seq=11
[Node 1] 2025/11/23 22:57:07.056561 Node 1: AcceptedFromNewView from node 4 seq=6
[Node 1] 2025/11/23 22:57:07.056527 Node 1: AcceptedFromNewView from node 4 seq=7
[Node 1] 2025/11/23 22:57:07.056618 Node 1: AcceptedFromNewView from node 4 seq=9
[Node 1] 2025/11/23 22:57:07.056638 Node 1: AcceptedFromNewView from node 4 seq=5
[Node 1] 2025/11/23 22:57:07.056675 Node 1: AcceptedFromNewView from node 4 seq=4
[Node 1] 2025/11/23 22:57:07.056709 Node 1: AcceptedFromNewView from node 4 seq=2
[Node 1] 2025/11/23 22:57:07.056684 Node 1: AcceptedFromNewView from node 4 seq=8
[Node 1] 2025/11/23 22:57:07.056893 Node 1: AcceptedFromNewView from node 4 seq=3
[Node 1] 2025/11/23 22:57:07.056914 Node 1: AcceptedFromNewView from node 4 seq=1
[Node 1] 2025/11/23 22:57:07.056902 Node 1: AcceptedFromNewView from node 4 seq=10
[Node 1] 2025/11/23 22:57:07.136133 Node 1: RPC HandleHeartbeat->node 5
[Node 1] 2025/11/23 22:57:07.136134 Node 1: RPC HandleHeartbeat->node 3
[Node 1] 2025/11/23 22:57:07.136160 Node 1: RPC HandleHeartbeat->node 2
[Node 1] 2025/11/23 22:57:07.136177 Node 1: RPC HandleHeartbeat->node 4
[Node 1] 2025/11/23 22:57:07.162723 Node 1: RPC HandleHeartbeat->node 5
[Node 1] 2025/11/23 22:57:07.162775 Node 1: RPC HandleHeartbeat->node 3
[Node 1] 2025/11/23 22:57:07.162791 Node 1: RPC HandleHeartbeat->node 2
[Node 1] 2025/11/23 22:57:07.162827 Node 1: RPC HandleHeartbeat->node 4
[Node 1] 2025/11/23 22:57:07.347215 Node 1: HandleClientRequest type=REQUEST client=C ts=1763956627344923000
[Node 1] 2025/11/23 22:57:07.347349 Node 1: ProcessClientRequest client=C ts=1763956627344923000 no-op=false
[Node 1] 2025/11/23 22:57:07.347457 Node 1: RPC Accept->node 5
[Node 1] 2025/11/23 22:57:07.347465 Node 1: RPC Accept->node 3
[Node 1] 2025/11/23 22:57:07.347477 Node 1: RPC Accept->node 2
[Node 1] 2025/11/23 22:57:07.347484 Node 1: RPC Accept->node 4
[Node 1] 2025/11/23 22:57:07.358511 [Database] executing txn (C,B,1)
[Node 1] 2025/11/23 22:57:07.358624 [Database] txn success: C -> B amount 1
[Node 1] 2025/11/23 22:57:07.358680 Node 1: RPC Commit->node 5
[Node 1] 2025/11/23 22:57:07.358716 Node 1: RPC Commit->node 3
[Node 1] 2025/11/23 22:57:07.358763 Node 1: RPC Commit->node 4
[Node 1] 2025/11/23 22:57:07.358768 Node 1: ProcessClientRequest seq=12 success=true msg=success
[Node 1] 2025/11/23 22:57:07.358711 Node 1: RPC Commit->node 2
[Node 1] 2025/11/23 22:57:07.361053 Node 1: HandleClientRequest type=REQUEST client=D ts=1763956627359953000
[Node 1] 2025/11/23 22:57:07.361083 Node 1: ProcessClientRequest client=D ts=1763956627359953000 no-op=false
[Node 1] 2025/11/23 22:57:07.361108 Node 1: RPC Accept->node 4
[Node 1] 2025/11/23 22:57:07.361122 Node 1: RPC Accept->node 2
[Node 1] 2025/11/23 22:57:07.361145 Node 1: RPC Accept->node 5
[Node 1] 2025/11/23 22:57:07.361135 Node 1: RPC Accept->node 3
[Node 1] 2025/11/23 22:57:07.372155 [Database] executing txn (D,F,2)
[Node 1] 2025/11/23 22:57:07.372233 [Database] txn success: D -> F amount 2
[Node 1] 2025/11/23 22:57:07.372251 Node 1: ProcessClientRequest seq=13 success=true msg=success
[Node 1] 2025/11/23 22:57:07.372290 Node 1: RPC Commit->node 5
[Node 1] 2025/11/23 22:57:07.372286 Node 1: RPC Commit->node 3
[Node 1] 2025/11/23 22:57:07.372332 Node 1: RPC Commit->node 2
[Node 1] 2025/11/23 22:57:07.372354 Node 1: RPC Commit->node 4
[Node 1] 2025/11/23 22:57:07.373750 Node 1: HandleClientRequest type=REQUEST client=A ts=1763956627372846000
[Node 1] 2025/11/23 22:57:07.373774 Node 1: ProcessClientRequest client=A ts=1763956627372846000 no-op=false
[Node 1] 2025/11/23 22:57:07.373794 Node 1: RPC Accept->node 2
[Node 1] 2025/11/23 22:57:07.373956 Node 1: RPC Accept->node 4
[Node 1] 2025/11/23 22:57:07.373971 Node 1: RPC Accept->node 3
[Node 1] 2025/11/23 22:57:07.373983 Node 1: RPC Accept->node 5
[Node 1] 2025/11/23 22:57:07.384317 [Database] executing txn (A,B,4)
[Node 1] 2025/11/23 22:57:07.384355 [Database] txn success: A -> B amount 4
[Node 1] 2025/11/23 22:57:07.384368 Node 1: RPC Commit->node 2
[Node 1] 2025/11/23 22:57:07.384376 Node 1: RPC Commit->node 3
[Node 1] 2025/11/23 22:57:07.384369 Node 1: RPC Commit->node 4
[Node 1] 2025/11/23 22:57:07.384372 Node 1: ProcessClientRequest seq=14 success=true msg=success
[Node 1] 2025/11/23 22:57:07.384379 Node 1: RPC Commit->node 5
[Node 1] 2025/11/23 22:57:07.587876 Node 1: GetLeader RPC invoked
[Node 1] 2025/11/23 22:57:07.589592 Node 1: UpdateActiveStatus node=1 live=false
[Node 1] 2025/11/23 22:57:07.589727 Node 1: setNodeLiveness node=1 live=false
[Node 1] 2025/11/23 22:57:07.782279 Node 1: Leader timeout (6.192462s), no leader msgs, starting election
[Node 1] 2025/11/23 22:57:07.782338 Node 1: StartLeaderElection invoked (leader=false active=false)
[Node 1] 2025/11/23 22:57:07.900984 Node 1: GetLeader RPC invoked
[Node 1] 2025/11/23 22:57:09.793156 Node 1: Leader timeout (8.203316s), no leader msgs, starting election
[Node 1] 2025/11/23 22:57:09.793369 Node 1: StartLeaderElection invoked (leader=false active=false)
[Node 1] 2025/11/23 22:57:11.803242 Node 1: Leader timeout (10.213382s), no leader msgs, starting election
[Node 1] 2025/11/23 22:57:11.803331 Node 1: StartLeaderElection invoked (leader=false active=false)
[Node 1] 2025/11/23 22:57:13.813099 Node 1: Leader timeout (12.223216s), no leader msgs, starting election
[Node 1] 2025/11/23 22:57:13.813253 Node 1: StartLeaderElection invoked (leader=false active=false)
[Node 1] 2025/11/23 22:57:15.823347 Node 1: Leader timeout (14.233442s), no leader msgs, starting election
[Node 1] 2025/11/23 22:57:15.823519 Node 1: StartLeaderElection invoked (leader=false active=false)
[Node 1] 2025/11/23 22:57:17.834398 Node 1: Leader timeout (16.244474s), no leader msgs, starting election
[Node 1] 2025/11/23 22:57:17.834612 Node 1: StartLeaderElection invoked (leader=false active=false)
[Node 1] 2025/11/23 22:57:19.844883 Node 1: Leader timeout (18.254936s), no leader msgs, starting election
[Node 1] 2025/11/23 22:57:19.845065 Node 1: StartLeaderElection invoked (leader=false active=false)
[Node 1] 2025/11/23 22:57:21.854348 Node 1: Leader timeout (20.264381s), no leader msgs, starting election
[Node 1] 2025/11/23 22:57:21.854435 Node 1: StartLeaderElection invoked (leader=false active=false)
[Node 1] 2025/11/23 22:57:23.864820 Node 1: Leader timeout (22.274828s), no leader msgs, starting election
[Node 1] 2025/11/23 22:57:23.865011 Node 1: StartLeaderElection invoked (leader=false active=false)
[Node 1] 2025/11/23 22:57:24.194306 Node 1: PrintDB RPC invoked
[Node 1] 2025/11/23 22:57:24.194465 [Database] printing DB for node 1 (10 accounts)
[Node 1] 2025/11/23 22:57:25.875366 Node 1: Leader timeout (24.285356s), no leader msgs, starting election
[Node 1] 2025/11/23 22:57:25.875530 Node 1: StartLeaderElection invoked (leader=false active=false)
[Node 1] 2025/11/23 22:57:27.884998 Node 1: Leader timeout (26.294967s), no leader msgs, starting election
[Node 1] 2025/11/23 22:57:27.885134 Node 1: StartLeaderElection invoked (leader=false active=false)
[Node 1] 2025/11/23 22:57:29.894982 Node 1: Leader timeout (28.304930s), no leader msgs, starting election
[Node 1] 2025/11/23 22:57:29.895162 Node 1: StartLeaderElection invoked (leader=false active=false)
[Node 1] 2025/11/23 22:57:31.903297 Node 1: Leader timeout (30.313224s), no leader msgs, starting election
[Node 1] 2025/11/23 22:57:31.903382 Node 1: StartLeaderElection invoked (leader=false active=false)
[Node 1] 2025/11/23 22:57:33.914101 Node 1: Leader timeout (32.324006s), no leader msgs, starting election
[Node 1] 2025/11/23 22:57:33.914341 Node 1: StartLeaderElection invoked (leader=false active=false)
[Node 1] 2025/11/23 22:57:35.925530 Node 1: Leader timeout (34.335416s), no leader msgs, starting election
[Node 1] 2025/11/23 22:57:35.925638 Node 1: StartLeaderElection invoked (leader=false active=false)
[Node 1] 2025/11/23 22:57:37.935445 Node 1: Leader timeout (36.345308s), no leader msgs, starting election
[Node 1] 2025/11/23 22:57:37.935635 Node 1: StartLeaderElection invoked (leader=false active=false)
[Node 1] 2025/11/23 22:57:39.946513 Node 1: Leader timeout (38.356354s), no leader msgs, starting election
[Node 1] 2025/11/23 22:57:39.946704 Node 1: StartLeaderElection invoked (leader=false active=false)
[Node 1] 2025/11/23 22:57:41.957518 Node 1: Leader timeout (40.367341s), no leader msgs, starting election
[Node 1] 2025/11/23 22:57:41.957624 Node 1: StartLeaderElection invoked (leader=false active=false)
[Node 1] 2025/11/23 22:57:43.967664 Node 1: Leader timeout (42.377463s), no leader msgs, starting election
[Node 1] 2025/11/23 22:57:43.967953 Node 1: StartLeaderElection invoked (leader=false active=false)
[Node 1] 2025/11/23 22:57:45.977761 Node 1: Leader timeout (44.387539s), no leader msgs, starting election
[Node 1] 2025/11/23 22:57:45.977913 Node 1: StartLeaderElection invoked (leader=false active=false)
[Node 1] 2025/11/23 22:57:47.986733 Node 1: Leader timeout (46.396490s), no leader msgs, starting election
[Node 1] 2025/11/23 22:57:47.986907 Node 1: StartLeaderElection invoked (leader=false active=false)
[Node 1] 2025/11/23 22:57:49.995041 Node 1: Leader timeout (48.404777s), no leader msgs, starting election
[Node 1] 2025/11/23 22:57:49.995264 Node 1: StartLeaderElection invoked (leader=false active=false)
[Node 1] 2025/11/23 22:57:52.004624 Node 1: Leader timeout (50.414338s), no leader msgs, starting election
[Node 1] 2025/11/23 22:57:52.004820 Node 1: StartLeaderElection invoked (leader=false active=false)
[Node 1] 2025/11/23 22:57:54.013745 Node 1: Leader timeout (52.423439s), no leader msgs, starting election
[Node 1] 2025/11/23 22:57:54.013901 Node 1: StartLeaderElection invoked (leader=false active=false)
[Node 1] 2025/11/23 22:57:56.023069 Node 1: Leader timeout (54.432741s), no leader msgs, starting election
[Node 1] 2025/11/23 22:57:56.023273 Node 1: StartLeaderElection invoked (leader=false active=false)
[Node 1] 2025/11/23 22:57:58.031485 Node 1: Leader timeout (56.441136s), no leader msgs, starting election
[Node 1] 2025/11/23 22:57:58.031673 Node 1: StartLeaderElection invoked (leader=false active=false)
[Node 1] 2025/11/23 22:58:00.041631 Node 1: Leader timeout (58.451262s), no leader msgs, starting election
[Node 1] 2025/11/23 22:58:00.041801 Node 1: StartLeaderElection invoked (leader=false active=false)
[Node 1] 2025/11/23 22:58:02.050385 Node 1: Leader timeout (60.459990s), no leader msgs, starting election
[Node 1] 2025/11/23 22:58:02.050574 Node 1: StartLeaderElection invoked (leader=false active=false)
[Node 1] 2025/11/23 22:58:04.060462 Node 1: Leader timeout (62.470050s), no leader msgs, starting election
[Node 1] 2025/11/23 22:58:04.060642 Node 1: StartLeaderElection invoked (leader=false active=false)
[Node 1] 2025/11/23 22:58:06.069667 Node 1: Leader timeout (64.479235s), no leader msgs, starting election
[Node 1] 2025/11/23 22:58:06.069907 Node 1: StartLeaderElection invoked (leader=false active=false)
[Node 1] 2025/11/23 22:58:08.080360 Node 1: Leader timeout (66.489907s), no leader msgs, starting election
[Node 1] 2025/11/23 22:58:08.080447 Node 1: StartLeaderElection invoked (leader=false active=false)
[Node 1] 2025/11/23 22:58:10.089481 Node 1: Leader timeout (68.499005s), no leader msgs, starting election
[Node 1] 2025/11/23 22:58:10.089638 Node 1: StartLeaderElection invoked (leader=false active=false)
[Node 1] 2025/11/23 22:58:12.100141 Node 1: Leader timeout (70.509645s), no leader msgs, starting election
[Node 1] 2025/11/23 22:58:12.100347 Node 1: StartLeaderElection invoked (leader=false active=false)
[Node 1] 2025/11/23 22:58:14.110037 Node 1: Leader timeout (72.519518s), no leader msgs, starting election
[Node 1] 2025/11/23 22:58:14.110206 Node 1: StartLeaderElection invoked (leader=false active=false)
[Node 1] 2025/11/23 22:58:16.119135 Node 1: Leader timeout (74.528595s), no leader msgs, starting election
[Node 1] 2025/11/23 22:58:16.119307 Node 1: StartLeaderElection invoked (leader=false active=false)
[Node 1] 2025/11/23 22:58:18.129287 Node 1: Leader timeout (76.538728s), no leader msgs, starting election
[Node 1] 2025/11/23 22:58:18.129376 Node 1: StartLeaderElection invoked (leader=false active=false)
[Node 1] 2025/11/23 22:58:20.139598 Node 1: Leader timeout (78.549017s), no leader msgs, starting election
[Node 1] 2025/11/23 22:58:20.139781 Node 1: StartLeaderElection invoked (leader=false active=false)
[Node 1] 2025/11/23 22:58:22.150544 Node 1: Leader timeout (80.559941s), no leader msgs, starting election
[Node 1] 2025/11/23 22:58:22.150711 Node 1: StartLeaderElection invoked (leader=false active=false)
[Node 1] 2025/11/23 22:58:24.160030 Node 1: Leader timeout (82.569406s), no leader msgs, starting election
[Node 1] 2025/11/23 22:58:24.160286 Node 1: StartLeaderElection invoked (leader=false active=false)
[Node 1] 2025/11/23 22:58:26.169324 Node 1: Leader timeout (84.578679s), no leader msgs, starting election
[Node 1] 2025/11/23 22:58:26.169475 Node 1: StartLeaderElection invoked (leader=false active=false)
[Node 1] 2025/11/23 22:58:28.177620 Node 1: Leader timeout (86.586954s), no leader msgs, starting election
[Node 1] 2025/11/23 22:58:28.177701 Node 1: StartLeaderElection invoked (leader=false active=false)
[Node 1] 2025/11/23 22:58:30.187455 Node 1: Leader timeout (88.596768s), no leader msgs, starting election
[Node 1] 2025/11/23 22:58:30.187663 Node 1: StartLeaderElection invoked (leader=false active=false)
[Node 1] 2025/11/23 22:58:32.196950 Node 1: Leader timeout (90.606242s), no leader msgs, starting election
[Node 1] 2025/11/23 22:58:32.197125 Node 1: StartLeaderElection invoked (leader=false active=false)
[Node 1] 2025/11/23 22:58:34.207069 Node 1: Leader timeout (92.616339s), no leader msgs, starting election
[Node 1] 2025/11/23 22:58:34.207259 Node 1: StartLeaderElection invoked (leader=false active=false)
[Node 1] 2025/11/23 22:58:36.216501 Node 1: Leader timeout (94.625751s), no leader msgs, starting election
[Node 1] 2025/11/23 22:58:36.216663 Node 1: StartLeaderElection invoked (leader=false active=false)
[Node 1] 2025/11/23 22:58:38.226852 Node 1: Leader timeout (96.636081s), no leader msgs, starting election
[Node 1] 2025/11/23 22:58:38.226923 Node 1: StartLeaderElection invoked (leader=false active=false)
[Node 1] 2025/11/23 22:58:40.235758 Node 1: Leader timeout (98.644965s), no leader msgs, starting election
[Node 1] 2025/11/23 22:58:40.235953 Node 1: StartLeaderElection invoked (leader=false active=false)
[Node 1] 2025/11/23 22:58:42.003212 Node 1 shutting down...
[Node 1] 2025/11/23 22:58:42.003271 Node 1: stopping node
[Node 1] 2025/11/23 22:58:42.003300 Node 1: accept error: accept tcp 127.0.0.1:8001: use of closed network connection
[Node 1] 2025/11/23 22:58:42.003317 Node 1: RPC server shutting down
