[Node 3] 2025/11/23 22:47:23.234016 Node 3: initializing at localhost:8003 with 5 peers
[Node 3] 2025/11/23 22:47:23.234115 [Database] initializing new in-memory store
[Node 3] 2025/11/23 22:47:23.234125 [Database] client A initialized with balance 10
[Node 3] 2025/11/23 22:47:23.234130 [Database] client B initialized with balance 10
[Node 3] 2025/11/23 22:47:23.234134 [Database] client C initialized with balance 10
[Node 3] 2025/11/23 22:47:23.234137 [Database] client D initialized with balance 10
[Node 3] 2025/11/23 22:47:23.234140 [Database] client E initialized with balance 10
[Node 3] 2025/11/23 22:47:23.234143 [Database] client F initialized with balance 10
[Node 3] 2025/11/23 22:47:23.234129 Node 3: leader timeout monitor running
[Node 3] 2025/11/23 22:47:23.234146 [Database] client G initialized with balance 10
[Node 3] 2025/11/23 22:47:23.234169 [Database] client H initialized with balance 10
[Node 3] 2025/11/23 22:47:23.234176 [Database] client I initialized with balance 10
[Node 3] 2025/11/23 22:47:23.234180 [Database] client J initialized with balance 10
[Node 3] 2025/11/23 22:47:23.234184 Node 3: initialization complete (maj=3)
[Node 3] 2025/11/23 22:47:23.234229 Node 3: starting RPC server at localhost:8003
[Node 3] 2025/11/23 22:47:23.390733 Node 3: Prepare RPC from ballot (2,1)
[Node 3] 2025/11/23 22:47:23.390759 Node 3: Promised ballot (2,1)
[Node 3] 2025/11/23 22:47:23.391753 Node 3: NewView RPC ballot=(2,1) entries=0
[Node 3] 2025/11/23 22:47:23.391829 Node 3: applyCommittedEntries up to seq=0
[Node 3] 2025/11/23 22:47:23.391889 Node 3: executeRequestsInOrder triggered
[Node 3] 2025/11/23 22:47:23.391907 Node 3: executeRequestsInOrder stopping at gap seq=1
[Node 3] 2025/11/23 22:47:49.561790 Node 3: UpdateActiveStatus node=3 live=true
[Node 3] 2025/11/23 22:47:49.561896 Node 3: setNodeLiveness node=3 live=true
[Node 3] 2025/11/23 22:47:49.561990 Node 3: UpdateActiveStatus node=1 live=true
[Node 3] 2025/11/23 22:47:49.562035 Node 3: setNodeLiveness node=1 live=true
[Node 3] 2025/11/23 22:47:49.562063 Node 3: UpdateActiveStatus node=2 live=true
[Node 3] 2025/11/23 22:47:49.562098 Node 3: setNodeLiveness node=2 live=true
[Node 3] 2025/11/23 22:47:49.562001 Node 3: UpdateActiveStatus node=5 live=true
[Node 3] 2025/11/23 22:47:49.562135 Node 3: setNodeLiveness node=5 live=true
[Node 3] 2025/11/23 22:47:49.562001 Node 3: UpdateActiveStatus node=4 live=true
[Node 3] 2025/11/23 22:47:49.562201 Node 3: setNodeLiveness node=4 live=true
[Node 3] 2025/11/23 22:47:49.857437 Node 3: Accept RPC seq=1 ballot=(2,1)
[Node 3] 2025/11/23 22:47:49.857502 Node 3 ACCEPT seq=1 ballot=(2,1) txn=(A→J,3)
[Node 3] 2025/11/23 22:47:49.857538 Node 3: Accepted seq 1
[Node 3] 2025/11/23 22:47:49.868134 Node 3: Commit RPC seq=1 ballot=(2,1)
[Node 3] 2025/11/23 22:47:49.868211 Node 3: executeRequestsInOrder triggered
[Node 3] 2025/11/23 22:47:49.868244 [Database] executing txn (A,J,3)
[Node 3] 2025/11/23 22:47:49.868269 [Database] txn success: A -> J amount 3
[Node 3] 2025/11/23 22:47:49.868293 Node 3: executeRequestsInOrder stopping at gap seq=2
[Node 3] 2025/11/23 22:47:50.072630 Node 3: Accept RPC seq=2 ballot=(2,1)
[Node 3] 2025/11/23 22:47:50.072700 Node 3 ACCEPT seq=2 ballot=(2,1) txn=(C→D,1)
[Node 3] 2025/11/23 22:47:50.072724 Node 3: Accepted seq 2
[Node 3] 2025/11/23 22:47:50.082715 Node 3: Commit RPC seq=2 ballot=(2,1)
[Node 3] 2025/11/23 22:47:50.082775 Node 3: executeRequestsInOrder triggered
[Node 3] 2025/11/23 22:47:50.082846 [Database] executing txn (C,D,1)
[Node 3] 2025/11/23 22:47:50.082863 [Database] txn success: C -> D amount 1
[Node 3] 2025/11/23 22:47:50.082879 Node 3: executeRequestsInOrder stopping at gap seq=3
[Node 3] 2025/11/23 22:47:50.286735 Node 3: Accept RPC seq=3 ballot=(2,1)
[Node 3] 2025/11/23 22:47:50.286825 Node 3 ACCEPT seq=3 ballot=(2,1) txn=(B→E,4)
[Node 3] 2025/11/23 22:47:50.286843 Node 3: Accepted seq 3
[Node 3] 2025/11/23 22:47:50.298078 Node 3: Commit RPC seq=3 ballot=(2,1)
[Node 3] 2025/11/23 22:47:50.298149 Node 3: executeRequestsInOrder triggered
[Node 3] 2025/11/23 22:47:50.298175 [Database] executing txn (B,E,4)
[Node 3] 2025/11/23 22:47:50.298208 [Database] txn success: B -> E amount 4
[Node 3] 2025/11/23 22:47:50.298220 Node 3: executeRequestsInOrder stopping at gap seq=4
[Node 3] 2025/11/23 22:47:50.503299 Node 3: Accept RPC seq=4 ballot=(2,1)
[Node 3] 2025/11/23 22:47:50.503364 Node 3 ACCEPT seq=4 ballot=(2,1) txn=(F→G,2)
[Node 3] 2025/11/23 22:47:50.503403 Node 3: Accepted seq 4
[Node 3] 2025/11/23 22:47:50.512869 Node 3: Commit RPC seq=4 ballot=(2,1)
[Node 3] 2025/11/23 22:47:50.512954 Node 3: executeRequestsInOrder triggered
[Node 3] 2025/11/23 22:47:50.513116 [Database] executing txn (F,G,2)
[Node 3] 2025/11/23 22:47:50.513141 [Database] txn success: F -> G amount 2
[Node 3] 2025/11/23 22:47:50.513148 Node 3: executeRequestsInOrder stopping at gap seq=5
[Node 3] 2025/11/23 22:47:50.715387 Node 3: Accept RPC seq=5 ballot=(2,1)
[Node 3] 2025/11/23 22:47:50.715415 Node 3 ACCEPT seq=5 ballot=(2,1) txn=(H→I,2)
[Node 3] 2025/11/23 22:47:50.715422 Node 3: Accepted seq 5
[Node 3] 2025/11/23 22:47:50.726392 Node 3: Commit RPC seq=5 ballot=(2,1)
[Node 3] 2025/11/23 22:47:50.726429 Node 3: executeRequestsInOrder triggered
[Node 3] 2025/11/23 22:47:50.726439 [Database] executing txn (H,I,2)
[Node 3] 2025/11/23 22:47:50.726449 [Database] txn success: H -> I amount 2
[Node 3] 2025/11/23 22:47:50.726453 Node 3: executeRequestsInOrder stopping at gap seq=6
[Node 3] 2025/11/23 22:47:51.947149 Node 3: UpdateActiveStatus node=1 live=true
[Node 3] 2025/11/23 22:47:51.947282 Node 3: setNodeLiveness node=1 live=true
[Node 3] 2025/11/23 22:47:51.947491 Node 3: UpdateActiveStatus node=2 live=true
[Node 3] 2025/11/23 22:47:51.947543 Node 3: setNodeLiveness node=2 live=true
[Node 3] 2025/11/23 22:47:51.947700 Node 3: UpdateActiveStatus node=4 live=true
[Node 3] 2025/11/23 22:47:51.947750 Node 3: setNodeLiveness node=4 live=true
[Node 3] 2025/11/23 22:47:51.948050 Node 3: UpdateActiveStatus node=5 live=false
[Node 3] 2025/11/23 22:47:51.948096 Node 3: setNodeLiveness node=5 live=false
[Node 3] 2025/11/23 22:47:51.948218 Node 3: UpdateActiveStatus node=3 live=true
[Node 3] 2025/11/23 22:47:51.948259 Node 3: setNodeLiveness node=3 live=true
[Node 3] 2025/11/23 22:47:52.249042 Node 3: Accept RPC seq=6 ballot=(2,1)
[Node 3] 2025/11/23 22:47:52.249100 Node 3 ACCEPT seq=6 ballot=(2,1) txn=(B→I,2)
[Node 3] 2025/11/23 22:47:52.249118 Node 3: Accepted seq 6
[Node 3] 2025/11/23 22:47:52.258558 Node 3: Commit RPC seq=6 ballot=(2,1)
[Node 3] 2025/11/23 22:47:52.258594 Node 3: executeRequestsInOrder triggered
[Node 3] 2025/11/23 22:47:52.258604 [Database] executing txn (B,I,2)
[Node 3] 2025/11/23 22:47:52.258610 [Database] txn success: B -> I amount 2
[Node 3] 2025/11/23 22:47:52.258616 Node 3: executeRequestsInOrder stopping at gap seq=7
[Node 3] 2025/11/23 22:47:52.463624 Node 3: Accept RPC seq=7 ballot=(2,1)
[Node 3] 2025/11/23 22:47:52.463722 Node 3 ACCEPT seq=7 ballot=(2,1) txn=(J→C,4)
[Node 3] 2025/11/23 22:47:52.463756 Node 3: Accepted seq 7
[Node 3] 2025/11/23 22:47:52.474128 Node 3: Commit RPC seq=7 ballot=(2,1)
[Node 3] 2025/11/23 22:47:52.474228 Node 3: executeRequestsInOrder triggered
[Node 3] 2025/11/23 22:47:52.474271 [Database] executing txn (J,C,4)
[Node 3] 2025/11/23 22:47:52.474296 [Database] txn success: J -> C amount 4
[Node 3] 2025/11/23 22:47:52.474309 Node 3: executeRequestsInOrder stopping at gap seq=8
[Node 3] 2025/11/23 22:47:53.764417 Node 3: UpdateActiveStatus node=5 live=true
[Node 3] 2025/11/23 22:47:53.764536 Node 3: setNodeLiveness node=5 live=true
[Node 3] 2025/11/23 22:47:53.764700 Node 3: UpdateActiveStatus node=4 live=false
[Node 3] 2025/11/23 22:47:53.764732 Node 3: setNodeLiveness node=4 live=false
[Node 3] 2025/11/23 22:47:53.764831 Node 3: UpdateActiveStatus node=2 live=false
[Node 3] 2025/11/23 22:47:53.764851 Node 3: setNodeLiveness node=2 live=false
[Node 3] 2025/11/23 22:47:53.766699 Node 3: UpdateActiveStatus node=1 live=true
[Node 3] 2025/11/23 22:47:53.766787 Node 3: setNodeLiveness node=1 live=true
[Node 3] 2025/11/23 22:47:53.767004 Node 3: UpdateActiveStatus node=3 live=true
[Node 3] 2025/11/23 22:47:53.767093 Node 3: setNodeLiveness node=3 live=true
[Node 3] 2025/11/23 22:47:54.067581 Node 3: Accept RPC seq=8 ballot=(2,1)
[Node 3] 2025/11/23 22:47:54.067688 Node 3 ACCEPT seq=8 ballot=(2,1) txn=(B→F,3)
[Node 3] 2025/11/23 22:47:54.067740 Node 3: Accepted seq 8
[Node 3] 2025/11/23 22:47:54.077840 Node 3: Commit RPC seq=8 ballot=(2,1)
[Node 3] 2025/11/23 22:47:54.077895 Node 3: executeRequestsInOrder triggered
[Node 3] 2025/11/23 22:47:54.077926 [Database] executing txn (B,F,3)
[Node 3] 2025/11/23 22:47:54.077936 [Database] txn success: B -> F amount 3
[Node 3] 2025/11/23 22:47:54.077943 Node 3: executeRequestsInOrder stopping at gap seq=9
[Node 3] 2025/11/23 22:47:54.282120 Node 3: Accept RPC seq=9 ballot=(2,1)
[Node 3] 2025/11/23 22:47:54.282239 Node 3 ACCEPT seq=9 ballot=(2,1) txn=(C→A,2)
[Node 3] 2025/11/23 22:47:54.282275 Node 3: Accepted seq 9
[Node 3] 2025/11/23 22:47:54.292949 Node 3: Commit RPC seq=9 ballot=(2,1)
[Node 3] 2025/11/23 22:47:54.292993 Node 3: executeRequestsInOrder triggered
[Node 3] 2025/11/23 22:47:54.293008 [Database] executing txn (C,A,2)
[Node 3] 2025/11/23 22:47:54.293018 [Database] txn success: C -> A amount 2
[Node 3] 2025/11/23 22:47:54.293024 Node 3: executeRequestsInOrder stopping at gap seq=10
[Node 3] 2025/11/23 22:47:55.526227 Node 3: UpdateActiveStatus node=3 live=true
[Node 3] 2025/11/23 22:47:55.526271 Node 3: setNodeLiveness node=3 live=true
[Node 3] 2025/11/23 22:47:55.526227 Node 3: UpdateActiveStatus node=1 live=true
[Node 3] 2025/11/23 22:47:55.526327 Node 3: setNodeLiveness node=1 live=true
[Node 3] 2025/11/23 22:47:55.526316 Node 3: UpdateActiveStatus node=4 live=false
[Node 3] 2025/11/23 22:47:55.526362 Node 3: setNodeLiveness node=4 live=false
[Node 3] 2025/11/23 22:47:55.526385 Node 3: UpdateActiveStatus node=2 live=true
[Node 3] 2025/11/23 22:47:55.526448 Node 3: setNodeLiveness node=2 live=true
[Node 3] 2025/11/23 22:47:55.526470 Node 3: UpdateActiveStatus node=5 live=true
[Node 3] 2025/11/23 22:47:55.526487 Node 3: setNodeLiveness node=5 live=true
[Node 3] 2025/11/23 22:47:55.824007 Node 3: Accept RPC seq=10 ballot=(2,1)
[Node 3] 2025/11/23 22:47:55.824031 Node 3 ACCEPT seq=10 ballot=(2,1) txn=(B→F,3)
[Node 3] 2025/11/23 22:47:55.824061 Node 3: Accepted seq 10
[Node 3] 2025/11/23 22:47:55.835122 Node 3: Commit RPC seq=10 ballot=(2,1)
[Node 3] 2025/11/23 22:47:55.835159 Node 3: executeRequestsInOrder triggered
[Node 3] 2025/11/23 22:47:55.835232 [Database] executing txn (B,F,3)
[Node 3] 2025/11/23 22:47:55.835237 [Database] txn failed: sender B insufficient balance 1 (amt 3)
[Node 3] 2025/11/23 22:47:55.835240 Node 3: executeRequestsInOrder stopping at gap seq=11
[Node 3] 2025/11/23 22:47:56.039286 Node 3: Accept RPC seq=11 ballot=(2,1)
[Node 3] 2025/11/23 22:47:56.039357 Node 3 ACCEPT seq=11 ballot=(2,1) txn=(A→H,3)
[Node 3] 2025/11/23 22:47:56.039383 Node 3: Accepted seq 11
[Node 3] 2025/11/23 22:47:56.049842 Node 3: Commit RPC seq=11 ballot=(2,1)
[Node 3] 2025/11/23 22:47:56.049914 Node 3: executeRequestsInOrder triggered
[Node 3] 2025/11/23 22:47:56.049933 [Database] executing txn (A,H,3)
[Node 3] 2025/11/23 22:47:56.049946 [Database] txn success: A -> H amount 3
[Node 3] 2025/11/23 22:47:56.049960 Node 3: executeRequestsInOrder stopping at gap seq=12
[Node 3] 2025/11/23 22:47:57.403867 Node 3: UpdateActiveStatus node=4 live=false
[Node 3] 2025/11/23 22:47:57.404000 Node 3: setNodeLiveness node=4 live=false
[Node 3] 2025/11/23 22:47:57.404360 Node 3: UpdateActiveStatus node=1 live=true
[Node 3] 2025/11/23 22:47:57.404400 Node 3: setNodeLiveness node=1 live=true
[Node 3] 2025/11/23 22:47:57.404364 Node 3: UpdateActiveStatus node=2 live=true
[Node 3] 2025/11/23 22:47:57.404451 Node 3: setNodeLiveness node=2 live=true
[Node 3] 2025/11/23 22:47:57.404496 Node 3: UpdateActiveStatus node=3 live=false
[Node 3] 2025/11/23 22:47:57.404532 Node 3: setNodeLiveness node=3 live=false
[Node 3] 2025/11/23 22:47:57.405581 Node 3: UpdateActiveStatus node=5 live=false
[Node 3] 2025/11/23 22:47:57.405601 Node 3: setNodeLiveness node=5 live=false
[Node 3] 2025/11/23 22:48:00.412058 Node 3: Leader timeout (3.015325s), no leader msgs, starting election
[Node 3] 2025/11/23 22:48:00.412223 Node 3: StartLeaderElection invoked (leader=false active=false)
[Node 3] 2025/11/23 22:48:00.412429 Node 3: UpdateActiveStatus node=4 live=true
[Node 3] 2025/11/23 22:48:00.412452 Node 3: setNodeLiveness node=4 live=true
[Node 3] 2025/11/23 22:48:00.412631 Node 3: UpdateActiveStatus node=3 live=true
[Node 3] 2025/11/23 22:48:00.412647 Node 3: setNodeLiveness node=3 live=true
[Node 3] 2025/11/23 22:48:00.412669 Node 3: initiating state sync attempts
[Node 3] 2025/11/23 22:48:00.412696 Node 3: RPC RequestStateTransfer->node 1
[Node 3] 2025/11/23 22:48:00.413102 Node 3: UpdateActiveStatus node=5 live=true
[Node 3] 2025/11/23 22:48:00.413141 Node 3: setNodeLiveness node=5 live=true
[Node 3] 2025/11/23 22:48:00.413665 Node 3: UpdateActiveStatus node=2 live=true
[Node 3] 2025/11/23 22:48:00.413757 Node 3: setNodeLiveness node=2 live=true
[Node 3] 2025/11/23 22:48:00.413731 Node 3: UpdateActiveStatus node=1 live=true
[Node 3] 2025/11/23 22:48:00.413832 Node 3: setNodeLiveness node=1 live=true
[Node 3] 2025/11/23 22:48:00.415043 Node 3: state sync completed
[Node 3] 2025/11/23 22:48:00.415201 Node 3: NewView RPC ballot=(2,1) entries=11
[Node 3] 2025/11/23 22:48:00.712828 Node 3: Accept RPC seq=12 ballot=(2,1)
[Node 3] 2025/11/23 22:48:00.712861 Node 3 ACCEPT seq=12 ballot=(2,1) txn=(C→B,1)
[Node 3] 2025/11/23 22:48:00.712869 Node 3: Accepted seq 12
[Node 3] 2025/11/23 22:48:00.723813 Node 3: Commit RPC seq=12 ballot=(2,1)
[Node 3] 2025/11/23 22:48:00.723885 Node 3: executeRequestsInOrder triggered
[Node 3] 2025/11/23 22:48:00.723898 [Database] executing txn (C,B,1)
[Node 3] 2025/11/23 22:48:00.723904 [Database] txn success: C -> B amount 1
[Node 3] 2025/11/23 22:48:00.723913 Node 3: executeRequestsInOrder stopping at gap seq=13
[Node 3] 2025/11/23 22:48:00.724411 Node 3: Accept RPC seq=13 ballot=(2,1)
[Node 3] 2025/11/23 22:48:00.724425 Node 3 ACCEPT seq=13 ballot=(2,1) txn=(D→F,2)
[Node 3] 2025/11/23 22:48:00.724431 Node 3: Accepted seq 13
[Node 3] 2025/11/23 22:48:00.735833 Node 3: Commit RPC seq=13 ballot=(2,1)
[Node 3] 2025/11/23 22:48:00.735865 Node 3: executeRequestsInOrder triggered
[Node 3] 2025/11/23 22:48:00.735874 [Database] executing txn (D,F,2)
[Node 3] 2025/11/23 22:48:00.735885 [Database] txn success: D -> F amount 2
[Node 3] 2025/11/23 22:48:00.735892 Node 3: executeRequestsInOrder stopping at gap seq=14
[Node 3] 2025/11/23 22:48:00.736647 Node 3: Accept RPC seq=14 ballot=(2,1)
[Node 3] 2025/11/23 22:48:00.736660 Node 3 ACCEPT seq=14 ballot=(2,1) txn=(A→B,4)
[Node 3] 2025/11/23 22:48:00.736665 Node 3: Accepted seq 14
[Node 3] 2025/11/23 22:48:00.747230 Node 3: Commit RPC seq=14 ballot=(2,1)
[Node 3] 2025/11/23 22:48:00.747256 Node 3: executeRequestsInOrder triggered
[Node 3] 2025/11/23 22:48:00.747266 [Database] executing txn (A,B,4)
[Node 3] 2025/11/23 22:48:00.747272 [Database] txn success: A -> B amount 4
[Node 3] 2025/11/23 22:48:00.747277 Node 3: executeRequestsInOrder stopping at gap seq=15
[Node 3] 2025/11/23 22:48:00.950551 Node 3: UpdateActiveStatus node=1 live=false
[Node 3] 2025/11/23 22:48:00.950576 Node 3: setNodeLiveness node=1 live=false
[Node 3] 2025/11/23 22:48:00.950599 Node 3: StartLeaderElection invoked (leader=false active=true)
[Node 3] 2025/11/23 22:48:00.950606 Node 3: Starting leader election with ballot (3,3)
[Node 3] 2025/11/23 22:48:00.950658 Node 3: RPC Prepare->node 5
[Node 3] 2025/11/23 22:48:00.950662 Node 3: RPC Prepare->node 4
[Node 3] 2025/11/23 22:48:00.950692 Node 3: RPC Prepare->node 2
[Node 3] 2025/11/23 22:48:00.950680 Node 3: skipping RPC Prepare to inactive node 1
[Node 3] 2025/11/23 22:48:00.950753 Node 3: Prepare RPC from ballot (3,2)
[Node 3] 2025/11/23 22:48:00.950779 Node 3: Ignoring prepare from Node 2 (fresh leader 3, ballot (3,3))
[Node 3] 2025/11/23 22:48:00.951747 Node 3: creating new view from 4 promises
[Node 3] 2025/11/23 22:48:00.951762 Node 3: heartbeat loop started
[Node 3] 2025/11/23 22:48:00.951778 Node 3: applyCommittedEntries up to seq=14
[Node 3] 2025/11/23 22:48:00.951819 Node 3: new view constructed with 14 entries (maxSeq=14)
[Node 3] 2025/11/23 22:48:00.951833 Node 3: broadcasting NewView ballot=(3,3) entries=14
[Node 3] 2025/11/23 22:48:00.951864 Node 3: RPC NewView->node 5
[Node 3] 2025/11/23 22:48:00.951878 Node 3: RPC NewView->node 2
[Node 3] 2025/11/23 22:48:00.951893 Node 3: skipping RPC NewView to inactive node 1
[Node 3] 2025/11/23 22:48:00.951895 Node 3: RPC NewView->node 4
[Node 3] 2025/11/23 22:48:00.951923 Node 3: NewView RPC ballot=(3,2) entries=14
[Node 3] 2025/11/23 22:48:00.951949 Node 3: applyCommittedEntries up to seq=14
[Node 3] 2025/11/23 22:48:00.951983 Node 3: executeRequestsInOrder triggered
[Node 3] 2025/11/23 22:48:00.951998 Node 3: executeRequestsInOrder stopping at gap seq=15
[Node 3] 2025/11/23 22:48:00.952007 Node 3: RPC AcceptedFromNewView->node 2
[Node 3] 2025/11/23 22:48:00.952004 Node 3: RPC AcceptedFromNewView->node 2
[Node 3] 2025/11/23 22:48:00.952017 Node 3: RPC AcceptedFromNewView->node 2
[Node 3] 2025/11/23 22:48:00.952017 Node 3: RPC AcceptedFromNewView->node 2
[Node 3] 2025/11/23 22:48:00.952019 Node 3: RPC AcceptedFromNewView->node 2
[Node 3] 2025/11/23 22:48:00.952022 Node 3: RPC AcceptedFromNewView->node 2
[Node 3] 2025/11/23 22:48:00.952026 Node 3: RPC AcceptedFromNewView->node 2
[Node 3] 2025/11/23 22:48:00.952029 Node 3: RPC AcceptedFromNewView->node 2
[Node 3] 2025/11/23 22:48:00.952031 Node 3: RPC AcceptedFromNewView->node 2
[Node 3] 2025/11/23 22:48:00.952035 Node 3: RPC AcceptedFromNewView->node 2
[Node 3] 2025/11/23 22:48:00.952037 Node 3: RPC AcceptedFromNewView->node 2
[Node 3] 2025/11/23 22:48:00.952044 Node 3: RPC AcceptedFromNewView->node 2
[Node 3] 2025/11/23 22:48:00.952047 Node 3: RPC AcceptedFromNewView->node 2
[Node 3] 2025/11/23 22:48:00.952086 Node 3: RPC AcceptedFromNewView->node 2
[Node 3] 2025/11/23 22:48:00.952310 Node 3: Prepare RPC from ballot (4,4)
[Node 3] 2025/11/23 22:48:00.952336 Node 3: Promised ballot (4,4)
[Node 3] 2025/11/23 22:48:00.953761 Node 3: Prepare RPC from ballot (4,5)
[Node 3] 2025/11/23 22:48:00.953791 Node 3: Promised ballot (4,5)
[Node 3] 2025/11/23 22:48:00.954584 Node 3: AcceptedFromNewView from node 5 seq=6
[Node 3] 2025/11/23 22:48:00.954596 Node 3: AcceptedFromNewView from node 5 seq=10
[Node 3] 2025/11/23 22:48:00.954620 Node 3: NewView RPC ballot=(4,4) entries=14
[Node 3] 2025/11/23 22:48:00.955212 Node 3: AcceptedFromNewView from node 5 seq=4
[Node 3] 2025/11/23 22:48:00.955227 Node 3: AcceptedFromNewView from node 4 seq=7
[Node 3] 2025/11/23 22:48:00.955301 Node 3: AcceptedFromNewView from node 5 seq=7
[Node 3] 2025/11/23 22:48:00.955317 Node 3: AcceptedFromNewView from node 4 seq=6
[Node 3] 2025/11/23 22:48:00.955340 Node 3: AcceptedFromNewView from node 4 seq=4
[Node 3] 2025/11/23 22:48:00.955365 Node 3: AcceptedFromNewView from node 4 seq=3
[Node 3] 2025/11/23 22:48:00.955320 Node 3: AcceptedFromNewView from node 4 seq=11
[Node 3] 2025/11/23 22:48:00.955400 Node 3: AcceptedFromNewView from node 4 seq=8
[Node 3] 2025/11/23 22:48:00.955344 Node 3: AcceptedFromNewView from node 5 seq=1
[Node 3] 2025/11/23 22:48:00.955416 Node 3: AcceptedFromNewView from node 5 seq=13
[Node 3] 2025/11/23 22:48:00.955417 Node 3: AcceptedFromNewView from node 4 seq=5
[Node 3] 2025/11/23 22:48:00.955461 Node 3: AcceptedFromNewView from node 4 seq=12
[Node 3] 2025/11/23 22:48:00.955371 Node 3: AcceptedFromNewView from node 4 seq=2
[Node 3] 2025/11/23 22:48:00.955464 Node 3: AcceptedFromNewView from node 5 seq=9
[Node 3] 2025/11/23 22:48:00.955514 Node 3: AcceptedFromNewView from node 4 seq=10
[Node 3] 2025/11/23 22:48:00.955676 Node 3: AcceptedFromNewView from node 4 seq=9
[Node 3] 2025/11/23 22:48:00.955471 Node 3: AcceptedFromNewView from node 4 seq=13
[Node 3] 2025/11/23 22:48:00.955508 Node 3: AcceptedFromNewView from node 5 seq=11
[Node 3] 2025/11/23 22:48:00.955741 Node 3: AcceptedFromNewView from node 5 seq=2
[Node 3] 2025/11/23 22:48:00.955550 Node 3: AcceptedFromNewView from node 5 seq=8
[Node 3] 2025/11/23 22:48:00.955554 Node 3: AcceptedFromNewView from node 4 seq=1
[Node 3] 2025/11/23 22:48:00.955621 Node 3: AcceptedFromNewView from node 5 seq=14
[Node 3] 2025/11/23 22:48:00.955623 Node 3: AcceptedFromNewView from node 5 seq=12
[Node 3] 2025/11/23 22:48:00.955689 Node 3: AcceptedFromNewView from node 5 seq=5
[Node 3] 2025/11/23 22:48:00.955746 Node 3: AcceptedFromNewView from node 5 seq=3
[Node 3] 2025/11/23 22:48:00.955797 Node 3: AcceptedFromNewView from node 4 seq=14
[Node 3] 2025/11/23 22:48:00.956191 Node 3: NewView RPC ballot=(4,5) entries=14
[Node 3] 2025/11/23 22:48:00.956207 Node 3: applyCommittedEntries up to seq=14
[Node 3] 2025/11/23 22:48:00.956227 Node 3: RPC AcceptedFromNewView->node 5
[Node 3] 2025/11/23 22:48:00.956238 Node 3: RPC AcceptedFromNewView->node 5
[Node 3] 2025/11/23 22:48:00.956239 Node 3: RPC AcceptedFromNewView->node 5
[Node 3] 2025/11/23 22:48:00.956234 Node 3: RPC AcceptedFromNewView->node 5
[Node 3] 2025/11/23 22:48:00.956243 Node 3: RPC AcceptedFromNewView->node 5
[Node 3] 2025/11/23 22:48:00.956245 Node 3: RPC AcceptedFromNewView->node 5
[Node 3] 2025/11/23 22:48:00.956248 Node 3: RPC AcceptedFromNewView->node 5
[Node 3] 2025/11/23 22:48:00.956249 Node 3: RPC AcceptedFromNewView->node 5
[Node 3] 2025/11/23 22:48:00.956250 Node 3: executeRequestsInOrder triggered
[Node 3] 2025/11/23 22:48:00.956346 Node 3: executeRequestsInOrder stopping at gap seq=15
[Node 3] 2025/11/23 22:48:00.956253 Node 3: RPC AcceptedFromNewView->node 5
[Node 3] 2025/11/23 22:48:00.956254 Node 3: RPC AcceptedFromNewView->node 5
[Node 3] 2025/11/23 22:48:00.956256 Node 3: RPC AcceptedFromNewView->node 5
[Node 3] 2025/11/23 22:48:00.956256 Node 3: RPC AcceptedFromNewView->node 5
[Node 3] 2025/11/23 22:48:00.956257 Node 3: RPC AcceptedFromNewView->node 5
[Node 3] 2025/11/23 22:48:00.956228 Node 3: RPC AcceptedFromNewView->node 5
[Node 3] 2025/11/23 22:48:01.057534 Node 3: Commit RPC seq=3 ballot=(4,5)
[Node 3] 2025/11/23 22:48:01.057652 Node 3: executeRequestsInOrder triggered
[Node 3] 2025/11/23 22:48:01.057669 Node 3: executeRequestsInOrder stopping at gap seq=15
[Node 3] 2025/11/23 22:48:01.057765 Node 3: Commit RPC seq=1 ballot=(4,5)
[Node 3] 2025/11/23 22:48:01.057798 Node 3: executeRequestsInOrder triggered
[Node 3] 2025/11/23 22:48:01.057811 Node 3: executeRequestsInOrder stopping at gap seq=15
[Node 3] 2025/11/23 22:48:01.057822 Node 3: Commit RPC seq=2 ballot=(4,5)
[Node 3] 2025/11/23 22:48:01.057852 Node 3: executeRequestsInOrder triggered
[Node 3] 2025/11/23 22:48:01.057863 Node 3: executeRequestsInOrder stopping at gap seq=15
[Node 3] 2025/11/23 22:48:01.058592 Node 3: Commit RPC seq=4 ballot=(4,5)
[Node 3] 2025/11/23 22:48:01.058625 Node 3: executeRequestsInOrder triggered
[Node 3] 2025/11/23 22:48:01.058639 Node 3: executeRequestsInOrder stopping at gap seq=15
[Node 3] 2025/11/23 22:48:01.058663 Node 3: Commit RPC seq=6 ballot=(4,5)
[Node 3] 2025/11/23 22:48:01.058693 Node 3: executeRequestsInOrder triggered
[Node 3] 2025/11/23 22:48:01.058705 Node 3: executeRequestsInOrder stopping at gap seq=15
[Node 3] 2025/11/23 22:48:01.058704 Node 3: Commit RPC seq=5 ballot=(4,5)
[Node 3] 2025/11/23 22:48:01.058728 Node 3: executeRequestsInOrder triggered
[Node 3] 2025/11/23 22:48:01.058738 Node 3: executeRequestsInOrder stopping at gap seq=15
[Node 3] 2025/11/23 22:48:01.059711 Node 3: Commit RPC seq=8 ballot=(4,5)
[Node 3] 2025/11/23 22:48:01.059737 Node 3: executeRequestsInOrder triggered
[Node 3] 2025/11/23 22:48:01.059748 Node 3: executeRequestsInOrder stopping at gap seq=15
[Node 3] 2025/11/23 22:48:01.059997 Node 3: Commit RPC seq=9 ballot=(4,5)
[Node 3] 2025/11/23 22:48:01.060047 Node 3: executeRequestsInOrder triggered
[Node 3] 2025/11/23 22:48:01.060060 Node 3: executeRequestsInOrder stopping at gap seq=15
[Node 3] 2025/11/23 22:48:01.060093 Node 3: Commit RPC seq=10 ballot=(4,5)
[Node 3] 2025/11/23 22:48:01.060159 Node 3: executeRequestsInOrder triggered
[Node 3] 2025/11/23 22:48:01.060167 Node 3: Commit RPC seq=7 ballot=(4,5)
[Node 3] 2025/11/23 22:48:01.060200 Node 3: executeRequestsInOrder triggered
[Node 3] 2025/11/23 22:48:01.060214 Node 3: executeRequestsInOrder stopping at gap seq=15
[Node 3] 2025/11/23 22:48:01.060175 Node 3: executeRequestsInOrder stopping at gap seq=15
[Node 3] 2025/11/23 22:48:01.060562 Node 3: Commit RPC seq=11 ballot=(4,5)
[Node 3] 2025/11/23 22:48:01.060601 Node 3: executeRequestsInOrder triggered
[Node 3] 2025/11/23 22:48:01.060612 Node 3: executeRequestsInOrder stopping at gap seq=15
[Node 3] 2025/11/23 22:48:01.060575 Node 3: Commit RPC seq=12 ballot=(4,5)
[Node 3] 2025/11/23 22:48:01.060643 Node 3: executeRequestsInOrder triggered
[Node 3] 2025/11/23 22:48:01.060651 Node 3: executeRequestsInOrder stopping at gap seq=15
[Node 3] 2025/11/23 22:48:01.061110 Node 3: Commit RPC seq=13 ballot=(4,5)
[Node 3] 2025/11/23 22:48:01.061152 Node 3: executeRequestsInOrder triggered
[Node 3] 2025/11/23 22:48:01.061163 Node 3: executeRequestsInOrder stopping at gap seq=15
[Node 3] 2025/11/23 22:48:01.061297 Node 3: Commit RPC seq=14 ballot=(4,5)
[Node 3] 2025/11/23 22:48:01.061326 Node 3: executeRequestsInOrder triggered
[Node 3] 2025/11/23 22:48:01.061340 Node 3: executeRequestsInOrder stopping at gap seq=15
[Node 3] 2025/11/23 22:48:01.259095 Node 3: GetLeader RPC invoked
[Node 3] 2025/11/23 22:48:03.979149 Node 3: leader election success with ballot (3,3)
[Node 3] 2025/11/23 22:48:09.270376 Node 3: Accept RPC seq=15 ballot=(4,5)
[Node 3] 2025/11/23 22:48:09.270487 Node 3 ACCEPT seq=15 ballot=(4,5) txn=(I→D,2)
[Node 3] 2025/11/23 22:48:09.270528 Node 3: Accepted seq 15
[Node 3] 2025/11/23 22:48:09.281750 Node 3: Commit RPC seq=15 ballot=(4,5)
[Node 3] 2025/11/23 22:48:09.282085 Node 3: executeRequestsInOrder triggered
[Node 3] 2025/11/23 22:48:09.282114 [Database] executing txn (I,D,2)
[Node 3] 2025/11/23 22:48:09.282127 [Database] txn success: I -> D amount 2
[Node 3] 2025/11/23 22:48:09.282135 Node 3: executeRequestsInOrder stopping at gap seq=16
[Node 3] 2025/11/23 22:48:09.485954 Node 3: Accept RPC seq=16 ballot=(4,5)
[Node 3] 2025/11/23 22:48:09.486027 Node 3 ACCEPT seq=16 ballot=(4,5) txn=(E→J,2)
[Node 3] 2025/11/23 22:48:09.486057 Node 3: Accepted seq 16
[Node 3] 2025/11/23 22:48:09.495764 Node 3: Commit RPC seq=16 ballot=(4,5)
[Node 3] 2025/11/23 22:48:09.495836 Node 3: executeRequestsInOrder triggered
[Node 3] 2025/11/23 22:48:09.495867 [Database] executing txn (E,J,2)
[Node 3] 2025/11/23 22:48:09.495885 [Database] txn success: E -> J amount 2
[Node 3] 2025/11/23 22:48:09.495899 Node 3: executeRequestsInOrder stopping at gap seq=17
[Node 3] 2025/11/23 22:48:25.869695 Node 3: PrintDB RPC invoked
[Node 3] 2025/11/23 22:48:25.869739 [Database] printing DB for node 3 (10 accounts)
