[Node 9] 2025/11/28 13:32:21.020522 Node 9: initializing at localhost:8009 with 9 peers
[Node 9] 2025/11/28 13:32:21.027953 [Database] opening BoltDB at data/node-9.db
[Node 9] 2025/11/28 13:32:21.101361 Node 9: BoltDB initialized at data/node-9.db
[Node 9] 2025/11/28 13:32:21.101469 [Database] client 1 initialized with balance 10 (bolt)
[Node 9] 2025/11/28 13:32:21.101489 Node 9: leader timeout monitor running
[Node 9] 2025/11/28 13:32:21.129396 [Database] client 2 initialized with balance 10 (bolt)
[Node 9] 2025/11/28 13:32:21.160471 [Database] client 3 initialized with balance 10 (bolt)
[Node 9] 2025/11/28 13:32:21.179368 [Database] client 4 initialized with balance 10 (bolt)
[Node 9] 2025/11/28 13:32:21.197358 [Database] client 5 initialized with balance 10 (bolt)
[Node 9] 2025/11/28 13:32:21.218368 [Database] client 6 initialized with balance 10 (bolt)
[Node 9] 2025/11/28 13:32:21.239503 [Database] client 7 initialized with balance 10 (bolt)
[Node 9] 2025/11/28 13:32:21.256387 [Database] client 8 initialized with balance 10 (bolt)
[Node 9] 2025/11/28 13:32:21.273679 [Database] client 9 initialized with balance 10 (bolt)
[Node 9] 2025/11/28 13:32:21.294542 [Database] client 10 initialized with balance 10 (bolt)
[Node 9] 2025/11/28 13:32:21.316479 [Database] client 11 initialized with balance 10 (bolt)
[Node 9] 2025/11/28 13:32:21.334451 [Database] client 12 initialized with balance 10 (bolt)
[Node 9] 2025/11/28 13:32:21.357424 [Database] client 13 initialized with balance 10 (bolt)
[Node 9] 2025/11/28 13:32:21.379419 [Database] client 14 initialized with balance 10 (bolt)
[Node 9] 2025/11/28 13:32:21.396289 [Database] client 15 initialized with balance 10 (bolt)
[Node 9] 2025/11/28 13:32:21.414465 [Database] client 16 initialized with balance 10 (bolt)
[Node 9] 2025/11/28 13:32:21.440348 [Database] client 17 initialized with balance 10 (bolt)
[Node 9] 2025/11/28 13:32:21.460289 [Database] client 18 initialized with balance 10 (bolt)
[Node 9] 2025/11/28 13:32:21.487420 [Database] client 19 initialized with balance 10 (bolt)
[Node 9] 2025/11/28 13:32:21.508321 [Database] client 20 initialized with balance 10 (bolt)
[Node 9] 2025/11/28 13:32:21.535418 [Database] client 21 initialized with balance 10 (bolt)
[Node 9] 2025/11/28 13:32:21.564365 [Database] client 22 initialized with balance 10 (bolt)
[Node 9] 2025/11/28 13:32:21.580330 [Database] client 23 initialized with balance 10 (bolt)
[Node 9] 2025/11/28 13:32:21.604393 [Database] client 24 initialized with balance 10 (bolt)
[Node 9] 2025/11/28 13:32:21.628484 [Database] client 25 initialized with balance 10 (bolt)
[Node 9] 2025/11/28 13:32:21.649400 [Database] client 26 initialized with balance 10 (bolt)
[Node 9] 2025/11/28 13:32:21.667443 [Database] client 27 initialized with balance 10 (bolt)
[Node 9] 2025/11/28 13:32:21.685356 [Database] client 28 initialized with balance 10 (bolt)
[Node 9] 2025/11/28 13:32:21.711354 [Database] client 29 initialized with balance 10 (bolt)
[Node 9] 2025/11/28 13:32:21.728358 [Database] client 30 initialized with balance 10 (bolt)
[Node 9] 2025/11/28 13:32:21.745354 [Database] client 31 initialized with balance 10 (bolt)
[Node 9] 2025/11/28 13:32:21.760315 [Database] client 32 initialized with balance 10 (bolt)
[Node 9] 2025/11/28 13:32:21.775335 [Database] client 33 initialized with balance 10 (bolt)
[Node 9] 2025/11/28 13:32:21.793297 [Database] client 34 initialized with balance 10 (bolt)
[Node 9] 2025/11/28 13:32:21.809385 [Database] client 35 initialized with balance 10 (bolt)
[Node 9] 2025/11/28 13:32:21.832523 [Database] client 36 initialized with balance 10 (bolt)
[Node 9] 2025/11/28 13:32:21.850417 [Database] client 37 initialized with balance 10 (bolt)
[Node 9] 2025/11/28 13:32:21.870397 [Database] client 38 initialized with balance 10 (bolt)
[Node 9] 2025/11/28 13:32:21.915407 [Database] client 39 initialized with balance 10 (bolt)
[Node 9] 2025/11/28 13:32:21.941312 [Database] client 40 initialized with balance 10 (bolt)
[Node 9] 2025/11/28 13:32:21.969345 [Database] client 41 initialized with balance 10 (bolt)
[Node 9] 2025/11/28 13:32:21.998361 [Database] client 42 initialized with balance 10 (bolt)
[Node 9] 2025/11/28 13:32:22.019350 [Database] client 43 initialized with balance 10 (bolt)
[Node 9] 2025/11/28 13:32:22.044381 [Database] client 44 initialized with balance 10 (bolt)
[Node 9] 2025/11/28 13:32:22.061340 [Database] client 45 initialized with balance 10 (bolt)
[Node 9] 2025/11/28 13:32:22.077467 [Database] client 46 initialized with balance 10 (bolt)
[Node 9] 2025/11/28 13:32:22.096354 [Database] client 47 initialized with balance 10 (bolt)
[Node 9] 2025/11/28 13:32:22.113393 [Database] client 48 initialized with balance 10 (bolt)
[Node 9] 2025/11/28 13:32:22.135388 [Database] client 49 initialized with balance 10 (bolt)
[Node 9] 2025/11/28 13:32:22.155275 [Database] client 50 initialized with balance 10 (bolt)
[Node 9] 2025/11/28 13:32:22.169293 [Database] client 51 initialized with balance 10 (bolt)
[Node 9] 2025/11/28 13:32:22.189410 [Database] client 52 initialized with balance 10 (bolt)
[Node 9] 2025/11/28 13:32:22.214464 [Database] client 53 initialized with balance 10 (bolt)
[Node 9] 2025/11/28 13:32:22.235350 [Database] client 54 initialized with balance 10 (bolt)
[Node 9] 2025/11/28 13:32:22.251369 [Database] client 55 initialized with balance 10 (bolt)
[Node 9] 2025/11/28 13:32:22.275406 [Database] client 56 initialized with balance 10 (bolt)
[Node 9] 2025/11/28 13:32:22.300413 [Database] client 57 initialized with balance 10 (bolt)
[Node 9] 2025/11/28 13:32:22.318344 [Database] client 58 initialized with balance 10 (bolt)
[Node 9] 2025/11/28 13:32:22.339349 [Database] client 59 initialized with balance 10 (bolt)
[Node 9] 2025/11/28 13:32:22.358430 [Database] client 60 initialized with balance 10 (bolt)
[Node 9] 2025/11/28 13:32:22.373403 [Database] client 61 initialized with balance 10 (bolt)
[Node 9] 2025/11/28 13:32:22.393378 [Database] client 62 initialized with balance 10 (bolt)
[Node 9] 2025/11/28 13:32:22.415412 [Database] client 63 initialized with balance 10 (bolt)
[Node 9] 2025/11/28 13:32:22.436338 [Database] client 64 initialized with balance 10 (bolt)
[Node 9] 2025/11/28 13:32:22.461372 [Database] client 65 initialized with balance 10 (bolt)
[Node 9] 2025/11/28 13:32:22.480305 [Database] client 66 initialized with balance 10 (bolt)
[Node 9] 2025/11/28 13:32:22.501359 [Database] client 67 initialized with balance 10 (bolt)
[Node 9] 2025/11/28 13:32:22.520291 [Database] client 68 initialized with balance 10 (bolt)
[Node 9] 2025/11/28 13:32:22.542379 [Database] client 69 initialized with balance 10 (bolt)
[Node 9] 2025/11/28 13:32:22.565303 [Database] client 70 initialized with balance 10 (bolt)
[Node 9] 2025/11/28 13:32:22.582463 [Database] client 71 initialized with balance 10 (bolt)
[Node 9] 2025/11/28 13:32:22.607450 [Database] client 72 initialized with balance 10 (bolt)
[Node 9] 2025/11/28 13:32:22.626350 [Database] client 73 initialized with balance 10 (bolt)
[Node 9] 2025/11/28 13:32:22.644363 [Database] client 74 initialized with balance 10 (bolt)
[Node 9] 2025/11/28 13:32:22.662305 [Database] client 75 initialized with balance 10 (bolt)
[Node 9] 2025/11/28 13:32:22.681383 [Database] client 76 initialized with balance 10 (bolt)
[Node 9] 2025/11/28 13:32:22.701396 [Database] client 77 initialized with balance 10 (bolt)
[Node 9] 2025/11/28 13:32:22.727451 [Database] client 78 initialized with balance 10 (bolt)
[Node 9] 2025/11/28 13:32:22.756422 [Database] client 79 initialized with balance 10 (bolt)
[Node 9] 2025/11/28 13:32:22.779358 [Database] client 80 initialized with balance 10 (bolt)
[Node 9] 2025/11/28 13:32:22.800268 [Database] client 81 initialized with balance 10 (bolt)
[Node 9] 2025/11/28 13:32:22.828408 [Database] client 82 initialized with balance 10 (bolt)
[Node 9] 2025/11/28 13:32:22.847278 [Database] client 83 initialized with balance 10 (bolt)
[Node 9] 2025/11/28 13:32:22.869325 [Database] client 84 initialized with balance 10 (bolt)
[Node 9] 2025/11/28 13:32:22.887504 [Database] client 85 initialized with balance 10 (bolt)
[Node 9] 2025/11/28 13:32:22.907333 [Database] client 86 initialized with balance 10 (bolt)
[Node 9] 2025/11/28 13:32:22.929366 [Database] client 87 initialized with balance 10 (bolt)
[Node 9] 2025/11/28 13:32:22.952405 [Database] client 88 initialized with balance 10 (bolt)
[Node 9] 2025/11/28 13:32:22.971435 [Database] client 89 initialized with balance 10 (bolt)
[Node 9] 2025/11/28 13:32:22.989347 [Database] client 90 initialized with balance 10 (bolt)
[Node 9] 2025/11/28 13:32:23.012342 [Database] client 91 initialized with balance 10 (bolt)
[Node 9] 2025/11/28 13:32:23.031430 [Database] client 92 initialized with balance 10 (bolt)
[Node 9] 2025/11/28 13:32:23.054370 [Database] client 93 initialized with balance 10 (bolt)
[Node 9] 2025/11/28 13:32:23.074448 [Database] client 94 initialized with balance 10 (bolt)
[Node 9] 2025/11/28 13:32:23.101482 [Database] client 95 initialized with balance 10 (bolt)
[Node 9] 2025/11/28 13:32:23.142459 [Database] client 96 initialized with balance 10 (bolt)
[Node 9] 2025/11/28 13:32:23.168481 [Database] client 97 initialized with balance 10 (bolt)
[Node 9] 2025/11/28 13:32:23.190426 [Database] client 98 initialized with balance 10 (bolt)
[Node 9] 2025/11/28 13:32:23.217521 [Database] client 99 initialized with balance 10 (bolt)
[Node 9] 2025/11/28 13:32:23.245342 [Database] client 100 initialized with balance 10 (bolt)
[Node 9] 2025/11/28 13:32:23.266451 [Database] client 101 initialized with balance 10 (bolt)
[Node 9] 2025/11/28 13:32:23.289359 [Database] client 102 initialized with balance 10 (bolt)
[Node 9] 2025/11/28 13:32:23.319684 [Database] client 103 initialized with balance 10 (bolt)
[Node 9] 2025/11/28 13:32:23.350394 [Database] client 104 initialized with balance 10 (bolt)
[Node 9] 2025/11/28 13:32:23.369374 [Database] client 105 initialized with balance 10 (bolt)
[Node 9] 2025/11/28 13:32:23.383418 [Database] client 106 initialized with balance 10 (bolt)
[Node 9] 2025/11/28 13:32:23.401372 [Database] client 107 initialized with balance 10 (bolt)
[Node 9] 2025/11/28 13:32:23.420312 [Database] client 108 initialized with balance 10 (bolt)
[Node 9] 2025/11/28 13:32:23.446249 [Database] client 109 initialized with balance 10 (bolt)
[Node 9] 2025/11/28 13:32:23.465361 [Database] client 110 initialized with balance 10 (bolt)
[Node 9] 2025/11/28 13:32:23.485265 [Database] client 111 initialized with balance 10 (bolt)
[Node 9] 2025/11/28 13:32:23.504360 [Database] client 112 initialized with balance 10 (bolt)
[Node 9] 2025/11/28 13:32:23.530351 [Database] client 113 initialized with balance 10 (bolt)
[Node 9] 2025/11/28 13:32:23.552377 [Database] client 114 initialized with balance 10 (bolt)
[Node 9] 2025/11/28 13:32:23.571337 [Database] client 115 initialized with balance 10 (bolt)
[Node 9] 2025/11/28 13:32:23.595295 [Database] client 116 initialized with balance 10 (bolt)
[Node 9] 2025/11/28 13:32:23.614411 [Database] client 117 initialized with balance 10 (bolt)
[Node 9] 2025/11/28 13:32:23.640254 [Database] client 118 initialized with balance 10 (bolt)
[Node 9] 2025/11/28 13:32:23.667400 [Database] client 119 initialized with balance 10 (bolt)
[Node 9] 2025/11/28 13:32:23.690252 [Database] client 120 initialized with balance 10 (bolt)
[Node 9] 2025/11/28 13:32:23.712328 [Database] client 121 initialized with balance 10 (bolt)
[Node 9] 2025/11/28 13:32:23.731360 [Database] client 122 initialized with balance 10 (bolt)
[Node 9] 2025/11/28 13:32:23.753298 [Database] client 123 initialized with balance 10 (bolt)
[Node 9] 2025/11/28 13:32:23.773396 [Database] client 124 initialized with balance 10 (bolt)
[Node 9] 2025/11/28 13:32:23.794272 [Database] client 125 initialized with balance 10 (bolt)
[Node 9] 2025/11/28 13:32:23.811367 [Database] client 126 initialized with balance 10 (bolt)
[Node 9] 2025/11/28 13:32:23.830348 [Database] client 127 initialized with balance 10 (bolt)
[Node 9] 2025/11/28 13:32:23.848274 [Database] client 128 initialized with balance 10 (bolt)
[Node 9] 2025/11/28 13:32:23.871372 [Database] client 129 initialized with balance 10 (bolt)
[Node 9] 2025/11/28 13:32:23.889287 [Database] client 130 initialized with balance 10 (bolt)
[Node 9] 2025/11/28 13:32:23.909237 [Database] client 131 initialized with balance 10 (bolt)
[Node 9] 2025/11/28 13:32:23.928346 [Database] client 132 initialized with balance 10 (bolt)
[Node 9] 2025/11/28 13:32:23.951233 [Database] client 133 initialized with balance 10 (bolt)
[Node 9] 2025/11/28 13:32:23.967314 [Database] client 134 initialized with balance 10 (bolt)
[Node 9] 2025/11/28 13:32:23.987352 [Database] client 135 initialized with balance 10 (bolt)
[Node 9] 2025/11/28 13:32:24.007306 [Database] client 136 initialized with balance 10 (bolt)
[Node 9] 2025/11/28 13:32:24.026364 [Database] client 137 initialized with balance 10 (bolt)
[Node 9] 2025/11/28 13:32:24.045328 [Database] client 138 initialized with balance 10 (bolt)
[Node 9] 2025/11/28 13:32:24.065216 [Database] client 139 initialized with balance 10 (bolt)
[Node 9] 2025/11/28 13:32:24.084205 [Database] client 140 initialized with balance 10 (bolt)
[Node 9] 2025/11/28 13:32:24.104331 [Database] client 141 initialized with balance 10 (bolt)
[Node 9] 2025/11/28 13:32:24.122331 Node 9: Leader timeout (3.097753s), no leader msgs, starting election
[Node 9] 2025/11/28 13:32:24.123430 Node 9: StartLeaderElection invoked (leader=false active=false)
[Node 9] 2025/11/28 13:32:24.127297 [Database] client 142 initialized with balance 10 (bolt)
[Node 9] 2025/11/28 13:32:24.148355 [Database] client 143 initialized with balance 10 (bolt)
[Node 9] 2025/11/28 13:32:24.168307 [Database] client 144 initialized with balance 10 (bolt)
[Node 9] 2025/11/28 13:32:24.187260 [Database] client 145 initialized with balance 10 (bolt)
[Node 9] 2025/11/28 13:32:24.206297 [Database] client 146 initialized with balance 10 (bolt)
[Node 9] 2025/11/28 13:32:24.225189 [Database] client 147 initialized with balance 10 (bolt)
[Node 9] 2025/11/28 13:32:24.249316 [Database] client 148 initialized with balance 10 (bolt)
[Node 9] 2025/11/28 13:32:24.269329 [Database] client 149 initialized with balance 10 (bolt)
[Node 9] 2025/11/28 13:32:24.284369 [Database] client 150 initialized with balance 10 (bolt)
[Node 9] 2025/11/28 13:32:24.306315 [Database] client 151 initialized with balance 10 (bolt)
[Node 9] 2025/11/28 13:32:24.328409 [Database] client 152 initialized with balance 10 (bolt)
[Node 9] 2025/11/28 13:32:24.348334 [Database] client 153 initialized with balance 10 (bolt)
[Node 9] 2025/11/28 13:32:24.363253 [Database] client 154 initialized with balance 10 (bolt)
[Node 9] 2025/11/28 13:32:24.383294 [Database] client 155 initialized with balance 10 (bolt)
[Node 9] 2025/11/28 13:32:24.402327 [Database] client 156 initialized with balance 10 (bolt)
[Node 9] 2025/11/28 13:32:24.421238 [Database] client 157 initialized with balance 10 (bolt)
[Node 9] 2025/11/28 13:32:24.439339 [Database] client 158 initialized with balance 10 (bolt)
[Node 9] 2025/11/28 13:32:24.471366 [Database] client 159 initialized with balance 10 (bolt)
[Node 9] 2025/11/28 13:32:24.499385 [Database] client 160 initialized with balance 10 (bolt)
[Node 9] 2025/11/28 13:32:24.526336 [Database] client 161 initialized with balance 10 (bolt)
[Node 9] 2025/11/28 13:32:24.543358 [Database] client 162 initialized with balance 10 (bolt)
[Node 9] 2025/11/28 13:32:24.561350 [Database] client 163 initialized with balance 10 (bolt)
[Node 9] 2025/11/28 13:32:24.579291 [Database] client 164 initialized with balance 10 (bolt)
[Node 9] 2025/11/28 13:32:24.602294 [Database] client 165 initialized with balance 10 (bolt)
[Node 9] 2025/11/28 13:32:24.631391 [Database] client 166 initialized with balance 10 (bolt)
[Node 9] 2025/11/28 13:32:24.652335 [Database] client 167 initialized with balance 10 (bolt)
[Node 9] 2025/11/28 13:32:24.680356 [Database] client 168 initialized with balance 10 (bolt)
[Node 9] 2025/11/28 13:32:24.701324 [Database] client 169 initialized with balance 10 (bolt)
[Node 9] 2025/11/28 13:32:24.721420 [Database] client 170 initialized with balance 10 (bolt)
[Node 9] 2025/11/28 13:32:24.743349 [Database] client 171 initialized with balance 10 (bolt)
[Node 9] 2025/11/28 13:32:24.765367 [Database] client 172 initialized with balance 10 (bolt)
[Node 9] 2025/11/28 13:32:24.789289 [Database] client 173 initialized with balance 10 (bolt)
[Node 9] 2025/11/28 13:32:24.816400 [Database] client 174 initialized with balance 10 (bolt)
[Node 9] 2025/11/28 13:32:24.847363 [Database] client 175 initialized with balance 10 (bolt)
[Node 9] 2025/11/28 13:32:24.872393 [Database] client 176 initialized with balance 10 (bolt)
[Node 9] 2025/11/28 13:32:24.891360 [Database] client 177 initialized with balance 10 (bolt)
[Node 9] 2025/11/28 13:32:24.909319 [Database] client 178 initialized with balance 10 (bolt)
[Node 9] 2025/11/28 13:32:24.929408 [Database] client 179 initialized with balance 10 (bolt)
[Node 9] 2025/11/28 13:32:24.953517 [Database] client 180 initialized with balance 10 (bolt)
[Node 9] 2025/11/28 13:32:24.980301 [Database] client 181 initialized with balance 10 (bolt)
[Node 9] 2025/11/28 13:32:24.998206 [Database] client 182 initialized with balance 10 (bolt)
[Node 9] 2025/11/28 13:32:25.026191 [Database] client 183 initialized with balance 10 (bolt)
[Node 9] 2025/11/28 13:32:25.045191 [Database] client 184 initialized with balance 10 (bolt)
[Node 9] 2025/11/28 13:32:25.064304 [Database] client 185 initialized with balance 10 (bolt)
[Node 9] 2025/11/28 13:32:25.078262 [Database] client 186 initialized with balance 10 (bolt)
[Node 9] 2025/11/28 13:32:25.095239 [Database] client 187 initialized with balance 10 (bolt)
[Node 9] 2025/11/28 13:32:25.118295 [Database] client 188 initialized with balance 10 (bolt)
[Node 9] 2025/11/28 13:32:25.138243 [Database] client 189 initialized with balance 10 (bolt)
[Node 9] 2025/11/28 13:32:25.160157 [Database] client 190 initialized with balance 10 (bolt)
[Node 9] 2025/11/28 13:32:25.179203 [Database] client 191 initialized with balance 10 (bolt)
[Node 9] 2025/11/28 13:32:25.199305 [Database] client 192 initialized with balance 10 (bolt)
[Node 9] 2025/11/28 13:32:25.220315 [Database] client 193 initialized with balance 10 (bolt)
[Node 9] 2025/11/28 13:32:25.238286 [Database] client 194 initialized with balance 10 (bolt)
[Node 9] 2025/11/28 13:32:25.254307 [Database] client 195 initialized with balance 10 (bolt)
[Node 9] 2025/11/28 13:32:25.270329 [Database] client 196 initialized with balance 10 (bolt)
[Node 9] 2025/11/28 13:32:25.288220 [Database] client 197 initialized with balance 10 (bolt)
[Node 9] 2025/11/28 13:32:25.313169 [Database] client 198 initialized with balance 10 (bolt)
[Node 9] 2025/11/28 13:32:25.332293 [Database] client 199 initialized with balance 10 (bolt)
[Node 9] 2025/11/28 13:32:25.354311 [Database] client 200 initialized with balance 10 (bolt)
[Node 9] 2025/11/28 13:32:25.371171 [Database] client 201 initialized with balance 10 (bolt)
[Node 9] 2025/11/28 13:32:25.396140 [Database] client 202 initialized with balance 10 (bolt)
[Node 9] 2025/11/28 13:32:25.414423 [Database] client 203 initialized with balance 10 (bolt)
[Node 9] 2025/11/28 13:32:25.435258 [Database] client 204 initialized with balance 10 (bolt)
[Node 9] 2025/11/28 13:32:25.454261 [Database] client 205 initialized with balance 10 (bolt)
[Node 9] 2025/11/28 13:32:25.471262 [Database] client 206 initialized with balance 10 (bolt)
[Node 9] 2025/11/28 13:32:25.489277 [Database] client 207 initialized with balance 10 (bolt)
[Node 9] 2025/11/28 13:32:25.506189 [Database] client 208 initialized with balance 10 (bolt)
[Node 9] 2025/11/28 13:32:25.525205 [Database] client 209 initialized with balance 10 (bolt)
[Node 9] 2025/11/28 13:32:25.544242 [Database] client 210 initialized with balance 10 (bolt)
[Node 9] 2025/11/28 13:32:25.562272 [Database] client 211 initialized with balance 10 (bolt)
[Node 9] 2025/11/28 13:32:25.580250 [Database] client 212 initialized with balance 10 (bolt)
[Node 9] 2025/11/28 13:32:25.600232 [Database] client 213 initialized with balance 10 (bolt)
[Node 9] 2025/11/28 13:32:25.617365 [Database] client 214 initialized with balance 10 (bolt)
[Node 9] 2025/11/28 13:32:25.634265 [Database] client 215 initialized with balance 10 (bolt)
[Node 9] 2025/11/28 13:32:25.652457 [Database] client 216 initialized with balance 10 (bolt)
[Node 9] 2025/11/28 13:32:25.679258 [Database] client 217 initialized with balance 10 (bolt)
[Node 9] 2025/11/28 13:32:25.699239 [Database] client 218 initialized with balance 10 (bolt)
[Node 9] 2025/11/28 13:32:25.717301 [Database] client 219 initialized with balance 10 (bolt)
[Node 9] 2025/11/28 13:32:25.736236 [Database] client 220 initialized with balance 10 (bolt)
[Node 9] 2025/11/28 13:32:25.761293 [Database] client 221 initialized with balance 10 (bolt)
[Node 9] 2025/11/28 13:32:25.778267 [Database] client 222 initialized with balance 10 (bolt)
[Node 9] 2025/11/28 13:32:25.797284 [Database] client 223 initialized with balance 10 (bolt)
[Node 9] 2025/11/28 13:32:25.820275 [Database] client 224 initialized with balance 10 (bolt)
[Node 9] 2025/11/28 13:32:25.837339 [Database] client 225 initialized with balance 10 (bolt)
[Node 9] 2025/11/28 13:32:25.856200 [Database] client 226 initialized with balance 10 (bolt)
[Node 9] 2025/11/28 13:32:25.875218 [Database] client 227 initialized with balance 10 (bolt)
[Node 9] 2025/11/28 13:32:25.893267 [Database] client 228 initialized with balance 10 (bolt)
[Node 9] 2025/11/28 13:32:25.911204 [Database] client 229 initialized with balance 10 (bolt)
[Node 9] 2025/11/28 13:32:25.929303 [Database] client 230 initialized with balance 10 (bolt)
[Node 9] 2025/11/28 13:32:25.947215 [Database] client 231 initialized with balance 10 (bolt)
[Node 9] 2025/11/28 13:32:25.965242 [Database] client 232 initialized with balance 10 (bolt)
[Node 9] 2025/11/28 13:32:25.983251 [Database] client 233 initialized with balance 10 (bolt)
[Node 9] 2025/11/28 13:32:26.001227 [Database] client 234 initialized with balance 10 (bolt)
[Node 9] 2025/11/28 13:32:26.019193 [Database] client 235 initialized with balance 10 (bolt)
[Node 9] 2025/11/28 13:32:26.037349 [Database] client 236 initialized with balance 10 (bolt)
[Node 9] 2025/11/28 13:32:26.065207 [Database] client 237 initialized with balance 10 (bolt)
[Node 9] 2025/11/28 13:32:26.095276 [Database] client 238 initialized with balance 10 (bolt)
[Node 9] 2025/11/28 13:32:26.117381 [Database] client 239 initialized with balance 10 (bolt)
[Node 9] 2025/11/28 13:32:26.136357 Node 9: Leader timeout (5.111844s), no leader msgs, starting election
[Node 9] 2025/11/28 13:32:26.137505 Node 9: StartLeaderElection invoked (leader=false active=false)
[Node 9] 2025/11/28 13:32:26.141348 [Database] client 240 initialized with balance 10 (bolt)
[Node 9] 2025/11/28 13:32:26.166305 [Database] client 241 initialized with balance 10 (bolt)
[Node 9] 2025/11/28 13:32:26.186288 [Database] client 242 initialized with balance 10 (bolt)
[Node 9] 2025/11/28 13:32:26.206277 [Database] client 243 initialized with balance 10 (bolt)
[Node 9] 2025/11/28 13:32:26.236324 [Database] client 244 initialized with balance 10 (bolt)
[Node 9] 2025/11/28 13:32:26.255295 [Database] client 245 initialized with balance 10 (bolt)
[Node 9] 2025/11/28 13:32:26.283333 [Database] client 246 initialized with balance 10 (bolt)
[Node 9] 2025/11/28 13:32:26.306370 [Database] client 247 initialized with balance 10 (bolt)
[Node 9] 2025/11/28 13:32:26.327362 [Database] client 248 initialized with balance 10 (bolt)
[Node 9] 2025/11/28 13:32:26.348338 [Database] client 249 initialized with balance 10 (bolt)
[Node 9] 2025/11/28 13:32:26.368421 [Database] client 250 initialized with balance 10 (bolt)
[Node 9] 2025/11/28 13:32:26.386241 [Database] client 251 initialized with balance 10 (bolt)
[Node 9] 2025/11/28 13:32:26.405129 [Database] client 252 initialized with balance 10 (bolt)
[Node 9] 2025/11/28 13:32:26.424238 [Database] client 253 initialized with balance 10 (bolt)
[Node 9] 2025/11/28 13:32:26.443127 [Database] client 254 initialized with balance 10 (bolt)
[Node 9] 2025/11/28 13:32:26.462130 [Database] client 255 initialized with balance 10 (bolt)
[Node 9] 2025/11/28 13:32:26.481273 [Database] client 256 initialized with balance 10 (bolt)
[Node 9] 2025/11/28 13:32:26.500294 [Database] client 257 initialized with balance 10 (bolt)
[Node 9] 2025/11/28 13:32:26.522264 [Database] client 258 initialized with balance 10 (bolt)
[Node 9] 2025/11/28 13:32:26.540219 [Database] client 259 initialized with balance 10 (bolt)
[Node 9] 2025/11/28 13:32:26.559230 [Database] client 260 initialized with balance 10 (bolt)
[Node 9] 2025/11/28 13:32:26.578234 [Database] client 261 initialized with balance 10 (bolt)
[Node 9] 2025/11/28 13:32:26.597242 [Database] client 262 initialized with balance 10 (bolt)
[Node 9] 2025/11/28 13:32:26.616191 [Database] client 263 initialized with balance 10 (bolt)
[Node 9] 2025/11/28 13:32:26.635358 [Database] client 264 initialized with balance 10 (bolt)
[Node 9] 2025/11/28 13:32:26.657212 [Database] client 265 initialized with balance 10 (bolt)
[Node 9] 2025/11/28 13:32:26.676222 [Database] client 266 initialized with balance 10 (bolt)
[Node 9] 2025/11/28 13:32:26.695223 [Database] client 267 initialized with balance 10 (bolt)
[Node 9] 2025/11/28 13:32:26.717218 [Database] client 268 initialized with balance 10 (bolt)
[Node 9] 2025/11/28 13:32:26.731246 [Database] client 269 initialized with balance 10 (bolt)
[Node 9] 2025/11/28 13:32:26.750170 [Database] client 270 initialized with balance 10 (bolt)
[Node 9] 2025/11/28 13:32:26.769218 [Database] client 271 initialized with balance 10 (bolt)
[Node 9] 2025/11/28 13:32:26.789184 [Database] client 272 initialized with balance 10 (bolt)
[Node 9] 2025/11/28 13:32:26.808207 [Database] client 273 initialized with balance 10 (bolt)
[Node 9] 2025/11/28 13:32:26.827449 [Database] client 274 initialized with balance 10 (bolt)
[Node 9] 2025/11/28 13:32:26.848255 [Database] client 275 initialized with balance 10 (bolt)
[Node 9] 2025/11/28 13:32:26.871308 [Database] client 276 initialized with balance 10 (bolt)
[Node 9] 2025/11/28 13:32:26.894269 [Database] client 277 initialized with balance 10 (bolt)
[Node 9] 2025/11/28 13:32:26.917294 [Database] client 278 initialized with balance 10 (bolt)
[Node 9] 2025/11/28 13:32:26.941273 [Database] client 279 initialized with balance 10 (bolt)
[Node 9] 2025/11/28 13:32:26.960137 [Database] client 280 initialized with balance 10 (bolt)
[Node 9] 2025/11/28 13:32:26.980180 [Database] client 281 initialized with balance 10 (bolt)
[Node 9] 2025/11/28 13:32:26.998154 [Database] client 282 initialized with balance 10 (bolt)
[Node 9] 2025/11/28 13:32:27.015220 [Database] client 283 initialized with balance 10 (bolt)
[Node 9] 2025/11/28 13:32:27.034232 [Database] client 284 initialized with balance 10 (bolt)
[Node 9] 2025/11/28 13:32:27.053238 [Database] client 285 initialized with balance 10 (bolt)
[Node 9] 2025/11/28 13:32:27.073270 [Database] client 286 initialized with balance 10 (bolt)
[Node 9] 2025/11/28 13:32:27.091142 [Database] client 287 initialized with balance 10 (bolt)
[Node 9] 2025/11/28 13:32:27.110296 [Database] client 288 initialized with balance 10 (bolt)
[Node 9] 2025/11/28 13:32:27.129113 [Database] client 289 initialized with balance 10 (bolt)
[Node 9] 2025/11/28 13:32:27.149231 [Database] client 290 initialized with balance 10 (bolt)
[Node 9] 2025/11/28 13:32:27.169231 [Database] client 291 initialized with balance 10 (bolt)
[Node 9] 2025/11/28 13:32:27.187257 [Database] client 292 initialized with balance 10 (bolt)
[Node 9] 2025/11/28 13:32:27.207163 [Database] client 293 initialized with balance 10 (bolt)
[Node 9] 2025/11/28 13:32:27.233169 [Database] client 294 initialized with balance 10 (bolt)
[Node 9] 2025/11/28 13:32:27.251109 [Database] client 295 initialized with balance 10 (bolt)
[Node 9] 2025/11/28 13:32:27.269226 [Database] client 296 initialized with balance 10 (bolt)
[Node 9] 2025/11/28 13:32:27.289188 [Database] client 297 initialized with balance 10 (bolt)
[Node 9] 2025/11/28 13:32:27.307280 [Database] client 298 initialized with balance 10 (bolt)
[Node 9] 2025/11/28 13:32:27.324146 [Database] client 299 initialized with balance 10 (bolt)
[Node 9] 2025/11/28 13:32:27.342076 [Database] client 300 initialized with balance 10 (bolt)
[Node 9] 2025/11/28 13:32:27.364206 [Database] client 301 initialized with balance 10 (bolt)
[Node 9] 2025/11/28 13:32:27.381420 [Database] client 302 initialized with balance 10 (bolt)
[Node 9] 2025/11/28 13:32:27.399095 [Database] client 303 initialized with balance 10 (bolt)
[Node 9] 2025/11/28 13:32:27.417323 [Database] client 304 initialized with balance 10 (bolt)
[Node 9] 2025/11/28 13:32:27.435171 [Database] client 305 initialized with balance 10 (bolt)
[Node 9] 2025/11/28 13:32:27.453125 [Database] client 306 initialized with balance 10 (bolt)
[Node 9] 2025/11/28 13:32:27.471332 [Database] client 307 initialized with balance 10 (bolt)
[Node 9] 2025/11/28 13:32:27.485256 [Database] client 308 initialized with balance 10 (bolt)
[Node 9] 2025/11/28 13:32:27.504266 [Database] client 309 initialized with balance 10 (bolt)
[Node 9] 2025/11/28 13:32:27.521256 [Database] client 310 initialized with balance 10 (bolt)
[Node 9] 2025/11/28 13:32:27.539242 [Database] client 311 initialized with balance 10 (bolt)
[Node 9] 2025/11/28 13:32:27.556220 [Database] client 312 initialized with balance 10 (bolt)
[Node 9] 2025/11/28 13:32:27.573276 [Database] client 313 initialized with balance 10 (bolt)
[Node 9] 2025/11/28 13:32:27.590274 [Database] client 314 initialized with balance 10 (bolt)
[Node 9] 2025/11/28 13:32:27.609266 [Database] client 315 initialized with balance 10 (bolt)
[Node 9] 2025/11/28 13:32:27.627355 [Database] client 316 initialized with balance 10 (bolt)
[Node 9] 2025/11/28 13:32:27.645209 [Database] client 317 initialized with balance 10 (bolt)
[Node 9] 2025/11/28 13:32:27.664245 [Database] client 318 initialized with balance 10 (bolt)
[Node 9] 2025/11/28 13:32:27.682339 [Database] client 319 initialized with balance 10 (bolt)
[Node 9] 2025/11/28 13:32:27.705321 [Database] client 320 initialized with balance 10 (bolt)
[Node 9] 2025/11/28 13:32:27.726253 [Database] client 321 initialized with balance 10 (bolt)
[Node 9] 2025/11/28 13:32:27.744217 [Database] client 322 initialized with balance 10 (bolt)
[Node 9] 2025/11/28 13:32:27.758227 [Database] client 323 initialized with balance 10 (bolt)
[Node 9] 2025/11/28 13:32:27.776121 [Database] client 324 initialized with balance 10 (bolt)
[Node 9] 2025/11/28 13:32:27.791091 [Database] client 325 initialized with balance 10 (bolt)
[Node 9] 2025/11/28 13:32:27.811239 [Database] client 326 initialized with balance 10 (bolt)
[Node 9] 2025/11/28 13:32:27.828192 [Database] client 327 initialized with balance 10 (bolt)
[Node 9] 2025/11/28 13:32:27.846131 [Database] client 328 initialized with balance 10 (bolt)
[Node 9] 2025/11/28 13:32:27.866138 [Database] client 329 initialized with balance 10 (bolt)
[Node 9] 2025/11/28 13:32:27.883129 [Database] client 330 initialized with balance 10 (bolt)
[Node 9] 2025/11/28 13:32:27.901201 [Database] client 331 initialized with balance 10 (bolt)
[Node 9] 2025/11/28 13:32:27.919228 [Database] client 332 initialized with balance 10 (bolt)
[Node 9] 2025/11/28 13:32:27.937222 [Database] client 333 initialized with balance 10 (bolt)
[Node 9] 2025/11/28 13:32:27.955219 [Database] client 334 initialized with balance 10 (bolt)
[Node 9] 2025/11/28 13:32:27.973216 [Database] client 335 initialized with balance 10 (bolt)
[Node 9] 2025/11/28 13:32:27.991228 [Database] client 336 initialized with balance 10 (bolt)
[Node 9] 2025/11/28 13:32:28.009245 [Database] client 337 initialized with balance 10 (bolt)
[Node 9] 2025/11/28 13:32:28.027235 [Database] client 338 initialized with balance 10 (bolt)
[Node 9] 2025/11/28 13:32:28.045276 [Database] client 339 initialized with balance 10 (bolt)
[Node 9] 2025/11/28 13:32:28.067193 [Database] client 340 initialized with balance 10 (bolt)
[Node 9] 2025/11/28 13:32:28.081250 [Database] client 341 initialized with balance 10 (bolt)
[Node 9] 2025/11/28 13:32:28.102293 [Database] client 342 initialized with balance 10 (bolt)
[Node 9] 2025/11/28 13:32:28.128198 [Database] client 343 initialized with balance 10 (bolt)
[Node 9] 2025/11/28 13:32:28.146235 [Database] client 344 initialized with balance 10 (bolt)
[Node 9] 2025/11/28 13:32:28.149049 Node 9: Leader timeout (7.124605s), no leader msgs, starting election
[Node 9] 2025/11/28 13:32:28.150356 Node 9: StartLeaderElection invoked (leader=false active=false)
[Node 9] 2025/11/28 13:32:28.160285 [Database] client 345 initialized with balance 10 (bolt)
[Node 9] 2025/11/28 13:32:28.181275 [Database] client 346 initialized with balance 10 (bolt)
[Node 9] 2025/11/28 13:32:28.211257 [Database] client 347 initialized with balance 10 (bolt)
[Node 9] 2025/11/28 13:32:28.233189 [Database] client 348 initialized with balance 10 (bolt)
[Node 9] 2025/11/28 13:32:28.251664 [Database] client 349 initialized with balance 10 (bolt)
[Node 9] 2025/11/28 13:32:28.274299 [Database] client 350 initialized with balance 10 (bolt)
[Node 9] 2025/11/28 13:32:28.298284 [Database] client 351 initialized with balance 10 (bolt)
[Node 9] 2025/11/28 13:32:28.315260 [Database] client 352 initialized with balance 10 (bolt)
[Node 9] 2025/11/28 13:32:28.335217 [Database] client 353 initialized with balance 10 (bolt)
[Node 9] 2025/11/28 13:32:28.354181 [Database] client 354 initialized with balance 10 (bolt)
[Node 9] 2025/11/28 13:32:28.373185 [Database] client 355 initialized with balance 10 (bolt)
[Node 9] 2025/11/28 13:32:28.391252 [Database] client 356 initialized with balance 10 (bolt)
[Node 9] 2025/11/28 13:32:28.410212 [Database] client 357 initialized with balance 10 (bolt)
[Node 9] 2025/11/28 13:32:28.429303 [Database] client 358 initialized with balance 10 (bolt)
[Node 9] 2025/11/28 13:32:28.450319 [Database] client 359 initialized with balance 10 (bolt)
[Node 9] 2025/11/28 13:32:28.471189 [Database] client 360 initialized with balance 10 (bolt)
[Node 9] 2025/11/28 13:32:28.491176 [Database] client 361 initialized with balance 10 (bolt)
[Node 9] 2025/11/28 13:32:28.509198 [Database] client 362 initialized with balance 10 (bolt)
[Node 9] 2025/11/28 13:32:28.527219 [Database] client 363 initialized with balance 10 (bolt)
[Node 9] 2025/11/28 13:32:28.550269 [Database] client 364 initialized with balance 10 (bolt)
[Node 9] 2025/11/28 13:32:28.572200 [Database] client 365 initialized with balance 10 (bolt)
[Node 9] 2025/11/28 13:32:28.590228 [Database] client 366 initialized with balance 10 (bolt)
[Node 9] 2025/11/28 13:32:28.608094 [Database] client 367 initialized with balance 10 (bolt)
[Node 9] 2025/11/28 13:32:28.626072 [Database] client 368 initialized with balance 10 (bolt)
[Node 9] 2025/11/28 13:32:28.644278 [Database] client 369 initialized with balance 10 (bolt)
[Node 9] 2025/11/28 13:32:28.663147 [Database] client 370 initialized with balance 10 (bolt)
[Node 9] 2025/11/28 13:32:28.677122 [Database] client 371 initialized with balance 10 (bolt)
[Node 9] 2025/11/28 13:32:28.692189 [Database] client 372 initialized with balance 10 (bolt)
[Node 9] 2025/11/28 13:32:28.707127 [Database] client 373 initialized with balance 10 (bolt)
[Node 9] 2025/11/28 13:32:28.722251 [Database] client 374 initialized with balance 10 (bolt)
[Node 9] 2025/11/28 13:32:28.737182 [Database] client 375 initialized with balance 10 (bolt)
[Node 9] 2025/11/28 13:32:28.752192 [Database] client 376 initialized with balance 10 (bolt)
[Node 9] 2025/11/28 13:32:28.767234 [Database] client 377 initialized with balance 10 (bolt)
[Node 9] 2025/11/28 13:32:28.782135 [Database] client 378 initialized with balance 10 (bolt)
[Node 9] 2025/11/28 13:32:28.797113 [Database] client 379 initialized with balance 10 (bolt)
[Node 9] 2025/11/28 13:32:28.812166 [Database] client 380 initialized with balance 10 (bolt)
[Node 9] 2025/11/28 13:32:28.827159 [Database] client 381 initialized with balance 10 (bolt)
[Node 9] 2025/11/28 13:32:28.842176 [Database] client 382 initialized with balance 10 (bolt)
[Node 9] 2025/11/28 13:32:28.857042 [Database] client 383 initialized with balance 10 (bolt)
[Node 9] 2025/11/28 13:32:28.872118 [Database] client 384 initialized with balance 10 (bolt)
[Node 9] 2025/11/28 13:32:28.886149 [Database] client 385 initialized with balance 10 (bolt)
[Node 9] 2025/11/28 13:32:28.901177 [Database] client 386 initialized with balance 10 (bolt)
[Node 9] 2025/11/28 13:32:28.916201 [Database] client 387 initialized with balance 10 (bolt)
[Node 9] 2025/11/28 13:32:28.931344 [Database] client 388 initialized with balance 10 (bolt)
[Node 9] 2025/11/28 13:32:28.949111 [Database] client 389 initialized with balance 10 (bolt)
[Node 9] 2025/11/28 13:32:28.966118 [Database] client 390 initialized with balance 10 (bolt)
[Node 9] 2025/11/28 13:32:28.981121 [Database] client 391 initialized with balance 10 (bolt)
[Node 9] 2025/11/28 13:32:28.996111 [Database] client 392 initialized with balance 10 (bolt)
[Node 9] 2025/11/28 13:32:29.013210 [Database] client 393 initialized with balance 10 (bolt)
[Node 9] 2025/11/28 13:32:29.033578 [Database] client 394 initialized with balance 10 (bolt)
[Node 9] 2025/11/28 13:32:29.049169 [Database] client 395 initialized with balance 10 (bolt)
[Node 9] 2025/11/28 13:32:29.065188 [Database] client 396 initialized with balance 10 (bolt)
[Node 9] 2025/11/28 13:32:29.080085 [Database] client 397 initialized with balance 10 (bolt)
[Node 9] 2025/11/28 13:32:29.095104 [Database] client 398 initialized with balance 10 (bolt)
[Node 9] 2025/11/28 13:32:29.110130 [Database] client 399 initialized with balance 10 (bolt)
[Node 9] 2025/11/28 13:32:29.124192 [Database] client 400 initialized with balance 10 (bolt)
[Node 9] 2025/11/28 13:32:29.139087 [Database] client 401 initialized with balance 10 (bolt)
[Node 9] 2025/11/28 13:32:29.154117 [Database] client 402 initialized with balance 10 (bolt)
[Node 9] 2025/11/28 13:32:29.169176 [Database] client 403 initialized with balance 10 (bolt)
[Node 9] 2025/11/28 13:32:29.184150 [Database] client 404 initialized with balance 10 (bolt)
[Node 9] 2025/11/28 13:32:29.199056 [Database] client 405 initialized with balance 10 (bolt)
[Node 9] 2025/11/28 13:32:29.214315 [Database] client 406 initialized with balance 10 (bolt)
[Node 9] 2025/11/28 13:32:29.229117 [Database] client 407 initialized with balance 10 (bolt)
[Node 9] 2025/11/28 13:32:29.244167 [Database] client 408 initialized with balance 10 (bolt)
[Node 9] 2025/11/28 13:32:29.259156 [Database] client 409 initialized with balance 10 (bolt)
[Node 9] 2025/11/28 13:32:29.274155 [Database] client 410 initialized with balance 10 (bolt)
[Node 9] 2025/11/28 13:32:29.289115 [Database] client 411 initialized with balance 10 (bolt)
[Node 9] 2025/11/28 13:32:29.304191 [Database] client 412 initialized with balance 10 (bolt)
[Node 9] 2025/11/28 13:32:29.320170 [Database] client 413 initialized with balance 10 (bolt)
[Node 9] 2025/11/28 13:32:29.335157 [Database] client 414 initialized with balance 10 (bolt)
[Node 9] 2025/11/28 13:32:29.350113 [Database] client 415 initialized with balance 10 (bolt)
[Node 9] 2025/11/28 13:32:29.364179 [Database] client 416 initialized with balance 10 (bolt)
[Node 9] 2025/11/28 13:32:29.378162 [Database] client 417 initialized with balance 10 (bolt)
[Node 9] 2025/11/28 13:32:29.396195 [Database] client 418 initialized with balance 10 (bolt)
[Node 9] 2025/11/28 13:32:29.411074 [Database] client 419 initialized with balance 10 (bolt)
[Node 9] 2025/11/28 13:32:29.426204 [Database] client 420 initialized with balance 10 (bolt)
[Node 9] 2025/11/28 13:32:29.450240 [Database] client 421 initialized with balance 10 (bolt)
[Node 9] 2025/11/28 13:32:29.461223 [Database] client 422 initialized with balance 10 (bolt)
[Node 9] 2025/11/28 13:32:29.481207 [Database] client 423 initialized with balance 10 (bolt)
[Node 9] 2025/11/28 13:32:29.497265 [Database] client 424 initialized with balance 10 (bolt)
[Node 9] 2025/11/28 13:32:29.517292 [Database] client 425 initialized with balance 10 (bolt)
[Node 9] 2025/11/28 13:32:29.532165 [Database] client 426 initialized with balance 10 (bolt)
[Node 9] 2025/11/28 13:32:29.547072 [Database] client 427 initialized with balance 10 (bolt)
[Node 9] 2025/11/28 13:32:29.562148 [Database] client 428 initialized with balance 10 (bolt)
[Node 9] 2025/11/28 13:32:29.577132 [Database] client 429 initialized with balance 10 (bolt)
[Node 9] 2025/11/28 13:32:29.592186 [Database] client 430 initialized with balance 10 (bolt)
[Node 9] 2025/11/28 13:32:29.608212 [Database] client 431 initialized with balance 10 (bolt)
[Node 9] 2025/11/28 13:32:29.622152 [Database] client 432 initialized with balance 10 (bolt)
[Node 9] 2025/11/28 13:32:29.640272 [Database] client 433 initialized with balance 10 (bolt)
[Node 9] 2025/11/28 13:32:29.654487 [Database] client 434 initialized with balance 10 (bolt)
[Node 9] 2025/11/28 13:32:29.662203 [Database] client 435 initialized with balance 10 (bolt)
[Node 9] 2025/11/28 13:32:29.672170 [Database] client 436 initialized with balance 10 (bolt)
[Node 9] 2025/11/28 13:32:29.679177 [Database] client 437 initialized with balance 10 (bolt)
[Node 9] 2025/11/28 13:32:29.687238 [Database] client 438 initialized with balance 10 (bolt)
[Node 9] 2025/11/28 13:32:29.695210 [Database] client 439 initialized with balance 10 (bolt)
[Node 9] 2025/11/28 13:32:29.702182 [Database] client 440 initialized with balance 10 (bolt)
[Node 9] 2025/11/28 13:32:29.709289 [Database] client 441 initialized with balance 10 (bolt)
[Node 9] 2025/11/28 13:32:29.717276 [Database] client 442 initialized with balance 10 (bolt)
[Node 9] 2025/11/28 13:32:29.725155 [Database] client 443 initialized with balance 10 (bolt)
[Node 9] 2025/11/28 13:32:29.733194 [Database] client 444 initialized with balance 10 (bolt)
[Node 9] 2025/11/28 13:32:29.741187 [Database] client 445 initialized with balance 10 (bolt)
[Node 9] 2025/11/28 13:32:29.750179 [Database] client 446 initialized with balance 10 (bolt)
[Node 9] 2025/11/28 13:32:29.758250 [Database] client 447 initialized with balance 10 (bolt)
[Node 9] 2025/11/28 13:32:29.766143 [Database] client 448 initialized with balance 10 (bolt)
[Node 9] 2025/11/28 13:32:29.774154 [Database] client 449 initialized with balance 10 (bolt)
[Node 9] 2025/11/28 13:32:29.783181 [Database] client 450 initialized with balance 10 (bolt)
[Node 9] 2025/11/28 13:32:29.791098 [Database] client 451 initialized with balance 10 (bolt)
[Node 9] 2025/11/28 13:32:29.799307 [Database] client 452 initialized with balance 10 (bolt)
[Node 9] 2025/11/28 13:32:29.807184 [Database] client 453 initialized with balance 10 (bolt)
[Node 9] 2025/11/28 13:32:29.815093 [Database] client 454 initialized with balance 10 (bolt)
[Node 9] 2025/11/28 13:32:29.822197 [Database] client 455 initialized with balance 10 (bolt)
[Node 9] 2025/11/28 13:32:29.830192 [Database] client 456 initialized with balance 10 (bolt)
[Node 9] 2025/11/28 13:32:29.838184 [Database] client 457 initialized with balance 10 (bolt)
[Node 9] 2025/11/28 13:32:29.846224 [Database] client 458 initialized with balance 10 (bolt)
[Node 9] 2025/11/28 13:32:29.853206 [Database] client 459 initialized with balance 10 (bolt)
[Node 9] 2025/11/28 13:32:29.861269 [Database] client 460 initialized with balance 10 (bolt)
[Node 9] 2025/11/28 13:32:29.869176 [Database] client 461 initialized with balance 10 (bolt)
[Node 9] 2025/11/28 13:32:29.877280 [Database] client 462 initialized with balance 10 (bolt)
[Node 9] 2025/11/28 13:32:29.886192 [Database] client 463 initialized with balance 10 (bolt)
[Node 9] 2025/11/28 13:32:29.895158 [Database] client 464 initialized with balance 10 (bolt)
[Node 9] 2025/11/28 13:32:29.902272 [Database] client 465 initialized with balance 10 (bolt)
[Node 9] 2025/11/28 13:32:29.910204 [Database] client 466 initialized with balance 10 (bolt)
[Node 9] 2025/11/28 13:32:29.917119 [Database] client 467 initialized with balance 10 (bolt)
[Node 9] 2025/11/28 13:32:29.924238 [Database] client 468 initialized with balance 10 (bolt)
[Node 9] 2025/11/28 13:32:29.932176 [Database] client 469 initialized with balance 10 (bolt)
[Node 9] 2025/11/28 13:32:29.941154 [Database] client 470 initialized with balance 10 (bolt)
[Node 9] 2025/11/28 13:32:29.950158 [Database] client 471 initialized with balance 10 (bolt)
[Node 9] 2025/11/28 13:32:29.959167 [Database] client 472 initialized with balance 10 (bolt)
[Node 9] 2025/11/28 13:32:29.967134 [Database] client 473 initialized with balance 10 (bolt)
[Node 9] 2025/11/28 13:32:29.975123 [Database] client 474 initialized with balance 10 (bolt)
[Node 9] 2025/11/28 13:32:29.983100 [Database] client 475 initialized with balance 10 (bolt)
[Node 9] 2025/11/28 13:32:29.990984 [Database] client 476 initialized with balance 10 (bolt)
[Node 9] 2025/11/28 13:32:29.999061 [Database] client 477 initialized with balance 10 (bolt)
[Node 9] 2025/11/28 13:32:30.006995 [Database] client 478 initialized with balance 10 (bolt)
[Node 9] 2025/11/28 13:32:30.015100 [Database] client 479 initialized with balance 10 (bolt)
[Node 9] 2025/11/28 13:32:30.023084 [Database] client 480 initialized with balance 10 (bolt)
[Node 9] 2025/11/28 13:32:30.031105 [Database] client 481 initialized with balance 10 (bolt)
[Node 9] 2025/11/28 13:32:30.046169 [Database] client 482 initialized with balance 10 (bolt)
[Node 9] 2025/11/28 13:32:30.054087 [Database] client 483 initialized with balance 10 (bolt)
[Node 9] 2025/11/28 13:32:30.062089 [Database] client 484 initialized with balance 10 (bolt)
[Node 9] 2025/11/28 13:32:30.070060 [Database] client 485 initialized with balance 10 (bolt)
[Node 9] 2025/11/28 13:32:30.078097 [Database] client 486 initialized with balance 10 (bolt)
[Node 9] 2025/11/28 13:32:30.086095 [Database] client 487 initialized with balance 10 (bolt)
[Node 9] 2025/11/28 13:32:30.094089 [Database] client 488 initialized with balance 10 (bolt)
[Node 9] 2025/11/28 13:32:30.102077 [Database] client 489 initialized with balance 10 (bolt)
[Node 9] 2025/11/28 13:32:30.110101 [Database] client 490 initialized with balance 10 (bolt)
[Node 9] 2025/11/28 13:32:30.118043 [Database] client 491 initialized with balance 10 (bolt)
[Node 9] 2025/11/28 13:32:30.126135 [Database] client 492 initialized with balance 10 (bolt)
[Node 9] 2025/11/28 13:32:30.134180 [Database] client 493 initialized with balance 10 (bolt)
[Node 9] 2025/11/28 13:32:30.142139 [Database] client 494 initialized with balance 10 (bolt)
[Node 9] 2025/11/28 13:32:30.149972 [Database] client 495 initialized with balance 10 (bolt)
[Node 9] 2025/11/28 13:32:30.157991 [Database] client 496 initialized with balance 10 (bolt)
[Node 9] 2025/11/28 13:32:30.162033 Node 9: Leader timeout (9.137648s), no leader msgs, starting election
[Node 9] 2025/11/28 13:32:30.162144 Node 9: StartLeaderElection invoked (leader=false active=false)
[Node 9] 2025/11/28 13:32:30.165994 [Database] client 497 initialized with balance 10 (bolt)
[Node 9] 2025/11/28 13:32:30.174012 [Database] client 498 initialized with balance 10 (bolt)
[Node 9] 2025/11/28 13:32:30.182019 [Database] client 499 initialized with balance 10 (bolt)
[Node 9] 2025/11/28 13:32:30.190075 [Database] client 500 initialized with balance 10 (bolt)
[Node 9] 2025/11/28 13:32:30.198064 Node 9: initialization complete (maj=3)
[Node 9] 2025/11/28 13:32:30.198128 Node 9: starting RPC server at localhost:8009
[Node 9] 2025/11/28 13:36:04.867702 Node 9: Accept RPC seq=1 ballot=(5,1)
[Node 9] 2025/11/28 13:36:04.868055 Node 9 ACCEPT seq=1 ballot=(5,1) txn=(1→2,1)
[Node 9] 2025/11/28 13:36:04.868061 Node 9: Accepted seq 1
[Node 9] 2025/11/28 13:36:04.888682 Node 9: Commit RPC seq=1 ballot=(5,1)
[Node 9] 2025/11/28 13:36:04.888754 Node 9: executeRequestsInOrder triggered
[Node 9] 2025/11/28 13:36:04.893399 [Database] executing txn (bolt) (1,2,1)
[Node 9] 2025/11/28 13:36:04.918537 [Database] txn success (bolt): 1 -> 2 amount 1
[Node 9] 2025/11/28 13:36:04.918947 Node 9: executeRequestsInOrder stopping at gap seq=2
[Node 9] 2025/11/28 13:38:39.054589 Node 9 shutting down...
[Node 9] 2025/11/28 13:38:39.055964 Node 9: stopping node
[Node 9] 2025/11/28 13:38:39.056126 Node 9: accept error: accept tcp 127.0.0.1:8009: use of closed network connection
[Node 9] 2025/11/28 13:38:39.056233 Node 9: RPC server shutting down
