[Node 8] 2025/11/28 13:32:19.475631 Node 8: initializing at localhost:8008 with 9 peers
[Node 8] 2025/11/28 13:32:19.482750 [Database] opening BoltDB at data/node-8.db
[Node 8] 2025/11/28 13:32:19.553459 Node 8: BoltDB initialized at data/node-8.db
[Node 8] 2025/11/28 13:32:19.553667 [Database] client 1 initialized with balance 10 (bolt)
[Node 8] 2025/11/28 13:32:19.553666 Node 8: leader timeout monitor running
[Node 8] 2025/11/28 13:32:19.574444 [Database] client 2 initialized with balance 10 (bolt)
[Node 8] 2025/11/28 13:32:19.593523 [Database] client 3 initialized with balance 10 (bolt)
[Node 8] 2025/11/28 13:32:19.613448 [Database] client 4 initialized with balance 10 (bolt)
[Node 8] 2025/11/28 13:32:19.633586 [Database] client 5 initialized with balance 10 (bolt)
[Node 8] 2025/11/28 13:32:19.652433 [Database] client 6 initialized with balance 10 (bolt)
[Node 8] 2025/11/28 13:32:19.676474 [Database] client 7 initialized with balance 10 (bolt)
[Node 8] 2025/11/28 13:32:19.694425 [Database] client 8 initialized with balance 10 (bolt)
[Node 8] 2025/11/28 13:32:19.724358 [Database] client 9 initialized with balance 10 (bolt)
[Node 8] 2025/11/28 13:32:19.741445 [Database] client 10 initialized with balance 10 (bolt)
[Node 8] 2025/11/28 13:32:19.760545 [Database] client 11 initialized with balance 10 (bolt)
[Node 8] 2025/11/28 13:32:19.778379 [Database] client 12 initialized with balance 10 (bolt)
[Node 8] 2025/11/28 13:32:19.800471 [Database] client 13 initialized with balance 10 (bolt)
[Node 8] 2025/11/28 13:32:19.839397 [Database] client 14 initialized with balance 10 (bolt)
[Node 8] 2025/11/28 13:32:19.863462 [Database] client 15 initialized with balance 10 (bolt)
[Node 8] 2025/11/28 13:32:19.882529 [Database] client 16 initialized with balance 10 (bolt)
[Node 8] 2025/11/28 13:32:19.906510 [Database] client 17 initialized with balance 10 (bolt)
[Node 8] 2025/11/28 13:32:19.943509 [Database] client 18 initialized with balance 10 (bolt)
[Node 8] 2025/11/28 13:32:19.961428 [Database] client 19 initialized with balance 10 (bolt)
[Node 8] 2025/11/28 13:32:19.983446 [Database] client 20 initialized with balance 10 (bolt)
[Node 8] 2025/11/28 13:32:20.006396 [Database] client 21 initialized with balance 10 (bolt)
[Node 8] 2025/11/28 13:32:20.026377 [Database] client 22 initialized with balance 10 (bolt)
[Node 8] 2025/11/28 13:32:20.043421 [Database] client 23 initialized with balance 10 (bolt)
[Node 8] 2025/11/28 13:32:20.064421 [Database] client 24 initialized with balance 10 (bolt)
[Node 8] 2025/11/28 13:32:20.086396 [Database] client 25 initialized with balance 10 (bolt)
[Node 8] 2025/11/28 13:32:20.103502 [Database] client 26 initialized with balance 10 (bolt)
[Node 8] 2025/11/28 13:32:20.130421 [Database] client 27 initialized with balance 10 (bolt)
[Node 8] 2025/11/28 13:32:20.148323 [Database] client 28 initialized with balance 10 (bolt)
[Node 8] 2025/11/28 13:32:20.172333 [Database] client 29 initialized with balance 10 (bolt)
[Node 8] 2025/11/28 13:32:20.185514 [Database] client 30 initialized with balance 10 (bolt)
[Node 8] 2025/11/28 13:32:20.203368 [Database] client 31 initialized with balance 10 (bolt)
[Node 8] 2025/11/28 13:32:20.224468 [Database] client 32 initialized with balance 10 (bolt)
[Node 8] 2025/11/28 13:32:20.241519 [Database] client 33 initialized with balance 10 (bolt)
[Node 8] 2025/11/28 13:32:20.259459 [Database] client 34 initialized with balance 10 (bolt)
[Node 8] 2025/11/28 13:32:20.279528 [Database] client 35 initialized with balance 10 (bolt)
[Node 8] 2025/11/28 13:32:20.296572 [Database] client 36 initialized with balance 10 (bolt)
[Node 8] 2025/11/28 13:32:20.318381 [Database] client 37 initialized with balance 10 (bolt)
[Node 8] 2025/11/28 13:32:20.336406 [Database] client 38 initialized with balance 10 (bolt)
[Node 8] 2025/11/28 13:32:20.359439 [Database] client 39 initialized with balance 10 (bolt)
[Node 8] 2025/11/28 13:32:20.376407 [Database] client 40 initialized with balance 10 (bolt)
[Node 8] 2025/11/28 13:32:20.409443 [Database] client 41 initialized with balance 10 (bolt)
[Node 8] 2025/11/28 13:32:20.430452 [Database] client 42 initialized with balance 10 (bolt)
[Node 8] 2025/11/28 13:32:20.450482 [Database] client 43 initialized with balance 10 (bolt)
[Node 8] 2025/11/28 13:32:20.469516 [Database] client 44 initialized with balance 10 (bolt)
[Node 8] 2025/11/28 13:32:20.487388 [Database] client 45 initialized with balance 10 (bolt)
[Node 8] 2025/11/28 13:32:20.504404 [Database] client 46 initialized with balance 10 (bolt)
[Node 8] 2025/11/28 13:32:20.521395 [Database] client 47 initialized with balance 10 (bolt)
[Node 8] 2025/11/28 13:32:20.539395 [Database] client 48 initialized with balance 10 (bolt)
[Node 8] 2025/11/28 13:32:20.560522 [Database] client 49 initialized with balance 10 (bolt)
[Node 8] 2025/11/28 13:32:20.581365 [Database] client 50 initialized with balance 10 (bolt)
[Node 8] 2025/11/28 13:32:20.594407 [Database] client 51 initialized with balance 10 (bolt)
[Node 8] 2025/11/28 13:32:20.610495 [Database] client 52 initialized with balance 10 (bolt)
[Node 8] 2025/11/28 13:32:20.634549 [Database] client 53 initialized with balance 10 (bolt)
[Node 8] 2025/11/28 13:32:20.650445 [Database] client 54 initialized with balance 10 (bolt)
[Node 8] 2025/11/28 13:32:20.666422 [Database] client 55 initialized with balance 10 (bolt)
[Node 8] 2025/11/28 13:32:20.685423 [Database] client 56 initialized with balance 10 (bolt)
[Node 8] 2025/11/28 13:32:20.705359 [Database] client 57 initialized with balance 10 (bolt)
[Node 8] 2025/11/28 13:32:20.724453 [Database] client 58 initialized with balance 10 (bolt)
[Node 8] 2025/11/28 13:32:20.742333 [Database] client 59 initialized with balance 10 (bolt)
[Node 8] 2025/11/28 13:32:20.762346 [Database] client 60 initialized with balance 10 (bolt)
[Node 8] 2025/11/28 13:32:20.779375 [Database] client 61 initialized with balance 10 (bolt)
[Node 8] 2025/11/28 13:32:20.797482 [Database] client 62 initialized with balance 10 (bolt)
[Node 8] 2025/11/28 13:32:20.816428 [Database] client 63 initialized with balance 10 (bolt)
[Node 8] 2025/11/28 13:32:20.844430 [Database] client 64 initialized with balance 10 (bolt)
[Node 8] 2025/11/28 13:32:20.861401 [Database] client 65 initialized with balance 10 (bolt)
[Node 8] 2025/11/28 13:32:20.880454 [Database] client 66 initialized with balance 10 (bolt)
[Node 8] 2025/11/28 13:32:20.900434 [Database] client 67 initialized with balance 10 (bolt)
[Node 8] 2025/11/28 13:32:20.918492 [Database] client 68 initialized with balance 10 (bolt)
[Node 8] 2025/11/28 13:32:20.935433 [Database] client 69 initialized with balance 10 (bolt)
[Node 8] 2025/11/28 13:32:20.963419 [Database] client 70 initialized with balance 10 (bolt)
[Node 8] 2025/11/28 13:32:20.977553 [Database] client 71 initialized with balance 10 (bolt)
[Node 8] 2025/11/28 13:32:20.998312 [Database] client 72 initialized with balance 10 (bolt)
[Node 8] 2025/11/28 13:32:21.027407 [Database] client 73 initialized with balance 10 (bolt)
[Node 8] 2025/11/28 13:32:21.051383 [Database] client 74 initialized with balance 10 (bolt)
[Node 8] 2025/11/28 13:32:21.085437 [Database] client 75 initialized with balance 10 (bolt)
[Node 8] 2025/11/28 13:32:21.105403 [Database] client 76 initialized with balance 10 (bolt)
[Node 8] 2025/11/28 13:32:21.137313 [Database] client 77 initialized with balance 10 (bolt)
[Node 8] 2025/11/28 13:32:21.160487 [Database] client 78 initialized with balance 10 (bolt)
[Node 8] 2025/11/28 13:32:21.182399 [Database] client 79 initialized with balance 10 (bolt)
[Node 8] 2025/11/28 13:32:21.204486 [Database] client 80 initialized with balance 10 (bolt)
[Node 8] 2025/11/28 13:32:21.222423 [Database] client 81 initialized with balance 10 (bolt)
[Node 8] 2025/11/28 13:32:21.239466 [Database] client 82 initialized with balance 10 (bolt)
[Node 8] 2025/11/28 13:32:21.259502 [Database] client 83 initialized with balance 10 (bolt)
[Node 8] 2025/11/28 13:32:21.277437 [Database] client 84 initialized with balance 10 (bolt)
[Node 8] 2025/11/28 13:32:21.302365 [Database] client 85 initialized with balance 10 (bolt)
[Node 8] 2025/11/28 13:32:21.327424 [Database] client 86 initialized with balance 10 (bolt)
[Node 8] 2025/11/28 13:32:21.350367 [Database] client 87 initialized with balance 10 (bolt)
[Node 8] 2025/11/28 13:32:21.372457 [Database] client 88 initialized with balance 10 (bolt)
[Node 8] 2025/11/28 13:32:21.392320 [Database] client 89 initialized with balance 10 (bolt)
[Node 8] 2025/11/28 13:32:21.414446 [Database] client 90 initialized with balance 10 (bolt)
[Node 8] 2025/11/28 13:32:21.440360 [Database] client 91 initialized with balance 10 (bolt)
[Node 8] 2025/11/28 13:32:21.460295 [Database] client 92 initialized with balance 10 (bolt)
[Node 8] 2025/11/28 13:32:21.494348 [Database] client 93 initialized with balance 10 (bolt)
[Node 8] 2025/11/28 13:32:21.516346 [Database] client 94 initialized with balance 10 (bolt)
[Node 8] 2025/11/28 13:32:21.546358 [Database] client 95 initialized with balance 10 (bolt)
[Node 8] 2025/11/28 13:32:21.573389 [Database] client 96 initialized with balance 10 (bolt)
[Node 8] 2025/11/28 13:32:21.593570 [Database] client 97 initialized with balance 10 (bolt)
[Node 8] 2025/11/28 13:32:21.625256 [Database] client 98 initialized with balance 10 (bolt)
[Node 8] 2025/11/28 13:32:21.639400 [Database] client 99 initialized with balance 10 (bolt)
[Node 8] 2025/11/28 13:32:21.657354 [Database] client 100 initialized with balance 10 (bolt)
[Node 8] 2025/11/28 13:32:21.674457 [Database] client 101 initialized with balance 10 (bolt)
[Node 8] 2025/11/28 13:32:21.692402 [Database] client 102 initialized with balance 10 (bolt)
[Node 8] 2025/11/28 13:32:21.714543 [Database] client 103 initialized with balance 10 (bolt)
[Node 8] 2025/11/28 13:32:21.735289 [Database] client 104 initialized with balance 10 (bolt)
[Node 8] 2025/11/28 13:32:21.754403 [Database] client 105 initialized with balance 10 (bolt)
[Node 8] 2025/11/28 13:32:21.769331 [Database] client 106 initialized with balance 10 (bolt)
[Node 8] 2025/11/28 13:32:21.789350 [Database] client 107 initialized with balance 10 (bolt)
[Node 8] 2025/11/28 13:32:21.809381 [Database] client 108 initialized with balance 10 (bolt)
[Node 8] 2025/11/28 13:32:21.826346 [Database] client 109 initialized with balance 10 (bolt)
[Node 8] 2025/11/28 13:32:21.844360 [Database] client 110 initialized with balance 10 (bolt)
[Node 8] 2025/11/28 13:32:21.866422 [Database] client 111 initialized with balance 10 (bolt)
[Node 8] 2025/11/28 13:32:21.893293 [Database] client 112 initialized with balance 10 (bolt)
[Node 8] 2025/11/28 13:32:21.926419 [Database] client 113 initialized with balance 10 (bolt)
[Node 8] 2025/11/28 13:32:21.953411 [Database] client 114 initialized with balance 10 (bolt)
[Node 8] 2025/11/28 13:32:21.976332 [Database] client 115 initialized with balance 10 (bolt)
[Node 8] 2025/11/28 13:32:21.995442 [Database] client 116 initialized with balance 10 (bolt)
[Node 8] 2025/11/28 13:32:22.011403 [Database] client 117 initialized with balance 10 (bolt)
[Node 8] 2025/11/28 13:32:22.033421 [Database] client 118 initialized with balance 10 (bolt)
[Node 8] 2025/11/28 13:32:22.051360 [Database] client 119 initialized with balance 10 (bolt)
[Node 8] 2025/11/28 13:32:22.067327 [Database] client 120 initialized with balance 10 (bolt)
[Node 8] 2025/11/28 13:32:22.093328 [Database] client 121 initialized with balance 10 (bolt)
[Node 8] 2025/11/28 13:32:22.113395 [Database] client 122 initialized with balance 10 (bolt)
[Node 8] 2025/11/28 13:32:22.132485 [Database] client 123 initialized with balance 10 (bolt)
[Node 8] 2025/11/28 13:32:22.158423 [Database] client 124 initialized with balance 10 (bolt)
[Node 8] 2025/11/28 13:32:22.176299 [Database] client 125 initialized with balance 10 (bolt)
[Node 8] 2025/11/28 13:32:22.203336 [Database] client 126 initialized with balance 10 (bolt)
[Node 8] 2025/11/28 13:32:22.222306 [Database] client 127 initialized with balance 10 (bolt)
[Node 8] 2025/11/28 13:32:22.238445 [Database] client 128 initialized with balance 10 (bolt)
[Node 8] 2025/11/28 13:32:22.262470 [Database] client 129 initialized with balance 10 (bolt)
[Node 8] 2025/11/28 13:32:22.278341 [Database] client 130 initialized with balance 10 (bolt)
[Node 8] 2025/11/28 13:32:22.300331 [Database] client 131 initialized with balance 10 (bolt)
[Node 8] 2025/11/28 13:32:22.318331 [Database] client 132 initialized with balance 10 (bolt)
[Node 8] 2025/11/28 13:32:22.339345 [Database] client 133 initialized with balance 10 (bolt)
[Node 8] 2025/11/28 13:32:22.358448 [Database] client 134 initialized with balance 10 (bolt)
[Node 8] 2025/11/28 13:32:22.381357 [Database] client 135 initialized with balance 10 (bolt)
[Node 8] 2025/11/28 13:32:22.400441 [Database] client 136 initialized with balance 10 (bolt)
[Node 8] 2025/11/28 13:32:22.415413 [Database] client 137 initialized with balance 10 (bolt)
[Node 8] 2025/11/28 13:32:22.439352 [Database] client 138 initialized with balance 10 (bolt)
[Node 8] 2025/11/28 13:32:22.468472 [Database] client 139 initialized with balance 10 (bolt)
[Node 8] 2025/11/28 13:32:22.490354 [Database] client 140 initialized with balance 10 (bolt)
[Node 8] 2025/11/28 13:32:22.505285 [Database] client 141 initialized with balance 10 (bolt)
[Node 8] 2025/11/28 13:32:22.524412 [Database] client 142 initialized with balance 10 (bolt)
[Node 8] 2025/11/28 13:32:22.542374 [Database] client 143 initialized with balance 10 (bolt)
[Node 8] 2025/11/28 13:32:22.561326 [Database] client 144 initialized with balance 10 (bolt)
[Node 8] 2025/11/28 13:32:22.573693 Node 8: Leader timeout (3.094148s), no leader msgs, starting election
[Node 8] 2025/11/28 13:32:22.576546 Node 8: StartLeaderElection invoked (leader=false active=false)
[Node 8] 2025/11/28 13:32:22.579357 [Database] client 145 initialized with balance 10 (bolt)
[Node 8] 2025/11/28 13:32:22.595283 [Database] client 146 initialized with balance 10 (bolt)
[Node 8] 2025/11/28 13:32:22.618315 [Database] client 147 initialized with balance 10 (bolt)
[Node 8] 2025/11/28 13:32:22.637297 [Database] client 148 initialized with balance 10 (bolt)
[Node 8] 2025/11/28 13:32:22.655401 [Database] client 149 initialized with balance 10 (bolt)
[Node 8] 2025/11/28 13:32:22.671446 [Database] client 150 initialized with balance 10 (bolt)
[Node 8] 2025/11/28 13:32:22.693415 [Database] client 151 initialized with balance 10 (bolt)
[Node 8] 2025/11/28 13:32:22.721731 [Database] client 152 initialized with balance 10 (bolt)
[Node 8] 2025/11/28 13:32:22.746657 [Database] client 153 initialized with balance 10 (bolt)
[Node 8] 2025/11/28 13:32:22.766309 [Database] client 154 initialized with balance 10 (bolt)
[Node 8] 2025/11/28 13:32:22.782332 [Database] client 155 initialized with balance 10 (bolt)
[Node 8] 2025/11/28 13:32:22.804315 [Database] client 156 initialized with balance 10 (bolt)
[Node 8] 2025/11/28 13:32:22.828410 [Database] client 157 initialized with balance 10 (bolt)
[Node 8] 2025/11/28 13:32:22.847285 [Database] client 158 initialized with balance 10 (bolt)
[Node 8] 2025/11/28 13:32:22.865372 [Database] client 159 initialized with balance 10 (bolt)
[Node 8] 2025/11/28 13:32:22.884384 [Database] client 160 initialized with balance 10 (bolt)
[Node 8] 2025/11/28 13:32:22.903462 [Database] client 161 initialized with balance 10 (bolt)
[Node 8] 2025/11/28 13:32:22.925370 [Database] client 162 initialized with balance 10 (bolt)
[Node 8] 2025/11/28 13:32:22.944565 [Database] client 163 initialized with balance 10 (bolt)
[Node 8] 2025/11/28 13:32:22.963385 [Database] client 164 initialized with balance 10 (bolt)
[Node 8] 2025/11/28 13:32:22.985375 [Database] client 165 initialized with balance 10 (bolt)
[Node 8] 2025/11/28 13:32:23.004373 [Database] client 166 initialized with balance 10 (bolt)
[Node 8] 2025/11/28 13:32:23.024349 [Database] client 167 initialized with balance 10 (bolt)
[Node 8] 2025/11/28 13:32:23.042320 [Database] client 168 initialized with balance 10 (bolt)
[Node 8] 2025/11/28 13:32:23.066359 [Database] client 169 initialized with balance 10 (bolt)
[Node 8] 2025/11/28 13:32:23.091424 [Database] client 170 initialized with balance 10 (bolt)
[Node 8] 2025/11/28 13:32:23.120616 [Database] client 171 initialized with balance 10 (bolt)
[Node 8] 2025/11/28 13:32:23.154854 [Database] client 172 initialized with balance 10 (bolt)
[Node 8] 2025/11/28 13:32:23.190398 [Database] client 173 initialized with balance 10 (bolt)
[Node 8] 2025/11/28 13:32:23.225304 [Database] client 174 initialized with balance 10 (bolt)
[Node 8] 2025/11/28 13:32:23.260379 [Database] client 175 initialized with balance 10 (bolt)
[Node 8] 2025/11/28 13:32:23.277355 [Database] client 176 initialized with balance 10 (bolt)
[Node 8] 2025/11/28 13:32:23.300577 [Database] client 177 initialized with balance 10 (bolt)
[Node 8] 2025/11/28 13:32:23.331381 [Database] client 178 initialized with balance 10 (bolt)
[Node 8] 2025/11/28 13:32:23.369366 [Database] client 179 initialized with balance 10 (bolt)
[Node 8] 2025/11/28 13:32:23.386404 [Database] client 180 initialized with balance 10 (bolt)
[Node 8] 2025/11/28 13:32:23.409347 [Database] client 181 initialized with balance 10 (bolt)
[Node 8] 2025/11/28 13:32:23.438380 [Database] client 182 initialized with balance 10 (bolt)
[Node 8] 2025/11/28 13:32:23.461389 [Database] client 183 initialized with balance 10 (bolt)
[Node 8] 2025/11/28 13:32:23.481357 [Database] client 184 initialized with balance 10 (bolt)
[Node 8] 2025/11/28 13:32:23.497377 [Database] client 185 initialized with balance 10 (bolt)
[Node 8] 2025/11/28 13:32:23.515419 [Database] client 186 initialized with balance 10 (bolt)
[Node 8] 2025/11/28 13:32:23.534443 [Database] client 187 initialized with balance 10 (bolt)
[Node 8] 2025/11/28 13:32:23.559548 [Database] client 188 initialized with balance 10 (bolt)
[Node 8] 2025/11/28 13:32:23.591370 [Database] client 189 initialized with balance 10 (bolt)
[Node 8] 2025/11/28 13:32:23.617379 [Database] client 190 initialized with balance 10 (bolt)
[Node 8] 2025/11/28 13:32:23.644338 [Database] client 191 initialized with balance 10 (bolt)
[Node 8] 2025/11/28 13:32:23.667396 [Database] client 192 initialized with balance 10 (bolt)
[Node 8] 2025/11/28 13:32:23.693340 [Database] client 193 initialized with balance 10 (bolt)
[Node 8] 2025/11/28 13:32:23.712327 [Database] client 194 initialized with balance 10 (bolt)
[Node 8] 2025/11/28 13:32:23.731327 [Database] client 195 initialized with balance 10 (bolt)
[Node 8] 2025/11/28 13:32:23.749241 [Database] client 196 initialized with balance 10 (bolt)
[Node 8] 2025/11/28 13:32:23.769348 [Database] client 197 initialized with balance 10 (bolt)
[Node 8] 2025/11/28 13:32:23.790293 [Database] client 198 initialized with balance 10 (bolt)
[Node 8] 2025/11/28 13:32:23.807407 [Database] client 199 initialized with balance 10 (bolt)
[Node 8] 2025/11/28 13:32:23.825431 [Database] client 200 initialized with balance 10 (bolt)
[Node 8] 2025/11/28 13:32:23.844268 [Database] client 201 initialized with balance 10 (bolt)
[Node 8] 2025/11/28 13:32:23.871372 [Database] client 202 initialized with balance 10 (bolt)
[Node 8] 2025/11/28 13:32:23.893239 [Database] client 203 initialized with balance 10 (bolt)
[Node 8] 2025/11/28 13:32:23.913835 [Database] client 204 initialized with balance 10 (bolt)
[Node 8] 2025/11/28 13:32:23.940444 [Database] client 205 initialized with balance 10 (bolt)
[Node 8] 2025/11/28 13:32:23.963363 [Database] client 206 initialized with balance 10 (bolt)
[Node 8] 2025/11/28 13:32:23.983322 [Database] client 207 initialized with balance 10 (bolt)
[Node 8] 2025/11/28 13:32:24.003347 [Database] client 208 initialized with balance 10 (bolt)
[Node 8] 2025/11/28 13:32:24.022344 [Database] client 209 initialized with balance 10 (bolt)
[Node 8] 2025/11/28 13:32:24.041323 [Database] client 210 initialized with balance 10 (bolt)
[Node 8] 2025/11/28 13:32:24.061189 [Database] client 211 initialized with balance 10 (bolt)
[Node 8] 2025/11/28 13:32:24.080206 [Database] client 212 initialized with balance 10 (bolt)
[Node 8] 2025/11/28 13:32:24.100317 [Database] client 213 initialized with balance 10 (bolt)
[Node 8] 2025/11/28 13:32:24.115391 [Database] client 214 initialized with balance 10 (bolt)
[Node 8] 2025/11/28 13:32:24.133343 [Database] client 215 initialized with balance 10 (bolt)
[Node 8] 2025/11/28 13:32:24.156273 [Database] client 216 initialized with balance 10 (bolt)
[Node 8] 2025/11/28 13:32:24.187258 [Database] client 217 initialized with balance 10 (bolt)
[Node 8] 2025/11/28 13:32:24.206381 [Database] client 218 initialized with balance 10 (bolt)
[Node 8] 2025/11/28 13:32:24.225278 [Database] client 219 initialized with balance 10 (bolt)
[Node 8] 2025/11/28 13:32:24.245322 [Database] client 220 initialized with balance 10 (bolt)
[Node 8] 2025/11/28 13:32:24.265353 [Database] client 221 initialized with balance 10 (bolt)
[Node 8] 2025/11/28 13:32:24.287330 [Database] client 222 initialized with balance 10 (bolt)
[Node 8] 2025/11/28 13:32:24.306298 [Database] client 223 initialized with balance 10 (bolt)
[Node 8] 2025/11/28 13:32:24.325267 [Database] client 224 initialized with balance 10 (bolt)
[Node 8] 2025/11/28 13:32:24.344273 [Database] client 225 initialized with balance 10 (bolt)
[Node 8] 2025/11/28 13:32:24.371226 [Database] client 226 initialized with balance 10 (bolt)
[Node 8] 2025/11/28 13:32:24.391347 [Database] client 227 initialized with balance 10 (bolt)
[Node 8] 2025/11/28 13:32:24.409284 [Database] client 228 initialized with balance 10 (bolt)
[Node 8] 2025/11/28 13:32:24.428414 [Database] client 229 initialized with balance 10 (bolt)
[Node 8] 2025/11/28 13:32:24.450395 [Database] client 230 initialized with balance 10 (bolt)
[Node 8] 2025/11/28 13:32:24.474374 [Database] client 231 initialized with balance 10 (bolt)
[Node 8] 2025/11/28 13:32:24.495338 [Database] client 232 initialized with balance 10 (bolt)
[Node 8] 2025/11/28 13:32:24.529401 [Database] client 233 initialized with balance 10 (bolt)
[Node 8] 2025/11/28 13:32:24.546332 [Database] client 234 initialized with balance 10 (bolt)
[Node 8] 2025/11/28 13:32:24.565320 [Database] client 235 initialized with balance 10 (bolt)
[Node 8] 2025/11/28 13:32:24.583248 [Database] client 236 initialized with balance 10 (bolt)
[Node 8] 2025/11/28 13:32:24.587423 Node 8: Leader timeout (5.107949s), no leader msgs, starting election
[Node 8] 2025/11/28 13:32:24.591348 Node 8: StartLeaderElection invoked (leader=false active=false)
[Node 8] 2025/11/28 13:32:24.611376 [Database] client 237 initialized with balance 10 (bolt)
[Node 8] 2025/11/28 13:32:24.637699 [Database] client 238 initialized with balance 10 (bolt)
[Node 8] 2025/11/28 13:32:24.672354 [Database] client 239 initialized with balance 10 (bolt)
[Node 8] 2025/11/28 13:32:24.697303 [Database] client 240 initialized with balance 10 (bolt)
[Node 8] 2025/11/28 13:32:24.715503 [Database] client 241 initialized with balance 10 (bolt)
[Node 8] 2025/11/28 13:32:24.750295 [Database] client 242 initialized with balance 10 (bolt)
[Node 8] 2025/11/28 13:32:24.769366 [Database] client 243 initialized with balance 10 (bolt)
[Node 8] 2025/11/28 13:32:24.797334 [Database] client 244 initialized with balance 10 (bolt)
[Node 8] 2025/11/28 13:32:24.820479 [Database] client 245 initialized with balance 10 (bolt)
[Node 8] 2025/11/28 13:32:24.850427 [Database] client 246 initialized with balance 10 (bolt)
[Node 8] 2025/11/28 13:32:24.875401 [Database] client 247 initialized with balance 10 (bolt)
[Node 8] 2025/11/28 13:32:24.898355 [Database] client 248 initialized with balance 10 (bolt)
[Node 8] 2025/11/28 13:32:24.918429 [Database] client 249 initialized with balance 10 (bolt)
[Node 8] 2025/11/28 13:32:24.942337 [Database] client 250 initialized with balance 10 (bolt)
[Node 8] 2025/11/28 13:32:24.969404 [Database] client 251 initialized with balance 10 (bolt)
[Node 8] 2025/11/28 13:32:24.995162 [Database] client 252 initialized with balance 10 (bolt)
[Node 8] 2025/11/28 13:32:25.026193 [Database] client 253 initialized with balance 10 (bolt)
[Node 8] 2025/11/28 13:32:25.041192 [Database] client 254 initialized with balance 10 (bolt)
[Node 8] 2025/11/28 13:32:25.064307 [Database] client 255 initialized with balance 10 (bolt)
[Node 8] 2025/11/28 13:32:25.081326 [Database] client 256 initialized with balance 10 (bolt)
[Node 8] 2025/11/28 13:32:25.099156 [Database] client 257 initialized with balance 10 (bolt)
[Node 8] 2025/11/28 13:32:25.122328 [Database] client 258 initialized with balance 10 (bolt)
[Node 8] 2025/11/28 13:32:25.141348 [Database] client 259 initialized with balance 10 (bolt)
[Node 8] 2025/11/28 13:32:25.164182 [Database] client 260 initialized with balance 10 (bolt)
[Node 8] 2025/11/28 13:32:25.183323 [Database] client 261 initialized with balance 10 (bolt)
[Node 8] 2025/11/28 13:32:25.202354 [Database] client 262 initialized with balance 10 (bolt)
[Node 8] 2025/11/28 13:32:25.220432 [Database] client 263 initialized with balance 10 (bolt)
[Node 8] 2025/11/28 13:32:25.241329 [Database] client 264 initialized with balance 10 (bolt)
[Node 8] 2025/11/28 13:32:25.260262 [Database] client 265 initialized with balance 10 (bolt)
[Node 8] 2025/11/28 13:32:25.277227 [Database] client 266 initialized with balance 10 (bolt)
[Node 8] 2025/11/28 13:32:25.294243 [Database] client 267 initialized with balance 10 (bolt)
[Node 8] 2025/11/28 13:32:25.317310 [Database] client 268 initialized with balance 10 (bolt)
[Node 8] 2025/11/28 13:32:25.335469 [Database] client 269 initialized with balance 10 (bolt)
[Node 8] 2025/11/28 13:32:25.360343 [Database] client 270 initialized with balance 10 (bolt)
[Node 8] 2025/11/28 13:32:25.377207 [Database] client 271 initialized with balance 10 (bolt)
[Node 8] 2025/11/28 13:32:25.400151 [Database] client 272 initialized with balance 10 (bolt)
[Node 8] 2025/11/28 13:32:25.418317 [Database] client 273 initialized with balance 10 (bolt)
[Node 8] 2025/11/28 13:32:25.435255 [Database] client 274 initialized with balance 10 (bolt)
[Node 8] 2025/11/28 13:32:25.454245 [Database] client 275 initialized with balance 10 (bolt)
[Node 8] 2025/11/28 13:32:25.471256 [Database] client 276 initialized with balance 10 (bolt)
[Node 8] 2025/11/28 13:32:25.489288 [Database] client 277 initialized with balance 10 (bolt)
[Node 8] 2025/11/28 13:32:25.506261 [Database] client 278 initialized with balance 10 (bolt)
[Node 8] 2025/11/28 13:32:25.529122 [Database] client 279 initialized with balance 10 (bolt)
[Node 8] 2025/11/28 13:32:25.547210 [Database] client 280 initialized with balance 10 (bolt)
[Node 8] 2025/11/28 13:32:25.565305 [Database] client 281 initialized with balance 10 (bolt)
[Node 8] 2025/11/28 13:32:25.584244 [Database] client 282 initialized with balance 10 (bolt)
[Node 8] 2025/11/28 13:32:25.603337 [Database] client 283 initialized with balance 10 (bolt)
[Node 8] 2025/11/28 13:32:25.620241 [Database] client 284 initialized with balance 10 (bolt)
[Node 8] 2025/11/28 13:32:25.641227 [Database] client 285 initialized with balance 10 (bolt)
[Node 8] 2025/11/28 13:32:25.663354 [Database] client 286 initialized with balance 10 (bolt)
[Node 8] 2025/11/28 13:32:25.683300 [Database] client 287 initialized with balance 10 (bolt)
[Node 8] 2025/11/28 13:32:25.702254 [Database] client 288 initialized with balance 10 (bolt)
[Node 8] 2025/11/28 13:32:25.721200 [Database] client 289 initialized with balance 10 (bolt)
[Node 8] 2025/11/28 13:32:25.747184 [Database] client 290 initialized with balance 10 (bolt)
[Node 8] 2025/11/28 13:32:25.768254 [Database] client 291 initialized with balance 10 (bolt)
[Node 8] 2025/11/28 13:32:25.785351 [Database] client 292 initialized with balance 10 (bolt)
[Node 8] 2025/11/28 13:32:25.808286 [Database] client 293 initialized with balance 10 (bolt)
[Node 8] 2025/11/28 13:32:25.826248 [Database] client 294 initialized with balance 10 (bolt)
[Node 8] 2025/11/28 13:32:25.845283 [Database] client 295 initialized with balance 10 (bolt)
[Node 8] 2025/11/28 13:32:25.864262 [Database] client 296 initialized with balance 10 (bolt)
[Node 8] 2025/11/28 13:32:25.882344 [Database] client 297 initialized with balance 10 (bolt)
[Node 8] 2025/11/28 13:32:25.901249 [Database] client 298 initialized with balance 10 (bolt)
[Node 8] 2025/11/28 13:32:25.919274 [Database] client 299 initialized with balance 10 (bolt)
[Node 8] 2025/11/28 13:32:25.936319 [Database] client 300 initialized with balance 10 (bolt)
[Node 8] 2025/11/28 13:32:25.955188 [Database] client 301 initialized with balance 10 (bolt)
[Node 8] 2025/11/28 13:32:25.972198 [Database] client 302 initialized with balance 10 (bolt)
[Node 8] 2025/11/28 13:32:25.991204 [Database] client 303 initialized with balance 10 (bolt)
[Node 8] 2025/11/28 13:32:26.009183 [Database] client 304 initialized with balance 10 (bolt)
[Node 8] 2025/11/28 13:32:26.027262 [Database] client 305 initialized with balance 10 (bolt)
[Node 8] 2025/11/28 13:32:26.047268 [Database] client 306 initialized with balance 10 (bolt)
[Node 8] 2025/11/28 13:32:26.069490 [Database] client 307 initialized with balance 10 (bolt)
[Node 8] 2025/11/28 13:32:26.105445 [Database] client 308 initialized with balance 10 (bolt)
[Node 8] 2025/11/28 13:32:26.131379 [Database] client 309 initialized with balance 10 (bolt)
[Node 8] 2025/11/28 13:32:26.152354 [Database] client 310 initialized with balance 10 (bolt)
[Node 8] 2025/11/28 13:32:26.170308 [Database] client 311 initialized with balance 10 (bolt)
[Node 8] 2025/11/28 13:32:26.194238 [Database] client 312 initialized with balance 10 (bolt)
[Node 8] 2025/11/28 13:32:26.218343 [Database] client 313 initialized with balance 10 (bolt)
[Node 8] 2025/11/28 13:32:26.243346 [Database] client 314 initialized with balance 10 (bolt)
[Node 8] 2025/11/28 13:32:26.267291 [Database] client 315 initialized with balance 10 (bolt)
[Node 8] 2025/11/28 13:32:26.300336 [Database] client 316 initialized with balance 10 (bolt)
[Node 8] 2025/11/28 13:32:26.327324 [Database] client 317 initialized with balance 10 (bolt)
[Node 8] 2025/11/28 13:32:26.348640 [Database] client 318 initialized with balance 10 (bolt)
[Node 8] 2025/11/28 13:32:26.368645 [Database] client 319 initialized with balance 10 (bolt)
[Node 8] 2025/11/28 13:32:26.390270 [Database] client 320 initialized with balance 10 (bolt)
[Node 8] 2025/11/28 13:32:26.409209 [Database] client 321 initialized with balance 10 (bolt)
[Node 8] 2025/11/28 13:32:26.428307 [Database] client 322 initialized with balance 10 (bolt)
[Node 8] 2025/11/28 13:32:26.447180 [Database] client 323 initialized with balance 10 (bolt)
[Node 8] 2025/11/28 13:32:26.466177 [Database] client 324 initialized with balance 10 (bolt)
[Node 8] 2025/11/28 13:32:26.485167 [Database] client 325 initialized with balance 10 (bolt)
[Node 8] 2025/11/28 13:32:26.503218 [Database] client 326 initialized with balance 10 (bolt)
[Node 8] 2025/11/28 13:32:26.522262 [Database] client 327 initialized with balance 10 (bolt)
[Node 8] 2025/11/28 13:32:26.540212 [Database] client 328 initialized with balance 10 (bolt)
[Node 8] 2025/11/28 13:32:26.563234 [Database] client 329 initialized with balance 10 (bolt)
[Node 8] 2025/11/28 13:32:26.582244 [Database] client 330 initialized with balance 10 (bolt)
[Node 8] 2025/11/28 13:32:26.601258 [Database] client 331 initialized with balance 10 (bolt)
[Node 8] 2025/11/28 13:32:26.602785 Node 8: Leader timeout (7.123380s), no leader msgs, starting election
[Node 8] 2025/11/28 13:32:26.604420 Node 8: StartLeaderElection invoked (leader=false active=false)
[Node 8] 2025/11/28 13:32:26.620251 [Database] client 332 initialized with balance 10 (bolt)
[Node 8] 2025/11/28 13:32:26.639176 [Database] client 333 initialized with balance 10 (bolt)
[Node 8] 2025/11/28 13:32:26.657203 [Database] client 334 initialized with balance 10 (bolt)
[Node 8] 2025/11/28 13:32:26.676233 [Database] client 335 initialized with balance 10 (bolt)
[Node 8] 2025/11/28 13:32:26.695245 [Database] client 336 initialized with balance 10 (bolt)
[Node 8] 2025/11/28 13:32:26.720322 [Database] client 337 initialized with balance 10 (bolt)
[Node 8] 2025/11/28 13:32:26.738258 [Database] client 338 initialized with balance 10 (bolt)
[Node 8] 2025/11/28 13:32:26.757230 [Database] client 339 initialized with balance 10 (bolt)
[Node 8] 2025/11/28 13:32:26.777216 [Database] client 340 initialized with balance 10 (bolt)
[Node 8] 2025/11/28 13:32:26.797229 [Database] client 341 initialized with balance 10 (bolt)
[Node 8] 2025/11/28 13:32:26.817316 [Database] client 342 initialized with balance 10 (bolt)
[Node 8] 2025/11/28 13:32:26.844279 [Database] client 343 initialized with balance 10 (bolt)
[Node 8] 2025/11/28 13:32:26.865356 [Database] client 344 initialized with balance 10 (bolt)
[Node 8] 2025/11/28 13:32:26.888328 [Database] client 345 initialized with balance 10 (bolt)
[Node 8] 2025/11/28 13:32:26.908249 [Database] client 346 initialized with balance 10 (bolt)
[Node 8] 2025/11/28 13:32:26.933294 [Database] client 347 initialized with balance 10 (bolt)
[Node 8] 2025/11/28 13:32:26.952232 [Database] client 348 initialized with balance 10 (bolt)
[Node 8] 2025/11/28 13:32:26.972090 [Database] client 349 initialized with balance 10 (bolt)
[Node 8] 2025/11/28 13:32:26.990191 [Database] client 350 initialized with balance 10 (bolt)
[Node 8] 2025/11/28 13:32:27.008478 [Database] client 351 initialized with balance 10 (bolt)
[Node 8] 2025/11/28 13:32:27.030251 [Database] client 352 initialized with balance 10 (bolt)
[Node 8] 2025/11/28 13:32:27.049283 [Database] client 353 initialized with balance 10 (bolt)
[Node 8] 2025/11/28 13:32:27.073274 [Database] client 354 initialized with balance 10 (bolt)
[Node 8] 2025/11/28 13:32:27.091136 [Database] client 355 initialized with balance 10 (bolt)
[Node 8] 2025/11/28 13:32:27.110295 [Database] client 356 initialized with balance 10 (bolt)
[Node 8] 2025/11/28 13:32:27.129116 [Database] client 357 initialized with balance 10 (bolt)
[Node 8] 2025/11/28 13:32:27.145243 [Database] client 358 initialized with balance 10 (bolt)
[Node 8] 2025/11/28 13:32:27.165249 [Database] client 359 initialized with balance 10 (bolt)
[Node 8] 2025/11/28 13:32:27.183163 [Database] client 360 initialized with balance 10 (bolt)
[Node 8] 2025/11/28 13:32:27.203266 [Database] client 361 initialized with balance 10 (bolt)
[Node 8] 2025/11/28 13:32:27.230169 [Database] client 362 initialized with balance 10 (bolt)
[Node 8] 2025/11/28 13:32:27.247154 [Database] client 363 initialized with balance 10 (bolt)
[Node 8] 2025/11/28 13:32:27.265209 [Database] client 364 initialized with balance 10 (bolt)
[Node 8] 2025/11/28 13:32:27.285096 [Database] client 365 initialized with balance 10 (bolt)
[Node 8] 2025/11/28 13:32:27.304257 [Database] client 366 initialized with balance 10 (bolt)
[Node 8] 2025/11/28 13:32:27.321116 [Database] client 367 initialized with balance 10 (bolt)
[Node 8] 2025/11/28 13:32:27.338181 [Database] client 368 initialized with balance 10 (bolt)
[Node 8] 2025/11/28 13:32:27.357219 [Database] client 369 initialized with balance 10 (bolt)
[Node 8] 2025/11/28 13:32:27.378134 [Database] client 370 initialized with balance 10 (bolt)
[Node 8] 2025/11/28 13:32:27.399095 [Database] client 371 initialized with balance 10 (bolt)
[Node 8] 2025/11/28 13:32:27.417346 [Database] client 372 initialized with balance 10 (bolt)
[Node 8] 2025/11/28 13:32:27.435171 [Database] client 373 initialized with balance 10 (bolt)
[Node 8] 2025/11/28 13:32:27.453125 [Database] client 374 initialized with balance 10 (bolt)
[Node 8] 2025/11/28 13:32:27.471264 [Database] client 375 initialized with balance 10 (bolt)
[Node 8] 2025/11/28 13:32:27.489204 [Database] client 376 initialized with balance 10 (bolt)
[Node 8] 2025/11/28 13:32:27.508181 [Database] client 377 initialized with balance 10 (bolt)
[Node 8] 2025/11/28 13:32:27.525239 [Database] client 378 initialized with balance 10 (bolt)
[Node 8] 2025/11/28 13:32:27.542269 [Database] client 379 initialized with balance 10 (bolt)
[Node 8] 2025/11/28 13:32:27.560193 [Database] client 380 initialized with balance 10 (bolt)
[Node 8] 2025/11/28 13:32:27.576372 [Database] client 381 initialized with balance 10 (bolt)
[Node 8] 2025/11/28 13:32:27.594906 [Database] client 382 initialized with balance 10 (bolt)
[Node 8] 2025/11/28 13:32:27.613136 [Database] client 383 initialized with balance 10 (bolt)
[Node 8] 2025/11/28 13:32:27.631228 [Database] client 384 initialized with balance 10 (bolt)
[Node 8] 2025/11/28 13:32:27.649317 [Database] client 385 initialized with balance 10 (bolt)
[Node 8] 2025/11/28 13:32:27.672154 [Database] client 386 initialized with balance 10 (bolt)
[Node 8] 2025/11/28 13:32:27.698227 [Database] client 387 initialized with balance 10 (bolt)
[Node 8] 2025/11/28 13:32:27.723175 [Database] client 388 initialized with balance 10 (bolt)
[Node 8] 2025/11/28 13:32:27.737273 [Database] client 389 initialized with balance 10 (bolt)
[Node 8] 2025/11/28 13:32:27.755158 [Database] client 390 initialized with balance 10 (bolt)
[Node 8] 2025/11/28 13:32:27.769125 [Database] client 391 initialized with balance 10 (bolt)
[Node 8] 2025/11/28 13:32:27.787122 [Database] client 392 initialized with balance 10 (bolt)
[Node 8] 2025/11/28 13:32:27.803249 [Database] client 393 initialized with balance 10 (bolt)
[Node 8] 2025/11/28 13:32:27.822160 [Database] client 394 initialized with balance 10 (bolt)
[Node 8] 2025/11/28 13:32:27.839202 [Database] client 395 initialized with balance 10 (bolt)
[Node 8] 2025/11/28 13:32:27.858195 [Database] client 396 initialized with balance 10 (bolt)
[Node 8] 2025/11/28 13:32:27.877196 [Database] client 397 initialized with balance 10 (bolt)
[Node 8] 2025/11/28 13:32:27.894271 [Database] client 398 initialized with balance 10 (bolt)
[Node 8] 2025/11/28 13:32:27.912272 [Database] client 399 initialized with balance 10 (bolt)
[Node 8] 2025/11/28 13:32:27.930305 [Database] client 400 initialized with balance 10 (bolt)
[Node 8] 2025/11/28 13:32:27.948216 [Database] client 401 initialized with balance 10 (bolt)
[Node 8] 2025/11/28 13:32:27.966245 [Database] client 402 initialized with balance 10 (bolt)
[Node 8] 2025/11/28 13:32:27.984226 [Database] client 403 initialized with balance 10 (bolt)
[Node 8] 2025/11/28 13:32:28.002261 [Database] client 404 initialized with balance 10 (bolt)
[Node 8] 2025/11/28 13:32:28.020270 [Database] client 405 initialized with balance 10 (bolt)
[Node 8] 2025/11/28 13:32:28.038217 [Database] client 406 initialized with balance 10 (bolt)
[Node 8] 2025/11/28 13:32:28.057215 [Database] client 407 initialized with balance 10 (bolt)
[Node 8] 2025/11/28 13:32:28.071217 [Database] client 408 initialized with balance 10 (bolt)
[Node 8] 2025/11/28 13:32:28.089185 [Database] client 409 initialized with balance 10 (bolt)
[Node 8] 2025/11/28 13:32:28.112518 [Database] client 410 initialized with balance 10 (bolt)
[Node 8] 2025/11/28 13:32:28.136185 [Database] client 411 initialized with balance 10 (bolt)
[Node 8] 2025/11/28 13:32:28.150100 [Database] client 412 initialized with balance 10 (bolt)
[Node 8] 2025/11/28 13:32:28.170238 [Database] client 413 initialized with balance 10 (bolt)
[Node 8] 2025/11/28 13:32:28.199255 [Database] client 414 initialized with balance 10 (bolt)
[Node 8] 2025/11/28 13:32:28.229194 [Database] client 415 initialized with balance 10 (bolt)
[Node 8] 2025/11/28 13:32:28.244262 [Database] client 416 initialized with balance 10 (bolt)
[Node 8] 2025/11/28 13:32:28.263296 [Database] client 417 initialized with balance 10 (bolt)
[Node 8] 2025/11/28 13:32:28.294247 [Database] client 418 initialized with balance 10 (bolt)
[Node 8] 2025/11/28 13:32:28.311276 [Database] client 419 initialized with balance 10 (bolt)
[Node 8] 2025/11/28 13:32:28.331214 [Database] client 420 initialized with balance 10 (bolt)
[Node 8] 2025/11/28 13:32:28.350106 [Database] client 421 initialized with balance 10 (bolt)
[Node 8] 2025/11/28 13:32:28.369198 [Database] client 422 initialized with balance 10 (bolt)
[Node 8] 2025/11/28 13:32:28.387182 [Database] client 423 initialized with balance 10 (bolt)
[Node 8] 2025/11/28 13:32:28.406126 [Database] client 424 initialized with balance 10 (bolt)
[Node 8] 2025/11/28 13:32:28.426178 [Database] client 425 initialized with balance 10 (bolt)
[Node 8] 2025/11/28 13:32:28.447673 [Database] client 426 initialized with balance 10 (bolt)
[Node 8] 2025/11/28 13:32:28.467155 [Database] client 427 initialized with balance 10 (bolt)
[Node 8] 2025/11/28 13:32:28.483156 [Database] client 428 initialized with balance 10 (bolt)
[Node 8] 2025/11/28 13:32:28.502238 [Database] client 429 initialized with balance 10 (bolt)
[Node 8] 2025/11/28 13:32:28.520322 [Database] client 430 initialized with balance 10 (bolt)
[Node 8] 2025/11/28 13:32:28.537225 [Database] client 431 initialized with balance 10 (bolt)
[Node 8] 2025/11/28 13:32:28.557227 [Database] client 432 initialized with balance 10 (bolt)
[Node 8] 2025/11/28 13:32:28.576185 [Database] client 433 initialized with balance 10 (bolt)
[Node 8] 2025/11/28 13:32:28.593182 [Database] client 434 initialized with balance 10 (bolt)
[Node 8] 2025/11/28 13:32:28.612148 [Database] client 435 initialized with balance 10 (bolt)
[Node 8] 2025/11/28 13:32:28.617517 Node 8: Leader timeout (9.138179s), no leader msgs, starting election
[Node 8] 2025/11/28 13:32:28.619244 Node 8: StartLeaderElection invoked (leader=false active=false)
[Node 8] 2025/11/28 13:32:28.630163 [Database] client 436 initialized with balance 10 (bolt)
[Node 8] 2025/11/28 13:32:28.648201 [Database] client 437 initialized with balance 10 (bolt)
[Node 8] 2025/11/28 13:32:28.667214 [Database] client 438 initialized with balance 10 (bolt)
[Node 8] 2025/11/28 13:32:28.681127 [Database] client 439 initialized with balance 10 (bolt)
[Node 8] 2025/11/28 13:32:28.696191 [Database] client 440 initialized with balance 10 (bolt)
[Node 8] 2025/11/28 13:32:28.711220 [Database] client 441 initialized with balance 10 (bolt)
[Node 8] 2025/11/28 13:32:28.726240 [Database] client 442 initialized with balance 10 (bolt)
[Node 8] 2025/11/28 13:32:28.741186 [Database] client 443 initialized with balance 10 (bolt)
[Node 8] 2025/11/28 13:32:28.756199 [Database] client 444 initialized with balance 10 (bolt)
[Node 8] 2025/11/28 13:32:28.771234 [Database] client 445 initialized with balance 10 (bolt)
[Node 8] 2025/11/28 13:32:28.786204 [Database] client 446 initialized with balance 10 (bolt)
[Node 8] 2025/11/28 13:32:28.800206 [Database] client 447 initialized with balance 10 (bolt)
[Node 8] 2025/11/28 13:32:28.816169 [Database] client 448 initialized with balance 10 (bolt)
[Node 8] 2025/11/28 13:32:28.831123 [Database] client 449 initialized with balance 10 (bolt)
[Node 8] 2025/11/28 13:32:28.846108 [Database] client 450 initialized with balance 10 (bolt)
[Node 8] 2025/11/28 13:32:28.860266 [Database] client 451 initialized with balance 10 (bolt)
[Node 8] 2025/11/28 13:32:28.876129 [Database] client 452 initialized with balance 10 (bolt)
[Node 8] 2025/11/28 13:32:28.890183 [Database] client 453 initialized with balance 10 (bolt)
[Node 8] 2025/11/28 13:32:28.905113 [Database] client 454 initialized with balance 10 (bolt)
[Node 8] 2025/11/28 13:32:28.920137 [Database] client 455 initialized with balance 10 (bolt)
[Node 8] 2025/11/28 13:32:28.937199 [Database] client 456 initialized with balance 10 (bolt)
[Node 8] 2025/11/28 13:32:28.953120 [Database] client 457 initialized with balance 10 (bolt)
[Node 8] 2025/11/28 13:32:28.970193 [Database] client 458 initialized with balance 10 (bolt)
[Node 8] 2025/11/28 13:32:28.985166 [Database] client 459 initialized with balance 10 (bolt)
[Node 8] 2025/11/28 13:32:29.000151 [Database] client 460 initialized with balance 10 (bolt)
[Node 8] 2025/11/28 13:32:29.019257 [Database] client 461 initialized with balance 10 (bolt)
[Node 8] 2025/11/28 13:32:29.037183 [Database] client 462 initialized with balance 10 (bolt)
[Node 8] 2025/11/28 13:32:29.053105 [Database] client 463 initialized with balance 10 (bolt)
[Node 8] 2025/11/28 13:32:29.069116 [Database] client 464 initialized with balance 10 (bolt)
[Node 8] 2025/11/28 13:32:29.084051 [Database] client 465 initialized with balance 10 (bolt)
[Node 8] 2025/11/28 13:32:29.099100 [Database] client 466 initialized with balance 10 (bolt)
[Node 8] 2025/11/28 13:32:29.114291 [Database] client 467 initialized with balance 10 (bolt)
[Node 8] 2025/11/28 13:32:29.128029 [Database] client 468 initialized with balance 10 (bolt)
[Node 8] 2025/11/28 13:32:29.143111 [Database] client 469 initialized with balance 10 (bolt)
[Node 8] 2025/11/28 13:32:29.158100 [Database] client 470 initialized with balance 10 (bolt)
[Node 8] 2025/11/28 13:32:29.173160 [Database] client 471 initialized with balance 10 (bolt)
[Node 8] 2025/11/28 13:32:29.188186 [Database] client 472 initialized with balance 10 (bolt)
[Node 8] 2025/11/28 13:32:29.203145 [Database] client 473 initialized with balance 10 (bolt)
[Node 8] 2025/11/28 13:32:29.218126 [Database] client 474 initialized with balance 10 (bolt)
[Node 8] 2025/11/28 13:32:29.233201 [Database] client 475 initialized with balance 10 (bolt)
[Node 8] 2025/11/28 13:32:29.248186 [Database] client 476 initialized with balance 10 (bolt)
[Node 8] 2025/11/28 13:32:29.263141 [Database] client 477 initialized with balance 10 (bolt)
[Node 8] 2025/11/28 13:32:29.278171 [Database] client 478 initialized with balance 10 (bolt)
[Node 8] 2025/11/28 13:32:29.293080 [Database] client 479 initialized with balance 10 (bolt)
[Node 8] 2025/11/28 13:32:29.308148 [Database] client 480 initialized with balance 10 (bolt)
[Node 8] 2025/11/28 13:32:29.324087 [Database] client 481 initialized with balance 10 (bolt)
[Node 8] 2025/11/28 13:32:29.338223 [Database] client 482 initialized with balance 10 (bolt)
[Node 8] 2025/11/28 13:32:29.354198 [Database] client 483 initialized with balance 10 (bolt)
[Node 8] 2025/11/28 13:32:29.368165 [Database] client 484 initialized with balance 10 (bolt)
[Node 8] 2025/11/28 13:32:29.384186 [Database] client 485 initialized with balance 10 (bolt)
[Node 8] 2025/11/28 13:32:29.400230 [Database] client 486 initialized with balance 10 (bolt)
[Node 8] 2025/11/28 13:32:29.415289 [Database] client 487 initialized with balance 10 (bolt)
[Node 8] 2025/11/28 13:32:29.432175 [Database] client 488 initialized with balance 10 (bolt)
[Node 8] 2025/11/28 13:32:29.450242 [Database] client 489 initialized with balance 10 (bolt)
[Node 8] 2025/11/28 13:32:29.467362 [Database] client 490 initialized with balance 10 (bolt)
[Node 8] 2025/11/28 13:32:29.485146 [Database] client 491 initialized with balance 10 (bolt)
[Node 8] 2025/11/28 13:32:29.503249 [Database] client 492 initialized with balance 10 (bolt)
[Node 8] 2025/11/28 13:32:29.521174 [Database] client 493 initialized with balance 10 (bolt)
[Node 8] 2025/11/28 13:32:29.536160 [Database] client 494 initialized with balance 10 (bolt)
[Node 8] 2025/11/28 13:32:29.551142 [Database] client 495 initialized with balance 10 (bolt)
[Node 8] 2025/11/28 13:32:29.566160 [Database] client 496 initialized with balance 10 (bolt)
[Node 8] 2025/11/28 13:32:29.581152 [Database] client 497 initialized with balance 10 (bolt)
[Node 8] 2025/11/28 13:32:29.596101 [Database] client 498 initialized with balance 10 (bolt)
[Node 8] 2025/11/28 13:32:29.614457 [Database] client 499 initialized with balance 10 (bolt)
[Node 8] 2025/11/28 13:32:29.636201 [Database] client 500 initialized with balance 10 (bolt)
[Node 8] 2025/11/28 13:32:29.650149 Node 8: initialization complete (maj=3)
[Node 8] 2025/11/28 13:32:29.650673 Node 8: starting RPC server at localhost:8008
[Node 8] 2025/11/28 13:36:04.867606 Node 8: Accept RPC seq=1 ballot=(5,1)
[Node 8] 2025/11/28 13:36:04.867871 Node 8 ACCEPT seq=1 ballot=(5,1) txn=(1→2,1)
[Node 8] 2025/11/28 13:36:04.867878 Node 8: Accepted seq 1
[Node 8] 2025/11/28 13:36:04.888414 Node 8: Commit RPC seq=1 ballot=(5,1)
[Node 8] 2025/11/28 13:36:04.888450 Node 8: executeRequestsInOrder triggered
[Node 8] 2025/11/28 13:36:04.888466 [Database] executing txn (bolt) (1,2,1)
[Node 8] 2025/11/28 13:36:04.904558 [Database] txn success (bolt): 1 -> 2 amount 1
[Node 8] 2025/11/28 13:36:04.904893 Node 8: executeRequestsInOrder stopping at gap seq=2
[Node 8] 2025/11/28 13:39:21.617742 Node 8: Accept RPC seq=2 ballot=(5,1)
[Node 8] 2025/11/28 13:39:21.617946 Node 8 ACCEPT seq=2 ballot=(5,1) txn=(1→2,1)
[Node 8] 2025/11/28 13:39:21.617953 Node 8: Accepted seq 2
[Node 8] 2025/11/28 13:39:21.642545 Node 8: Commit RPC seq=2 ballot=(5,1)
[Node 8] 2025/11/28 13:39:21.645572 Node 8: executeRequestsInOrder triggered
[Node 8] 2025/11/28 13:39:21.648300 [Database] executing txn (bolt) (1,2,1)
[Node 8] 2025/11/28 13:39:21.672296 [Database] txn success (bolt): 1 -> 2 amount 1
[Node 8] 2025/11/28 13:39:21.672354 Node 8: executeRequestsInOrder stopping at gap seq=3
[Node 8] 2025/11/28 13:40:56.936844 Node 8 shutting down...
[Node 8] 2025/11/28 13:40:56.938498 Node 8: stopping node
[Node 8] 2025/11/28 13:40:56.938670 Node 8: accept error: accept tcp 127.0.0.1:8008: use of closed network connection
