[Node 4] 2025/11/24 14:37:33.679590 Node 4: initializing at localhost:8004 with 5 peers
[Node 4] 2025/11/24 14:37:33.679695 [Database] initializing new in-memory store
[Node 4] 2025/11/24 14:37:33.679703 [Database] client A initialized with balance 10
[Node 4] 2025/11/24 14:37:33.679708 [Database] client B initialized with balance 10
[Node 4] 2025/11/24 14:37:33.679711 [Database] client C initialized with balance 10
[Node 4] 2025/11/24 14:37:33.679713 [Database] client D initialized with balance 10
[Node 4] 2025/11/24 14:37:33.679718 [Database] client E initialized with balance 10
[Node 4] 2025/11/24 14:37:33.679721 [Database] client F initialized with balance 10
[Node 4] 2025/11/24 14:37:33.679723 [Database] client G initialized with balance 10
[Node 4] 2025/11/24 14:37:33.679726 [Database] client H initialized with balance 10
[Node 4] 2025/11/24 14:37:33.679728 [Database] client I initialized with balance 10
[Node 4] 2025/11/24 14:37:33.679731 [Database] client J initialized with balance 10
[Node 4] 2025/11/24 14:37:33.679706 Node 4: leader timeout monitor running
[Node 4] 2025/11/24 14:37:33.679735 Node 4: initialization complete (maj=3)
[Node 4] 2025/11/24 14:37:33.679809 Node 4: starting RPC server at localhost:8004
[Node 4] 2025/11/24 14:37:33.735850 Node 4: Prepare RPC from ballot (3,1)
[Node 4] 2025/11/24 14:37:33.735865 Node 4: Promised ballot (3,1)
[Node 4] 2025/11/24 14:37:33.736533 Node 4: NewView RPC ballot=(3,1) entries=0
[Node 4] 2025/11/24 14:37:33.736547 Node 4: applyCommittedEntries up to seq=0
[Node 4] 2025/11/24 14:37:33.736571 Node 4: executeRequestsInOrder triggered
[Node 4] 2025/11/24 14:37:33.736588 Node 4: executeRequestsInOrder stopping at gap seq=1
[Node 4] 2025/11/24 14:38:03.047208 Node 4: UpdateActiveStatus node=4 live=true
[Node 4] 2025/11/24 14:38:03.047250 Node 4: setNodeLiveness node=4 live=true
[Node 4] 2025/11/24 14:38:03.047354 Node 4: UpdateActiveStatus node=1 live=true
[Node 4] 2025/11/24 14:38:03.047376 Node 4: setNodeLiveness node=1 live=true
[Node 4] 2025/11/24 14:38:03.047450 Node 4: UpdateActiveStatus node=3 live=true
[Node 4] 2025/11/24 14:38:03.047471 Node 4: setNodeLiveness node=3 live=true
[Node 4] 2025/11/24 14:38:03.047529 Node 4: UpdateActiveStatus node=2 live=true
[Node 4] 2025/11/24 14:38:03.047548 Node 4: setNodeLiveness node=2 live=true
[Node 4] 2025/11/24 14:38:03.047607 Node 4: UpdateActiveStatus node=5 live=true
[Node 4] 2025/11/24 14:38:03.047622 Node 4: setNodeLiveness node=5 live=true
[Node 4] 2025/11/24 14:38:03.345628 Node 4: Accept RPC seq=1 ballot=(3,1)
[Node 4] 2025/11/24 14:38:03.345697 Node 4 ACCEPT seq=1 ballot=(3,1) txn=(A→J,3)
[Node 4] 2025/11/24 14:38:03.345732 Node 4: Accepted seq 1
[Node 4] 2025/11/24 14:38:03.356121 Node 4: Commit RPC seq=1 ballot=(3,1)
[Node 4] 2025/11/24 14:38:03.356183 Node 4: executeRequestsInOrder triggered
[Node 4] 2025/11/24 14:38:03.356209 [Database] executing txn (A,J,3)
[Node 4] 2025/11/24 14:38:03.356226 [Database] txn success: A -> J amount 3
[Node 4] 2025/11/24 14:38:03.356262 Node 4: executeRequestsInOrder stopping at gap seq=2
[Node 4] 2025/11/24 14:38:03.561047 Node 4: Accept RPC seq=2 ballot=(3,1)
[Node 4] 2025/11/24 14:38:03.561144 Node 4 ACCEPT seq=2 ballot=(3,1) txn=(C→D,1)
[Node 4] 2025/11/24 14:38:03.561180 Node 4: Accepted seq 2
[Node 4] 2025/11/24 14:38:03.572011 Node 4: Commit RPC seq=2 ballot=(3,1)
[Node 4] 2025/11/24 14:38:03.572164 Node 4: executeRequestsInOrder triggered
[Node 4] 2025/11/24 14:38:03.572264 [Database] executing txn (C,D,1)
[Node 4] 2025/11/24 14:38:03.572345 [Database] txn success: C -> D amount 1
[Node 4] 2025/11/24 14:38:03.572369 Node 4: executeRequestsInOrder stopping at gap seq=3
[Node 4] 2025/11/24 14:38:03.775997 Node 4: Accept RPC seq=3 ballot=(3,1)
[Node 4] 2025/11/24 14:38:03.776054 Node 4 ACCEPT seq=3 ballot=(3,1) txn=(B→E,4)
[Node 4] 2025/11/24 14:38:03.776075 Node 4: Accepted seq 3
[Node 4] 2025/11/24 14:38:03.786471 Node 4: Commit RPC seq=3 ballot=(3,1)
[Node 4] 2025/11/24 14:38:03.786590 Node 4: executeRequestsInOrder triggered
[Node 4] 2025/11/24 14:38:03.786754 [Database] executing txn (B,E,4)
[Node 4] 2025/11/24 14:38:03.786835 [Database] txn success: B -> E amount 4
[Node 4] 2025/11/24 14:38:03.786845 Node 4: executeRequestsInOrder stopping at gap seq=4
[Node 4] 2025/11/24 14:38:03.992379 Node 4: Accept RPC seq=4 ballot=(3,1)
[Node 4] 2025/11/24 14:38:03.992633 Node 4 ACCEPT seq=4 ballot=(3,1) txn=(F→G,2)
[Node 4] 2025/11/24 14:38:03.992680 Node 4: Accepted seq 4
[Node 4] 2025/11/24 14:38:04.001998 Node 4: Commit RPC seq=4 ballot=(3,1)
[Node 4] 2025/11/24 14:38:04.002061 Node 4: executeRequestsInOrder triggered
[Node 4] 2025/11/24 14:38:04.002076 [Database] executing txn (F,G,2)
[Node 4] 2025/11/24 14:38:04.002084 [Database] txn success: F -> G amount 2
[Node 4] 2025/11/24 14:38:04.002091 Node 4: executeRequestsInOrder stopping at gap seq=5
[Node 4] 2025/11/24 14:38:04.204435 Node 4: Accept RPC seq=5 ballot=(3,1)
[Node 4] 2025/11/24 14:38:04.204476 Node 4 ACCEPT seq=5 ballot=(3,1) txn=(H→I,2)
[Node 4] 2025/11/24 14:38:04.204487 Node 4: Accepted seq 5
[Node 4] 2025/11/24 14:38:04.215519 Node 4: Commit RPC seq=5 ballot=(3,1)
[Node 4] 2025/11/24 14:38:04.215563 Node 4: executeRequestsInOrder triggered
[Node 4] 2025/11/24 14:38:04.215585 [Database] executing txn (H,I,2)
[Node 4] 2025/11/24 14:38:04.215592 [Database] txn success: H -> I amount 2
[Node 4] 2025/11/24 14:38:04.215604 Node 4: executeRequestsInOrder stopping at gap seq=6
[Node 4] 2025/11/24 14:38:05.948456 Node 4: UpdateActiveStatus node=4 live=true
[Node 4] 2025/11/24 14:38:05.948574 Node 4: setNodeLiveness node=4 live=true
[Node 4] 2025/11/24 14:38:05.948733 Node 4: UpdateActiveStatus node=5 live=false
[Node 4] 2025/11/24 14:38:05.948767 Node 4: setNodeLiveness node=5 live=false
[Node 4] 2025/11/24 14:38:05.948876 Node 4: UpdateActiveStatus node=1 live=true
[Node 4] 2025/11/24 14:38:05.948908 Node 4: setNodeLiveness node=1 live=true
[Node 4] 2025/11/24 14:38:05.949001 Node 4: UpdateActiveStatus node=3 live=true
[Node 4] 2025/11/24 14:38:05.949038 Node 4: setNodeLiveness node=3 live=true
[Node 4] 2025/11/24 14:38:05.949140 Node 4: UpdateActiveStatus node=2 live=true
[Node 4] 2025/11/24 14:38:05.949167 Node 4: setNodeLiveness node=2 live=true
[Node 4] 2025/11/24 14:38:06.251577 Node 4: Accept RPC seq=6 ballot=(3,1)
[Node 4] 2025/11/24 14:38:06.251663 Node 4 ACCEPT seq=6 ballot=(3,1) txn=(B→I,2)
[Node 4] 2025/11/24 14:38:06.251692 Node 4: Accepted seq 6
[Node 4] 2025/11/24 14:38:06.262721 Node 4: Commit RPC seq=6 ballot=(3,1)
[Node 4] 2025/11/24 14:38:06.262825 Node 4: executeRequestsInOrder triggered
[Node 4] 2025/11/24 14:38:06.262861 [Database] executing txn (B,I,2)
[Node 4] 2025/11/24 14:38:06.262875 [Database] txn success: B -> I amount 2
[Node 4] 2025/11/24 14:38:06.262889 Node 4: executeRequestsInOrder stopping at gap seq=7
[Node 4] 2025/11/24 14:38:06.467174 Node 4: Accept RPC seq=7 ballot=(3,1)
[Node 4] 2025/11/24 14:38:06.467275 Node 4 ACCEPT seq=7 ballot=(3,1) txn=(J→C,4)
[Node 4] 2025/11/24 14:38:06.467300 Node 4: Accepted seq 7
[Node 4] 2025/11/24 14:38:06.478111 Node 4: Commit RPC seq=7 ballot=(3,1)
[Node 4] 2025/11/24 14:38:06.478166 Node 4: executeRequestsInOrder triggered
[Node 4] 2025/11/24 14:38:06.478191 [Database] executing txn (J,C,4)
[Node 4] 2025/11/24 14:38:06.478202 [Database] txn success: J -> C amount 4
[Node 4] 2025/11/24 14:38:06.478209 Node 4: executeRequestsInOrder stopping at gap seq=8
[Node 4] 2025/11/24 14:38:07.970743 Node 4: UpdateActiveStatus node=5 live=true
[Node 4] 2025/11/24 14:38:07.970774 Node 4: setNodeLiveness node=5 live=true
[Node 4] 2025/11/24 14:38:07.970984 Node 4: UpdateActiveStatus node=4 live=false
[Node 4] 2025/11/24 14:38:07.971022 Node 4: setNodeLiveness node=4 live=false
[Node 4] 2025/11/24 14:38:07.971151 Node 4: UpdateActiveStatus node=2 live=false
[Node 4] 2025/11/24 14:38:07.971189 Node 4: setNodeLiveness node=2 live=false
[Node 4] 2025/11/24 14:38:07.972008 Node 4: UpdateActiveStatus node=3 live=true
[Node 4] 2025/11/24 14:38:07.972050 Node 4: setNodeLiveness node=3 live=true
[Node 4] 2025/11/24 14:38:07.973684 Node 4: UpdateActiveStatus node=1 live=true
[Node 4] 2025/11/24 14:38:07.973752 Node 4: setNodeLiveness node=1 live=true
[Node 4] 2025/11/24 14:38:09.685416 Node 4: UpdateActiveStatus node=4 live=false
[Node 4] 2025/11/24 14:38:09.685445 Node 4: setNodeLiveness node=4 live=false
[Node 4] 2025/11/24 14:38:09.685514 Node 4: UpdateActiveStatus node=1 live=true
[Node 4] 2025/11/24 14:38:09.685528 Node 4: setNodeLiveness node=1 live=true
[Node 4] 2025/11/24 14:38:09.685606 Node 4: UpdateActiveStatus node=2 live=true
[Node 4] 2025/11/24 14:38:09.685618 Node 4: setNodeLiveness node=2 live=true
[Node 4] 2025/11/24 14:38:09.685706 Node 4: UpdateActiveStatus node=3 live=true
[Node 4] 2025/11/24 14:38:09.685750 Node 4: setNodeLiveness node=3 live=true
[Node 4] 2025/11/24 14:38:09.685745 Node 4: UpdateActiveStatus node=5 live=true
[Node 4] 2025/11/24 14:38:09.685799 Node 4: setNodeLiveness node=5 live=true
[Node 4] 2025/11/24 14:38:10.858614 Node 4: Leader timeout (3.092125s), no leader msgs, starting election
[Node 4] 2025/11/24 14:38:10.858769 Node 4: StartLeaderElection invoked (leader=false active=false)
[Node 4] 2025/11/24 14:38:11.771933 Node 4: UpdateActiveStatus node=2 live=true
[Node 4] 2025/11/24 14:38:11.771963 Node 4: setNodeLiveness node=2 live=true
[Node 4] 2025/11/24 14:38:11.772074 Node 4: UpdateActiveStatus node=5 live=false
[Node 4] 2025/11/24 14:38:11.772093 Node 4: setNodeLiveness node=5 live=false
[Node 4] 2025/11/24 14:38:11.772232 Node 4: UpdateActiveStatus node=1 live=true
[Node 4] 2025/11/24 14:38:11.772251 Node 4: setNodeLiveness node=1 live=true
[Node 4] 2025/11/24 14:38:11.772343 Node 4: UpdateActiveStatus node=4 live=false
[Node 4] 2025/11/24 14:38:11.772367 Node 4: setNodeLiveness node=4 live=false
[Node 4] 2025/11/24 14:38:11.772560 Node 4: UpdateActiveStatus node=3 live=false
[Node 4] 2025/11/24 14:38:11.772645 Node 4: setNodeLiveness node=3 live=false
[Node 4] 2025/11/24 14:38:12.867809 Node 4: Leader timeout (5.101299s), no leader msgs, starting election
[Node 4] 2025/11/24 14:38:12.867894 Node 4: StartLeaderElection invoked (leader=false active=false)
[Node 4] 2025/11/24 14:38:13.657346 Node 4: UpdateActiveStatus node=5 live=true
[Node 4] 2025/11/24 14:38:13.657465 Node 4: setNodeLiveness node=5 live=true
[Node 4] 2025/11/24 14:38:13.660755 Node 4: UpdateActiveStatus node=2 live=true
[Node 4] 2025/11/24 14:38:13.660785 Node 4: setNodeLiveness node=2 live=true
[Node 4] 2025/11/24 14:38:13.660775 Node 4: UpdateActiveStatus node=4 live=true
[Node 4] 2025/11/24 14:38:13.660833 Node 4: setNodeLiveness node=4 live=true
[Node 4] 2025/11/24 14:38:13.660858 Node 4: initiating state sync attempts
[Node 4] 2025/11/24 14:38:13.660872 Node 4: RPC RequestStateTransfer->node 1
[Node 4] 2025/11/24 14:38:13.660798 Node 4: UpdateActiveStatus node=1 live=true
[Node 4] 2025/11/24 14:38:13.660946 Node 4: setNodeLiveness node=1 live=true
[Node 4] 2025/11/24 14:38:13.661043 Node 4: UpdateActiveStatus node=3 live=true
[Node 4] 2025/11/24 14:38:13.661058 Node 4: setNodeLiveness node=3 live=true
[Node 4] 2025/11/24 14:38:13.661913 Node 4: NewView RPC ballot=(3,1) entries=11
[Node 4] 2025/11/24 14:38:13.662461 Node 4: state sync completed
[Node 4] 2025/11/24 14:38:13.959799 Node 4: Accept RPC seq=12 ballot=(3,1)
[Node 4] 2025/11/24 14:38:13.959917 Node 4 ACCEPT seq=12 ballot=(3,1) txn=(C→B,1)
[Node 4] 2025/11/24 14:38:13.959947 Node 4: Accepted seq 12
[Node 4] 2025/11/24 14:38:13.970378 Node 4: Commit RPC seq=12 ballot=(3,1)
[Node 4] 2025/11/24 14:38:13.970472 Node 4: executeRequestsInOrder triggered
[Node 4] 2025/11/24 14:38:13.970495 Node 4: executeRequestsInOrder stopping at gap seq=8
[Node 4] 2025/11/24 14:38:13.971439 Node 4: Accept RPC seq=13 ballot=(3,1)
[Node 4] 2025/11/24 14:38:13.971471 Node 4 ACCEPT seq=13 ballot=(3,1) txn=(D→F,2)
[Node 4] 2025/11/24 14:38:13.971480 Node 4: Accepted seq 13
[Node 4] 2025/11/24 14:38:13.983017 Node 4: Commit RPC seq=13 ballot=(3,1)
[Node 4] 2025/11/24 14:38:13.983073 Node 4: executeRequestsInOrder triggered
[Node 4] 2025/11/24 14:38:13.983087 Node 4: executeRequestsInOrder stopping at gap seq=8
[Node 4] 2025/11/24 14:38:13.984002 Node 4: Accept RPC seq=14 ballot=(3,1)
[Node 4] 2025/11/24 14:38:13.984062 Node 4 ACCEPT seq=14 ballot=(3,1) txn=(A→B,4)
[Node 4] 2025/11/24 14:38:13.984080 Node 4: Accepted seq 14
[Node 4] 2025/11/24 14:38:13.995548 Node 4: Commit RPC seq=14 ballot=(3,1)
[Node 4] 2025/11/24 14:38:13.995600 Node 4: executeRequestsInOrder triggered
[Node 4] 2025/11/24 14:38:13.995628 Node 4: executeRequestsInOrder stopping at gap seq=8
[Node 4] 2025/11/24 14:38:14.198952 Node 4: Prepare RPC from ballot (4,2)
[Node 4] 2025/11/24 14:38:14.198994 Node 4: Promised ballot (4,2)
[Node 4] 2025/11/24 14:38:14.199594 Node 4: UpdateActiveStatus node=1 live=false
[Node 4] 2025/11/24 14:38:14.199623 Node 4: setNodeLiveness node=1 live=false
[Node 4] 2025/11/24 14:38:14.199637 Node 4: Prepare RPC from ballot (4,3)
[Node 4] 2025/11/24 14:38:14.199653 Node 4: StartLeaderElection invoked (leader=false active=true)
[Node 4] 2025/11/24 14:38:14.199670 Node 4: Starting leader election with ballot (5,4)
[Node 4] 2025/11/24 14:38:14.199700 Node 4: skipping RPC Prepare to inactive node 1
[Node 4] 2025/11/24 14:38:14.199703 Node 4: RPC Prepare->node 5
[Node 4] 2025/11/24 14:38:14.199708 Node 4: RPC Prepare->node 2
[Node 4] 2025/11/24 14:38:14.199707 Node 4: Ignoring prepare from Node 3 (fresh leader 4, ballot (5,4))
[Node 4] 2025/11/24 14:38:14.199766 Node 4: RPC Prepare->node 3
[Node 4] 2025/11/24 14:38:14.199897 Node 4: NewView RPC ballot=(4,2) entries=14
[Node 4] 2025/11/24 14:38:14.199918 Node 4: applyCommittedEntries up to seq=14
[Node 4] 2025/11/24 14:38:14.199925 [Database] executing txn (B,F,3)
[Node 4] 2025/11/24 14:38:14.199930 [Database] txn success: B -> F amount 3
[Node 4] 2025/11/24 14:38:14.199934 [Database] executing txn (C,A,2)
[Node 4] 2025/11/24 14:38:14.199939 [Database] txn success: C -> A amount 2
[Node 4] 2025/11/24 14:38:14.199948 [Database] executing txn (B,F,3)
[Node 4] 2025/11/24 14:38:14.199953 [Database] txn failed: sender B insufficient balance 1 (amt 3)
[Node 4] 2025/11/24 14:38:14.199957 [Database] executing txn (A,H,3)
[Node 4] 2025/11/24 14:38:14.199961 [Database] txn success: A -> H amount 3
[Node 4] 2025/11/24 14:38:14.199965 [Database] executing txn (C,B,1)
[Node 4] 2025/11/24 14:38:14.199971 [Database] txn success: C -> B amount 1
[Node 4] 2025/11/24 14:38:14.199977 [Database] executing txn (D,F,2)
[Node 4] 2025/11/24 14:38:14.199984 [Database] txn success: D -> F amount 2
[Node 4] 2025/11/24 14:38:14.199993 [Database] executing txn (A,B,4)
[Node 4] 2025/11/24 14:38:14.199996 [Database] txn success: A -> B amount 4
[Node 4] 2025/11/24 14:38:14.200021 Node 4: executeRequestsInOrder triggered
[Node 4] 2025/11/24 14:38:14.200032 Node 4: executeRequestsInOrder stopping at gap seq=15
[Node 4] 2025/11/24 14:38:14.200032 Node 4: RPC AcceptedFromNewView->node 2
[Node 4] 2025/11/24 14:38:14.200044 Node 4: RPC AcceptedFromNewView->node 2
[Node 4] 2025/11/24 14:38:14.200036 Node 4: RPC AcceptedFromNewView->node 2
[Node 4] 2025/11/24 14:38:14.200038 Node 4: RPC AcceptedFromNewView->node 2
[Node 4] 2025/11/24 14:38:14.200041 Node 4: RPC AcceptedFromNewView->node 2
[Node 4] 2025/11/24 14:38:14.200092 Node 4: RPC AcceptedFromNewView->node 2
[Node 4] 2025/11/24 14:38:14.200025 Node 4: RPC AcceptedFromNewView->node 2
[Node 4] 2025/11/24 14:38:14.200042 Node 4: RPC AcceptedFromNewView->node 2
[Node 4] 2025/11/24 14:38:14.200083 Node 4: RPC AcceptedFromNewView->node 2
[Node 4] 2025/11/24 14:38:14.200097 Node 4: RPC AcceptedFromNewView->node 2
[Node 4] 2025/11/24 14:38:14.200100 Node 4: RPC AcceptedFromNewView->node 2
[Node 4] 2025/11/24 14:38:14.200102 Node 4: RPC AcceptedFromNewView->node 2
[Node 4] 2025/11/24 14:38:14.200102 Node 4: RPC AcceptedFromNewView->node 2
[Node 4] 2025/11/24 14:38:14.200030 Node 4: RPC AcceptedFromNewView->node 2
[Node 4] 2025/11/24 14:38:14.200814 Node 4: creating new view from 3 promises
[Node 4] 2025/11/24 14:38:14.200825 Node 4: heartbeat loop started
[Node 4] 2025/11/24 14:38:14.200835 Node 4: applyCommittedEntries up to seq=14
[Node 4] 2025/11/24 14:38:14.200861 Node 4: new view constructed with 14 entries (maxSeq=14)
[Node 4] 2025/11/24 14:38:14.200876 Node 4: broadcasting NewView ballot=(5,4) entries=14
[Node 4] 2025/11/24 14:38:14.200891 Node 4: RPC NewView->node 3
[Node 4] 2025/11/24 14:38:14.200897 Node 4: RPC NewView->node 5
[Node 4] 2025/11/24 14:38:14.200912 Node 4: RPC NewView->node 2
[Node 4] 2025/11/24 14:38:14.201624 Node 4: NewView RPC ballot=(4,3) entries=14
[Node 4] 2025/11/24 14:38:14.201648 Node 4: applyCommittedEntries up to seq=14
[Node 4] 2025/11/24 14:38:14.201675 Node 4: executeRequestsInOrder triggered
[Node 4] 2025/11/24 14:38:14.201683 Node 4: executeRequestsInOrder stopping at gap seq=15
[Node 4] 2025/11/24 14:38:14.201690 Node 4: RPC AcceptedFromNewView->node 3
[Node 4] 2025/11/24 14:38:14.201761 Node 4: RPC AcceptedFromNewView->node 3
[Node 4] 2025/11/24 14:38:14.201771 Node 4: RPC AcceptedFromNewView->node 3
[Node 4] 2025/11/24 14:38:14.201780 Node 4: RPC AcceptedFromNewView->node 3
[Node 4] 2025/11/24 14:38:14.201786 Node 4: RPC AcceptedFromNewView->node 3
[Node 4] 2025/11/24 14:38:14.201773 Node 4: RPC AcceptedFromNewView->node 3
[Node 4] 2025/11/24 14:38:14.201796 Node 4: RPC AcceptedFromNewView->node 3
[Node 4] 2025/11/24 14:38:14.201796 Node 4: RPC AcceptedFromNewView->node 3
[Node 4] 2025/11/24 14:38:14.201783 Node 4: RPC AcceptedFromNewView->node 3
[Node 4] 2025/11/24 14:38:14.201790 Node 4: RPC AcceptedFromNewView->node 3
[Node 4] 2025/11/24 14:38:14.201793 Node 4: RPC AcceptedFromNewView->node 3
[Node 4] 2025/11/24 14:38:14.201792 Node 4: Prepare RPC from ballot (5,5)
[Node 4] 2025/11/24 14:38:14.201888 Node 4: Promised ballot (5,5)
[Node 4] 2025/11/24 14:38:14.201775 Node 4: RPC AcceptedFromNewView->node 3
[Node 4] 2025/11/24 14:38:14.201800 Node 4: RPC AcceptedFromNewView->node 3
[Node 4] 2025/11/24 14:38:14.201778 Node 4: RPC AcceptedFromNewView->node 3
[Node 4] 2025/11/24 14:38:14.204157 Node 4: AcceptedFromNewView from node 5 seq=1
[Node 4] 2025/11/24 14:38:14.204195 Node 4: AcceptedFromNewView from node 5 seq=2
[Node 4] 2025/11/24 14:38:14.204257 Node 4: AcceptedFromNewView from node 5 seq=7
[Node 4] 2025/11/24 14:38:14.204305 Node 4: AcceptedFromNewView from node 5 seq=10
[Node 4] 2025/11/24 14:38:14.204308 Node 4: AcceptedFromNewView from node 5 seq=9
[Node 4] 2025/11/24 14:38:14.204326 Node 4: AcceptedFromNewView from node 5 seq=14
[Node 4] 2025/11/24 14:38:14.204370 Node 4: AcceptedFromNewView from node 5 seq=12
[Node 4] 2025/11/24 14:38:14.204396 Node 4: AcceptedFromNewView from node 5 seq=11
[Node 4] 2025/11/24 14:38:14.204425 Node 4: AcceptedFromNewView from node 5 seq=6
[Node 4] 2025/11/24 14:38:14.204445 Node 4: AcceptedFromNewView from node 5 seq=5
[Node 4] 2025/11/24 14:38:14.204663 Node 4: AcceptedFromNewView from node 2 seq=4
[Node 4] 2025/11/24 14:38:14.204697 Node 4: AcceptedFromNewView from node 2 seq=6
[Node 4] 2025/11/24 14:38:14.204737 Node 4: AcceptedFromNewView from node 2 seq=12
[Node 4] 2025/11/24 14:38:14.204757 Node 4: AcceptedFromNewView from node 2 seq=8
[Node 4] 2025/11/24 14:38:14.204804 Node 4: AcceptedFromNewView from node 2 seq=3
[Node 4] 2025/11/24 14:38:14.204879 Node 4: AcceptedFromNewView from node 2 seq=11
[Node 4] 2025/11/24 14:38:14.204933 Node 4: AcceptedFromNewView from node 2 seq=14
[Node 4] 2025/11/24 14:38:14.205023 Node 4: AcceptedFromNewView from node 2 seq=2
[Node 4] 2025/11/24 14:38:14.205077 Node 4: AcceptedFromNewView from node 2 seq=5
[Node 4] 2025/11/24 14:38:14.205090 Node 4: AcceptedFromNewView from node 2 seq=13
[Node 4] 2025/11/24 14:38:14.205081 Node 4: AcceptedFromNewView from node 2 seq=7
[Node 4] 2025/11/24 14:38:14.205140 Node 4: AcceptedFromNewView from node 2 seq=9
[Node 4] 2025/11/24 14:38:14.205142 Node 4: AcceptedFromNewView from node 2 seq=10
[Node 4] 2025/11/24 14:38:14.205209 Node 4: AcceptedFromNewView from node 2 seq=1
[Node 4] 2025/11/24 14:38:14.205269 Node 4: AcceptedFromNewView from node 5 seq=4
[Node 4] 2025/11/24 14:38:14.205313 Node 4: AcceptedFromNewView from node 5 seq=8
[Node 4] 2025/11/24 14:38:14.205320 Node 4: AcceptedFromNewView from node 5 seq=3
[Node 4] 2025/11/24 14:38:14.205610 Node 4: AcceptedFromNewView from node 5 seq=13
[Node 4] 2025/11/24 14:38:14.206302 Node 4: NewView RPC ballot=(5,5) entries=14
[Node 4] 2025/11/24 14:38:14.206321 Node 4: applyCommittedEntries up to seq=14
[Node 4] 2025/11/24 14:38:14.206363 Node 4: RPC AcceptedFromNewView->node 5
[Node 4] 2025/11/24 14:38:14.206382 Node 4: RPC AcceptedFromNewView->node 5
[Node 4] 2025/11/24 14:38:14.206391 Node 4: RPC AcceptedFromNewView->node 5
[Node 4] 2025/11/24 14:38:14.206446 Node 4: RPC AcceptedFromNewView->node 5
[Node 4] 2025/11/24 14:38:14.206398 Node 4: RPC AcceptedFromNewView->node 5
[Node 4] 2025/11/24 14:38:14.206400 Node 4: RPC AcceptedFromNewView->node 5
[Node 4] 2025/11/24 14:38:14.206402 Node 4: RPC AcceptedFromNewView->node 5
[Node 4] 2025/11/24 14:38:14.206410 Node 4: RPC AcceptedFromNewView->node 5
[Node 4] 2025/11/24 14:38:14.206412 Node 4: RPC AcceptedFromNewView->node 5
[Node 4] 2025/11/24 14:38:14.206413 Node 4: RPC AcceptedFromNewView->node 5
[Node 4] 2025/11/24 14:38:14.206433 Node 4: RPC AcceptedFromNewView->node 5
[Node 4] 2025/11/24 14:38:14.206438 Node 4: RPC AcceptedFromNewView->node 5
[Node 4] 2025/11/24 14:38:14.206445 Node 4: RPC AcceptedFromNewView->node 5
[Node 4] 2025/11/24 14:38:14.206450 Node 4: executeRequestsInOrder triggered
[Node 4] 2025/11/24 14:38:14.206539 Node 4: executeRequestsInOrder stopping at gap seq=15
[Node 4] 2025/11/24 14:38:14.206457 Node 4: RPC AcceptedFromNewView->node 5
[Node 4] 2025/11/24 14:38:14.308696 Node 4: Commit RPC seq=4 ballot=(5,5)
[Node 4] 2025/11/24 14:38:14.308769 Node 4: executeRequestsInOrder triggered
[Node 4] 2025/11/24 14:38:14.308782 Node 4: executeRequestsInOrder stopping at gap seq=15
[Node 4] 2025/11/24 14:38:14.309558 Node 4: Commit RPC seq=8 ballot=(5,5)
[Node 4] 2025/11/24 14:38:14.309584 Node 4: Commit RPC seq=2 ballot=(5,5)
[Node 4] 2025/11/24 14:38:14.309620 Node 4: executeRequestsInOrder triggered
[Node 4] 2025/11/24 14:38:14.309642 Node 4: executeRequestsInOrder stopping at gap seq=15
[Node 4] 2025/11/24 14:38:14.309594 Node 4: executeRequestsInOrder triggered
[Node 4] 2025/11/24 14:38:14.309666 Node 4: executeRequestsInOrder stopping at gap seq=15
[Node 4] 2025/11/24 14:38:14.309725 Node 4: Commit RPC seq=5 ballot=(5,5)
[Node 4] 2025/11/24 14:38:14.309747 Node 4: executeRequestsInOrder triggered
[Node 4] 2025/11/24 14:38:14.309757 Node 4: executeRequestsInOrder stopping at gap seq=15
[Node 4] 2025/11/24 14:38:14.309826 Node 4: Commit RPC seq=3 ballot=(5,5)
[Node 4] 2025/11/24 14:38:14.309854 Node 4: executeRequestsInOrder triggered
[Node 4] 2025/11/24 14:38:14.309867 Node 4: executeRequestsInOrder stopping at gap seq=15
[Node 4] 2025/11/24 14:38:14.309938 Node 4: Commit RPC seq=10 ballot=(5,5)
[Node 4] 2025/11/24 14:38:14.310040 Node 4: Commit RPC seq=12 ballot=(5,5)
[Node 4] 2025/11/24 14:38:14.310335 Node 4: executeRequestsInOrder triggered
[Node 4] 2025/11/24 14:38:14.310357 Node 4: executeRequestsInOrder stopping at gap seq=15
[Node 4] 2025/11/24 14:38:14.310352 Node 4: executeRequestsInOrder triggered
[Node 4] 2025/11/24 14:38:14.310383 Node 4: executeRequestsInOrder stopping at gap seq=15
[Node 4] 2025/11/24 14:38:14.310118 Node 4: Commit RPC seq=6 ballot=(5,5)
[Node 4] 2025/11/24 14:38:14.310434 Node 4: executeRequestsInOrder triggered
[Node 4] 2025/11/24 14:38:14.310451 Node 4: executeRequestsInOrder stopping at gap seq=15
[Node 4] 2025/11/24 14:38:14.310131 Node 4: Commit RPC seq=1 ballot=(5,5)
[Node 4] 2025/11/24 14:38:14.310479 Node 4: executeRequestsInOrder triggered
[Node 4] 2025/11/24 14:38:14.310488 Node 4: executeRequestsInOrder stopping at gap seq=15
[Node 4] 2025/11/24 14:38:14.310133 Node 4: Commit RPC seq=14 ballot=(5,5)
[Node 4] 2025/11/24 14:38:14.310513 Node 4: executeRequestsInOrder triggered
[Node 4] 2025/11/24 14:38:14.310520 Node 4: executeRequestsInOrder stopping at gap seq=15
[Node 4] 2025/11/24 14:38:14.310175 Node 4: Commit RPC seq=13 ballot=(5,5)
[Node 4] 2025/11/24 14:38:14.310847 Node 4: executeRequestsInOrder triggered
[Node 4] 2025/11/24 14:38:14.310855 Node 4: executeRequestsInOrder stopping at gap seq=15
[Node 4] 2025/11/24 14:38:14.310069 Node 4: Commit RPC seq=11 ballot=(5,5)
[Node 4] 2025/11/24 14:38:14.310885 Node 4: executeRequestsInOrder triggered
[Node 4] 2025/11/24 14:38:14.310894 Node 4: executeRequestsInOrder stopping at gap seq=15
[Node 4] 2025/11/24 14:38:14.311015 Node 4: Commit RPC seq=9 ballot=(5,5)
[Node 4] 2025/11/24 14:38:14.311062 Node 4: executeRequestsInOrder triggered
[Node 4] 2025/11/24 14:38:14.311073 Node 4: executeRequestsInOrder stopping at gap seq=15
[Node 4] 2025/11/24 14:38:14.311103 Node 4: Commit RPC seq=7 ballot=(5,5)
[Node 4] 2025/11/24 14:38:14.311161 Node 4: executeRequestsInOrder triggered
[Node 4] 2025/11/24 14:38:14.311181 Node 4: executeRequestsInOrder stopping at gap seq=15
[Node 4] 2025/11/24 14:38:14.508943 Node 4: GetLeader RPC invoked
[Node 4] 2025/11/24 14:38:17.224117 Node 4: RPC Accept->node 2
[Node 4] 2025/11/24 14:38:17.224132 Node 4: RPC Accept->node 5
[Node 4] 2025/11/24 14:38:17.224151 Node 4: RPC Accept->node 3
[Node 4] 2025/11/24 14:38:17.227207 Node 4: Accept RPC seq=1 ballot=(4,2)
[Node 4] 2025/11/24 14:38:17.227890 Node 4: Accept RPC seq=1 ballot=(4,3)
[Node 4] 2025/11/24 14:38:17.230977 Node 4: RPC Accept->node 5
[Node 4] 2025/11/24 14:38:17.231101 Node 4: RPC Accept->node 2
[Node 4] 2025/11/24 14:38:17.231108 Node 4: RPC Accept->node 3
[Node 4] 2025/11/24 14:38:17.233503 Node 4: Accept RPC seq=2 ballot=(4,2)
[Node 4] 2025/11/24 14:38:17.233693 Node 4: Accept RPC seq=2 ballot=(4,3)
[Node 4] 2025/11/24 14:38:17.233958 Node 4: RPC Accept->node 5
[Node 4] 2025/11/24 14:38:17.234053 Node 4: RPC Accept->node 2
[Node 4] 2025/11/24 14:38:17.234070 Node 4: RPC Accept->node 3
[Node 4] 2025/11/24 14:38:17.235138 Node 4: Accept RPC seq=3 ballot=(4,2)
[Node 4] 2025/11/24 14:38:17.235335 Node 4: Accept RPC seq=3 ballot=(4,3)
[Node 4] 2025/11/24 14:38:17.235787 Node 4: RPC Accept->node 5
[Node 4] 2025/11/24 14:38:17.235823 Node 4: RPC Accept->node 2
[Node 4] 2025/11/24 14:38:17.235857 Node 4: RPC Accept->node 3
[Node 4] 2025/11/24 14:38:17.236895 Node 4: Accept RPC seq=4 ballot=(4,2)
[Node 4] 2025/11/24 14:38:17.236892 Node 4: Accept RPC seq=4 ballot=(4,3)
[Node 4] 2025/11/24 14:38:17.237381 Node 4: RPC Accept->node 5
[Node 4] 2025/11/24 14:38:17.237399 Node 4: RPC Accept->node 2
[Node 4] 2025/11/24 14:38:17.237411 Node 4: RPC Accept->node 3
[Node 4] 2025/11/24 14:38:17.238150 Node 4: Accept RPC seq=5 ballot=(4,2)
[Node 4] 2025/11/24 14:38:17.238249 Node 4: Accept RPC seq=5 ballot=(4,3)
[Node 4] 2025/11/24 14:38:17.238521 Node 4: RPC Accept->node 5
[Node 4] 2025/11/24 14:38:17.238549 Node 4: RPC Accept->node 2
[Node 4] 2025/11/24 14:38:17.238607 Node 4: RPC Accept->node 3
[Node 4] 2025/11/24 14:38:17.239653 Node 4: Accept RPC seq=6 ballot=(4,2)
[Node 4] 2025/11/24 14:38:17.239737 Node 4: RPC Accept->node 3
[Node 4] 2025/11/24 14:38:17.239754 Node 4: RPC Accept->node 5
[Node 4] 2025/11/24 14:38:17.239770 Node 4: RPC Accept->node 2
[Node 4] 2025/11/24 14:38:17.239746 Node 4: Accept RPC seq=6 ballot=(4,3)
[Node 4] 2025/11/24 14:38:17.240764 Node 4: RPC Accept->node 3
[Node 4] 2025/11/24 14:38:17.240829 Node 4: RPC Accept->node 5
[Node 4] 2025/11/24 14:38:17.240844 Node 4: RPC Accept->node 2
[Node 4] 2025/11/24 14:38:17.241118 Node 4: Accept RPC seq=7 ballot=(4,3)
[Node 4] 2025/11/24 14:38:17.241162 Node 4: Accept RPC seq=7 ballot=(4,2)
[Node 4] 2025/11/24 14:38:17.241771 Node 4: RPC Accept->node 5
[Node 4] 2025/11/24 14:38:17.241789 Node 4: RPC Accept->node 3
[Node 4] 2025/11/24 14:38:17.241780 Node 4: RPC Accept->node 2
[Node 4] 2025/11/24 14:38:17.242138 Node 4: Accept RPC seq=8 ballot=(4,3)
[Node 4] 2025/11/24 14:38:17.242143 Node 4: Accept RPC seq=8 ballot=(4,2)
[Node 4] 2025/11/24 14:38:17.242756 Node 4: RPC Accept->node 3
[Node 4] 2025/11/24 14:38:17.242831 Node 4: RPC Accept->node 5
[Node 4] 2025/11/24 14:38:17.242837 Node 4: Accept RPC seq=9 ballot=(4,3)
[Node 4] 2025/11/24 14:38:17.242871 Node 4: RPC Accept->node 2
[Node 4] 2025/11/24 14:38:17.242911 Node 4: Accept RPC seq=9 ballot=(4,2)
[Node 4] 2025/11/24 14:38:17.243456 Node 4: RPC Accept->node 5
[Node 4] 2025/11/24 14:38:17.243459 Node 4: RPC Accept->node 2
[Node 4] 2025/11/24 14:38:17.243463 Node 4: RPC Accept->node 3
[Node 4] 2025/11/24 14:38:17.243859 Node 4: Accept RPC seq=10 ballot=(4,3)
[Node 4] 2025/11/24 14:38:17.243934 Node 4: Accept RPC seq=10 ballot=(4,2)
[Node 4] 2025/11/24 14:38:17.244236 Node 4: RPC Accept->node 5
[Node 4] 2025/11/24 14:38:17.244247 Node 4: RPC Accept->node 3
[Node 4] 2025/11/24 14:38:17.244243 Node 4: RPC Accept->node 2
[Node 4] 2025/11/24 14:38:17.244533 Node 4: Accept RPC seq=11 ballot=(4,2)
[Node 4] 2025/11/24 14:38:17.244712 Node 4: Accept RPC seq=11 ballot=(4,3)
[Node 4] 2025/11/24 14:38:17.244952 Node 4: RPC Accept->node 5
[Node 4] 2025/11/24 14:38:17.244972 Node 4: RPC Accept->node 2
[Node 4] 2025/11/24 14:38:17.244981 Node 4: RPC Accept->node 3
[Node 4] 2025/11/24 14:38:17.245498 Node 4: Accept RPC seq=12 ballot=(4,2)
[Node 4] 2025/11/24 14:38:17.245554 Node 4: Accept RPC seq=12 ballot=(4,3)
[Node 4] 2025/11/24 14:38:17.245782 Node 4: RPC Accept->node 3
[Node 4] 2025/11/24 14:38:17.245795 Node 4: RPC Accept->node 5
[Node 4] 2025/11/24 14:38:17.245811 Node 4: RPC Accept->node 2
[Node 4] 2025/11/24 14:38:17.246376 Node 4: Accept RPC seq=13 ballot=(4,2)
[Node 4] 2025/11/24 14:38:17.246434 Node 4: Accept RPC seq=13 ballot=(4,3)
[Node 4] 2025/11/24 14:38:17.246631 Node 4: leader election success with ballot (5,4)
[Node 4] 2025/11/24 14:38:17.247146 Node 4: Accept RPC seq=14 ballot=(4,3)
[Node 4] 2025/11/24 14:38:17.247209 Node 4: Accept RPC seq=14 ballot=(4,2)
[Node 4] 2025/11/24 14:38:22.516725 Node 4: Accept RPC seq=15 ballot=(5,5)
[Node 4] 2025/11/24 14:38:22.516899 Node 4 ACCEPT seq=15 ballot=(5,5) txn=(I→D,2)
[Node 4] 2025/11/24 14:38:22.516935 Node 4: Accepted seq 15
[Node 4] 2025/11/24 14:38:22.527359 Node 4: Commit RPC seq=15 ballot=(5,5)
[Node 4] 2025/11/24 14:38:22.527418 Node 4: executeRequestsInOrder triggered
[Node 4] 2025/11/24 14:38:22.527441 [Database] executing txn (I,D,2)
[Node 4] 2025/11/24 14:38:22.527449 [Database] txn success: I -> D amount 2
[Node 4] 2025/11/24 14:38:22.527465 Node 4: executeRequestsInOrder stopping at gap seq=16
[Node 4] 2025/11/24 14:38:22.728959 Node 4: Accept RPC seq=16 ballot=(5,5)
[Node 4] 2025/11/24 14:38:22.728994 Node 4 ACCEPT seq=16 ballot=(5,5) txn=(E→J,2)
[Node 4] 2025/11/24 14:38:22.729000 Node 4: Accepted seq 16
[Node 4] 2025/11/24 14:38:22.740235 Node 4: Commit RPC seq=16 ballot=(5,5)
[Node 4] 2025/11/24 14:38:22.740265 Node 4: executeRequestsInOrder triggered
[Node 4] 2025/11/24 14:38:22.740275 [Database] executing txn (E,J,2)
[Node 4] 2025/11/24 14:38:22.740282 [Database] txn success: E -> J amount 2
[Node 4] 2025/11/24 14:38:22.740286 Node 4: executeRequestsInOrder stopping at gap seq=17
[Node 4] 2025/11/24 14:38:29.751695 Node 4: UpdateActiveStatus node=1 live=true
[Node 4] 2025/11/24 14:38:29.751804 Node 4: setNodeLiveness node=1 live=true
[Node 4] 2025/11/24 14:38:29.751961 Node 4: UpdateActiveStatus node=3 live=true
[Node 4] 2025/11/24 14:38:29.752002 Node 4: setNodeLiveness node=3 live=true
[Node 4] 2025/11/24 14:38:29.752121 Node 4: UpdateActiveStatus node=5 live=true
[Node 4] 2025/11/24 14:38:29.752137 Node 4: setNodeLiveness node=5 live=true
[Node 4] 2025/11/24 14:38:29.753183 Node 4: UpdateActiveStatus node=4 live=true
[Node 4] 2025/11/24 14:38:29.753220 Node 4: setNodeLiveness node=4 live=true
[Node 4] 2025/11/24 14:38:29.753333 Node 4: UpdateActiveStatus node=2 live=true
[Node 4] 2025/11/24 14:38:29.753352 Node 4: setNodeLiveness node=2 live=true
[Node 4] 2025/11/24 14:38:30.055441 Node 4: Accept RPC seq=17 ballot=(5,5)
[Node 4] 2025/11/24 14:38:30.055500 Node 4 ACCEPT seq=17 ballot=(5,5) txn=(F→A,2)
[Node 4] 2025/11/24 14:38:30.055533 Node 4: Accepted seq 17
[Node 4] 2025/11/24 14:38:30.065410 Node 4: Commit RPC seq=17 ballot=(5,5)
[Node 4] 2025/11/24 14:38:30.065480 Node 4: executeRequestsInOrder triggered
[Node 4] 2025/11/24 14:38:30.065524 [Database] executing txn (F,A,2)
[Node 4] 2025/11/24 14:38:30.065547 [Database] txn success: F -> A amount 2
[Node 4] 2025/11/24 14:38:30.065562 Node 4: executeRequestsInOrder stopping at gap seq=18
[Node 4] 2025/11/24 14:38:30.269928 Node 4: Accept RPC seq=18 ballot=(5,5)
[Node 4] 2025/11/24 14:38:30.270023 Node 4 ACCEPT seq=18 ballot=(5,5) txn=(G→H,1)
[Node 4] 2025/11/24 14:38:30.270055 Node 4: Accepted seq 18
[Node 4] 2025/11/24 14:38:30.280964 Node 4: Commit RPC seq=18 ballot=(5,5)
[Node 4] 2025/11/24 14:38:30.281055 Node 4: executeRequestsInOrder triggered
[Node 4] 2025/11/24 14:38:30.281150 [Database] executing txn (G,H,1)
[Node 4] 2025/11/24 14:38:30.281176 [Database] txn success: G -> H amount 1
[Node 4] 2025/11/24 14:38:30.281186 Node 4: executeRequestsInOrder stopping at gap seq=19
[Node 4] 2025/11/24 14:38:30.485951 Node 4: Accept RPC seq=19 ballot=(5,5)
[Node 4] 2025/11/24 14:38:30.485995 Node 4 ACCEPT seq=19 ballot=(5,5) txn=(J→A,2)
[Node 4] 2025/11/24 14:38:30.486013 Node 4: Accepted seq 19
[Node 4] 2025/11/24 14:38:30.496982 Node 4: Commit RPC seq=19 ballot=(5,5)
[Node 4] 2025/11/24 14:38:30.497042 Node 4: executeRequestsInOrder triggered
[Node 4] 2025/11/24 14:38:30.497060 [Database] executing txn (J,A,2)
[Node 4] 2025/11/24 14:38:30.497068 [Database] txn success: J -> A amount 2
[Node 4] 2025/11/24 14:38:30.497074 Node 4: executeRequestsInOrder stopping at gap seq=20
[Node 4] 2025/11/24 14:39:36.476384 Node 4: UpdateActiveStatus node=2 live=true
[Node 4] 2025/11/24 14:39:36.476413 Node 4: setNodeLiveness node=2 live=true
[Node 4] 2025/11/24 14:39:36.476428 Node 4: UpdateActiveStatus node=4 live=false
[Node 4] 2025/11/24 14:39:36.476450 Node 4: setNodeLiveness node=4 live=false
[Node 4] 2025/11/24 14:39:36.476394 Node 4: UpdateActiveStatus node=3 live=true
[Node 4] 2025/11/24 14:39:36.476483 Node 4: setNodeLiveness node=3 live=true
[Node 4] 2025/11/24 14:39:36.476501 Node 4: UpdateActiveStatus node=5 live=false
[Node 4] 2025/11/24 14:39:36.476519 Node 4: setNodeLiveness node=5 live=false
[Node 4] 2025/11/24 14:39:36.476537 Node 4: StartLeaderElection invoked (leader=false active=false)
[Node 4] 2025/11/24 14:39:36.476472 Node 4: UpdateActiveStatus node=1 live=true
[Node 4] 2025/11/24 14:39:36.476549 Node 4: setNodeLiveness node=1 live=true
[Node 4] 2025/11/24 14:39:36.477241 Node 4: Prepare RPC from ballot (6,1)
[Node 4] 2025/11/24 14:39:36.477267 Node 4: Promised ballot (6,1)
[Node 4] 2025/11/24 14:39:36.780378 Node 4: HandleClientRequest type=REQUEST client=E ts=1764013176775935000
[Node 4] 2025/11/24 14:39:36.780486 Node 4: ProcessClientRequest client=E ts=1764013176775935000 no-op=false
[Node 4] 2025/11/24 14:39:37.439854 Node 4: HandleClientRequest type=REQUEST client=G ts=1764013177435456000
[Node 4] 2025/11/24 14:39:37.439958 Node 4: ProcessClientRequest client=G ts=1764013177435456000 no-op=false
[Node 4] 2025/11/24 14:39:37.665199 Node 4: UpdateActiveStatus node=3 live=false
[Node 4] 2025/11/24 14:39:37.665251 Node 4: setNodeLiveness node=3 live=false
[Node 4] 2025/11/24 14:39:37.974548 Node 4: GetLeader RPC invoked
[Node 4] 2025/11/24 14:39:39.493968 Node 4: Leader timeout (3.016679s), no leader msgs, starting election
[Node 4] 2025/11/24 14:39:39.494157 Node 4: StartLeaderElection invoked (leader=false active=false)
[Node 4] 2025/11/24 14:39:41.504767 Node 4: Leader timeout (5.027462s), no leader msgs, starting election
[Node 4] 2025/11/24 14:39:41.504867 Node 4: StartLeaderElection invoked (leader=false active=false)
[Node 4] 2025/11/24 14:39:43.512635 Node 4: Leader timeout (7.035313s), no leader msgs, starting election
[Node 4] 2025/11/24 14:39:43.512839 Node 4: StartLeaderElection invoked (leader=false active=false)
[Node 4] 2025/11/24 14:39:45.521920 Node 4: Leader timeout (9.044580s), no leader msgs, starting election
[Node 4] 2025/11/24 14:39:45.522140 Node 4: StartLeaderElection invoked (leader=false active=false)
[Node 4] 2025/11/24 14:39:45.990054 Node 4: HandleClientRequest type=REQUEST client=F ts=1764013185979413000
[Node 4] 2025/11/24 14:39:45.990103 Node 4: ProcessClientRequest client=F ts=1764013185979413000 no-op=false
[Node 4] 2025/11/24 14:39:46.200736 Node 4: HandleClientRequest type=REQUEST client=J ts=1764013186191059000
[Node 4] 2025/11/24 14:39:46.200957 Node 4: ProcessClientRequest client=J ts=1764013186191059000 no-op=false
[Node 4] 2025/11/24 14:39:47.532289 Node 4: Leader timeout (11.054936s), no leader msgs, starting election
[Node 4] 2025/11/24 14:39:47.532343 Node 4: StartLeaderElection invoked (leader=false active=false)
[Node 4] 2025/11/24 14:39:49.541652 Node 4: Leader timeout (13.064282s), no leader msgs, starting election
[Node 4] 2025/11/24 14:39:49.541746 Node 4: StartLeaderElection invoked (leader=false active=false)
[Node 4] 2025/11/24 14:39:51.551211 Node 4: Leader timeout (15.073822s), no leader msgs, starting election
[Node 4] 2025/11/24 14:39:51.551365 Node 4: StartLeaderElection invoked (leader=false active=false)
[Node 4] 2025/11/24 14:39:53.561433 Node 4: Leader timeout (17.084029s), no leader msgs, starting election
[Node 4] 2025/11/24 14:39:53.561596 Node 4: StartLeaderElection invoked (leader=false active=false)
[Node 4] 2025/11/24 14:39:55.572288 Node 4: Leader timeout (19.094866s), no leader msgs, starting election
[Node 4] 2025/11/24 14:39:55.572456 Node 4: StartLeaderElection invoked (leader=false active=false)
[Node 4] 2025/11/24 14:39:57.582266 Node 4: Leader timeout (21.104830s), no leader msgs, starting election
[Node 4] 2025/11/24 14:39:57.582348 Node 4: StartLeaderElection invoked (leader=false active=false)
[Node 4] 2025/11/24 14:39:59.592022 Node 4: Leader timeout (23.114568s), no leader msgs, starting election
[Node 4] 2025/11/24 14:39:59.592204 Node 4: StartLeaderElection invoked (leader=false active=false)
[Node 4] 2025/11/24 14:40:01.602246 Node 4: Leader timeout (25.124776s), no leader msgs, starting election
[Node 4] 2025/11/24 14:40:01.602412 Node 4: StartLeaderElection invoked (leader=false active=false)
[Node 4] 2025/11/24 14:40:03.612391 Node 4: Leader timeout (27.134905s), no leader msgs, starting election
[Node 4] 2025/11/24 14:40:03.612554 Node 4: StartLeaderElection invoked (leader=false active=false)
[Node 4] 2025/11/24 14:40:05.622209 Node 4: Leader timeout (29.144707s), no leader msgs, starting election
[Node 4] 2025/11/24 14:40:05.622339 Node 4: StartLeaderElection invoked (leader=false active=false)
[Node 4] 2025/11/24 14:40:07.632348 Node 4: Leader timeout (31.154830s), no leader msgs, starting election
[Node 4] 2025/11/24 14:40:07.632391 Node 4: StartLeaderElection invoked (leader=false active=false)
[Node 4] 2025/11/24 14:40:09.642944 Node 4: Leader timeout (33.165409s), no leader msgs, starting election
[Node 4] 2025/11/24 14:40:09.643155 Node 4: StartLeaderElection invoked (leader=false active=false)
[Node 4] 2025/11/24 14:40:11.653102 Node 4: Leader timeout (35.175548s), no leader msgs, starting election
[Node 4] 2025/11/24 14:40:11.653330 Node 4: StartLeaderElection invoked (leader=false active=false)
[Node 4] 2025/11/24 14:40:13.662567 Node 4: Leader timeout (37.184998s), no leader msgs, starting election
[Node 4] 2025/11/24 14:40:13.662800 Node 4: StartLeaderElection invoked (leader=false active=false)
[Node 4] 2025/11/24 14:40:15.673217 Node 4: Leader timeout (39.195631s), no leader msgs, starting election
[Node 4] 2025/11/24 14:40:15.673392 Node 4: StartLeaderElection invoked (leader=false active=false)
[Node 4] 2025/11/24 14:40:17.682922 Node 4: Leader timeout (41.205322s), no leader msgs, starting election
[Node 4] 2025/11/24 14:40:17.683067 Node 4: StartLeaderElection invoked (leader=false active=false)
[Node 4] 2025/11/24 14:40:19.692176 Node 4: Leader timeout (43.214558s), no leader msgs, starting election
[Node 4] 2025/11/24 14:40:19.692357 Node 4: StartLeaderElection invoked (leader=false active=false)
[Node 4] 2025/11/24 14:40:21.703049 Node 4: Leader timeout (45.225416s), no leader msgs, starting election
[Node 4] 2025/11/24 14:40:21.703263 Node 4: StartLeaderElection invoked (leader=false active=false)
[Node 4] 2025/11/24 14:40:23.713657 Node 4: Leader timeout (47.236006s), no leader msgs, starting election
[Node 4] 2025/11/24 14:40:23.713745 Node 4: StartLeaderElection invoked (leader=false active=false)
[Node 4] 2025/11/24 14:40:25.724182 Node 4: Leader timeout (49.246513s), no leader msgs, starting election
[Node 4] 2025/11/24 14:40:25.724437 Node 4: StartLeaderElection invoked (leader=false active=false)
[Node 4] 2025/11/24 14:40:27.735066 Node 4: Leader timeout (51.257382s), no leader msgs, starting election
[Node 4] 2025/11/24 14:40:27.735212 Node 4: StartLeaderElection invoked (leader=false active=false)
[Node 4] 2025/11/24 14:40:29.745794 Node 4: Leader timeout (53.268095s), no leader msgs, starting election
[Node 4] 2025/11/24 14:40:29.745957 Node 4: StartLeaderElection invoked (leader=false active=false)
[Node 4] 2025/11/24 14:40:31.756623 Node 4: Leader timeout (55.278906s), no leader msgs, starting election
[Node 4] 2025/11/24 14:40:31.756837 Node 4: StartLeaderElection invoked (leader=false active=false)
[Node 4] 2025/11/24 14:40:33.767078 Node 4: Leader timeout (57.289346s), no leader msgs, starting election
[Node 4] 2025/11/24 14:40:33.767265 Node 4: StartLeaderElection invoked (leader=false active=false)
[Node 4] 2025/11/24 14:40:35.776886 Node 4: Leader timeout (59.299136s), no leader msgs, starting election
[Node 4] 2025/11/24 14:40:35.777048 Node 4: StartLeaderElection invoked (leader=false active=false)
[Node 4] 2025/11/24 14:40:37.786763 Node 4: Leader timeout (61.308997s), no leader msgs, starting election
[Node 4] 2025/11/24 14:40:37.787355 Node 4: StartLeaderElection invoked (leader=false active=false)
[Node 4] 2025/11/24 14:40:39.795999 Node 4: Leader timeout (63.318212s), no leader msgs, starting election
[Node 4] 2025/11/24 14:40:39.796162 Node 4: StartLeaderElection invoked (leader=false active=false)
[Node 4] 2025/11/24 14:40:40.190721 Node 4: PrintDB RPC invoked
[Node 4] 2025/11/24 14:40:40.190858 [Database] printing DB for node 4 (10 accounts)
[Node 4] 2025/11/24 14:40:41.806705 Node 4: Leader timeout (65.328906s), no leader msgs, starting election
[Node 4] 2025/11/24 14:40:41.806864 Node 4: StartLeaderElection invoked (leader=false active=false)
[Node 4] 2025/11/24 14:40:43.816614 Node 4: Leader timeout (67.338800s), no leader msgs, starting election
[Node 4] 2025/11/24 14:40:43.816740 Node 4: StartLeaderElection invoked (leader=false active=false)
[Node 4] 2025/11/24 14:40:45.826938 Node 4: Leader timeout (69.349105s), no leader msgs, starting election
[Node 4] 2025/11/24 14:40:45.827143 Node 4: StartLeaderElection invoked (leader=false active=false)
[Node 4] 2025/11/24 14:40:47.836596 Node 4: Leader timeout (71.358749s), no leader msgs, starting election
[Node 4] 2025/11/24 14:40:47.836800 Node 4: StartLeaderElection invoked (leader=false active=false)
[Node 4] 2025/11/24 14:40:49.847647 Node 4: Leader timeout (73.369783s), no leader msgs, starting election
[Node 4] 2025/11/24 14:40:49.847796 Node 4: StartLeaderElection invoked (leader=false active=false)
[Node 4] 2025/11/24 14:40:51.856052 Node 4: Leader timeout (75.378171s), no leader msgs, starting election
[Node 4] 2025/11/24 14:40:51.856241 Node 4: StartLeaderElection invoked (leader=false active=false)
[Node 4] 2025/11/24 14:40:53.867191 Node 4: Leader timeout (77.389294s), no leader msgs, starting election
[Node 4] 2025/11/24 14:40:53.867402 Node 4: StartLeaderElection invoked (leader=false active=false)
[Node 4] 2025/11/24 14:40:55.877805 Node 4: Leader timeout (79.399890s), no leader msgs, starting election
[Node 4] 2025/11/24 14:40:55.877990 Node 4: StartLeaderElection invoked (leader=false active=false)
[Node 4] 2025/11/24 14:40:57.888826 Node 4: Leader timeout (81.410897s), no leader msgs, starting election
[Node 4] 2025/11/24 14:40:57.889006 Node 4: StartLeaderElection invoked (leader=false active=false)
[Node 4] 2025/11/24 14:40:59.899758 Node 4: Leader timeout (83.421810s), no leader msgs, starting election
[Node 4] 2025/11/24 14:40:59.899974 Node 4: StartLeaderElection invoked (leader=false active=false)
[Node 4] 2025/11/24 14:41:01.910318 Node 4: Leader timeout (85.432355s), no leader msgs, starting election
[Node 4] 2025/11/24 14:41:01.910511 Node 4: StartLeaderElection invoked (leader=false active=false)
[Node 4] 2025/11/24 14:41:03.919677 Node 4: Leader timeout (87.441697s), no leader msgs, starting election
[Node 4] 2025/11/24 14:41:03.919874 Node 4: StartLeaderElection invoked (leader=false active=false)
[Node 4] 2025/11/24 14:41:05.929703 Node 4: Leader timeout (89.451706s), no leader msgs, starting election
[Node 4] 2025/11/24 14:41:05.929858 Node 4: StartLeaderElection invoked (leader=false active=false)
[Node 4] 2025/11/24 14:41:07.939550 Node 4: Leader timeout (91.461539s), no leader msgs, starting election
[Node 4] 2025/11/24 14:41:07.939659 Node 4: StartLeaderElection invoked (leader=false active=false)
[Node 4] 2025/11/24 14:41:09.949353 Node 4: Leader timeout (93.471325s), no leader msgs, starting election
[Node 4] 2025/11/24 14:41:09.949841 Node 4: StartLeaderElection invoked (leader=false active=false)
[Node 4] 2025/11/24 14:41:11.960853 Node 4: Leader timeout (95.482808s), no leader msgs, starting election
[Node 4] 2025/11/24 14:41:11.961020 Node 4: StartLeaderElection invoked (leader=false active=false)
[Node 4] 2025/11/24 14:41:13.971791 Node 4: Leader timeout (97.493728s), no leader msgs, starting election
[Node 4] 2025/11/24 14:41:13.972002 Node 4: StartLeaderElection invoked (leader=false active=false)
[Node 4] 2025/11/24 14:41:15.981552 Node 4: Leader timeout (99.503475s), no leader msgs, starting election
[Node 4] 2025/11/24 14:41:15.981745 Node 4: StartLeaderElection invoked (leader=false active=false)
[Node 4] 2025/11/24 14:41:17.991662 Node 4: Leader timeout (101.513567s), no leader msgs, starting election
[Node 4] 2025/11/24 14:41:17.991869 Node 4: StartLeaderElection invoked (leader=false active=false)
[Node 4] 2025/11/24 14:41:20.002630 Node 4: Leader timeout (103.524517s), no leader msgs, starting election
[Node 4] 2025/11/24 14:41:20.002843 Node 4: StartLeaderElection invoked (leader=false active=false)
