[Node 5] 2025/11/28 13:32:15.444623 Node 5: initializing at localhost:8005 with 9 peers
[Node 5] 2025/11/28 13:32:15.452030 [Database] opening BoltDB at data/node-5.db
[Node 5] 2025/11/28 13:32:15.519553 Node 5: BoltDB initialized at data/node-5.db
[Node 5] 2025/11/28 13:32:15.519790 [Database] client 1 initialized with balance 10 (bolt)
[Node 5] 2025/11/28 13:32:15.519795 Node 5: leader timeout monitor running
[Node 5] 2025/11/28 13:32:15.543522 [Database] client 2 initialized with balance 10 (bolt)
[Node 5] 2025/11/28 13:32:15.564658 [Database] client 3 initialized with balance 10 (bolt)
[Node 5] 2025/11/28 13:32:15.577496 [Database] client 4 initialized with balance 10 (bolt)
[Node 5] 2025/11/28 13:32:15.595597 [Database] client 5 initialized with balance 10 (bolt)
[Node 5] 2025/11/28 13:32:15.610517 [Database] client 6 initialized with balance 10 (bolt)
[Node 5] 2025/11/28 13:32:15.625610 [Database] client 7 initialized with balance 10 (bolt)
[Node 5] 2025/11/28 13:32:15.641592 [Database] client 8 initialized with balance 10 (bolt)
[Node 5] 2025/11/28 13:32:15.660523 [Database] client 9 initialized with balance 10 (bolt)
[Node 5] 2025/11/28 13:32:15.679605 [Database] client 10 initialized with balance 10 (bolt)
[Node 5] 2025/11/28 13:32:15.696539 [Database] client 11 initialized with balance 10 (bolt)
[Node 5] 2025/11/28 13:32:15.714718 [Database] client 12 initialized with balance 10 (bolt)
[Node 5] 2025/11/28 13:32:15.731537 [Database] client 13 initialized with balance 10 (bolt)
[Node 5] 2025/11/28 13:32:15.750638 [Database] client 14 initialized with balance 10 (bolt)
[Node 5] 2025/11/28 13:32:15.775650 [Database] client 15 initialized with balance 10 (bolt)
[Node 5] 2025/11/28 13:32:15.792655 [Database] client 16 initialized with balance 10 (bolt)
[Node 5] 2025/11/28 13:32:15.813594 [Database] client 17 initialized with balance 10 (bolt)
[Node 5] 2025/11/28 13:32:15.830570 [Database] client 18 initialized with balance 10 (bolt)
[Node 5] 2025/11/28 13:32:15.848573 [Database] client 19 initialized with balance 10 (bolt)
[Node 5] 2025/11/28 13:32:15.861563 [Database] client 20 initialized with balance 10 (bolt)
[Node 5] 2025/11/28 13:32:15.878574 [Database] client 21 initialized with balance 10 (bolt)
[Node 5] 2025/11/28 13:32:15.894573 [Database] client 22 initialized with balance 10 (bolt)
[Node 5] 2025/11/28 13:32:15.910504 [Database] client 23 initialized with balance 10 (bolt)
[Node 5] 2025/11/28 13:32:15.930518 [Database] client 24 initialized with balance 10 (bolt)
[Node 5] 2025/11/28 13:32:15.945582 [Database] client 25 initialized with balance 10 (bolt)
[Node 5] 2025/11/28 13:32:15.969465 [Database] client 26 initialized with balance 10 (bolt)
[Node 5] 2025/11/28 13:32:15.985592 [Database] client 27 initialized with balance 10 (bolt)
[Node 5] 2025/11/28 13:32:16.002562 [Database] client 28 initialized with balance 10 (bolt)
[Node 5] 2025/11/28 13:32:16.019510 [Database] client 29 initialized with balance 10 (bolt)
[Node 5] 2025/11/28 13:32:16.037545 [Database] client 30 initialized with balance 10 (bolt)
[Node 5] 2025/11/28 13:32:16.058678 [Database] client 31 initialized with balance 10 (bolt)
[Node 5] 2025/11/28 13:32:16.076636 [Database] client 32 initialized with balance 10 (bolt)
[Node 5] 2025/11/28 13:32:16.097612 [Database] client 33 initialized with balance 10 (bolt)
[Node 5] 2025/11/28 13:32:16.118679 [Database] client 34 initialized with balance 10 (bolt)
[Node 5] 2025/11/28 13:32:16.139570 [Database] client 35 initialized with balance 10 (bolt)
[Node 5] 2025/11/28 13:32:16.156758 [Database] client 36 initialized with balance 10 (bolt)
[Node 5] 2025/11/28 13:32:16.175540 [Database] client 37 initialized with balance 10 (bolt)
[Node 5] 2025/11/28 13:32:16.193516 [Database] client 38 initialized with balance 10 (bolt)
[Node 5] 2025/11/28 13:32:16.210537 [Database] client 39 initialized with balance 10 (bolt)
[Node 5] 2025/11/28 13:32:16.230657 [Database] client 40 initialized with balance 10 (bolt)
[Node 5] 2025/11/28 13:32:16.247677 [Database] client 41 initialized with balance 10 (bolt)
[Node 5] 2025/11/28 13:32:16.268518 [Database] client 42 initialized with balance 10 (bolt)
[Node 5] 2025/11/28 13:32:16.285729 [Database] client 43 initialized with balance 10 (bolt)
[Node 5] 2025/11/28 13:32:16.302533 [Database] client 44 initialized with balance 10 (bolt)
[Node 5] 2025/11/28 13:32:16.319511 [Database] client 45 initialized with balance 10 (bolt)
[Node 5] 2025/11/28 13:32:16.337524 [Database] client 46 initialized with balance 10 (bolt)
[Node 5] 2025/11/28 13:32:16.351486 [Database] client 47 initialized with balance 10 (bolt)
[Node 5] 2025/11/28 13:32:16.369460 [Database] client 48 initialized with balance 10 (bolt)
[Node 5] 2025/11/28 13:32:16.389503 [Database] client 49 initialized with balance 10 (bolt)
[Node 5] 2025/11/28 13:32:16.408668 [Database] client 50 initialized with balance 10 (bolt)
[Node 5] 2025/11/28 13:32:16.430536 [Database] client 51 initialized with balance 10 (bolt)
[Node 5] 2025/11/28 13:32:16.449451 [Database] client 52 initialized with balance 10 (bolt)
[Node 5] 2025/11/28 13:32:16.466431 [Database] client 53 initialized with balance 10 (bolt)
[Node 5] 2025/11/28 13:32:16.483573 [Database] client 54 initialized with balance 10 (bolt)
[Node 5] 2025/11/28 13:32:16.500437 [Database] client 55 initialized with balance 10 (bolt)
[Node 5] 2025/11/28 13:32:16.513670 [Database] client 56 initialized with balance 10 (bolt)
[Node 5] 2025/11/28 13:32:16.530542 [Database] client 57 initialized with balance 10 (bolt)
[Node 5] 2025/11/28 13:32:16.547642 [Database] client 58 initialized with balance 10 (bolt)
[Node 5] 2025/11/28 13:32:16.565620 [Database] client 59 initialized with balance 10 (bolt)
[Node 5] 2025/11/28 13:32:16.582760 [Database] client 60 initialized with balance 10 (bolt)
[Node 5] 2025/11/28 13:32:16.602582 [Database] client 61 initialized with balance 10 (bolt)
[Node 5] 2025/11/28 13:32:16.619515 [Database] client 62 initialized with balance 10 (bolt)
[Node 5] 2025/11/28 13:32:16.637649 [Database] client 63 initialized with balance 10 (bolt)
[Node 5] 2025/11/28 13:32:16.655525 [Database] client 64 initialized with balance 10 (bolt)
[Node 5] 2025/11/28 13:32:16.674549 [Database] client 65 initialized with balance 10 (bolt)
[Node 5] 2025/11/28 13:32:16.692481 [Database] client 66 initialized with balance 10 (bolt)
[Node 5] 2025/11/28 13:32:16.710546 [Database] client 67 initialized with balance 10 (bolt)
[Node 5] 2025/11/28 13:32:16.728452 [Database] client 68 initialized with balance 10 (bolt)
[Node 5] 2025/11/28 13:32:16.749501 [Database] client 69 initialized with balance 10 (bolt)
[Node 5] 2025/11/28 13:32:16.766458 [Database] client 70 initialized with balance 10 (bolt)
[Node 5] 2025/11/28 13:32:16.786497 [Database] client 71 initialized with balance 10 (bolt)
[Node 5] 2025/11/28 13:32:16.811454 [Database] client 72 initialized with balance 10 (bolt)
[Node 5] 2025/11/28 13:32:16.834470 [Database] client 73 initialized with balance 10 (bolt)
[Node 5] 2025/11/28 13:32:16.852486 [Database] client 74 initialized with balance 10 (bolt)
[Node 5] 2025/11/28 13:32:16.872450 [Database] client 75 initialized with balance 10 (bolt)
[Node 5] 2025/11/28 13:32:16.889507 [Database] client 76 initialized with balance 10 (bolt)
[Node 5] 2025/11/28 13:32:16.907489 [Database] client 77 initialized with balance 10 (bolt)
[Node 5] 2025/11/28 13:32:16.926557 [Database] client 78 initialized with balance 10 (bolt)
[Node 5] 2025/11/28 13:32:16.949587 [Database] client 79 initialized with balance 10 (bolt)
[Node 5] 2025/11/28 13:32:16.973511 [Database] client 80 initialized with balance 10 (bolt)
[Node 5] 2025/11/28 13:32:16.997510 [Database] client 81 initialized with balance 10 (bolt)
[Node 5] 2025/11/28 13:32:17.015612 [Database] client 82 initialized with balance 10 (bolt)
[Node 5] 2025/11/28 13:32:17.038495 [Database] client 83 initialized with balance 10 (bolt)
[Node 5] 2025/11/28 13:32:17.060518 [Database] client 84 initialized with balance 10 (bolt)
[Node 5] 2025/11/28 13:32:17.080510 [Database] client 85 initialized with balance 10 (bolt)
[Node 5] 2025/11/28 13:32:17.102484 [Database] client 86 initialized with balance 10 (bolt)
[Node 5] 2025/11/28 13:32:17.125487 [Database] client 87 initialized with balance 10 (bolt)
[Node 5] 2025/11/28 13:32:17.144496 [Database] client 88 initialized with balance 10 (bolt)
[Node 5] 2025/11/28 13:32:17.163578 [Database] client 89 initialized with balance 10 (bolt)
[Node 5] 2025/11/28 13:32:17.180456 [Database] client 90 initialized with balance 10 (bolt)
[Node 5] 2025/11/28 13:32:17.198683 [Database] client 91 initialized with balance 10 (bolt)
[Node 5] 2025/11/28 13:32:17.221497 [Database] client 92 initialized with balance 10 (bolt)
[Node 5] 2025/11/28 13:32:17.238479 [Database] client 93 initialized with balance 10 (bolt)
[Node 5] 2025/11/28 13:32:17.257588 [Database] client 94 initialized with balance 10 (bolt)
[Node 5] 2025/11/28 13:32:17.275543 [Database] client 95 initialized with balance 10 (bolt)
[Node 5] 2025/11/28 13:32:17.298595 [Database] client 96 initialized with balance 10 (bolt)
[Node 5] 2025/11/28 13:32:17.322688 [Database] client 97 initialized with balance 10 (bolt)
[Node 5] 2025/11/28 13:32:17.344590 [Database] client 98 initialized with balance 10 (bolt)
[Node 5] 2025/11/28 13:32:17.362555 [Database] client 99 initialized with balance 10 (bolt)
[Node 5] 2025/11/28 13:32:17.379572 [Database] client 100 initialized with balance 10 (bolt)
[Node 5] 2025/11/28 13:32:17.397615 [Database] client 101 initialized with balance 10 (bolt)
[Node 5] 2025/11/28 13:32:17.413528 [Database] client 102 initialized with balance 10 (bolt)
[Node 5] 2025/11/28 13:32:17.432558 [Database] client 103 initialized with balance 10 (bolt)
[Node 5] 2025/11/28 13:32:17.462512 [Database] client 104 initialized with balance 10 (bolt)
[Node 5] 2025/11/28 13:32:17.481606 [Database] client 105 initialized with balance 10 (bolt)
[Node 5] 2025/11/28 13:32:17.503462 [Database] client 106 initialized with balance 10 (bolt)
[Node 5] 2025/11/28 13:32:17.523957 [Database] client 107 initialized with balance 10 (bolt)
[Node 5] 2025/11/28 13:32:17.539545 [Database] client 108 initialized with balance 10 (bolt)
[Node 5] 2025/11/28 13:32:17.561476 [Database] client 109 initialized with balance 10 (bolt)
[Node 5] 2025/11/28 13:32:17.579484 [Database] client 110 initialized with balance 10 (bolt)
[Node 5] 2025/11/28 13:32:17.596508 [Database] client 111 initialized with balance 10 (bolt)
[Node 5] 2025/11/28 13:32:17.621545 [Database] client 112 initialized with balance 10 (bolt)
[Node 5] 2025/11/28 13:32:17.638638 [Database] client 113 initialized with balance 10 (bolt)
[Node 5] 2025/11/28 13:32:17.654537 [Database] client 114 initialized with balance 10 (bolt)
[Node 5] 2025/11/28 13:32:17.674590 [Database] client 115 initialized with balance 10 (bolt)
[Node 5] 2025/11/28 13:32:17.693613 [Database] client 116 initialized with balance 10 (bolt)
[Node 5] 2025/11/28 13:32:17.711601 [Database] client 117 initialized with balance 10 (bolt)
[Node 5] 2025/11/28 13:32:17.729613 [Database] client 118 initialized with balance 10 (bolt)
[Node 5] 2025/11/28 13:32:17.755499 [Database] client 119 initialized with balance 10 (bolt)
[Node 5] 2025/11/28 13:32:17.773483 [Database] client 120 initialized with balance 10 (bolt)
[Node 5] 2025/11/28 13:32:17.799624 [Database] client 121 initialized with balance 10 (bolt)
[Node 5] 2025/11/28 13:32:17.817510 [Database] client 122 initialized with balance 10 (bolt)
[Node 5] 2025/11/28 13:32:17.837560 [Database] client 123 initialized with balance 10 (bolt)
[Node 5] 2025/11/28 13:32:17.862621 [Database] client 124 initialized with balance 10 (bolt)
[Node 5] 2025/11/28 13:32:17.880526 [Database] client 125 initialized with balance 10 (bolt)
[Node 5] 2025/11/28 13:32:17.898602 [Database] client 126 initialized with balance 10 (bolt)
[Node 5] 2025/11/28 13:32:17.917561 [Database] client 127 initialized with balance 10 (bolt)
[Node 5] 2025/11/28 13:32:17.939524 [Database] client 128 initialized with balance 10 (bolt)
[Node 5] 2025/11/28 13:32:17.965487 [Database] client 129 initialized with balance 10 (bolt)
[Node 5] 2025/11/28 13:32:17.984463 [Database] client 130 initialized with balance 10 (bolt)
[Node 5] 2025/11/28 13:32:18.006644 [Database] client 131 initialized with balance 10 (bolt)
[Node 5] 2025/11/28 13:32:18.023574 [Database] client 132 initialized with balance 10 (bolt)
[Node 5] 2025/11/28 13:32:18.041582 [Database] client 133 initialized with balance 10 (bolt)
[Node 5] 2025/11/28 13:32:18.059460 [Database] client 134 initialized with balance 10 (bolt)
[Node 5] 2025/11/28 13:32:18.076470 [Database] client 135 initialized with balance 10 (bolt)
[Node 5] 2025/11/28 13:32:18.098493 [Database] client 136 initialized with balance 10 (bolt)
[Node 5] 2025/11/28 13:32:18.117473 [Database] client 137 initialized with balance 10 (bolt)
[Node 5] 2025/11/28 13:32:18.140395 [Database] client 138 initialized with balance 10 (bolt)
[Node 5] 2025/11/28 13:32:18.159534 [Database] client 139 initialized with balance 10 (bolt)
[Node 5] 2025/11/28 13:32:18.179382 [Database] client 140 initialized with balance 10 (bolt)
[Node 5] 2025/11/28 13:32:18.195530 [Database] client 141 initialized with balance 10 (bolt)
[Node 5] 2025/11/28 13:32:18.214488 [Database] client 142 initialized with balance 10 (bolt)
[Node 5] 2025/11/28 13:32:18.231447 [Database] client 143 initialized with balance 10 (bolt)
[Node 5] 2025/11/28 13:32:18.244626 [Database] client 144 initialized with balance 10 (bolt)
[Node 5] 2025/11/28 13:32:18.265485 [Database] client 145 initialized with balance 10 (bolt)
[Node 5] 2025/11/28 13:32:18.287468 [Database] client 146 initialized with balance 10 (bolt)
[Node 5] 2025/11/28 13:32:18.303474 [Database] client 147 initialized with balance 10 (bolt)
[Node 5] 2025/11/28 13:32:18.320440 [Database] client 148 initialized with balance 10 (bolt)
[Node 5] 2025/11/28 13:32:18.339585 [Database] client 149 initialized with balance 10 (bolt)
[Node 5] 2025/11/28 13:32:18.361496 [Database] client 150 initialized with balance 10 (bolt)
[Node 5] 2025/11/28 13:32:18.380475 [Database] client 151 initialized with balance 10 (bolt)
[Node 5] 2025/11/28 13:32:18.396503 [Database] client 152 initialized with balance 10 (bolt)
[Node 5] 2025/11/28 13:32:18.423543 [Database] client 153 initialized with balance 10 (bolt)
[Node 5] 2025/11/28 13:32:18.445471 [Database] client 154 initialized with balance 10 (bolt)
[Node 5] 2025/11/28 13:32:18.462501 [Database] client 155 initialized with balance 10 (bolt)
[Node 5] 2025/11/28 13:32:18.481555 [Database] client 156 initialized with balance 10 (bolt)
[Node 5] 2025/11/28 13:32:18.497560 [Database] client 157 initialized with balance 10 (bolt)
[Node 5] 2025/11/28 13:32:18.520420 [Database] client 158 initialized with balance 10 (bolt)
[Node 5] 2025/11/28 13:32:18.537264 Node 5: Leader timeout (3.089623s), no leader msgs, starting election
[Node 5] 2025/11/28 13:32:18.541629 Node 5: StartLeaderElection invoked (leader=false active=false)
[Node 5] 2025/11/28 13:32:18.537463 [Database] client 159 initialized with balance 10 (bolt)
[Node 5] 2025/11/28 13:32:18.560498 [Database] client 160 initialized with balance 10 (bolt)
[Node 5] 2025/11/28 13:32:18.578871 [Database] client 161 initialized with balance 10 (bolt)
[Node 5] 2025/11/28 13:32:18.611442 [Database] client 162 initialized with balance 10 (bolt)
[Node 5] 2025/11/28 13:32:18.629523 [Database] client 163 initialized with balance 10 (bolt)
[Node 5] 2025/11/28 13:32:18.649531 [Database] client 164 initialized with balance 10 (bolt)
[Node 5] 2025/11/28 13:32:18.665547 [Database] client 165 initialized with balance 10 (bolt)
[Node 5] 2025/11/28 13:32:18.687508 [Database] client 166 initialized with balance 10 (bolt)
[Node 5] 2025/11/28 13:32:18.704452 [Database] client 167 initialized with balance 10 (bolt)
[Node 5] 2025/11/28 13:32:18.723528 [Database] client 168 initialized with balance 10 (bolt)
[Node 5] 2025/11/28 13:32:18.740410 [Database] client 169 initialized with balance 10 (bolt)
[Node 5] 2025/11/28 13:32:18.756441 [Database] client 170 initialized with balance 10 (bolt)
[Node 5] 2025/11/28 13:32:18.773508 [Database] client 171 initialized with balance 10 (bolt)
[Node 5] 2025/11/28 13:32:18.795469 [Database] client 172 initialized with balance 10 (bolt)
[Node 5] 2025/11/28 13:32:18.811535 [Database] client 173 initialized with balance 10 (bolt)
[Node 5] 2025/11/28 13:32:18.828500 [Database] client 174 initialized with balance 10 (bolt)
[Node 5] 2025/11/28 13:32:18.851471 [Database] client 175 initialized with balance 10 (bolt)
[Node 5] 2025/11/28 13:32:18.879540 [Database] client 176 initialized with balance 10 (bolt)
[Node 5] 2025/11/28 13:32:18.897545 [Database] client 177 initialized with balance 10 (bolt)
[Node 5] 2025/11/28 13:32:18.914644 [Database] client 178 initialized with balance 10 (bolt)
[Node 5] 2025/11/28 13:32:18.932562 [Database] client 179 initialized with balance 10 (bolt)
[Node 5] 2025/11/28 13:32:18.953487 [Database] client 180 initialized with balance 10 (bolt)
[Node 5] 2025/11/28 13:32:18.971461 [Database] client 181 initialized with balance 10 (bolt)
[Node 5] 2025/11/28 13:32:18.991524 [Database] client 182 initialized with balance 10 (bolt)
[Node 5] 2025/11/28 13:32:19.010552 [Database] client 183 initialized with balance 10 (bolt)
[Node 5] 2025/11/28 13:32:19.028497 [Database] client 184 initialized with balance 10 (bolt)
[Node 5] 2025/11/28 13:32:19.052491 [Database] client 185 initialized with balance 10 (bolt)
[Node 5] 2025/11/28 13:32:19.078498 [Database] client 186 initialized with balance 10 (bolt)
[Node 5] 2025/11/28 13:32:19.091468 [Database] client 187 initialized with balance 10 (bolt)
[Node 5] 2025/11/28 13:32:19.108420 [Database] client 188 initialized with balance 10 (bolt)
[Node 5] 2025/11/28 13:32:19.124546 [Database] client 189 initialized with balance 10 (bolt)
[Node 5] 2025/11/28 13:32:19.142429 [Database] client 190 initialized with balance 10 (bolt)
[Node 5] 2025/11/28 13:32:19.165519 [Database] client 191 initialized with balance 10 (bolt)
[Node 5] 2025/11/28 13:32:19.184487 [Database] client 192 initialized with balance 10 (bolt)
[Node 5] 2025/11/28 13:32:19.205496 [Database] client 193 initialized with balance 10 (bolt)
[Node 5] 2025/11/28 13:32:19.222514 [Database] client 194 initialized with balance 10 (bolt)
[Node 5] 2025/11/28 13:32:19.248522 [Database] client 195 initialized with balance 10 (bolt)
[Node 5] 2025/11/28 13:32:19.269488 [Database] client 196 initialized with balance 10 (bolt)
[Node 5] 2025/11/28 13:32:19.288583 [Database] client 197 initialized with balance 10 (bolt)
[Node 5] 2025/11/28 13:32:19.307536 [Database] client 198 initialized with balance 10 (bolt)
[Node 5] 2025/11/28 13:32:19.325483 [Database] client 199 initialized with balance 10 (bolt)
[Node 5] 2025/11/28 13:32:19.342494 [Database] client 200 initialized with balance 10 (bolt)
[Node 5] 2025/11/28 13:32:19.363434 [Database] client 201 initialized with balance 10 (bolt)
[Node 5] 2025/11/28 13:32:19.389370 [Database] client 202 initialized with balance 10 (bolt)
[Node 5] 2025/11/28 13:32:19.411563 [Database] client 203 initialized with balance 10 (bolt)
[Node 5] 2025/11/28 13:32:19.445782 [Database] client 204 initialized with balance 10 (bolt)
[Node 5] 2025/11/28 13:32:19.467378 [Database] client 205 initialized with balance 10 (bolt)
[Node 5] 2025/11/28 13:32:19.486419 [Database] client 206 initialized with balance 10 (bolt)
[Node 5] 2025/11/28 13:32:19.505402 [Database] client 207 initialized with balance 10 (bolt)
[Node 5] 2025/11/28 13:32:19.526369 [Database] client 208 initialized with balance 10 (bolt)
[Node 5] 2025/11/28 13:32:19.550469 [Database] client 209 initialized with balance 10 (bolt)
[Node 5] 2025/11/28 13:32:19.571522 [Database] client 210 initialized with balance 10 (bolt)
[Node 5] 2025/11/28 13:32:19.589419 [Database] client 211 initialized with balance 10 (bolt)
[Node 5] 2025/11/28 13:32:19.609477 [Database] client 212 initialized with balance 10 (bolt)
[Node 5] 2025/11/28 13:32:19.630548 [Database] client 213 initialized with balance 10 (bolt)
[Node 5] 2025/11/28 13:32:19.648369 [Database] client 214 initialized with balance 10 (bolt)
[Node 5] 2025/11/28 13:32:19.672396 [Database] client 215 initialized with balance 10 (bolt)
[Node 5] 2025/11/28 13:32:19.691426 [Database] client 216 initialized with balance 10 (bolt)
[Node 5] 2025/11/28 13:32:19.709698 [Database] client 217 initialized with balance 10 (bolt)
[Node 5] 2025/11/28 13:32:19.731393 [Database] client 218 initialized with balance 10 (bolt)
[Node 5] 2025/11/28 13:32:19.751509 [Database] client 219 initialized with balance 10 (bolt)
[Node 5] 2025/11/28 13:32:19.774383 [Database] client 220 initialized with balance 10 (bolt)
[Node 5] 2025/11/28 13:32:19.800542 [Database] client 221 initialized with balance 10 (bolt)
[Node 5] 2025/11/28 13:32:19.827486 [Database] client 222 initialized with balance 10 (bolt)
[Node 5] 2025/11/28 13:32:19.847433 [Database] client 223 initialized with balance 10 (bolt)
[Node 5] 2025/11/28 13:32:19.866471 [Database] client 224 initialized with balance 10 (bolt)
[Node 5] 2025/11/28 13:32:19.890437 [Database] client 225 initialized with balance 10 (bolt)
[Node 5] 2025/11/28 13:32:19.909489 [Database] client 226 initialized with balance 10 (bolt)
[Node 5] 2025/11/28 13:32:19.935552 [Database] client 227 initialized with balance 10 (bolt)
[Node 5] 2025/11/28 13:32:19.958465 [Database] client 228 initialized with balance 10 (bolt)
[Node 5] 2025/11/28 13:32:19.980393 [Database] client 229 initialized with balance 10 (bolt)
[Node 5] 2025/11/28 13:32:19.998522 [Database] client 230 initialized with balance 10 (bolt)
[Node 5] 2025/11/28 13:32:20.022462 [Database] client 231 initialized with balance 10 (bolt)
[Node 5] 2025/11/28 13:32:20.043427 [Database] client 232 initialized with balance 10 (bolt)
[Node 5] 2025/11/28 13:32:20.060427 [Database] client 233 initialized with balance 10 (bolt)
[Node 5] 2025/11/28 13:32:20.078503 [Database] client 234 initialized with balance 10 (bolt)
[Node 5] 2025/11/28 13:32:20.097376 [Database] client 235 initialized with balance 10 (bolt)
[Node 5] 2025/11/28 13:32:20.118354 [Database] client 236 initialized with balance 10 (bolt)
[Node 5] 2025/11/28 13:32:20.137410 [Database] client 237 initialized with balance 10 (bolt)
[Node 5] 2025/11/28 13:32:20.155330 [Database] client 238 initialized with balance 10 (bolt)
[Node 5] 2025/11/28 13:32:20.182376 [Database] client 239 initialized with balance 10 (bolt)
[Node 5] 2025/11/28 13:32:20.199510 [Database] client 240 initialized with balance 10 (bolt)
[Node 5] 2025/11/28 13:32:20.220563 [Database] client 241 initialized with balance 10 (bolt)
[Node 5] 2025/11/28 13:32:20.241574 [Database] client 242 initialized with balance 10 (bolt)
[Node 5] 2025/11/28 13:32:20.259405 [Database] client 243 initialized with balance 10 (bolt)
[Node 5] 2025/11/28 13:32:20.276482 [Database] client 244 initialized with balance 10 (bolt)
[Node 5] 2025/11/28 13:32:20.293557 [Database] client 245 initialized with balance 10 (bolt)
[Node 5] 2025/11/28 13:32:20.310488 [Database] client 246 initialized with balance 10 (bolt)
[Node 5] 2025/11/28 13:32:20.328410 [Database] client 247 initialized with balance 10 (bolt)
[Node 5] 2025/11/28 13:32:20.349559 [Database] client 248 initialized with balance 10 (bolt)
[Node 5] 2025/11/28 13:32:20.373354 [Database] client 249 initialized with balance 10 (bolt)
[Node 5] 2025/11/28 13:32:20.390318 [Database] client 250 initialized with balance 10 (bolt)
[Node 5] 2025/11/28 13:32:20.413394 [Database] client 251 initialized with balance 10 (bolt)
[Node 5] 2025/11/28 13:32:20.437464 [Database] client 252 initialized with balance 10 (bolt)
[Node 5] 2025/11/28 13:32:20.456428 [Database] client 253 initialized with balance 10 (bolt)
[Node 5] 2025/11/28 13:32:20.473397 [Database] client 254 initialized with balance 10 (bolt)
[Node 5] 2025/11/28 13:32:20.491538 [Database] client 255 initialized with balance 10 (bolt)
[Node 5] 2025/11/28 13:32:20.507475 [Database] client 256 initialized with balance 10 (bolt)
[Node 5] 2025/11/28 13:32:20.524496 [Database] client 257 initialized with balance 10 (bolt)
[Node 5] 2025/11/28 13:32:20.542455 [Database] client 258 initialized with balance 10 (bolt)
[Node 5] 2025/11/28 13:32:20.553183 Node 5: Leader timeout (5.105604s), no leader msgs, starting election
[Node 5] 2025/11/28 13:32:20.553736 Node 5: StartLeaderElection invoked (leader=false active=false)
[Node 5] 2025/11/28 13:32:20.564513 [Database] client 259 initialized with balance 10 (bolt)
[Node 5] 2025/11/28 13:32:20.581376 [Database] client 260 initialized with balance 10 (bolt)
[Node 5] 2025/11/28 13:32:20.597443 [Database] client 261 initialized with balance 10 (bolt)
[Node 5] 2025/11/28 13:32:20.613496 [Database] client 262 initialized with balance 10 (bolt)
[Node 5] 2025/11/28 13:32:20.637492 [Database] client 263 initialized with balance 10 (bolt)
[Node 5] 2025/11/28 13:32:20.656359 [Database] client 264 initialized with balance 10 (bolt)
[Node 5] 2025/11/28 13:32:20.674425 [Database] client 265 initialized with balance 10 (bolt)
[Node 5] 2025/11/28 13:32:20.691443 [Database] client 266 initialized with balance 10 (bolt)
[Node 5] 2025/11/28 13:32:20.708479 [Database] client 267 initialized with balance 10 (bolt)
[Node 5] 2025/11/28 13:32:20.724459 [Database] client 268 initialized with balance 10 (bolt)
[Node 5] 2025/11/28 13:32:20.742335 [Database] client 269 initialized with balance 10 (bolt)
[Node 5] 2025/11/28 13:32:20.765451 [Database] client 270 initialized with balance 10 (bolt)
[Node 5] 2025/11/28 13:32:20.783340 [Database] client 271 initialized with balance 10 (bolt)
[Node 5] 2025/11/28 13:32:20.804516 [Database] client 272 initialized with balance 10 (bolt)
[Node 5] 2025/11/28 13:32:20.837394 [Database] client 273 initialized with balance 10 (bolt)
[Node 5] 2025/11/28 13:32:20.858418 [Database] client 274 initialized with balance 10 (bolt)
[Node 5] 2025/11/28 13:32:20.880456 [Database] client 275 initialized with balance 10 (bolt)
[Node 5] 2025/11/28 13:32:20.900451 [Database] client 276 initialized with balance 10 (bolt)
[Node 5] 2025/11/28 13:32:20.922415 [Database] client 277 initialized with balance 10 (bolt)
[Node 5] 2025/11/28 13:32:20.942389 [Database] client 278 initialized with balance 10 (bolt)
[Node 5] 2025/11/28 13:32:20.966507 [Database] client 279 initialized with balance 10 (bolt)
[Node 5] 2025/11/28 13:32:20.991313 [Database] client 280 initialized with balance 10 (bolt)
[Node 5] 2025/11/28 13:32:21.008527 [Database] client 281 initialized with balance 10 (bolt)
[Node 5] 2025/11/28 13:32:21.020376 [Database] client 282 initialized with balance 10 (bolt)
[Node 5] 2025/11/28 13:32:21.039353 [Database] client 283 initialized with balance 10 (bolt)
[Node 5] 2025/11/28 13:32:21.063320 [Database] client 284 initialized with balance 10 (bolt)
[Node 5] 2025/11/28 13:32:21.093401 [Database] client 285 initialized with balance 10 (bolt)
[Node 5] 2025/11/28 13:32:21.117429 [Database] client 286 initialized with balance 10 (bolt)
[Node 5] 2025/11/28 13:32:21.140455 [Database] client 287 initialized with balance 10 (bolt)
[Node 5] 2025/11/28 13:32:21.160469 [Database] client 288 initialized with balance 10 (bolt)
[Node 5] 2025/11/28 13:32:21.182385 [Database] client 289 initialized with balance 10 (bolt)
[Node 5] 2025/11/28 13:32:21.201388 [Database] client 290 initialized with balance 10 (bolt)
[Node 5] 2025/11/28 13:32:21.222413 [Database] client 291 initialized with balance 10 (bolt)
[Node 5] 2025/11/28 13:32:21.243417 [Database] client 292 initialized with balance 10 (bolt)
[Node 5] 2025/11/28 13:32:21.262386 [Database] client 293 initialized with balance 10 (bolt)
[Node 5] 2025/11/28 13:32:21.283473 [Database] client 294 initialized with balance 10 (bolt)
[Node 5] 2025/11/28 13:32:21.309489 [Database] client 295 initialized with balance 10 (bolt)
[Node 5] 2025/11/28 13:32:21.330365 [Database] client 296 initialized with balance 10 (bolt)
[Node 5] 2025/11/28 13:32:21.357376 [Database] client 297 initialized with balance 10 (bolt)
[Node 5] 2025/11/28 13:32:21.379422 [Database] client 298 initialized with balance 10 (bolt)
[Node 5] 2025/11/28 13:32:21.400428 [Database] client 299 initialized with balance 10 (bolt)
[Node 5] 2025/11/28 13:32:21.422325 [Database] client 300 initialized with balance 10 (bolt)
[Node 5] 2025/11/28 13:32:21.444348 [Database] client 301 initialized with balance 10 (bolt)
[Node 5] 2025/11/28 13:32:21.468333 [Database] client 302 initialized with balance 10 (bolt)
[Node 5] 2025/11/28 13:32:21.491466 [Database] client 303 initialized with balance 10 (bolt)
[Node 5] 2025/11/28 13:32:21.512403 [Database] client 304 initialized with balance 10 (bolt)
[Node 5] 2025/11/28 13:32:21.539344 [Database] client 305 initialized with balance 10 (bolt)
[Node 5] 2025/11/28 13:32:21.560360 [Database] client 306 initialized with balance 10 (bolt)
[Node 5] 2025/11/28 13:32:21.577401 [Database] client 307 initialized with balance 10 (bolt)
[Node 5] 2025/11/28 13:32:21.601384 [Database] client 308 initialized with balance 10 (bolt)
[Node 5] 2025/11/28 13:32:21.625266 [Database] client 309 initialized with balance 10 (bolt)
[Node 5] 2025/11/28 13:32:21.642532 [Database] client 310 initialized with balance 10 (bolt)
[Node 5] 2025/11/28 13:32:21.660349 [Database] client 311 initialized with balance 10 (bolt)
[Node 5] 2025/11/28 13:32:21.685329 [Database] client 312 initialized with balance 10 (bolt)
[Node 5] 2025/11/28 13:32:21.714552 [Database] client 313 initialized with balance 10 (bolt)
[Node 5] 2025/11/28 13:32:21.731488 [Database] client 314 initialized with balance 10 (bolt)
[Node 5] 2025/11/28 13:32:21.757512 [Database] client 315 initialized with balance 10 (bolt)
[Node 5] 2025/11/28 13:32:21.775314 [Database] client 316 initialized with balance 10 (bolt)
[Node 5] 2025/11/28 13:32:21.799872 [Database] client 317 initialized with balance 10 (bolt)
[Node 5] 2025/11/28 13:32:21.816352 [Database] client 318 initialized with balance 10 (bolt)
[Node 5] 2025/11/28 13:32:21.835347 [Database] client 319 initialized with balance 10 (bolt)
[Node 5] 2025/11/28 13:32:21.853516 [Database] client 320 initialized with balance 10 (bolt)
[Node 5] 2025/11/28 13:32:21.874437 [Database] client 321 initialized with balance 10 (bolt)
[Node 5] 2025/11/28 13:32:21.912369 [Database] client 322 initialized with balance 10 (bolt)
[Node 5] 2025/11/28 13:32:21.930348 [Database] client 323 initialized with balance 10 (bolt)
[Node 5] 2025/11/28 13:32:21.957386 [Database] client 324 initialized with balance 10 (bolt)
[Node 5] 2025/11/28 13:32:21.980436 [Database] client 325 initialized with balance 10 (bolt)
[Node 5] 2025/11/28 13:32:21.998341 [Database] client 326 initialized with balance 10 (bolt)
[Node 5] 2025/11/28 13:32:22.015450 [Database] client 327 initialized with balance 10 (bolt)
[Node 5] 2025/11/28 13:32:22.037390 [Database] client 328 initialized with balance 10 (bolt)
[Node 5] 2025/11/28 13:32:22.054465 [Database] client 329 initialized with balance 10 (bolt)
[Node 5] 2025/11/28 13:32:22.070416 [Database] client 330 initialized with balance 10 (bolt)
[Node 5] 2025/11/28 13:32:22.090414 [Database] client 331 initialized with balance 10 (bolt)
[Node 5] 2025/11/28 13:32:22.106444 [Database] client 332 initialized with balance 10 (bolt)
[Node 5] 2025/11/28 13:32:22.122449 [Database] client 333 initialized with balance 10 (bolt)
[Node 5] 2025/11/28 13:32:22.141558 [Database] client 334 initialized with balance 10 (bolt)
[Node 5] 2025/11/28 13:32:22.158420 [Database] client 335 initialized with balance 10 (bolt)
[Node 5] 2025/11/28 13:32:22.179445 [Database] client 336 initialized with balance 10 (bolt)
[Node 5] 2025/11/28 13:32:22.197372 [Database] client 337 initialized with balance 10 (bolt)
[Node 5] 2025/11/28 13:32:22.218312 [Database] client 338 initialized with balance 10 (bolt)
[Node 5] 2025/11/28 13:32:22.238461 [Database] client 339 initialized with balance 10 (bolt)
[Node 5] 2025/11/28 13:32:22.254450 [Database] client 340 initialized with balance 10 (bolt)
[Node 5] 2025/11/28 13:32:22.282293 [Database] client 341 initialized with balance 10 (bolt)
[Node 5] 2025/11/28 13:32:22.309461 [Database] client 342 initialized with balance 10 (bolt)
[Node 5] 2025/11/28 13:32:22.332381 [Database] client 343 initialized with balance 10 (bolt)
[Node 5] 2025/11/28 13:32:22.350369 [Database] client 344 initialized with balance 10 (bolt)
[Node 5] 2025/11/28 13:32:22.377327 [Database] client 345 initialized with balance 10 (bolt)
[Node 5] 2025/11/28 13:32:22.400469 [Database] client 346 initialized with balance 10 (bolt)
[Node 5] 2025/11/28 13:32:22.418443 [Database] client 347 initialized with balance 10 (bolt)
[Node 5] 2025/11/28 13:32:22.439378 [Database] client 348 initialized with balance 10 (bolt)
[Node 5] 2025/11/28 13:32:22.465474 [Database] client 349 initialized with balance 10 (bolt)
[Node 5] 2025/11/28 13:32:22.483488 [Database] client 350 initialized with balance 10 (bolt)
[Node 5] 2025/11/28 13:32:22.501357 [Database] client 351 initialized with balance 10 (bolt)
[Node 5] 2025/11/28 13:32:22.520298 [Database] client 352 initialized with balance 10 (bolt)
[Node 5] 2025/11/28 13:32:22.538443 [Database] client 353 initialized with balance 10 (bolt)
[Node 5] 2025/11/28 13:32:22.557462 [Database] client 354 initialized with balance 10 (bolt)
[Node 5] 2025/11/28 13:32:22.564865 Node 5: Leader timeout (7.117360s), no leader msgs, starting election
[Node 5] 2025/11/28 13:32:22.565532 Node 5: StartLeaderElection invoked (leader=false active=false)
[Node 5] 2025/11/28 13:32:22.579353 [Database] client 355 initialized with balance 10 (bolt)
[Node 5] 2025/11/28 13:32:22.599452 [Database] client 356 initialized with balance 10 (bolt)
[Node 5] 2025/11/28 13:32:22.622335 [Database] client 357 initialized with balance 10 (bolt)
[Node 5] 2025/11/28 13:32:22.641339 [Database] client 358 initialized with balance 10 (bolt)
[Node 5] 2025/11/28 13:32:22.659384 [Database] client 359 initialized with balance 10 (bolt)
[Node 5] 2025/11/28 13:32:22.681392 [Database] client 360 initialized with balance 10 (bolt)
[Node 5] 2025/11/28 13:32:22.707384 [Database] client 361 initialized with balance 10 (bolt)
[Node 5] 2025/11/28 13:32:22.724451 [Database] client 362 initialized with balance 10 (bolt)
[Node 5] 2025/11/28 13:32:22.746397 [Database] client 363 initialized with balance 10 (bolt)
[Node 5] 2025/11/28 13:32:22.769443 [Database] client 364 initialized with balance 10 (bolt)
[Node 5] 2025/11/28 13:32:22.789482 [Database] client 365 initialized with balance 10 (bolt)
[Node 5] 2025/11/28 13:32:22.811377 [Database] client 366 initialized with balance 10 (bolt)
[Node 5] 2025/11/28 13:32:22.832352 [Database] client 367 initialized with balance 10 (bolt)
[Node 5] 2025/11/28 13:32:22.854339 [Database] client 368 initialized with balance 10 (bolt)
[Node 5] 2025/11/28 13:32:22.872388 [Database] client 369 initialized with balance 10 (bolt)
[Node 5] 2025/11/28 13:32:22.891358 [Database] client 370 initialized with balance 10 (bolt)
[Node 5] 2025/11/28 13:32:22.910341 [Database] client 371 initialized with balance 10 (bolt)
[Node 5] 2025/11/28 13:32:22.933351 [Database] client 372 initialized with balance 10 (bolt)
[Node 5] 2025/11/28 13:32:22.956325 [Database] client 373 initialized with balance 10 (bolt)
[Node 5] 2025/11/28 13:32:22.974517 [Database] client 374 initialized with balance 10 (bolt)
[Node 5] 2025/11/28 13:32:23.000440 [Database] client 375 initialized with balance 10 (bolt)
[Node 5] 2025/11/28 13:32:23.020369 [Database] client 376 initialized with balance 10 (bolt)
[Node 5] 2025/11/28 13:32:23.038396 [Database] client 377 initialized with balance 10 (bolt)
[Node 5] 2025/11/28 13:32:23.062325 [Database] client 378 initialized with balance 10 (bolt)
[Node 5] 2025/11/28 13:32:23.085356 [Database] client 379 initialized with balance 10 (bolt)
[Node 5] 2025/11/28 13:32:23.109456 [Database] client 380 initialized with balance 10 (bolt)
[Node 5] 2025/11/28 13:32:23.154881 [Database] client 381 initialized with balance 10 (bolt)
[Node 5] 2025/11/28 13:32:23.194432 [Database] client 382 initialized with balance 10 (bolt)
[Node 5] 2025/11/28 13:32:23.221381 [Database] client 383 initialized with balance 10 (bolt)
[Node 5] 2025/11/28 13:32:23.252353 [Database] client 384 initialized with balance 10 (bolt)
[Node 5] 2025/11/28 13:32:23.277370 [Database] client 385 initialized with balance 10 (bolt)
[Node 5] 2025/11/28 13:32:23.312468 [Database] client 386 initialized with balance 10 (bolt)
[Node 5] 2025/11/28 13:32:23.339367 [Database] client 387 initialized with balance 10 (bolt)
[Node 5] 2025/11/28 13:32:23.369381 [Database] client 388 initialized with balance 10 (bolt)
[Node 5] 2025/11/28 13:32:23.393260 [Database] client 389 initialized with balance 10 (bolt)
[Node 5] 2025/11/28 13:32:23.417342 [Database] client 390 initialized with balance 10 (bolt)
[Node 5] 2025/11/28 13:32:23.442367 [Database] client 391 initialized with balance 10 (bolt)
[Node 5] 2025/11/28 13:32:23.461342 [Database] client 392 initialized with balance 10 (bolt)
[Node 5] 2025/11/28 13:32:23.485267 [Database] client 393 initialized with balance 10 (bolt)
[Node 5] 2025/11/28 13:32:23.504409 [Database] client 394 initialized with balance 10 (bolt)
[Node 5] 2025/11/28 13:32:23.530360 [Database] client 395 initialized with balance 10 (bolt)
[Node 5] 2025/11/28 13:32:23.555411 [Database] client 396 initialized with balance 10 (bolt)
[Node 5] 2025/11/28 13:32:23.575361 [Database] client 397 initialized with balance 10 (bolt)
[Node 5] 2025/11/28 13:32:23.607263 [Database] client 398 initialized with balance 10 (bolt)
[Node 5] 2025/11/28 13:32:23.632241 [Database] client 399 initialized with balance 10 (bolt)
[Node 5] 2025/11/28 13:32:23.657337 [Database] client 400 initialized with balance 10 (bolt)
[Node 5] 2025/11/28 13:32:23.678316 [Database] client 401 initialized with balance 10 (bolt)
[Node 5] 2025/11/28 13:32:23.697395 [Database] client 402 initialized with balance 10 (bolt)
[Node 5] 2025/11/28 13:32:23.715261 [Database] client 403 initialized with balance 10 (bolt)
[Node 5] 2025/11/28 13:32:23.735235 [Database] client 404 initialized with balance 10 (bolt)
[Node 5] 2025/11/28 13:32:23.757344 [Database] client 405 initialized with balance 10 (bolt)
[Node 5] 2025/11/28 13:32:23.780338 [Database] client 406 initialized with balance 10 (bolt)
[Node 5] 2025/11/28 13:32:23.797362 [Database] client 407 initialized with balance 10 (bolt)
[Node 5] 2025/11/28 13:32:23.822417 [Database] client 408 initialized with balance 10 (bolt)
[Node 5] 2025/11/28 13:32:23.841262 [Database] client 409 initialized with balance 10 (bolt)
[Node 5] 2025/11/28 13:32:23.860216 [Database] client 410 initialized with balance 10 (bolt)
[Node 5] 2025/11/28 13:32:23.878379 [Database] client 411 initialized with balance 10 (bolt)
[Node 5] 2025/11/28 13:32:23.897442 [Database] client 412 initialized with balance 10 (bolt)
[Node 5] 2025/11/28 13:32:23.928339 [Database] client 413 initialized with balance 10 (bolt)
[Node 5] 2025/11/28 13:32:23.951233 [Database] client 414 initialized with balance 10 (bolt)
[Node 5] 2025/11/28 13:32:23.971311 [Database] client 415 initialized with balance 10 (bolt)
[Node 5] 2025/11/28 13:32:23.991323 [Database] client 416 initialized with balance 10 (bolt)
[Node 5] 2025/11/28 13:32:24.011269 [Database] client 417 initialized with balance 10 (bolt)
[Node 5] 2025/11/28 13:32:24.033354 [Database] client 418 initialized with balance 10 (bolt)
[Node 5] 2025/11/28 13:32:24.053213 [Database] client 419 initialized with balance 10 (bolt)
[Node 5] 2025/11/28 13:32:24.076218 [Database] client 420 initialized with balance 10 (bolt)
[Node 5] 2025/11/28 13:32:24.096357 [Database] client 421 initialized with balance 10 (bolt)
[Node 5] 2025/11/28 13:32:24.123269 [Database] client 422 initialized with balance 10 (bolt)
[Node 5] 2025/11/28 13:32:24.145284 [Database] client 423 initialized with balance 10 (bolt)
[Node 5] 2025/11/28 13:32:24.164219 [Database] client 424 initialized with balance 10 (bolt)
[Node 5] 2025/11/28 13:32:24.183361 [Database] client 425 initialized with balance 10 (bolt)
[Node 5] 2025/11/28 13:32:24.202348 [Database] client 426 initialized with balance 10 (bolt)
[Node 5] 2025/11/28 13:32:24.221335 [Database] client 427 initialized with balance 10 (bolt)
[Node 5] 2025/11/28 13:32:24.249369 [Database] client 428 initialized with balance 10 (bolt)
[Node 5] 2025/11/28 13:32:24.273335 [Database] client 429 initialized with balance 10 (bolt)
[Node 5] 2025/11/28 13:32:24.291330 [Database] client 430 initialized with balance 10 (bolt)
[Node 5] 2025/11/28 13:32:24.310319 [Database] client 431 initialized with balance 10 (bolt)
[Node 5] 2025/11/28 13:32:24.332285 [Database] client 432 initialized with balance 10 (bolt)
[Node 5] 2025/11/28 13:32:24.351298 [Database] client 433 initialized with balance 10 (bolt)
[Node 5] 2025/11/28 13:32:24.375282 [Database] client 434 initialized with balance 10 (bolt)
[Node 5] 2025/11/28 13:32:24.395340 [Database] client 435 initialized with balance 10 (bolt)
[Node 5] 2025/11/28 13:32:24.417302 [Database] client 436 initialized with balance 10 (bolt)
[Node 5] 2025/11/28 13:32:24.435270 [Database] client 437 initialized with balance 10 (bolt)
[Node 5] 2025/11/28 13:32:24.454391 [Database] client 438 initialized with balance 10 (bolt)
[Node 5] 2025/11/28 13:32:24.480692 [Database] client 439 initialized with balance 10 (bolt)
[Node 5] 2025/11/28 13:32:24.512327 [Database] client 440 initialized with balance 10 (bolt)
[Node 5] 2025/11/28 13:32:24.536362 [Database] client 441 initialized with balance 10 (bolt)
[Node 5] 2025/11/28 13:32:24.558296 [Database] client 442 initialized with balance 10 (bolt)
[Node 5] 2025/11/28 13:32:24.575011 Node 5: Leader timeout (9.127572s), no leader msgs, starting election
[Node 5] 2025/11/28 13:32:24.575627 Node 5: StartLeaderElection invoked (leader=false active=false)
[Node 5] 2025/11/28 13:32:24.575444 [Database] client 443 initialized with balance 10 (bolt)
[Node 5] 2025/11/28 13:32:24.598379 [Database] client 444 initialized with balance 10 (bolt)
[Node 5] 2025/11/28 13:32:24.631375 [Database] client 445 initialized with balance 10 (bolt)
[Node 5] 2025/11/28 13:32:24.656408 [Database] client 446 initialized with balance 10 (bolt)
[Node 5] 2025/11/28 13:32:24.689343 [Database] client 447 initialized with balance 10 (bolt)
[Node 5] 2025/11/28 13:32:24.715469 [Database] client 448 initialized with balance 10 (bolt)
[Node 5] 2025/11/28 13:32:24.740491 [Database] client 449 initialized with balance 10 (bolt)
[Node 5] 2025/11/28 13:32:24.761275 [Database] client 450 initialized with balance 10 (bolt)
[Node 5] 2025/11/28 13:32:24.797324 [Database] client 451 initialized with balance 10 (bolt)
[Node 5] 2025/11/28 13:32:24.826376 [Database] client 452 initialized with balance 10 (bolt)
[Node 5] 2025/11/28 13:32:24.850459 [Database] client 453 initialized with balance 10 (bolt)
[Node 5] 2025/11/28 13:32:24.875506 [Database] client 454 initialized with balance 10 (bolt)
[Node 5] 2025/11/28 13:32:24.905423 [Database] client 455 initialized with balance 10 (bolt)
[Node 5] 2025/11/28 13:32:24.938384 [Database] client 456 initialized with balance 10 (bolt)
[Node 5] 2025/11/28 13:32:24.962421 [Database] client 457 initialized with balance 10 (bolt)
[Node 5] 2025/11/28 13:32:24.983366 [Database] client 458 initialized with balance 10 (bolt)
[Node 5] 2025/11/28 13:32:25.018347 [Database] client 459 initialized with balance 10 (bolt)
[Node 5] 2025/11/28 13:32:25.041192 [Database] client 460 initialized with balance 10 (bolt)
[Node 5] 2025/11/28 13:32:25.064311 [Database] client 461 initialized with balance 10 (bolt)
[Node 5] 2025/11/28 13:32:25.081407 [Database] client 462 initialized with balance 10 (bolt)
[Node 5] 2025/11/28 13:32:25.099222 [Database] client 463 initialized with balance 10 (bolt)
[Node 5] 2025/11/28 13:32:25.122334 [Database] client 464 initialized with balance 10 (bolt)
[Node 5] 2025/11/28 13:32:25.141352 [Database] client 465 initialized with balance 10 (bolt)
[Node 5] 2025/11/28 13:32:25.160156 [Database] client 466 initialized with balance 10 (bolt)
[Node 5] 2025/11/28 13:32:25.175247 [Database] client 467 initialized with balance 10 (bolt)
[Node 5] 2025/11/28 13:32:25.199309 [Database] client 468 initialized with balance 10 (bolt)
[Node 5] 2025/11/28 13:32:25.217336 [Database] client 469 initialized with balance 10 (bolt)
[Node 5] 2025/11/28 13:32:25.235371 [Database] client 470 initialized with balance 10 (bolt)
[Node 5] 2025/11/28 13:32:25.251275 [Database] client 471 initialized with balance 10 (bolt)
[Node 5] 2025/11/28 13:32:25.266364 [Database] client 472 initialized with balance 10 (bolt)
[Node 5] 2025/11/28 13:32:25.291298 [Database] client 473 initialized with balance 10 (bolt)
[Node 5] 2025/11/28 13:32:25.313169 [Database] client 474 initialized with balance 10 (bolt)
[Node 5] 2025/11/28 13:32:25.332293 [Database] client 475 initialized with balance 10 (bolt)
[Node 5] 2025/11/28 13:32:25.350250 [Database] client 476 initialized with balance 10 (bolt)
[Node 5] 2025/11/28 13:32:25.371173 [Database] client 477 initialized with balance 10 (bolt)
[Node 5] 2025/11/28 13:32:25.392177 [Database] client 478 initialized with balance 10 (bolt)
[Node 5] 2025/11/28 13:32:25.414426 [Database] client 479 initialized with balance 10 (bolt)
[Node 5] 2025/11/28 13:32:25.439267 [Database] client 480 initialized with balance 10 (bolt)
[Node 5] 2025/11/28 13:32:25.458219 [Database] client 481 initialized with balance 10 (bolt)
[Node 5] 2025/11/28 13:32:25.478251 [Database] client 482 initialized with balance 10 (bolt)
[Node 5] 2025/11/28 13:32:25.495296 [Database] client 483 initialized with balance 10 (bolt)
[Node 5] 2025/11/28 13:32:25.513209 [Database] client 484 initialized with balance 10 (bolt)
[Node 5] 2025/11/28 13:32:25.533139 [Database] client 485 initialized with balance 10 (bolt)
[Node 5] 2025/11/28 13:32:25.565301 [Database] client 486 initialized with balance 10 (bolt)
[Node 5] 2025/11/28 13:32:25.584247 [Database] client 487 initialized with balance 10 (bolt)
[Node 5] 2025/11/28 13:32:25.603328 [Database] client 488 initialized with balance 10 (bolt)
[Node 5] 2025/11/28 13:32:25.620251 [Database] client 489 initialized with balance 10 (bolt)
[Node 5] 2025/11/28 13:32:25.637315 [Database] client 490 initialized with balance 10 (bolt)
[Node 5] 2025/11/28 13:32:25.656271 [Database] client 491 initialized with balance 10 (bolt)
[Node 5] 2025/11/28 13:32:25.679253 [Database] client 492 initialized with balance 10 (bolt)
[Node 5] 2025/11/28 13:32:25.699234 [Database] client 493 initialized with balance 10 (bolt)
[Node 5] 2025/11/28 13:32:25.721263 [Database] client 494 initialized with balance 10 (bolt)
[Node 5] 2025/11/28 13:32:25.747289 [Database] client 495 initialized with balance 10 (bolt)
[Node 5] 2025/11/28 13:32:25.765232 [Database] client 496 initialized with balance 10 (bolt)
[Node 5] 2025/11/28 13:32:25.781335 [Database] client 497 initialized with balance 10 (bolt)
[Node 5] 2025/11/28 13:32:25.805299 [Database] client 498 initialized with balance 10 (bolt)
[Node 5] 2025/11/28 13:32:25.823308 [Database] client 499 initialized with balance 10 (bolt)
[Node 5] 2025/11/28 13:32:25.841293 [Database] client 500 initialized with balance 10 (bolt)
[Node 5] 2025/11/28 13:32:25.860305 Node 5: initialization complete (maj=3)
[Node 5] 2025/11/28 13:32:25.860600 Node 5: starting RPC server at localhost:8005
[Node 5] 2025/11/28 13:36:04.867606 Node 5: Accept RPC seq=1 ballot=(5,1)
[Node 5] 2025/11/28 13:36:04.868095 Node 5 ACCEPT seq=1 ballot=(5,1) txn=(1→2,1)
[Node 5] 2025/11/28 13:36:04.868102 Node 5: Accepted seq 1
[Node 5] 2025/11/28 13:36:04.888562 Node 5: Commit RPC seq=1 ballot=(5,1)
[Node 5] 2025/11/28 13:36:04.888822 Node 5: executeRequestsInOrder triggered
[Node 5] 2025/11/28 13:36:04.900752 [Database] executing txn (bolt) (1,2,1)
[Node 5] 2025/11/28 13:36:04.921499 [Database] txn success (bolt): 1 -> 2 amount 1
[Node 5] 2025/11/28 13:36:04.921514 Node 5: executeRequestsInOrder stopping at gap seq=2
[Node 5] 2025/11/28 13:38:27.983565 Node 5: GetBalance RPC account=1
[Node 5] 2025/11/28 13:38:27.984334 [Database] queried balance (bolt) 1=9
[Node 5] 2025/11/28 13:39:21.617815 Node 5: Accept RPC seq=2 ballot=(5,1)
[Node 5] 2025/11/28 13:39:21.617971 Node 5 ACCEPT seq=2 ballot=(5,1) txn=(1→2,1)
[Node 5] 2025/11/28 13:39:21.617992 Node 5: Accepted seq 2
[Node 5] 2025/11/28 13:39:21.641726 Node 5: Commit RPC seq=2 ballot=(5,1)
[Node 5] 2025/11/28 13:39:21.641834 Node 5: executeRequestsInOrder triggered
[Node 5] 2025/11/28 13:39:21.645435 [Database] executing txn (bolt) (1,2,1)
[Node 5] 2025/11/28 13:39:21.676163 [Database] txn success (bolt): 1 -> 2 amount 1
[Node 5] 2025/11/28 13:39:21.676208 Node 5: executeRequestsInOrder stopping at gap seq=3
[Node 5] 2025/11/28 13:40:00.921259 Node 5: GetBalance RPC account=1
[Node 5] 2025/11/28 13:40:00.921461 [Database] queried balance (bolt) 1=8
[Node 5] 2025/11/28 13:41:01.634819 Node 5 shutting down...
[Node 5] 2025/11/28 13:41:01.636273 Node 5: stopping node
[Node 5] 2025/11/28 13:41:01.636463 Node 5: accept error: accept tcp 127.0.0.1:8005: use of closed network connection
[Node 5] 2025/11/28 13:41:01.636593 Node 5: RPC server shutting down
