[Node 6] 2025/11/28 13:32:16.834666 Node 6: initializing at localhost:8006 with 9 peers
[Node 6] 2025/11/28 13:32:16.845646 [Database] opening BoltDB at data/node-6.db
[Node 6] 2025/11/28 13:32:16.904558 Node 6: BoltDB initialized at data/node-6.db
[Node 6] 2025/11/28 13:32:16.904805 [Database] client 1 initialized with balance 10 (bolt)
[Node 6] 2025/11/28 13:32:16.904811 Node 6: leader timeout monitor running
[Node 6] 2025/11/28 13:32:16.926536 [Database] client 2 initialized with balance 10 (bolt)
[Node 6] 2025/11/28 13:32:16.949460 [Database] client 3 initialized with balance 10 (bolt)
[Node 6] 2025/11/28 13:32:16.973717 [Database] client 4 initialized with balance 10 (bolt)
[Node 6] 2025/11/28 13:32:16.997509 [Database] client 5 initialized with balance 10 (bolt)
[Node 6] 2025/11/28 13:32:17.015614 [Database] client 6 initialized with balance 10 (bolt)
[Node 6] 2025/11/28 13:32:17.038495 [Database] client 7 initialized with balance 10 (bolt)
[Node 6] 2025/11/28 13:32:17.057567 [Database] client 8 initialized with balance 10 (bolt)
[Node 6] 2025/11/28 13:32:17.077493 [Database] client 9 initialized with balance 10 (bolt)
[Node 6] 2025/11/28 13:32:17.094425 [Database] client 10 initialized with balance 10 (bolt)
[Node 6] 2025/11/28 13:32:17.113701 [Database] client 11 initialized with balance 10 (bolt)
[Node 6] 2025/11/28 13:32:17.132521 [Database] client 12 initialized with balance 10 (bolt)
[Node 6] 2025/11/28 13:32:17.156620 [Database] client 13 initialized with balance 10 (bolt)
[Node 6] 2025/11/28 13:32:17.173642 [Database] client 14 initialized with balance 10 (bolt)
[Node 6] 2025/11/28 13:32:17.198690 [Database] client 15 initialized with balance 10 (bolt)
[Node 6] 2025/11/28 13:32:17.221498 [Database] client 16 initialized with balance 10 (bolt)
[Node 6] 2025/11/28 13:32:17.246584 [Database] client 17 initialized with balance 10 (bolt)
[Node 6] 2025/11/28 13:32:17.264574 [Database] client 18 initialized with balance 10 (bolt)
[Node 6] 2025/11/28 13:32:17.286582 [Database] client 19 initialized with balance 10 (bolt)
[Node 6] 2025/11/28 13:32:17.305479 [Database] client 20 initialized with balance 10 (bolt)
[Node 6] 2025/11/28 13:32:17.329591 [Database] client 21 initialized with balance 10 (bolt)
[Node 6] 2025/11/28 13:32:17.348613 [Database] client 22 initialized with balance 10 (bolt)
[Node 6] 2025/11/28 13:32:17.368505 [Database] client 23 initialized with balance 10 (bolt)
[Node 6] 2025/11/28 13:32:17.386449 [Database] client 24 initialized with balance 10 (bolt)
[Node 6] 2025/11/28 13:32:17.410473 [Database] client 25 initialized with balance 10 (bolt)
[Node 6] 2025/11/28 13:32:17.432529 [Database] client 26 initialized with balance 10 (bolt)
[Node 6] 2025/11/28 13:32:17.455512 [Database] client 27 initialized with balance 10 (bolt)
[Node 6] 2025/11/28 13:32:17.477430 [Database] client 28 initialized with balance 10 (bolt)
[Node 6] 2025/11/28 13:32:17.496426 [Database] client 29 initialized with balance 10 (bolt)
[Node 6] 2025/11/28 13:32:17.512510 [Database] client 30 initialized with balance 10 (bolt)
[Node 6] 2025/11/28 13:32:17.536419 [Database] client 31 initialized with balance 10 (bolt)
[Node 6] 2025/11/28 13:32:17.557537 [Database] client 32 initialized with balance 10 (bolt)
[Node 6] 2025/11/28 13:32:17.575566 [Database] client 33 initialized with balance 10 (bolt)
[Node 6] 2025/11/28 13:32:17.592534 [Database] client 34 initialized with balance 10 (bolt)
[Node 6] 2025/11/28 13:32:17.610442 [Database] client 35 initialized with balance 10 (bolt)
[Node 6] 2025/11/28 13:32:17.638623 [Database] client 36 initialized with balance 10 (bolt)
[Node 6] 2025/11/28 13:32:17.658548 [Database] client 37 initialized with balance 10 (bolt)
[Node 6] 2025/11/28 13:32:17.674539 [Database] client 38 initialized with balance 10 (bolt)
[Node 6] 2025/11/28 13:32:17.690639 [Database] client 39 initialized with balance 10 (bolt)
[Node 6] 2025/11/28 13:32:17.708554 [Database] client 40 initialized with balance 10 (bolt)
[Node 6] 2025/11/28 13:32:17.729610 [Database] client 41 initialized with balance 10 (bolt)
[Node 6] 2025/11/28 13:32:17.755493 [Database] client 42 initialized with balance 10 (bolt)
[Node 6] 2025/11/28 13:32:17.784463 [Database] client 43 initialized with balance 10 (bolt)
[Node 6] 2025/11/28 13:32:17.802540 [Database] client 44 initialized with balance 10 (bolt)
[Node 6] 2025/11/28 13:32:17.821540 [Database] client 45 initialized with balance 10 (bolt)
[Node 6] 2025/11/28 13:32:17.840569 [Database] client 46 initialized with balance 10 (bolt)
[Node 6] 2025/11/28 13:32:17.859530 [Database] client 47 initialized with balance 10 (bolt)
[Node 6] 2025/11/28 13:32:17.877610 [Database] client 48 initialized with balance 10 (bolt)
[Node 6] 2025/11/28 13:32:17.895479 [Database] client 49 initialized with balance 10 (bolt)
[Node 6] 2025/11/28 13:32:17.909545 [Database] client 50 initialized with balance 10 (bolt)
[Node 6] 2025/11/28 13:32:17.931437 [Database] client 51 initialized with balance 10 (bolt)
[Node 6] 2025/11/28 13:32:17.950536 [Database] client 52 initialized with balance 10 (bolt)
[Node 6] 2025/11/28 13:32:17.969417 [Database] client 53 initialized with balance 10 (bolt)
[Node 6] 2025/11/28 13:32:17.988441 [Database] client 54 initialized with balance 10 (bolt)
[Node 6] 2025/11/28 13:32:18.006639 [Database] client 55 initialized with balance 10 (bolt)
[Node 6] 2025/11/28 13:32:18.023573 [Database] client 56 initialized with balance 10 (bolt)
[Node 6] 2025/11/28 13:32:18.041579 [Database] client 57 initialized with balance 10 (bolt)
[Node 6] 2025/11/28 13:32:18.059456 [Database] client 58 initialized with balance 10 (bolt)
[Node 6] 2025/11/28 13:32:18.076507 [Database] client 59 initialized with balance 10 (bolt)
[Node 6] 2025/11/28 13:32:18.102483 [Database] client 60 initialized with balance 10 (bolt)
[Node 6] 2025/11/28 13:32:18.121499 [Database] client 61 initialized with balance 10 (bolt)
[Node 6] 2025/11/28 13:32:18.144499 [Database] client 62 initialized with balance 10 (bolt)
[Node 6] 2025/11/28 13:32:18.163526 [Database] client 63 initialized with balance 10 (bolt)
[Node 6] 2025/11/28 13:32:18.183568 [Database] client 64 initialized with balance 10 (bolt)
[Node 6] 2025/11/28 13:32:18.199560 [Database] client 65 initialized with balance 10 (bolt)
[Node 6] 2025/11/28 13:32:18.217573 [Database] client 66 initialized with balance 10 (bolt)
[Node 6] 2025/11/28 13:32:18.234638 [Database] client 67 initialized with balance 10 (bolt)
[Node 6] 2025/11/28 13:32:18.252565 [Database] client 68 initialized with balance 10 (bolt)
[Node 6] 2025/11/28 13:32:18.269444 [Database] client 69 initialized with balance 10 (bolt)
[Node 6] 2025/11/28 13:32:18.294440 [Database] client 70 initialized with balance 10 (bolt)
[Node 6] 2025/11/28 13:32:18.310457 [Database] client 71 initialized with balance 10 (bolt)
[Node 6] 2025/11/28 13:32:18.332490 [Database] client 72 initialized with balance 10 (bolt)
[Node 6] 2025/11/28 13:32:18.350515 [Database] client 73 initialized with balance 10 (bolt)
[Node 6] 2025/11/28 13:32:18.369436 [Database] client 74 initialized with balance 10 (bolt)
[Node 6] 2025/11/28 13:32:18.389556 [Database] client 75 initialized with balance 10 (bolt)
[Node 6] 2025/11/28 13:32:18.408546 [Database] client 76 initialized with balance 10 (bolt)
[Node 6] 2025/11/28 13:32:18.426487 [Database] client 77 initialized with balance 10 (bolt)
[Node 6] 2025/11/28 13:32:18.449545 [Database] client 78 initialized with balance 10 (bolt)
[Node 6] 2025/11/28 13:32:18.465642 [Database] client 79 initialized with balance 10 (bolt)
[Node 6] 2025/11/28 13:32:18.487467 [Database] client 80 initialized with balance 10 (bolt)
[Node 6] 2025/11/28 13:32:18.505533 [Database] client 81 initialized with balance 10 (bolt)
[Node 6] 2025/11/28 13:32:18.526537 [Database] client 82 initialized with balance 10 (bolt)
[Node 6] 2025/11/28 13:32:18.544462 [Database] client 83 initialized with balance 10 (bolt)
[Node 6] 2025/11/28 13:32:18.563547 [Database] client 84 initialized with balance 10 (bolt)
[Node 6] 2025/11/28 13:32:18.594461 [Database] client 85 initialized with balance 10 (bolt)
[Node 6] 2025/11/28 13:32:18.619469 [Database] client 86 initialized with balance 10 (bolt)
[Node 6] 2025/11/28 13:32:18.633427 [Database] client 87 initialized with balance 10 (bolt)
[Node 6] 2025/11/28 13:32:18.649510 [Database] client 88 initialized with balance 10 (bolt)
[Node 6] 2025/11/28 13:32:18.665543 [Database] client 89 initialized with balance 10 (bolt)
[Node 6] 2025/11/28 13:32:18.687514 [Database] client 90 initialized with balance 10 (bolt)
[Node 6] 2025/11/28 13:32:18.713440 [Database] client 91 initialized with balance 10 (bolt)
[Node 6] 2025/11/28 13:32:18.729469 [Database] client 92 initialized with balance 10 (bolt)
[Node 6] 2025/11/28 13:32:18.753456 [Database] client 93 initialized with balance 10 (bolt)
[Node 6] 2025/11/28 13:32:18.770493 [Database] client 94 initialized with balance 10 (bolt)
[Node 6] 2025/11/28 13:32:18.795459 [Database] client 95 initialized with balance 10 (bolt)
[Node 6] 2025/11/28 13:32:18.818578 [Database] client 96 initialized with balance 10 (bolt)
[Node 6] 2025/11/28 13:32:18.839540 [Database] client 97 initialized with balance 10 (bolt)
[Node 6] 2025/11/28 13:32:18.865527 [Database] client 98 initialized with balance 10 (bolt)
[Node 6] 2025/11/28 13:32:18.883513 [Database] client 99 initialized with balance 10 (bolt)
[Node 6] 2025/11/28 13:32:18.901397 [Database] client 100 initialized with balance 10 (bolt)
[Node 6] 2025/11/28 13:32:18.917499 [Database] client 101 initialized with balance 10 (bolt)
[Node 6] 2025/11/28 13:32:18.941558 [Database] client 102 initialized with balance 10 (bolt)
[Node 6] 2025/11/28 13:32:18.964464 [Database] client 103 initialized with balance 10 (bolt)
[Node 6] 2025/11/28 13:32:18.983592 [Database] client 104 initialized with balance 10 (bolt)
[Node 6] 2025/11/28 13:32:19.002550 [Database] client 105 initialized with balance 10 (bolt)
[Node 6] 2025/11/28 13:32:19.020584 [Database] client 106 initialized with balance 10 (bolt)
[Node 6] 2025/11/28 13:32:19.044514 [Database] client 107 initialized with balance 10 (bolt)
[Node 6] 2025/11/28 13:32:19.070370 [Database] client 108 initialized with balance 10 (bolt)
[Node 6] 2025/11/28 13:32:19.088451 [Database] client 109 initialized with balance 10 (bolt)
[Node 6] 2025/11/28 13:32:19.104433 [Database] client 110 initialized with balance 10 (bolt)
[Node 6] 2025/11/28 13:32:19.124539 [Database] client 111 initialized with balance 10 (bolt)
[Node 6] 2025/11/28 13:32:19.146437 [Database] client 112 initialized with balance 10 (bolt)
[Node 6] 2025/11/28 13:32:19.173440 [Database] client 113 initialized with balance 10 (bolt)
[Node 6] 2025/11/28 13:32:19.192426 [Database] client 114 initialized with balance 10 (bolt)
[Node 6] 2025/11/28 13:32:19.219433 [Database] client 115 initialized with balance 10 (bolt)
[Node 6] 2025/11/28 13:32:19.233534 [Database] client 116 initialized with balance 10 (bolt)
[Node 6] 2025/11/28 13:32:19.252575 [Database] client 117 initialized with balance 10 (bolt)
[Node 6] 2025/11/28 13:32:19.273441 [Database] client 118 initialized with balance 10 (bolt)
[Node 6] 2025/11/28 13:32:19.296442 [Database] client 119 initialized with balance 10 (bolt)
[Node 6] 2025/11/28 13:32:19.315452 [Database] client 120 initialized with balance 10 (bolt)
[Node 6] 2025/11/28 13:32:19.332440 [Database] client 121 initialized with balance 10 (bolt)
[Node 6] 2025/11/28 13:32:19.348537 [Database] client 122 initialized with balance 10 (bolt)
[Node 6] 2025/11/28 13:32:19.366530 [Database] client 123 initialized with balance 10 (bolt)
[Node 6] 2025/11/28 13:32:19.393477 [Database] client 124 initialized with balance 10 (bolt)
[Node 6] 2025/11/28 13:32:19.424426 [Database] client 125 initialized with balance 10 (bolt)
[Node 6] 2025/11/28 13:32:19.439519 [Database] client 126 initialized with balance 10 (bolt)
[Node 6] 2025/11/28 13:32:19.471423 [Database] client 127 initialized with balance 10 (bolt)
[Node 6] 2025/11/28 13:32:19.490426 [Database] client 128 initialized with balance 10 (bolt)
[Node 6] 2025/11/28 13:32:19.509495 [Database] client 129 initialized with balance 10 (bolt)
[Node 6] 2025/11/28 13:32:19.526353 [Database] client 130 initialized with balance 10 (bolt)
[Node 6] 2025/11/28 13:32:19.546459 [Database] client 131 initialized with balance 10 (bolt)
[Node 6] 2025/11/28 13:32:19.564429 [Database] client 132 initialized with balance 10 (bolt)
[Node 6] 2025/11/28 13:32:19.582456 [Database] client 133 initialized with balance 10 (bolt)
[Node 6] 2025/11/28 13:32:19.601463 [Database] client 134 initialized with balance 10 (bolt)
[Node 6] 2025/11/28 13:32:19.620543 [Database] client 135 initialized with balance 10 (bolt)
[Node 6] 2025/11/28 13:32:19.637464 [Database] client 136 initialized with balance 10 (bolt)
[Node 6] 2025/11/28 13:32:19.656364 [Database] client 137 initialized with balance 10 (bolt)
[Node 6] 2025/11/28 13:32:19.680382 [Database] client 138 initialized with balance 10 (bolt)
[Node 6] 2025/11/28 13:32:19.705411 [Database] client 139 initialized with balance 10 (bolt)
[Node 6] 2025/11/28 13:32:19.727464 [Database] client 140 initialized with balance 10 (bolt)
[Node 6] 2025/11/28 13:32:19.747474 [Database] client 141 initialized with balance 10 (bolt)
[Node 6] 2025/11/28 13:32:19.764415 [Database] client 142 initialized with balance 10 (bolt)
[Node 6] 2025/11/28 13:32:19.785371 [Database] client 143 initialized with balance 10 (bolt)
[Node 6] 2025/11/28 13:32:19.815398 [Database] client 144 initialized with balance 10 (bolt)
[Node 6] 2025/11/28 13:32:19.851502 [Database] client 145 initialized with balance 10 (bolt)
[Node 6] 2025/11/28 13:32:19.878537 [Database] client 146 initialized with balance 10 (bolt)
[Node 6] 2025/11/28 13:32:19.906717 [Database] client 147 initialized with balance 10 (bolt)
[Node 6] 2025/11/28 13:32:19.924103 Node 6: Leader timeout (3.086396s), no leader msgs, starting election
[Node 6] 2025/11/28 13:32:19.932580 Node 6: StartLeaderElection invoked (leader=false active=false)
[Node 6] 2025/11/28 13:32:19.928597 [Database] client 148 initialized with balance 10 (bolt)
[Node 6] 2025/11/28 13:32:19.965374 [Database] client 149 initialized with balance 10 (bolt)
[Node 6] 2025/11/28 13:32:19.983485 [Database] client 150 initialized with balance 10 (bolt)
[Node 6] 2025/11/28 13:32:20.002446 [Database] client 151 initialized with balance 10 (bolt)
[Node 6] 2025/11/28 13:32:20.022466 [Database] client 152 initialized with balance 10 (bolt)
[Node 6] 2025/11/28 13:32:20.043433 [Database] client 153 initialized with balance 10 (bolt)
[Node 6] 2025/11/28 13:32:20.064656 [Database] client 154 initialized with balance 10 (bolt)
[Node 6] 2025/11/28 13:32:20.086400 [Database] client 155 initialized with balance 10 (bolt)
[Node 6] 2025/11/28 13:32:20.103565 [Database] client 156 initialized with balance 10 (bolt)
[Node 6] 2025/11/28 13:32:20.122339 [Database] client 157 initialized with balance 10 (bolt)
[Node 6] 2025/11/28 13:32:20.141341 [Database] client 158 initialized with balance 10 (bolt)
[Node 6] 2025/11/28 13:32:20.158420 [Database] client 159 initialized with balance 10 (bolt)
[Node 6] 2025/11/28 13:32:20.175449 [Database] client 160 initialized with balance 10 (bolt)
[Node 6] 2025/11/28 13:32:20.196385 [Database] client 161 initialized with balance 10 (bolt)
[Node 6] 2025/11/28 13:32:20.217326 [Database] client 162 initialized with balance 10 (bolt)
[Node 6] 2025/11/28 13:32:20.238510 [Database] client 163 initialized with balance 10 (bolt)
[Node 6] 2025/11/28 13:32:20.262443 [Database] client 164 initialized with balance 10 (bolt)
[Node 6] 2025/11/28 13:32:20.279545 [Database] client 165 initialized with balance 10 (bolt)
[Node 6] 2025/11/28 13:32:20.296563 [Database] client 166 initialized with balance 10 (bolt)
[Node 6] 2025/11/28 13:32:20.314397 [Database] client 167 initialized with balance 10 (bolt)
[Node 6] 2025/11/28 13:32:20.332359 [Database] client 168 initialized with balance 10 (bolt)
[Node 6] 2025/11/28 13:32:20.349477 [Database] client 169 initialized with balance 10 (bolt)
[Node 6] 2025/11/28 13:32:20.369492 [Database] client 170 initialized with balance 10 (bolt)
[Node 6] 2025/11/28 13:32:20.398299 [Database] client 171 initialized with balance 10 (bolt)
[Node 6] 2025/11/28 13:32:20.417488 [Database] client 172 initialized with balance 10 (bolt)
[Node 6] 2025/11/28 13:32:20.434482 [Database] client 173 initialized with balance 10 (bolt)
[Node 6] 2025/11/28 13:32:20.450474 [Database] client 174 initialized with balance 10 (bolt)
[Node 6] 2025/11/28 13:32:20.466581 [Database] client 175 initialized with balance 10 (bolt)
[Node 6] 2025/11/28 13:32:20.483511 [Database] client 176 initialized with balance 10 (bolt)
[Node 6] 2025/11/28 13:32:20.501482 [Database] client 177 initialized with balance 10 (bolt)
[Node 6] 2025/11/28 13:32:20.517513 [Database] client 178 initialized with balance 10 (bolt)
[Node 6] 2025/11/28 13:32:20.539387 [Database] client 179 initialized with balance 10 (bolt)
[Node 6] 2025/11/28 13:32:20.560525 [Database] client 180 initialized with balance 10 (bolt)
[Node 6] 2025/11/28 13:32:20.577497 [Database] client 181 initialized with balance 10 (bolt)
[Node 6] 2025/11/28 13:32:20.597436 [Database] client 182 initialized with balance 10 (bolt)
[Node 6] 2025/11/28 13:32:20.613507 [Database] client 183 initialized with balance 10 (bolt)
[Node 6] 2025/11/28 13:32:20.631580 [Database] client 184 initialized with balance 10 (bolt)
[Node 6] 2025/11/28 13:32:20.650454 [Database] client 185 initialized with balance 10 (bolt)
[Node 6] 2025/11/28 13:32:20.670441 [Database] client 186 initialized with balance 10 (bolt)
[Node 6] 2025/11/28 13:32:20.688559 [Database] client 187 initialized with balance 10 (bolt)
[Node 6] 2025/11/28 13:32:20.705372 [Database] client 188 initialized with balance 10 (bolt)
[Node 6] 2025/11/28 13:32:20.721336 [Database] client 189 initialized with balance 10 (bolt)
[Node 6] 2025/11/28 13:32:20.746337 [Database] client 190 initialized with balance 10 (bolt)
[Node 6] 2025/11/28 13:32:20.765468 [Database] client 191 initialized with balance 10 (bolt)
[Node 6] 2025/11/28 13:32:20.783339 [Database] client 192 initialized with balance 10 (bolt)
[Node 6] 2025/11/28 13:32:20.801369 [Database] client 193 initialized with balance 10 (bolt)
[Node 6] 2025/11/28 13:32:20.820498 [Database] client 194 initialized with balance 10 (bolt)
[Node 6] 2025/11/28 13:32:20.837391 [Database] client 195 initialized with balance 10 (bolt)
[Node 6] 2025/11/28 13:32:20.855407 [Database] client 196 initialized with balance 10 (bolt)
[Node 6] 2025/11/28 13:32:20.876402 [Database] client 197 initialized with balance 10 (bolt)
[Node 6] 2025/11/28 13:32:20.904450 [Database] client 198 initialized with balance 10 (bolt)
[Node 6] 2025/11/28 13:32:20.922415 [Database] client 199 initialized with balance 10 (bolt)
[Node 6] 2025/11/28 13:32:20.946325 [Database] client 200 initialized with balance 10 (bolt)
[Node 6] 2025/11/28 13:32:20.966519 [Database] client 201 initialized with balance 10 (bolt)
[Node 6] 2025/11/28 13:32:20.998311 [Database] client 202 initialized with balance 10 (bolt)
[Node 6] 2025/11/28 13:32:21.027408 [Database] client 203 initialized with balance 10 (bolt)
[Node 6] 2025/11/28 13:32:21.051378 [Database] client 204 initialized with balance 10 (bolt)
[Node 6] 2025/11/28 13:32:21.097461 [Database] client 205 initialized with balance 10 (bolt)
[Node 6] 2025/11/28 13:32:21.121490 [Database] client 206 initialized with balance 10 (bolt)
[Node 6] 2025/11/28 13:32:21.156355 [Database] client 207 initialized with balance 10 (bolt)
[Node 6] 2025/11/28 13:32:21.175404 [Database] client 208 initialized with balance 10 (bolt)
[Node 6] 2025/11/28 13:32:21.194394 [Database] client 209 initialized with balance 10 (bolt)
[Node 6] 2025/11/28 13:32:21.214480 [Database] client 210 initialized with balance 10 (bolt)
[Node 6] 2025/11/28 13:32:21.239494 [Database] client 211 initialized with balance 10 (bolt)
[Node 6] 2025/11/28 13:32:21.259550 [Database] client 212 initialized with balance 10 (bolt)
[Node 6] 2025/11/28 13:32:21.277416 [Database] client 213 initialized with balance 10 (bolt)
[Node 6] 2025/11/28 13:32:21.302448 [Database] client 214 initialized with balance 10 (bolt)
[Node 6] 2025/11/28 13:32:21.320484 [Database] client 215 initialized with balance 10 (bolt)
[Node 6] 2025/11/28 13:32:21.340441 [Database] client 216 initialized with balance 10 (bolt)
[Node 6] 2025/11/28 13:32:21.368526 [Database] client 217 initialized with balance 10 (bolt)
[Node 6] 2025/11/28 13:32:21.388373 [Database] client 218 initialized with balance 10 (bolt)
[Node 6] 2025/11/28 13:32:21.407377 [Database] client 219 initialized with balance 10 (bolt)
[Node 6] 2025/11/28 13:32:21.426368 [Database] client 220 initialized with balance 10 (bolt)
[Node 6] 2025/11/28 13:32:21.444308 [Database] client 221 initialized with balance 10 (bolt)
[Node 6] 2025/11/28 13:32:21.464326 [Database] client 222 initialized with balance 10 (bolt)
[Node 6] 2025/11/28 13:32:21.487510 [Database] client 223 initialized with balance 10 (bolt)
[Node 6] 2025/11/28 13:32:21.505436 [Database] client 224 initialized with balance 10 (bolt)
[Node 6] 2025/11/28 13:32:21.531406 [Database] client 225 initialized with balance 10 (bolt)
[Node 6] 2025/11/28 13:32:21.560492 [Database] client 226 initialized with balance 10 (bolt)
[Node 6] 2025/11/28 13:32:21.584346 [Database] client 227 initialized with balance 10 (bolt)
[Node 6] 2025/11/28 13:32:21.615357 [Database] client 228 initialized with balance 10 (bolt)
[Node 6] 2025/11/28 13:32:21.642458 [Database] client 229 initialized with balance 10 (bolt)
[Node 6] 2025/11/28 13:32:21.663352 [Database] client 230 initialized with balance 10 (bolt)
[Node 6] 2025/11/28 13:32:21.681357 [Database] client 231 initialized with balance 10 (bolt)
[Node 6] 2025/11/28 13:32:21.708407 [Database] client 232 initialized with balance 10 (bolt)
[Node 6] 2025/11/28 13:32:21.724462 [Database] client 233 initialized with balance 10 (bolt)
[Node 6] 2025/11/28 13:32:21.745342 [Database] client 234 initialized with balance 10 (bolt)
[Node 6] 2025/11/28 13:32:21.763457 [Database] client 235 initialized with balance 10 (bolt)
[Node 6] 2025/11/28 13:32:21.782346 [Database] client 236 initialized with balance 10 (bolt)
[Node 6] 2025/11/28 13:32:21.803327 [Database] client 237 initialized with balance 10 (bolt)
[Node 6] 2025/11/28 13:32:21.819338 [Database] client 238 initialized with balance 10 (bolt)
[Node 6] 2025/11/28 13:32:21.835411 [Database] client 239 initialized with balance 10 (bolt)
[Node 6] 2025/11/28 13:32:21.853516 [Database] client 240 initialized with balance 10 (bolt)
[Node 6] 2025/11/28 13:32:21.877462 [Database] client 241 initialized with balance 10 (bolt)
[Node 6] 2025/11/28 13:32:21.908417 [Database] client 242 initialized with balance 10 (bolt)
[Node 6] 2025/11/28 13:32:21.934315 [Database] client 243 initialized with balance 10 (bolt)
[Node 6] 2025/11/28 13:32:21.942838 Node 6: Leader timeout (5.105198s), no leader msgs, starting election
[Node 6] 2025/11/28 13:32:21.957458 Node 6: StartLeaderElection invoked (leader=false active=false)
[Node 6] 2025/11/28 13:32:21.953378 [Database] client 244 initialized with balance 10 (bolt)
[Node 6] 2025/11/28 13:32:21.998347 [Database] client 245 initialized with balance 10 (bolt)
[Node 6] 2025/11/28 13:32:22.019368 [Database] client 246 initialized with balance 10 (bolt)
[Node 6] 2025/11/28 13:32:22.041338 [Database] client 247 initialized with balance 10 (bolt)
[Node 6] 2025/11/28 13:32:22.064404 [Database] client 248 initialized with balance 10 (bolt)
[Node 6] 2025/11/28 13:32:22.080368 [Database] client 249 initialized with balance 10 (bolt)
[Node 6] 2025/11/28 13:32:22.103415 [Database] client 250 initialized with balance 10 (bolt)
[Node 6] 2025/11/28 13:32:22.122453 [Database] client 251 initialized with balance 10 (bolt)
[Node 6] 2025/11/28 13:32:22.148414 [Database] client 252 initialized with balance 10 (bolt)
[Node 6] 2025/11/28 13:32:22.165430 [Database] client 253 initialized with balance 10 (bolt)
[Node 6] 2025/11/28 13:32:22.183365 [Database] client 254 initialized with balance 10 (bolt)
[Node 6] 2025/11/28 13:32:22.210342 [Database] client 255 initialized with balance 10 (bolt)
[Node 6] 2025/11/28 13:32:22.232498 [Database] client 256 initialized with balance 10 (bolt)
[Node 6] 2025/11/28 13:32:22.251384 [Database] client 257 initialized with balance 10 (bolt)
[Node 6] 2025/11/28 13:32:22.278348 [Database] client 258 initialized with balance 10 (bolt)
[Node 6] 2025/11/28 13:32:22.303397 [Database] client 259 initialized with balance 10 (bolt)
[Node 6] 2025/11/28 13:32:22.322333 [Database] client 260 initialized with balance 10 (bolt)
[Node 6] 2025/11/28 13:32:22.339341 [Database] client 261 initialized with balance 10 (bolt)
[Node 6] 2025/11/28 13:32:22.358442 [Database] client 262 initialized with balance 10 (bolt)
[Node 6] 2025/11/28 13:32:22.377305 [Database] client 263 initialized with balance 10 (bolt)
[Node 6] 2025/11/28 13:32:22.404448 [Database] client 264 initialized with balance 10 (bolt)
[Node 6] 2025/11/28 13:32:22.422373 [Database] client 265 initialized with balance 10 (bolt)
[Node 6] 2025/11/28 13:32:22.439488 [Database] client 266 initialized with balance 10 (bolt)
[Node 6] 2025/11/28 13:32:22.468323 [Database] client 267 initialized with balance 10 (bolt)
[Node 6] 2025/11/28 13:32:22.490367 [Database] client 268 initialized with balance 10 (bolt)
[Node 6] 2025/11/28 13:32:22.509387 [Database] client 269 initialized with balance 10 (bolt)
[Node 6] 2025/11/28 13:32:22.528379 [Database] client 270 initialized with balance 10 (bolt)
[Node 6] 2025/11/28 13:32:22.546408 [Database] client 271 initialized with balance 10 (bolt)
[Node 6] 2025/11/28 13:32:22.569325 [Database] client 272 initialized with balance 10 (bolt)
[Node 6] 2025/11/28 13:32:22.588366 [Database] client 273 initialized with balance 10 (bolt)
[Node 6] 2025/11/28 13:32:22.611393 [Database] client 274 initialized with balance 10 (bolt)
[Node 6] 2025/11/28 13:32:22.633360 [Database] client 275 initialized with balance 10 (bolt)
[Node 6] 2025/11/28 13:32:22.651386 [Database] client 276 initialized with balance 10 (bolt)
[Node 6] 2025/11/28 13:32:22.671447 [Database] client 277 initialized with balance 10 (bolt)
[Node 6] 2025/11/28 13:32:22.689336 [Database] client 278 initialized with balance 10 (bolt)
[Node 6] 2025/11/28 13:32:22.715476 [Database] client 279 initialized with balance 10 (bolt)
[Node 6] 2025/11/28 13:32:22.737444 [Database] client 280 initialized with balance 10 (bolt)
[Node 6] 2025/11/28 13:32:22.752423 [Database] client 281 initialized with balance 10 (bolt)
[Node 6] 2025/11/28 13:32:22.769484 [Database] client 282 initialized with balance 10 (bolt)
[Node 6] 2025/11/28 13:32:22.788249 [Database] client 283 initialized with balance 10 (bolt)
[Node 6] 2025/11/28 13:32:22.807377 [Database] client 284 initialized with balance 10 (bolt)
[Node 6] 2025/11/28 13:32:22.832348 [Database] client 285 initialized with balance 10 (bolt)
[Node 6] 2025/11/28 13:32:22.850396 [Database] client 286 initialized with balance 10 (bolt)
[Node 6] 2025/11/28 13:32:22.869373 [Database] client 287 initialized with balance 10 (bolt)
[Node 6] 2025/11/28 13:32:22.891367 [Database] client 288 initialized with balance 10 (bolt)
[Node 6] 2025/11/28 13:32:22.913381 [Database] client 289 initialized with balance 10 (bolt)
[Node 6] 2025/11/28 13:32:22.933356 [Database] client 290 initialized with balance 10 (bolt)
[Node 6] 2025/11/28 13:32:22.952403 [Database] client 291 initialized with balance 10 (bolt)
[Node 6] 2025/11/28 13:32:22.971449 [Database] client 292 initialized with balance 10 (bolt)
[Node 6] 2025/11/28 13:32:22.997321 [Database] client 293 initialized with balance 10 (bolt)
[Node 6] 2025/11/28 13:32:23.016366 [Database] client 294 initialized with balance 10 (bolt)
[Node 6] 2025/11/28 13:32:23.035333 [Database] client 295 initialized with balance 10 (bolt)
[Node 6] 2025/11/28 13:32:23.058417 [Database] client 296 initialized with balance 10 (bolt)
[Node 6] 2025/11/28 13:32:23.078461 [Database] client 297 initialized with balance 10 (bolt)
[Node 6] 2025/11/28 13:32:23.114533 [Database] client 298 initialized with balance 10 (bolt)
[Node 6] 2025/11/28 13:32:23.148392 [Database] client 299 initialized with balance 10 (bolt)
[Node 6] 2025/11/28 13:32:23.171476 [Database] client 300 initialized with balance 10 (bolt)
[Node 6] 2025/11/28 13:32:23.217512 [Database] client 301 initialized with balance 10 (bolt)
[Node 6] 2025/11/28 13:32:23.241379 [Database] client 302 initialized with balance 10 (bolt)
[Node 6] 2025/11/28 13:32:23.263466 [Database] client 303 initialized with balance 10 (bolt)
[Node 6] 2025/11/28 13:32:23.281460 [Database] client 304 initialized with balance 10 (bolt)
[Node 6] 2025/11/28 13:32:23.319498 [Database] client 305 initialized with balance 10 (bolt)
[Node 6] 2025/11/28 13:32:23.354378 [Database] client 306 initialized with balance 10 (bolt)
[Node 6] 2025/11/28 13:32:23.372497 [Database] client 307 initialized with balance 10 (bolt)
[Node 6] 2025/11/28 13:32:23.405229 [Database] client 308 initialized with balance 10 (bolt)
[Node 6] 2025/11/28 13:32:23.428435 [Database] client 309 initialized with balance 10 (bolt)
[Node 6] 2025/11/28 13:32:23.454284 [Database] client 310 initialized with balance 10 (bolt)
[Node 6] 2025/11/28 13:32:23.477305 [Database] client 311 initialized with balance 10 (bolt)
[Node 6] 2025/11/28 13:32:23.500349 [Database] client 312 initialized with balance 10 (bolt)
[Node 6] 2025/11/28 13:32:23.522362 [Database] client 313 initialized with balance 10 (bolt)
[Node 6] 2025/11/28 13:32:23.541416 [Database] client 314 initialized with balance 10 (bolt)
[Node 6] 2025/11/28 13:32:23.571343 [Database] client 315 initialized with balance 10 (bolt)
[Node 6] 2025/11/28 13:32:23.599353 [Database] client 316 initialized with balance 10 (bolt)
[Node 6] 2025/11/28 13:32:23.617426 [Database] client 317 initialized with balance 10 (bolt)
[Node 6] 2025/11/28 13:32:23.647339 [Database] client 318 initialized with balance 10 (bolt)
[Node 6] 2025/11/28 13:32:23.663436 [Database] client 319 initialized with balance 10 (bolt)
[Node 6] 2025/11/28 13:32:23.690209 [Database] client 320 initialized with balance 10 (bolt)
[Node 6] 2025/11/28 13:32:23.709296 [Database] client 321 initialized with balance 10 (bolt)
[Node 6] 2025/11/28 13:32:23.731353 [Database] client 322 initialized with balance 10 (bolt)
[Node 6] 2025/11/28 13:32:23.749236 [Database] client 323 initialized with balance 10 (bolt)
[Node 6] 2025/11/28 13:32:23.769329 [Database] client 324 initialized with balance 10 (bolt)
[Node 6] 2025/11/28 13:32:23.787255 [Database] client 325 initialized with balance 10 (bolt)
[Node 6] 2025/11/28 13:32:23.807431 [Database] client 326 initialized with balance 10 (bolt)
[Node 6] 2025/11/28 13:32:23.830348 [Database] client 327 initialized with balance 10 (bolt)
[Node 6] 2025/11/28 13:32:23.856240 [Database] client 328 initialized with balance 10 (bolt)
[Node 6] 2025/11/28 13:32:23.875288 [Database] client 329 initialized with balance 10 (bolt)
[Node 6] 2025/11/28 13:32:23.897500 [Database] client 330 initialized with balance 10 (bolt)
[Node 6] 2025/11/28 13:32:23.921265 [Database] client 331 initialized with balance 10 (bolt)
[Node 6] 2025/11/28 13:32:23.940229 [Database] client 332 initialized with balance 10 (bolt)
[Node 6] 2025/11/28 13:32:23.955242 [Database] client 333 initialized with balance 10 (bolt)
[Node 6] 2025/11/28 13:32:23.975372 [Database] client 334 initialized with balance 10 (bolt)
[Node 6] 2025/11/28 13:32:23.975526 Node 6: Leader timeout (7.137955s), no leader msgs, starting election
[Node 6] 2025/11/28 13:32:23.983505 Node 6: StartLeaderElection invoked (leader=false active=false)
[Node 6] 2025/11/28 13:32:23.999266 [Database] client 335 initialized with balance 10 (bolt)
[Node 6] 2025/11/28 13:32:24.019305 [Database] client 336 initialized with balance 10 (bolt)
[Node 6] 2025/11/28 13:32:24.037320 [Database] client 337 initialized with balance 10 (bolt)
[Node 6] 2025/11/28 13:32:24.061194 [Database] client 338 initialized with balance 10 (bolt)
[Node 6] 2025/11/28 13:32:24.084217 [Database] client 339 initialized with balance 10 (bolt)
[Node 6] 2025/11/28 13:32:24.104335 [Database] client 340 initialized with balance 10 (bolt)
[Node 6] 2025/11/28 13:32:24.133317 [Database] client 341 initialized with balance 10 (bolt)
[Node 6] 2025/11/28 13:32:24.152355 [Database] client 342 initialized with balance 10 (bolt)
[Node 6] 2025/11/28 13:32:24.171357 [Database] client 343 initialized with balance 10 (bolt)
[Node 6] 2025/11/28 13:32:24.190323 [Database] client 344 initialized with balance 10 (bolt)
[Node 6] 2025/11/28 13:32:24.218228 [Database] client 345 initialized with balance 10 (bolt)
[Node 6] 2025/11/28 13:32:24.237341 [Database] client 346 initialized with balance 10 (bolt)
[Node 6] 2025/11/28 13:32:24.261335 [Database] client 347 initialized with balance 10 (bolt)
[Node 6] 2025/11/28 13:32:24.280264 [Database] client 348 initialized with balance 10 (bolt)
[Node 6] 2025/11/28 13:32:24.302331 [Database] client 349 initialized with balance 10 (bolt)
[Node 6] 2025/11/28 13:32:24.325262 [Database] client 350 initialized with balance 10 (bolt)
[Node 6] 2025/11/28 13:32:24.344536 [Database] client 351 initialized with balance 10 (bolt)
[Node 6] 2025/11/28 13:32:24.367317 [Database] client 352 initialized with balance 10 (bolt)
[Node 6] 2025/11/28 13:32:24.387327 [Database] client 353 initialized with balance 10 (bolt)
[Node 6] 2025/11/28 13:32:24.405387 [Database] client 354 initialized with balance 10 (bolt)
[Node 6] 2025/11/28 13:32:24.428400 [Database] client 355 initialized with balance 10 (bolt)
[Node 6] 2025/11/28 13:32:24.450397 [Database] client 356 initialized with balance 10 (bolt)
[Node 6] 2025/11/28 13:32:24.471367 [Database] client 357 initialized with balance 10 (bolt)
[Node 6] 2025/11/28 13:32:24.495344 [Database] client 358 initialized with balance 10 (bolt)
[Node 6] 2025/11/28 13:32:24.520902 [Database] client 359 initialized with balance 10 (bolt)
[Node 6] 2025/11/28 13:32:24.543366 [Database] client 360 initialized with balance 10 (bolt)
[Node 6] 2025/11/28 13:32:24.561369 [Database] client 361 initialized with balance 10 (bolt)
[Node 6] 2025/11/28 13:32:24.583247 [Database] client 362 initialized with balance 10 (bolt)
[Node 6] 2025/11/28 13:32:24.602324 [Database] client 363 initialized with balance 10 (bolt)
[Node 6] 2025/11/28 13:32:24.627406 [Database] client 364 initialized with balance 10 (bolt)
[Node 6] 2025/11/28 13:32:24.648315 [Database] client 365 initialized with balance 10 (bolt)
[Node 6] 2025/11/28 13:32:24.676363 [Database] client 366 initialized with balance 10 (bolt)
[Node 6] 2025/11/28 13:32:24.701336 [Database] client 367 initialized with balance 10 (bolt)
[Node 6] 2025/11/28 13:32:24.727455 [Database] client 368 initialized with balance 10 (bolt)
[Node 6] 2025/11/28 13:32:24.746882 [Database] client 369 initialized with balance 10 (bolt)
[Node 6] 2025/11/28 13:32:24.769363 [Database] client 370 initialized with balance 10 (bolt)
[Node 6] 2025/11/28 13:32:24.797346 [Database] client 371 initialized with balance 10 (bolt)
[Node 6] 2025/11/28 13:32:24.826372 [Database] client 372 initialized with balance 10 (bolt)
[Node 6] 2025/11/28 13:32:24.856784 [Database] client 373 initialized with balance 10 (bolt)
[Node 6] 2025/11/28 13:32:24.878434 [Database] client 374 initialized with balance 10 (bolt)
[Node 6] 2025/11/28 13:32:24.902413 [Database] client 375 initialized with balance 10 (bolt)
[Node 6] 2025/11/28 13:32:24.925495 [Database] client 376 initialized with balance 10 (bolt)
[Node 6] 2025/11/28 13:32:24.951039 [Database] client 377 initialized with balance 10 (bolt)
[Node 6] 2025/11/28 13:32:24.972400 [Database] client 378 initialized with balance 10 (bolt)
[Node 6] 2025/11/28 13:32:24.995165 [Database] client 379 initialized with balance 10 (bolt)
[Node 6] 2025/11/28 13:32:25.030335 [Database] client 380 initialized with balance 10 (bolt)
[Node 6] 2025/11/28 13:32:25.049249 [Database] client 381 initialized with balance 10 (bolt)
[Node 6] 2025/11/28 13:32:25.067327 [Database] client 382 initialized with balance 10 (bolt)
[Node 6] 2025/11/28 13:32:25.084290 [Database] client 383 initialized with balance 10 (bolt)
[Node 6] 2025/11/28 13:32:25.102344 [Database] client 384 initialized with balance 10 (bolt)
[Node 6] 2025/11/28 13:32:25.126301 [Database] client 385 initialized with balance 10 (bolt)
[Node 6] 2025/11/28 13:32:25.144234 [Database] client 386 initialized with balance 10 (bolt)
[Node 6] 2025/11/28 13:32:25.164182 [Database] client 387 initialized with balance 10 (bolt)
[Node 6] 2025/11/28 13:32:25.187311 [Database] client 388 initialized with balance 10 (bolt)
[Node 6] 2025/11/28 13:32:25.206397 [Database] client 389 initialized with balance 10 (bolt)
[Node 6] 2025/11/28 13:32:25.228222 [Database] client 390 initialized with balance 10 (bolt)
[Node 6] 2025/11/28 13:32:25.244311 [Database] client 391 initialized with balance 10 (bolt)
[Node 6] 2025/11/28 13:32:25.260260 [Database] client 392 initialized with balance 10 (bolt)
[Node 6] 2025/11/28 13:32:25.281297 [Database] client 393 initialized with balance 10 (bolt)
[Node 6] 2025/11/28 13:32:25.301282 [Database] client 394 initialized with balance 10 (bolt)
[Node 6] 2025/11/28 13:32:25.320256 [Database] client 395 initialized with balance 10 (bolt)
[Node 6] 2025/11/28 13:32:25.339276 [Database] client 396 initialized with balance 10 (bolt)
[Node 6] 2025/11/28 13:32:25.357296 [Database] client 397 initialized with balance 10 (bolt)
[Node 6] 2025/11/28 13:32:25.374270 [Database] client 398 initialized with balance 10 (bolt)
[Node 6] 2025/11/28 13:32:25.396145 [Database] client 399 initialized with balance 10 (bolt)
[Node 6] 2025/11/28 13:32:25.414429 [Database] client 400 initialized with balance 10 (bolt)
[Node 6] 2025/11/28 13:32:25.431299 [Database] client 401 initialized with balance 10 (bolt)
[Node 6] 2025/11/28 13:32:25.454248 [Database] client 402 initialized with balance 10 (bolt)
[Node 6] 2025/11/28 13:32:25.474296 [Database] client 403 initialized with balance 10 (bolt)
[Node 6] 2025/11/28 13:32:25.492304 [Database] client 404 initialized with balance 10 (bolt)
[Node 6] 2025/11/28 13:32:25.510142 [Database] client 405 initialized with balance 10 (bolt)
[Node 6] 2025/11/28 13:32:25.529212 [Database] client 406 initialized with balance 10 (bolt)
[Node 6] 2025/11/28 13:32:25.554418 [Database] client 407 initialized with balance 10 (bolt)
[Node 6] 2025/11/28 13:32:25.573319 [Database] client 408 initialized with balance 10 (bolt)
[Node 6] 2025/11/28 13:32:25.592280 [Database] client 409 initialized with balance 10 (bolt)
[Node 6] 2025/11/28 13:32:25.610224 [Database] client 410 initialized with balance 10 (bolt)
[Node 6] 2025/11/28 13:32:25.630247 [Database] client 411 initialized with balance 10 (bolt)
[Node 6] 2025/11/28 13:32:25.648206 [Database] client 412 initialized with balance 10 (bolt)
[Node 6] 2025/11/28 13:32:25.667285 [Database] client 413 initialized with balance 10 (bolt)
[Node 6] 2025/11/28 13:32:25.687286 [Database] client 414 initialized with balance 10 (bolt)
[Node 6] 2025/11/28 13:32:25.706302 [Database] client 415 initialized with balance 10 (bolt)
[Node 6] 2025/11/28 13:32:25.725262 [Database] client 416 initialized with balance 10 (bolt)
[Node 6] 2025/11/28 13:32:25.757334 [Database] client 417 initialized with balance 10 (bolt)
[Node 6] 2025/11/28 13:32:25.774431 [Database] client 418 initialized with balance 10 (bolt)
[Node 6] 2025/11/28 13:32:25.797295 [Database] client 419 initialized with balance 10 (bolt)
[Node 6] 2025/11/28 13:32:25.820280 [Database] client 420 initialized with balance 10 (bolt)
[Node 6] 2025/11/28 13:32:25.837342 [Database] client 421 initialized with balance 10 (bolt)
[Node 6] 2025/11/28 13:32:25.856186 [Database] client 422 initialized with balance 10 (bolt)
[Node 6] 2025/11/28 13:32:25.875214 [Database] client 423 initialized with balance 10 (bolt)
[Node 6] 2025/11/28 13:32:25.893268 [Database] client 424 initialized with balance 10 (bolt)
[Node 6] 2025/11/28 13:32:25.911310 [Database] client 425 initialized with balance 10 (bolt)
[Node 6] 2025/11/28 13:32:25.929302 [Database] client 426 initialized with balance 10 (bolt)
[Node 6] 2025/11/28 13:32:25.947198 [Database] client 427 initialized with balance 10 (bolt)
[Node 6] 2025/11/28 13:32:25.965251 [Database] client 428 initialized with balance 10 (bolt)
[Node 6] 2025/11/28 13:32:25.983255 [Database] client 429 initialized with balance 10 (bolt)
[Node 6] 2025/11/28 13:32:25.996504 Node 6: Leader timeout (9.159000s), no leader msgs, starting election
[Node 6] 2025/11/28 13:32:25.997490 Node 6: StartLeaderElection invoked (leader=false active=false)
[Node 6] 2025/11/28 13:32:26.001228 [Database] client 430 initialized with balance 10 (bolt)
[Node 6] 2025/11/28 13:32:26.023242 [Database] client 431 initialized with balance 10 (bolt)
[Node 6] 2025/11/28 13:32:26.043214 [Database] client 432 initialized with balance 10 (bolt)
[Node 6] 2025/11/28 13:32:26.075811 [Database] client 433 initialized with balance 10 (bolt)
[Node 6] 2025/11/28 13:32:26.109355 [Database] client 434 initialized with balance 10 (bolt)
[Node 6] 2025/11/28 13:32:26.131406 [Database] client 435 initialized with balance 10 (bolt)
[Node 6] 2025/11/28 13:32:26.152356 [Database] client 436 initialized with balance 10 (bolt)
[Node 6] 2025/11/28 13:32:26.170358 [Database] client 437 initialized with balance 10 (bolt)
[Node 6] 2025/11/28 13:32:26.190308 [Database] client 438 initialized with balance 10 (bolt)
[Node 6] 2025/11/28 13:32:26.212301 [Database] client 439 initialized with balance 10 (bolt)
[Node 6] 2025/11/28 13:32:26.240220 [Database] client 440 initialized with balance 10 (bolt)
[Node 6] 2025/11/28 13:32:26.261357 [Database] client 441 initialized with balance 10 (bolt)
[Node 6] 2025/11/28 13:32:26.291335 [Database] client 442 initialized with balance 10 (bolt)
[Node 6] 2025/11/28 13:32:26.320331 [Database] client 443 initialized with balance 10 (bolt)
[Node 6] 2025/11/28 13:32:26.342336 [Database] client 444 initialized with balance 10 (bolt)
[Node 6] 2025/11/28 13:32:26.361571 [Database] client 445 initialized with balance 10 (bolt)
[Node 6] 2025/11/28 13:32:26.382213 [Database] client 446 initialized with balance 10 (bolt)
[Node 6] 2025/11/28 13:32:26.401134 [Database] client 447 initialized with balance 10 (bolt)
[Node 6] 2025/11/28 13:32:26.420268 [Database] client 448 initialized with balance 10 (bolt)
[Node 6] 2025/11/28 13:32:26.439138 [Database] client 449 initialized with balance 10 (bolt)
[Node 6] 2025/11/28 13:32:26.458107 [Database] client 450 initialized with balance 10 (bolt)
[Node 6] 2025/11/28 13:32:26.477197 [Database] client 451 initialized with balance 10 (bolt)
[Node 6] 2025/11/28 13:32:26.496317 [Database] client 452 initialized with balance 10 (bolt)
[Node 6] 2025/11/28 13:32:26.515226 [Database] client 453 initialized with balance 10 (bolt)
[Node 6] 2025/11/28 13:32:26.532294 [Database] client 454 initialized with balance 10 (bolt)
[Node 6] 2025/11/28 13:32:26.555221 [Database] client 455 initialized with balance 10 (bolt)
[Node 6] 2025/11/28 13:32:26.574120 [Database] client 456 initialized with balance 10 (bolt)
[Node 6] 2025/11/28 13:32:26.593185 [Database] client 457 initialized with balance 10 (bolt)
[Node 6] 2025/11/28 13:32:26.612210 [Database] client 458 initialized with balance 10 (bolt)
[Node 6] 2025/11/28 13:32:26.631226 [Database] client 459 initialized with balance 10 (bolt)
[Node 6] 2025/11/28 13:32:26.649352 [Database] client 460 initialized with balance 10 (bolt)
[Node 6] 2025/11/28 13:32:26.668173 [Database] client 461 initialized with balance 10 (bolt)
[Node 6] 2025/11/28 13:32:26.687186 [Database] client 462 initialized with balance 10 (bolt)
[Node 6] 2025/11/28 13:32:26.705283 [Database] client 463 initialized with balance 10 (bolt)
[Node 6] 2025/11/28 13:32:26.720320 [Database] client 464 initialized with balance 10 (bolt)
[Node 6] 2025/11/28 13:32:26.742180 [Database] client 465 initialized with balance 10 (bolt)
[Node 6] 2025/11/28 13:32:26.765212 [Database] client 466 initialized with balance 10 (bolt)
[Node 6] 2025/11/28 13:32:26.781204 [Database] client 467 initialized with balance 10 (bolt)
[Node 6] 2025/11/28 13:32:26.801185 [Database] client 468 initialized with balance 10 (bolt)
[Node 6] 2025/11/28 13:32:26.821260 [Database] client 469 initialized with balance 10 (bolt)
[Node 6] 2025/11/28 13:32:26.844245 [Database] client 470 initialized with balance 10 (bolt)
[Node 6] 2025/11/28 13:32:26.861261 [Database] client 471 initialized with balance 10 (bolt)
[Node 6] 2025/11/28 13:32:26.884356 [Database] client 472 initialized with balance 10 (bolt)
[Node 6] 2025/11/28 13:32:26.904375 [Database] client 473 initialized with balance 10 (bolt)
[Node 6] 2025/11/28 13:32:26.927311 [Database] client 474 initialized with balance 10 (bolt)
[Node 6] 2025/11/28 13:32:26.948291 [Database] client 475 initialized with balance 10 (bolt)
[Node 6] 2025/11/28 13:32:26.976198 [Database] client 476 initialized with balance 10 (bolt)
[Node 6] 2025/11/28 13:32:26.994204 [Database] client 477 initialized with balance 10 (bolt)
[Node 6] 2025/11/28 13:32:27.012293 [Database] client 478 initialized with balance 10 (bolt)
[Node 6] 2025/11/28 13:32:27.030243 [Database] client 479 initialized with balance 10 (bolt)
[Node 6] 2025/11/28 13:32:27.049277 [Database] client 480 initialized with balance 10 (bolt)
[Node 6] 2025/11/28 13:32:27.069236 [Database] client 481 initialized with balance 10 (bolt)
[Node 6] 2025/11/28 13:32:27.087248 [Database] client 482 initialized with balance 10 (bolt)
[Node 6] 2025/11/28 13:32:27.107230 [Database] client 483 initialized with balance 10 (bolt)
[Node 6] 2025/11/28 13:32:27.125122 [Database] client 484 initialized with balance 10 (bolt)
[Node 6] 2025/11/28 13:32:27.149241 [Database] client 485 initialized with balance 10 (bolt)
[Node 6] 2025/11/28 13:32:27.169233 [Database] client 486 initialized with balance 10 (bolt)
[Node 6] 2025/11/28 13:32:27.187252 [Database] client 487 initialized with balance 10 (bolt)
[Node 6] 2025/11/28 13:32:27.207156 [Database] client 488 initialized with balance 10 (bolt)
[Node 6] 2025/11/28 13:32:27.233310 [Database] client 489 initialized with balance 10 (bolt)
[Node 6] 2025/11/28 13:32:27.254145 [Database] client 490 initialized with balance 10 (bolt)
[Node 6] 2025/11/28 13:32:27.273209 [Database] client 491 initialized with balance 10 (bolt)
[Node 6] 2025/11/28 13:32:27.293112 [Database] client 492 initialized with balance 10 (bolt)
[Node 6] 2025/11/28 13:32:27.310395 [Database] client 493 initialized with balance 10 (bolt)
[Node 6] 2025/11/28 13:32:27.331121 [Database] client 494 initialized with balance 10 (bolt)
[Node 6] 2025/11/28 13:32:27.350144 [Database] client 495 initialized with balance 10 (bolt)
[Node 6] 2025/11/28 13:32:27.368128 [Database] client 496 initialized with balance 10 (bolt)
[Node 6] 2025/11/28 13:32:27.384140 [Database] client 497 initialized with balance 10 (bolt)
[Node 6] 2025/11/28 13:32:27.403221 [Database] client 498 initialized with balance 10 (bolt)
[Node 6] 2025/11/28 13:32:27.420300 [Database] client 499 initialized with balance 10 (bolt)
[Node 6] 2025/11/28 13:32:27.439201 [Database] client 500 initialized with balance 10 (bolt)
[Node 6] 2025/11/28 13:32:27.457159 Node 6: initialization complete (maj=3)
[Node 6] 2025/11/28 13:32:27.461533 Node 6: starting RPC server at localhost:8006
[Node 6] 2025/11/28 13:36:04.867690 Node 6: Accept RPC seq=1 ballot=(5,1)
[Node 6] 2025/11/28 13:36:04.868001 Node 6 ACCEPT seq=1 ballot=(5,1) txn=(1→2,1)
[Node 6] 2025/11/28 13:36:04.868007 Node 6: Accepted seq 1
[Node 6] 2025/11/28 13:36:04.888416 Node 6: Commit RPC seq=1 ballot=(5,1)
[Node 6] 2025/11/28 13:36:04.888451 Node 6: executeRequestsInOrder triggered
[Node 6] 2025/11/28 13:36:04.888466 [Database] executing txn (bolt) (1,2,1)
[Node 6] 2025/11/28 13:36:04.907538 [Database] txn success (bolt): 1 -> 2 amount 1
[Node 6] 2025/11/28 13:36:04.907859 Node 6: executeRequestsInOrder stopping at gap seq=2
[Node 6] 2025/11/28 13:39:21.617781 Node 6: Accept RPC seq=2 ballot=(5,1)
[Node 6] 2025/11/28 13:39:21.618018 Node 6 ACCEPT seq=2 ballot=(5,1) txn=(1→2,1)
[Node 6] 2025/11/28 13:39:21.618024 Node 6: Accepted seq 2
[Node 6] 2025/11/28 13:39:21.641356 Node 6: Commit RPC seq=2 ballot=(5,1)
[Node 6] 2025/11/28 13:39:21.641451 Node 6: executeRequestsInOrder triggered
[Node 6] 2025/11/28 13:39:21.641466 [Database] executing txn (bolt) (1,2,1)
[Node 6] 2025/11/28 13:39:21.654308 [Database] txn success (bolt): 1 -> 2 amount 1
[Node 6] 2025/11/28 13:39:21.658434 Node 6: executeRequestsInOrder stopping at gap seq=3
[Node 6] 2025/11/28 13:40:59.861353 Node 6 shutting down...
[Node 6] 2025/11/28 13:40:59.862660 Node 6: stopping node
[Node 6] 2025/11/28 13:40:59.862848 Node 6: accept error: accept tcp 127.0.0.1:8006: use of closed network connection
