[Node 7] 2025/11/28 13:32:18.144631 Node 7: initializing at localhost:8007 with 9 peers
[Node 7] 2025/11/28 13:32:18.155543 [Database] opening BoltDB at data/node-7.db
[Node 7] 2025/11/28 13:32:18.214475 Node 7: BoltDB initialized at data/node-7.db
[Node 7] 2025/11/28 13:32:18.214696 [Database] client 1 initialized with balance 10 (bolt)
[Node 7] 2025/11/28 13:32:18.214698 Node 7: leader timeout monitor running
[Node 7] 2025/11/28 13:32:18.234616 [Database] client 2 initialized with balance 10 (bolt)
[Node 7] 2025/11/28 13:32:18.252557 [Database] client 3 initialized with balance 10 (bolt)
[Node 7] 2025/11/28 13:32:18.273417 [Database] client 4 initialized with balance 10 (bolt)
[Node 7] 2025/11/28 13:32:18.291464 [Database] client 5 initialized with balance 10 (bolt)
[Node 7] 2025/11/28 13:32:18.306391 [Database] client 6 initialized with balance 10 (bolt)
[Node 7] 2025/11/28 13:32:18.324566 [Database] client 7 initialized with balance 10 (bolt)
[Node 7] 2025/11/28 13:32:18.347495 [Database] client 8 initialized with balance 10 (bolt)
[Node 7] 2025/11/28 13:32:18.361478 [Database] client 9 initialized with balance 10 (bolt)
[Node 7] 2025/11/28 13:32:18.386523 [Database] client 10 initialized with balance 10 (bolt)
[Node 7] 2025/11/28 13:32:18.400514 [Database] client 11 initialized with balance 10 (bolt)
[Node 7] 2025/11/28 13:32:18.419443 [Database] client 12 initialized with balance 10 (bolt)
[Node 7] 2025/11/28 13:32:18.437486 [Database] client 13 initialized with balance 10 (bolt)
[Node 7] 2025/11/28 13:32:18.455475 [Database] client 14 initialized with balance 10 (bolt)
[Node 7] 2025/11/28 13:32:18.473535 [Database] client 15 initialized with balance 10 (bolt)
[Node 7] 2025/11/28 13:32:18.494481 [Database] client 16 initialized with balance 10 (bolt)
[Node 7] 2025/11/28 13:32:18.512431 [Database] client 17 initialized with balance 10 (bolt)
[Node 7] 2025/11/28 13:32:18.530411 [Database] client 18 initialized with balance 10 (bolt)
[Node 7] 2025/11/28 13:32:18.548476 [Database] client 19 initialized with balance 10 (bolt)
[Node 7] 2025/11/28 13:32:18.563531 [Database] client 20 initialized with balance 10 (bolt)
[Node 7] 2025/11/28 13:32:18.590471 [Database] client 21 initialized with balance 10 (bolt)
[Node 7] 2025/11/28 13:32:18.623561 [Database] client 22 initialized with balance 10 (bolt)
[Node 7] 2025/11/28 13:32:18.649513 [Database] client 23 initialized with balance 10 (bolt)
[Node 7] 2025/11/28 13:32:18.665529 [Database] client 24 initialized with balance 10 (bolt)
[Node 7] 2025/11/28 13:32:18.683625 [Database] client 25 initialized with balance 10 (bolt)
[Node 7] 2025/11/28 13:32:18.701543 [Database] client 26 initialized with balance 10 (bolt)
[Node 7] 2025/11/28 13:32:18.720457 [Database] client 27 initialized with balance 10 (bolt)
[Node 7] 2025/11/28 13:32:18.746447 [Database] client 28 initialized with balance 10 (bolt)
[Node 7] 2025/11/28 13:32:18.763406 [Database] client 29 initialized with balance 10 (bolt)
[Node 7] 2025/11/28 13:32:18.781627 [Database] client 30 initialized with balance 10 (bolt)
[Node 7] 2025/11/28 13:32:18.798638 [Database] client 31 initialized with balance 10 (bolt)
[Node 7] 2025/11/28 13:32:18.821459 [Database] client 32 initialized with balance 10 (bolt)
[Node 7] 2025/11/28 13:32:18.843475 [Database] client 33 initialized with balance 10 (bolt)
[Node 7] 2025/11/28 13:32:18.862491 [Database] client 34 initialized with balance 10 (bolt)
[Node 7] 2025/11/28 13:32:18.879537 [Database] client 35 initialized with balance 10 (bolt)
[Node 7] 2025/11/28 13:32:18.897544 [Database] client 36 initialized with balance 10 (bolt)
[Node 7] 2025/11/28 13:32:18.914652 [Database] client 37 initialized with balance 10 (bolt)
[Node 7] 2025/11/28 13:32:18.932575 [Database] client 38 initialized with balance 10 (bolt)
[Node 7] 2025/11/28 13:32:18.956470 [Database] client 39 initialized with balance 10 (bolt)
[Node 7] 2025/11/28 13:32:18.977520 [Database] client 40 initialized with balance 10 (bolt)
[Node 7] 2025/11/28 13:32:18.995500 [Database] client 41 initialized with balance 10 (bolt)
[Node 7] 2025/11/28 13:32:19.013549 [Database] client 42 initialized with balance 10 (bolt)
[Node 7] 2025/11/28 13:32:19.040468 [Database] client 43 initialized with balance 10 (bolt)
[Node 7] 2025/11/28 13:32:19.063413 [Database] client 44 initialized with balance 10 (bolt)
[Node 7] 2025/11/28 13:32:19.081405 [Database] client 45 initialized with balance 10 (bolt)
[Node 7] 2025/11/28 13:32:19.104426 [Database] client 46 initialized with balance 10 (bolt)
[Node 7] 2025/11/28 13:32:19.127387 [Database] client 47 initialized with balance 10 (bolt)
[Node 7] 2025/11/28 13:32:19.146446 [Database] client 48 initialized with balance 10 (bolt)
[Node 7] 2025/11/28 13:32:19.169563 [Database] client 49 initialized with balance 10 (bolt)
[Node 7] 2025/11/28 13:32:19.195601 [Database] client 50 initialized with balance 10 (bolt)
[Node 7] 2025/11/28 13:32:19.212470 [Database] client 51 initialized with balance 10 (bolt)
[Node 7] 2025/11/28 13:32:19.229493 [Database] client 52 initialized with balance 10 (bolt)
[Node 7] 2025/11/28 13:32:19.252547 [Database] client 53 initialized with balance 10 (bolt)
[Node 7] 2025/11/28 13:32:19.273436 [Database] client 54 initialized with balance 10 (bolt)
[Node 7] 2025/11/28 13:32:19.300403 [Database] client 55 initialized with balance 10 (bolt)
[Node 7] 2025/11/28 13:32:19.322470 [Database] client 56 initialized with balance 10 (bolt)
[Node 7] 2025/11/28 13:32:19.338439 [Database] client 57 initialized with balance 10 (bolt)
[Node 7] 2025/11/28 13:32:19.359502 [Database] client 58 initialized with balance 10 (bolt)
[Node 7] 2025/11/28 13:32:19.378382 [Database] client 59 initialized with balance 10 (bolt)
[Node 7] 2025/11/28 13:32:19.403388 [Database] client 60 initialized with balance 10 (bolt)
[Node 7] 2025/11/28 13:32:19.435531 [Database] client 61 initialized with balance 10 (bolt)
[Node 7] 2025/11/28 13:32:19.463387 [Database] client 62 initialized with balance 10 (bolt)
[Node 7] 2025/11/28 13:32:19.482505 [Database] client 63 initialized with balance 10 (bolt)
[Node 7] 2025/11/28 13:32:19.502394 [Database] client 64 initialized with balance 10 (bolt)
[Node 7] 2025/11/28 13:32:19.522446 [Database] client 65 initialized with balance 10 (bolt)
[Node 7] 2025/11/28 13:32:19.550412 [Database] client 66 initialized with balance 10 (bolt)
[Node 7] 2025/11/28 13:32:19.571511 [Database] client 67 initialized with balance 10 (bolt)
[Node 7] 2025/11/28 13:32:19.589421 [Database] client 68 initialized with balance 10 (bolt)
[Node 7] 2025/11/28 13:32:19.609481 [Database] client 69 initialized with balance 10 (bolt)
[Node 7] 2025/11/28 13:32:19.630533 [Database] client 70 initialized with balance 10 (bolt)
[Node 7] 2025/11/28 13:32:19.648444 [Database] client 71 initialized with balance 10 (bolt)
[Node 7] 2025/11/28 13:32:19.672397 [Database] client 72 initialized with balance 10 (bolt)
[Node 7] 2025/11/28 13:32:19.691396 [Database] client 73 initialized with balance 10 (bolt)
[Node 7] 2025/11/28 13:32:19.716530 [Database] client 74 initialized with balance 10 (bolt)
[Node 7] 2025/11/28 13:32:19.734497 [Database] client 75 initialized with balance 10 (bolt)
[Node 7] 2025/11/28 13:32:19.757499 [Database] client 76 initialized with balance 10 (bolt)
[Node 7] 2025/11/28 13:32:19.774372 [Database] client 77 initialized with balance 10 (bolt)
[Node 7] 2025/11/28 13:32:19.789372 [Database] client 78 initialized with balance 10 (bolt)
[Node 7] 2025/11/28 13:32:19.808507 [Database] client 79 initialized with balance 10 (bolt)
[Node 7] 2025/11/28 13:32:19.831506 [Database] client 80 initialized with balance 10 (bolt)
[Node 7] 2025/11/28 13:32:19.859405 [Database] client 81 initialized with balance 10 (bolt)
[Node 7] 2025/11/28 13:32:19.882485 [Database] client 82 initialized with balance 10 (bolt)
[Node 7] 2025/11/28 13:32:19.906446 [Database] client 83 initialized with balance 10 (bolt)
[Node 7] 2025/11/28 13:32:19.928601 [Database] client 84 initialized with balance 10 (bolt)
[Node 7] 2025/11/28 13:32:19.946468 [Database] client 85 initialized with balance 10 (bolt)
[Node 7] 2025/11/28 13:32:19.969354 [Database] client 86 initialized with balance 10 (bolt)
[Node 7] 2025/11/28 13:32:19.995370 [Database] client 87 initialized with balance 10 (bolt)
[Node 7] 2025/11/28 13:32:20.014439 [Database] client 88 initialized with balance 10 (bolt)
[Node 7] 2025/11/28 13:32:20.036512 [Database] client 89 initialized with balance 10 (bolt)
[Node 7] 2025/11/28 13:32:20.056397 [Database] client 90 initialized with balance 10 (bolt)
[Node 7] 2025/11/28 13:32:20.075601 [Database] client 91 initialized with balance 10 (bolt)
[Node 7] 2025/11/28 13:32:20.093524 [Database] client 92 initialized with balance 10 (bolt)
[Node 7] 2025/11/28 13:32:20.114519 [Database] client 93 initialized with balance 10 (bolt)
[Node 7] 2025/11/28 13:32:20.141341 [Database] client 94 initialized with balance 10 (bolt)
[Node 7] 2025/11/28 13:32:20.158425 [Database] client 95 initialized with balance 10 (bolt)
[Node 7] 2025/11/28 13:32:20.189338 [Database] client 96 initialized with balance 10 (bolt)
[Node 7] 2025/11/28 13:32:20.210381 [Database] client 97 initialized with balance 10 (bolt)
[Node 7] 2025/11/28 13:32:20.227466 [Database] client 98 initialized with balance 10 (bolt)
[Node 7] 2025/11/28 13:32:20.245423 [Database] client 99 initialized with balance 10 (bolt)
[Node 7] 2025/11/28 13:32:20.266419 [Database] client 100 initialized with balance 10 (bolt)
[Node 7] 2025/11/28 13:32:20.282403 [Database] client 101 initialized with balance 10 (bolt)
[Node 7] 2025/11/28 13:32:20.300324 [Database] client 102 initialized with balance 10 (bolt)
[Node 7] 2025/11/28 13:32:20.318386 [Database] client 103 initialized with balance 10 (bolt)
[Node 7] 2025/11/28 13:32:20.336393 [Database] client 104 initialized with balance 10 (bolt)
[Node 7] 2025/11/28 13:32:20.352395 [Database] client 105 initialized with balance 10 (bolt)
[Node 7] 2025/11/28 13:32:20.373356 [Database] client 106 initialized with balance 10 (bolt)
[Node 7] 2025/11/28 13:32:20.390320 [Database] client 107 initialized with balance 10 (bolt)
[Node 7] 2025/11/28 13:32:20.413395 [Database] client 108 initialized with balance 10 (bolt)
[Node 7] 2025/11/28 13:32:20.437459 [Database] client 109 initialized with balance 10 (bolt)
[Node 7] 2025/11/28 13:32:20.453483 [Database] client 110 initialized with balance 10 (bolt)
[Node 7] 2025/11/28 13:32:20.469522 [Database] client 111 initialized with balance 10 (bolt)
[Node 7] 2025/11/28 13:32:20.487383 [Database] client 112 initialized with balance 10 (bolt)
[Node 7] 2025/11/28 13:32:20.504410 [Database] client 113 initialized with balance 10 (bolt)
[Node 7] 2025/11/28 13:32:20.521402 [Database] client 114 initialized with balance 10 (bolt)
[Node 7] 2025/11/28 13:32:20.542455 [Database] client 115 initialized with balance 10 (bolt)
[Node 7] 2025/11/28 13:32:20.564453 [Database] client 116 initialized with balance 10 (bolt)
[Node 7] 2025/11/28 13:32:20.584429 [Database] client 117 initialized with balance 10 (bolt)
[Node 7] 2025/11/28 13:32:20.600444 [Database] client 118 initialized with balance 10 (bolt)
[Node 7] 2025/11/28 13:32:20.616416 [Database] client 119 initialized with balance 10 (bolt)
[Node 7] 2025/11/28 13:32:20.647366 [Database] client 120 initialized with balance 10 (bolt)
[Node 7] 2025/11/28 13:32:20.660468 [Database] client 121 initialized with balance 10 (bolt)
[Node 7] 2025/11/28 13:32:20.677461 [Database] client 122 initialized with balance 10 (bolt)
[Node 7] 2025/11/28 13:32:20.698338 [Database] client 123 initialized with balance 10 (bolt)
[Node 7] 2025/11/28 13:32:20.721347 [Database] client 124 initialized with balance 10 (bolt)
[Node 7] 2025/11/28 13:32:20.738420 [Database] client 125 initialized with balance 10 (bolt)
[Node 7] 2025/11/28 13:32:20.755432 [Database] client 126 initialized with balance 10 (bolt)
[Node 7] 2025/11/28 13:32:20.776453 [Database] client 127 initialized with balance 10 (bolt)
[Node 7] 2025/11/28 13:32:20.793526 [Database] client 128 initialized with balance 10 (bolt)
[Node 7] 2025/11/28 13:32:20.812460 [Database] client 129 initialized with balance 10 (bolt)
[Node 7] 2025/11/28 13:32:20.831422 [Database] client 130 initialized with balance 10 (bolt)
[Node 7] 2025/11/28 13:32:20.847497 [Database] client 131 initialized with balance 10 (bolt)
[Node 7] 2025/11/28 13:32:20.865354 [Database] client 132 initialized with balance 10 (bolt)
[Node 7] 2025/11/28 13:32:20.884395 [Database] client 133 initialized with balance 10 (bolt)
[Node 7] 2025/11/28 13:32:20.904457 [Database] client 134 initialized with balance 10 (bolt)
[Node 7] 2025/11/28 13:32:20.925527 [Database] client 135 initialized with balance 10 (bolt)
[Node 7] 2025/11/28 13:32:20.949490 [Database] client 136 initialized with balance 10 (bolt)
[Node 7] 2025/11/28 13:32:20.966530 [Database] client 137 initialized with balance 10 (bolt)
[Node 7] 2025/11/28 13:32:20.995350 [Database] client 138 initialized with balance 10 (bolt)
[Node 7] 2025/11/28 13:32:21.017444 [Database] client 139 initialized with balance 10 (bolt)
[Node 7] 2025/11/28 13:32:21.043334 [Database] client 140 initialized with balance 10 (bolt)
[Node 7] 2025/11/28 13:32:21.067381 [Database] client 141 initialized with balance 10 (bolt)
[Node 7] 2025/11/28 13:32:21.089373 [Database] client 142 initialized with balance 10 (bolt)
[Node 7] 2025/11/28 13:32:21.129416 [Database] client 143 initialized with balance 10 (bolt)
[Node 7] 2025/11/28 13:32:21.156354 [Database] client 144 initialized with balance 10 (bolt)
[Node 7] 2025/11/28 13:32:21.175403 [Database] client 145 initialized with balance 10 (bolt)
[Node 7] 2025/11/28 13:32:21.197363 [Database] client 146 initialized with balance 10 (bolt)
[Node 7] 2025/11/28 13:32:21.218369 [Database] client 147 initialized with balance 10 (bolt)
[Node 7] 2025/11/28 13:32:21.232129 Node 7: Leader timeout (3.083582s), no leader msgs, starting election
[Node 7] 2025/11/28 13:32:21.236595 Node 7: StartLeaderElection invoked (leader=false active=false)
[Node 7] 2025/11/28 13:32:21.236418 [Database] client 148 initialized with balance 10 (bolt)
[Node 7] 2025/11/28 13:32:21.262383 [Database] client 149 initialized with balance 10 (bolt)
[Node 7] 2025/11/28 13:32:21.280360 [Database] client 150 initialized with balance 10 (bolt)
[Node 7] 2025/11/28 13:32:21.298455 [Database] client 151 initialized with balance 10 (bolt)
[Node 7] 2025/11/28 13:32:21.330366 [Database] client 152 initialized with balance 10 (bolt)
[Node 7] 2025/11/28 13:32:21.353384 [Database] client 153 initialized with balance 10 (bolt)
[Node 7] 2025/11/28 13:32:21.375423 [Database] client 154 initialized with balance 10 (bolt)
[Node 7] 2025/11/28 13:32:21.392311 [Database] client 155 initialized with balance 10 (bolt)
[Node 7] 2025/11/28 13:32:21.410379 [Database] client 156 initialized with balance 10 (bolt)
[Node 7] 2025/11/28 13:32:21.440367 [Database] client 157 initialized with balance 10 (bolt)
[Node 7] 2025/11/28 13:32:21.456316 [Database] client 158 initialized with balance 10 (bolt)
[Node 7] 2025/11/28 13:32:21.476349 [Database] client 159 initialized with balance 10 (bolt)
[Node 7] 2025/11/28 13:32:21.502387 [Database] client 160 initialized with balance 10 (bolt)
[Node 7] 2025/11/28 13:32:21.524428 [Database] client 161 initialized with balance 10 (bolt)
[Node 7] 2025/11/28 13:32:21.557323 [Database] client 162 initialized with balance 10 (bolt)
[Node 7] 2025/11/28 13:32:21.577446 [Database] client 163 initialized with balance 10 (bolt)
[Node 7] 2025/11/28 13:32:21.601374 [Database] client 164 initialized with balance 10 (bolt)
[Node 7] 2025/11/28 13:32:21.625258 [Database] client 165 initialized with balance 10 (bolt)
[Node 7] 2025/11/28 13:32:21.642434 [Database] client 166 initialized with balance 10 (bolt)
[Node 7] 2025/11/28 13:32:21.663353 [Database] client 167 initialized with balance 10 (bolt)
[Node 7] 2025/11/28 13:32:21.678434 [Database] client 168 initialized with balance 10 (bolt)
[Node 7] 2025/11/28 13:32:21.696398 [Database] client 169 initialized with balance 10 (bolt)
[Node 7] 2025/11/28 13:32:21.714589 [Database] client 170 initialized with balance 10 (bolt)
[Node 7] 2025/11/28 13:32:21.739449 [Database] client 171 initialized with balance 10 (bolt)
[Node 7] 2025/11/28 13:32:21.757496 [Database] client 172 initialized with balance 10 (bolt)
[Node 7] 2025/11/28 13:32:21.778439 [Database] client 173 initialized with balance 10 (bolt)
[Node 7] 2025/11/28 13:32:21.803333 [Database] client 174 initialized with balance 10 (bolt)
[Node 7] 2025/11/28 13:32:21.819350 [Database] client 175 initialized with balance 10 (bolt)
[Node 7] 2025/11/28 13:32:21.841363 [Database] client 176 initialized with balance 10 (bolt)
[Node 7] 2025/11/28 13:32:21.856352 [Database] client 177 initialized with balance 10 (bolt)
[Node 7] 2025/11/28 13:32:21.874476 [Database] client 178 initialized with balance 10 (bolt)
[Node 7] 2025/11/28 13:32:21.904389 [Database] client 179 initialized with balance 10 (bolt)
[Node 7] 2025/11/28 13:32:21.926422 [Database] client 180 initialized with balance 10 (bolt)
[Node 7] 2025/11/28 13:32:21.965343 [Database] client 181 initialized with balance 10 (bolt)
[Node 7] 2025/11/28 13:32:21.995416 [Database] client 182 initialized with balance 10 (bolt)
[Node 7] 2025/11/28 13:32:22.011393 [Database] client 183 initialized with balance 10 (bolt)
[Node 7] 2025/11/28 13:32:22.030344 [Database] client 184 initialized with balance 10 (bolt)
[Node 7] 2025/11/28 13:32:22.054456 [Database] client 185 initialized with balance 10 (bolt)
[Node 7] 2025/11/28 13:32:22.070389 [Database] client 186 initialized with balance 10 (bolt)
[Node 7] 2025/11/28 13:32:22.086342 [Database] client 187 initialized with balance 10 (bolt)
[Node 7] 2025/11/28 13:32:22.103414 [Database] client 188 initialized with balance 10 (bolt)
[Node 7] 2025/11/28 13:32:22.126288 [Database] client 189 initialized with balance 10 (bolt)
[Node 7] 2025/11/28 13:32:22.141475 [Database] client 190 initialized with balance 10 (bolt)
[Node 7] 2025/11/28 13:32:22.158421 [Database] client 191 initialized with balance 10 (bolt)
[Node 7] 2025/11/28 13:32:22.176330 [Database] client 192 initialized with balance 10 (bolt)
[Node 7] 2025/11/28 13:32:22.193269 [Database] client 193 initialized with balance 10 (bolt)
[Node 7] 2025/11/28 13:32:22.214469 [Database] client 194 initialized with balance 10 (bolt)
[Node 7] 2025/11/28 13:32:22.235351 [Database] client 195 initialized with balance 10 (bolt)
[Node 7] 2025/11/28 13:32:22.262431 [Database] client 196 initialized with balance 10 (bolt)
[Node 7] 2025/11/28 13:32:22.278407 [Database] client 197 initialized with balance 10 (bolt)
[Node 7] 2025/11/28 13:32:22.296313 [Database] client 198 initialized with balance 10 (bolt)
[Node 7] 2025/11/28 13:32:22.312440 [Database] client 199 initialized with balance 10 (bolt)
[Node 7] 2025/11/28 13:32:22.329367 [Database] client 200 initialized with balance 10 (bolt)
[Node 7] 2025/11/28 13:32:22.350357 [Database] client 201 initialized with balance 10 (bolt)
[Node 7] 2025/11/28 13:32:22.377303 [Database] client 202 initialized with balance 10 (bolt)
[Node 7] 2025/11/28 13:32:22.400443 [Database] client 203 initialized with balance 10 (bolt)
[Node 7] 2025/11/28 13:32:22.418396 [Database] client 204 initialized with balance 10 (bolt)
[Node 7] 2025/11/28 13:32:22.432509 [Database] client 205 initialized with balance 10 (bolt)
[Node 7] 2025/11/28 13:32:22.450363 [Database] client 206 initialized with balance 10 (bolt)
[Node 7] 2025/11/28 13:32:22.468450 [Database] client 207 initialized with balance 10 (bolt)
[Node 7] 2025/11/28 13:32:22.486526 [Database] client 208 initialized with balance 10 (bolt)
[Node 7] 2025/11/28 13:32:22.509377 [Database] client 209 initialized with balance 10 (bolt)
[Node 7] 2025/11/28 13:32:22.532457 [Database] client 210 initialized with balance 10 (bolt)
[Node 7] 2025/11/28 13:32:22.557454 [Database] client 211 initialized with balance 10 (bolt)
[Node 7] 2025/11/28 13:32:22.579361 [Database] client 212 initialized with balance 10 (bolt)
[Node 7] 2025/11/28 13:32:22.591488 [Database] client 213 initialized with balance 10 (bolt)
[Node 7] 2025/11/28 13:32:22.611477 [Database] client 214 initialized with balance 10 (bolt)
[Node 7] 2025/11/28 13:32:22.629446 [Database] client 215 initialized with balance 10 (bolt)
[Node 7] 2025/11/28 13:32:22.648323 [Database] client 216 initialized with balance 10 (bolt)
[Node 7] 2025/11/28 13:32:22.668421 [Database] client 217 initialized with balance 10 (bolt)
[Node 7] 2025/11/28 13:32:22.685496 [Database] client 218 initialized with balance 10 (bolt)
[Node 7] 2025/11/28 13:32:22.715489 [Database] client 219 initialized with balance 10 (bolt)
[Node 7] 2025/11/28 13:32:22.734436 [Database] client 220 initialized with balance 10 (bolt)
[Node 7] 2025/11/28 13:32:22.749417 [Database] client 221 initialized with balance 10 (bolt)
[Node 7] 2025/11/28 13:32:22.766305 [Database] client 222 initialized with balance 10 (bolt)
[Node 7] 2025/11/28 13:32:22.782333 [Database] client 223 initialized with balance 10 (bolt)
[Node 7] 2025/11/28 13:32:22.804338 [Database] client 224 initialized with balance 10 (bolt)
[Node 7] 2025/11/28 13:32:22.822426 [Database] client 225 initialized with balance 10 (bolt)
[Node 7] 2025/11/28 13:32:22.843242 [Database] client 226 initialized with balance 10 (bolt)
[Node 7] 2025/11/28 13:32:22.862395 [Database] client 227 initialized with balance 10 (bolt)
[Node 7] 2025/11/28 13:32:22.884380 [Database] client 228 initialized with balance 10 (bolt)
[Node 7] 2025/11/28 13:32:22.907351 [Database] client 229 initialized with balance 10 (bolt)
[Node 7] 2025/11/28 13:32:22.929366 [Database] client 230 initialized with balance 10 (bolt)
[Node 7] 2025/11/28 13:32:22.948351 [Database] client 231 initialized with balance 10 (bolt)
[Node 7] 2025/11/28 13:32:22.974421 [Database] client 232 initialized with balance 10 (bolt)
[Node 7] 2025/11/28 13:32:23.000451 [Database] client 233 initialized with balance 10 (bolt)
[Node 7] 2025/11/28 13:32:23.020369 [Database] client 234 initialized with balance 10 (bolt)
[Node 7] 2025/11/28 13:32:23.038392 [Database] client 235 initialized with balance 10 (bolt)
[Node 7] 2025/11/28 13:32:23.058637 [Database] client 236 initialized with balance 10 (bolt)
[Node 7] 2025/11/28 13:32:23.085322 [Database] client 237 initialized with balance 10 (bolt)
[Node 7] 2025/11/28 13:32:23.109403 [Database] client 238 initialized with balance 10 (bolt)
[Node 7] 2025/11/28 13:32:23.142387 [Database] client 239 initialized with balance 10 (bolt)
[Node 7] 2025/11/28 13:32:23.171430 [Database] client 240 initialized with balance 10 (bolt)
[Node 7] 2025/11/28 13:32:23.201360 [Database] client 241 initialized with balance 10 (bolt)
[Node 7] 2025/11/28 13:32:23.234393 [Database] client 242 initialized with balance 10 (bolt)
[Node 7] 2025/11/28 13:32:23.247171 Node 7: Leader timeout (5.098691s), no leader msgs, starting election
[Node 7] 2025/11/28 13:32:23.252503 Node 7: StartLeaderElection invoked (leader=false active=false)
[Node 7] 2025/11/28 13:32:23.263526 [Database] client 243 initialized with balance 10 (bolt)
[Node 7] 2025/11/28 13:32:23.300734 [Database] client 244 initialized with balance 10 (bolt)
[Node 7] 2025/11/28 13:32:23.335322 [Database] client 245 initialized with balance 10 (bolt)
[Node 7] 2025/11/28 13:32:23.372488 [Database] client 246 initialized with balance 10 (bolt)
[Node 7] 2025/11/28 13:32:23.397344 [Database] client 247 initialized with balance 10 (bolt)
[Node 7] 2025/11/28 13:32:23.417539 [Database] client 248 initialized with balance 10 (bolt)
[Node 7] 2025/11/28 13:32:23.446260 [Database] client 249 initialized with balance 10 (bolt)
[Node 7] 2025/11/28 13:32:23.465371 [Database] client 250 initialized with balance 10 (bolt)
[Node 7] 2025/11/28 13:32:23.493403 [Database] client 251 initialized with balance 10 (bolt)
[Node 7] 2025/11/28 13:32:23.515430 [Database] client 252 initialized with balance 10 (bolt)
[Node 7] 2025/11/28 13:32:23.534368 [Database] client 253 initialized with balance 10 (bolt)
[Node 7] 2025/11/28 13:32:23.555409 [Database] client 254 initialized with balance 10 (bolt)
[Node 7] 2025/11/28 13:32:23.575372 [Database] client 255 initialized with balance 10 (bolt)
[Node 7] 2025/11/28 13:32:23.603363 [Database] client 256 initialized with balance 10 (bolt)
[Node 7] 2025/11/28 13:32:23.632224 [Database] client 257 initialized with balance 10 (bolt)
[Node 7] 2025/11/28 13:32:23.660274 [Database] client 258 initialized with balance 10 (bolt)
[Node 7] 2025/11/28 13:32:23.678306 [Database] client 259 initialized with balance 10 (bolt)
[Node 7] 2025/11/28 13:32:23.697353 [Database] client 260 initialized with balance 10 (bolt)
[Node 7] 2025/11/28 13:32:23.719369 [Database] client 261 initialized with balance 10 (bolt)
[Node 7] 2025/11/28 13:32:23.739519 [Database] client 262 initialized with balance 10 (bolt)
[Node 7] 2025/11/28 13:32:23.765467 [Database] client 263 initialized with balance 10 (bolt)
[Node 7] 2025/11/28 13:32:23.790352 [Database] client 264 initialized with balance 10 (bolt)
[Node 7] 2025/11/28 13:32:23.807381 [Database] client 265 initialized with balance 10 (bolt)
[Node 7] 2025/11/28 13:32:23.830336 [Database] client 266 initialized with balance 10 (bolt)
[Node 7] 2025/11/28 13:32:23.856248 [Database] client 267 initialized with balance 10 (bolt)
[Node 7] 2025/11/28 13:32:23.875275 [Database] client 268 initialized with balance 10 (bolt)
[Node 7] 2025/11/28 13:32:23.897277 [Database] client 269 initialized with balance 10 (bolt)
[Node 7] 2025/11/28 13:32:23.928230 [Database] client 270 initialized with balance 10 (bolt)
[Node 7] 2025/11/28 13:32:23.951236 [Database] client 271 initialized with balance 10 (bolt)
[Node 7] 2025/11/28 13:32:23.971311 [Database] client 272 initialized with balance 10 (bolt)
[Node 7] 2025/11/28 13:32:23.991320 [Database] client 273 initialized with balance 10 (bolt)
[Node 7] 2025/11/28 13:32:24.011263 [Database] client 274 initialized with balance 10 (bolt)
[Node 7] 2025/11/28 13:32:24.029331 [Database] client 275 initialized with balance 10 (bolt)
[Node 7] 2025/11/28 13:32:24.049325 [Database] client 276 initialized with balance 10 (bolt)
[Node 7] 2025/11/28 13:32:24.069257 [Database] client 277 initialized with balance 10 (bolt)
[Node 7] 2025/11/28 13:32:24.092371 [Database] client 278 initialized with balance 10 (bolt)
[Node 7] 2025/11/28 13:32:24.111270 [Database] client 279 initialized with balance 10 (bolt)
[Node 7] 2025/11/28 13:32:24.133316 [Database] client 280 initialized with balance 10 (bolt)
[Node 7] 2025/11/28 13:32:24.152323 [Database] client 281 initialized with balance 10 (bolt)
[Node 7] 2025/11/28 13:32:24.171357 [Database] client 282 initialized with balance 10 (bolt)
[Node 7] 2025/11/28 13:32:24.190314 [Database] client 283 initialized with balance 10 (bolt)
[Node 7] 2025/11/28 13:32:24.210278 [Database] client 284 initialized with balance 10 (bolt)
[Node 7] 2025/11/28 13:32:24.233228 [Database] client 285 initialized with balance 10 (bolt)
[Node 7] 2025/11/28 13:32:24.265354 [Database] client 286 initialized with balance 10 (bolt)
[Node 7] 2025/11/28 13:32:24.287334 [Database] client 287 initialized with balance 10 (bolt)
[Node 7] 2025/11/28 13:32:24.306315 [Database] client 288 initialized with balance 10 (bolt)
[Node 7] 2025/11/28 13:32:24.328398 [Database] client 289 initialized with balance 10 (bolt)
[Node 7] 2025/11/28 13:32:24.348338 [Database] client 290 initialized with balance 10 (bolt)
[Node 7] 2025/11/28 13:32:24.367318 [Database] client 291 initialized with balance 10 (bolt)
[Node 7] 2025/11/28 13:32:24.387337 [Database] client 292 initialized with balance 10 (bolt)
[Node 7] 2025/11/28 13:32:24.405388 [Database] client 293 initialized with balance 10 (bolt)
[Node 7] 2025/11/28 13:32:24.425326 [Database] client 294 initialized with balance 10 (bolt)
[Node 7] 2025/11/28 13:32:24.443268 [Database] client 295 initialized with balance 10 (bolt)
[Node 7] 2025/11/28 13:32:24.471597 [Database] client 296 initialized with balance 10 (bolt)
[Node 7] 2025/11/28 13:32:24.502364 [Database] client 297 initialized with balance 10 (bolt)
[Node 7] 2025/11/28 13:32:24.532384 [Database] client 298 initialized with balance 10 (bolt)
[Node 7] 2025/11/28 13:32:24.550304 [Database] client 299 initialized with balance 10 (bolt)
[Node 7] 2025/11/28 13:32:24.568373 [Database] client 300 initialized with balance 10 (bolt)
[Node 7] 2025/11/28 13:32:24.591332 [Database] client 301 initialized with balance 10 (bolt)
[Node 7] 2025/11/28 13:32:24.618328 [Database] client 302 initialized with balance 10 (bolt)
[Node 7] 2025/11/28 13:32:24.648315 [Database] client 303 initialized with balance 10 (bolt)
[Node 7] 2025/11/28 13:32:24.680655 [Database] client 304 initialized with balance 10 (bolt)
[Node 7] 2025/11/28 13:32:24.708320 [Database] client 305 initialized with balance 10 (bolt)
[Node 7] 2025/11/28 13:32:24.733561 [Database] client 306 initialized with balance 10 (bolt)
[Node 7] 2025/11/28 13:32:24.757374 [Database] client 307 initialized with balance 10 (bolt)
[Node 7] 2025/11/28 13:32:24.789297 [Database] client 308 initialized with balance 10 (bolt)
[Node 7] 2025/11/28 13:32:24.816400 [Database] client 309 initialized with balance 10 (bolt)
[Node 7] 2025/11/28 13:32:24.843338 [Database] client 310 initialized with balance 10 (bolt)
[Node 7] 2025/11/28 13:32:24.872365 [Database] client 311 initialized with balance 10 (bolt)
[Node 7] 2025/11/28 13:32:24.894405 [Database] client 312 initialized with balance 10 (bolt)
[Node 7] 2025/11/28 13:32:24.915530 [Database] client 313 initialized with balance 10 (bolt)
[Node 7] 2025/11/28 13:32:24.946328 [Database] client 314 initialized with balance 10 (bolt)
[Node 7] 2025/11/28 13:32:24.969360 [Database] client 315 initialized with balance 10 (bolt)
[Node 7] 2025/11/28 13:32:24.991288 [Database] client 316 initialized with balance 10 (bolt)
[Node 7] 2025/11/28 13:32:25.009155 [Database] client 317 initialized with balance 10 (bolt)
[Node 7] 2025/11/28 13:32:25.030341 [Database] client 318 initialized with balance 10 (bolt)
[Node 7] 2025/11/28 13:32:25.049253 [Database] client 319 initialized with balance 10 (bolt)
[Node 7] 2025/11/28 13:32:25.067323 [Database] client 320 initialized with balance 10 (bolt)
[Node 7] 2025/11/28 13:32:25.084290 [Database] client 321 initialized with balance 10 (bolt)
[Node 7] 2025/11/28 13:32:25.102340 [Database] client 322 initialized with balance 10 (bolt)
[Node 7] 2025/11/28 13:32:25.122336 [Database] client 323 initialized with balance 10 (bolt)
[Node 7] 2025/11/28 13:32:25.141345 [Database] client 324 initialized with balance 10 (bolt)
[Node 7] 2025/11/28 13:32:25.160156 [Database] client 325 initialized with balance 10 (bolt)
[Node 7] 2025/11/28 13:32:25.179203 [Database] client 326 initialized with balance 10 (bolt)
[Node 7] 2025/11/28 13:32:25.199314 [Database] client 327 initialized with balance 10 (bolt)
[Node 7] 2025/11/28 13:32:25.217333 [Database] client 328 initialized with balance 10 (bolt)
[Node 7] 2025/11/28 13:32:25.231384 [Database] client 329 initialized with balance 10 (bolt)
[Node 7] 2025/11/28 13:32:25.247341 [Database] client 330 initialized with balance 10 (bolt)
[Node 7] 2025/11/28 13:32:25.263392 [Database] client 331 initialized with balance 10 (bolt)
[Node 7] 2025/11/28 13:32:25.266428 Node 7: Leader timeout (7.118019s), no leader msgs, starting election
[Node 7] 2025/11/28 13:32:25.266509 Node 7: StartLeaderElection invoked (leader=false active=false)
[Node 7] 2025/11/28 13:32:25.281288 [Database] client 332 initialized with balance 10 (bolt)
[Node 7] 2025/11/28 13:32:25.297341 [Database] client 333 initialized with balance 10 (bolt)
[Node 7] 2025/11/28 13:32:25.317313 [Database] client 334 initialized with balance 10 (bolt)
[Node 7] 2025/11/28 13:32:25.335379 [Database] client 335 initialized with balance 10 (bolt)
[Node 7] 2025/11/28 13:32:25.354304 [Database] client 336 initialized with balance 10 (bolt)
[Node 7] 2025/11/28 13:32:25.374267 [Database] client 337 initialized with balance 10 (bolt)
[Node 7] 2025/11/28 13:32:25.392176 [Database] client 338 initialized with balance 10 (bolt)
[Node 7] 2025/11/28 13:32:25.410308 [Database] client 339 initialized with balance 10 (bolt)
[Node 7] 2025/11/28 13:32:25.428267 [Database] client 340 initialized with balance 10 (bolt)
[Node 7] 2025/11/28 13:32:25.450336 [Database] client 341 initialized with balance 10 (bolt)
[Node 7] 2025/11/28 13:32:25.467338 [Database] client 342 initialized with balance 10 (bolt)
[Node 7] 2025/11/28 13:32:25.489354 [Database] client 343 initialized with balance 10 (bolt)
[Node 7] 2025/11/28 13:32:25.506258 [Database] client 344 initialized with balance 10 (bolt)
[Node 7] 2025/11/28 13:32:25.529250 [Database] client 345 initialized with balance 10 (bolt)
[Node 7] 2025/11/28 13:32:25.558306 [Database] client 346 initialized with balance 10 (bolt)
[Node 7] 2025/11/28 13:32:25.576315 [Database] client 347 initialized with balance 10 (bolt)
[Node 7] 2025/11/28 13:32:25.596231 [Database] client 348 initialized with balance 10 (bolt)
[Node 7] 2025/11/28 13:32:25.613360 [Database] client 349 initialized with balance 10 (bolt)
[Node 7] 2025/11/28 13:32:25.630244 [Database] client 350 initialized with balance 10 (bolt)
[Node 7] 2025/11/28 13:32:25.648202 [Database] client 351 initialized with balance 10 (bolt)
[Node 7] 2025/11/28 13:32:25.671229 [Database] client 352 initialized with balance 10 (bolt)
[Node 7] 2025/11/28 13:32:25.691289 [Database] client 353 initialized with balance 10 (bolt)
[Node 7] 2025/11/28 13:32:25.710207 [Database] client 354 initialized with balance 10 (bolt)
[Node 7] 2025/11/28 13:32:25.732311 [Database] client 355 initialized with balance 10 (bolt)
[Node 7] 2025/11/28 13:32:25.757341 [Database] client 356 initialized with balance 10 (bolt)
[Node 7] 2025/11/28 13:32:25.774334 [Database] client 357 initialized with balance 10 (bolt)
[Node 7] 2025/11/28 13:32:25.793437 [Database] client 358 initialized with balance 10 (bolt)
[Node 7] 2025/11/28 13:32:25.820276 [Database] client 359 initialized with balance 10 (bolt)
[Node 7] 2025/11/28 13:32:25.841293 [Database] client 360 initialized with balance 10 (bolt)
[Node 7] 2025/11/28 13:32:25.860298 [Database] client 361 initialized with balance 10 (bolt)
[Node 7] 2025/11/28 13:32:25.879291 [Database] client 362 initialized with balance 10 (bolt)
[Node 7] 2025/11/28 13:32:25.897253 [Database] client 363 initialized with balance 10 (bolt)
[Node 7] 2025/11/28 13:32:25.915269 [Database] client 364 initialized with balance 10 (bolt)
[Node 7] 2025/11/28 13:32:25.932330 [Database] client 365 initialized with balance 10 (bolt)
[Node 7] 2025/11/28 13:32:25.951269 [Database] client 366 initialized with balance 10 (bolt)
[Node 7] 2025/11/28 13:32:25.968355 [Database] client 367 initialized with balance 10 (bolt)
[Node 7] 2025/11/28 13:32:25.987233 [Database] client 368 initialized with balance 10 (bolt)
[Node 7] 2025/11/28 13:32:26.005322 [Database] client 369 initialized with balance 10 (bolt)
[Node 7] 2025/11/28 13:32:26.023255 [Database] client 370 initialized with balance 10 (bolt)
[Node 7] 2025/11/28 13:32:26.043233 [Database] client 371 initialized with balance 10 (bolt)
[Node 7] 2025/11/28 13:32:26.069281 [Database] client 372 initialized with balance 10 (bolt)
[Node 7] 2025/11/28 13:32:26.099267 [Database] client 373 initialized with balance 10 (bolt)
[Node 7] 2025/11/28 13:32:26.125341 [Database] client 374 initialized with balance 10 (bolt)
[Node 7] 2025/11/28 13:32:26.148287 [Database] client 375 initialized with balance 10 (bolt)
[Node 7] 2025/11/28 13:32:26.170311 [Database] client 376 initialized with balance 10 (bolt)
[Node 7] 2025/11/28 13:32:26.194240 [Database] client 377 initialized with balance 10 (bolt)
[Node 7] 2025/11/28 13:32:26.218349 [Database] client 378 initialized with balance 10 (bolt)
[Node 7] 2025/11/28 13:32:26.243355 [Database] client 379 initialized with balance 10 (bolt)
[Node 7] 2025/11/28 13:32:26.267303 [Database] client 380 initialized with balance 10 (bolt)
[Node 7] 2025/11/28 13:32:26.297257 [Database] client 381 initialized with balance 10 (bolt)
[Node 7] 2025/11/28 13:32:26.323376 [Database] client 382 initialized with balance 10 (bolt)
[Node 7] 2025/11/28 13:32:26.348784 [Database] client 383 initialized with balance 10 (bolt)
[Node 7] 2025/11/28 13:32:26.371515 [Database] client 384 initialized with balance 10 (bolt)
[Node 7] 2025/11/28 13:32:26.397121 [Database] client 385 initialized with balance 10 (bolt)
[Node 7] 2025/11/28 13:32:26.420269 [Database] client 386 initialized with balance 10 (bolt)
[Node 7] 2025/11/28 13:32:26.439142 [Database] client 387 initialized with balance 10 (bolt)
[Node 7] 2025/11/28 13:32:26.462118 [Database] client 388 initialized with balance 10 (bolt)
[Node 7] 2025/11/28 13:32:26.481276 [Database] client 389 initialized with balance 10 (bolt)
[Node 7] 2025/11/28 13:32:26.500261 [Database] client 390 initialized with balance 10 (bolt)
[Node 7] 2025/11/28 13:32:26.519309 [Database] client 391 initialized with balance 10 (bolt)
[Node 7] 2025/11/28 13:32:26.536197 [Database] client 392 initialized with balance 10 (bolt)
[Node 7] 2025/11/28 13:32:26.551233 [Database] client 393 initialized with balance 10 (bolt)
[Node 7] 2025/11/28 13:32:26.570195 [Database] client 394 initialized with balance 10 (bolt)
[Node 7] 2025/11/28 13:32:26.589257 [Database] client 395 initialized with balance 10 (bolt)
[Node 7] 2025/11/28 13:32:26.616192 [Database] client 396 initialized with balance 10 (bolt)
[Node 7] 2025/11/28 13:32:26.635258 [Database] client 397 initialized with balance 10 (bolt)
[Node 7] 2025/11/28 13:32:26.653269 [Database] client 398 initialized with balance 10 (bolt)
[Node 7] 2025/11/28 13:32:26.672239 [Database] client 399 initialized with balance 10 (bolt)
[Node 7] 2025/11/28 13:32:26.691254 [Database] client 400 initialized with balance 10 (bolt)
[Node 7] 2025/11/28 13:32:26.709211 [Database] client 401 initialized with balance 10 (bolt)
[Node 7] 2025/11/28 13:32:26.727273 [Database] client 402 initialized with balance 10 (bolt)
[Node 7] 2025/11/28 13:32:26.746224 [Database] client 403 initialized with balance 10 (bolt)
[Node 7] 2025/11/28 13:32:26.761242 [Database] client 404 initialized with balance 10 (bolt)
[Node 7] 2025/11/28 13:32:26.785211 [Database] client 405 initialized with balance 10 (bolt)
[Node 7] 2025/11/28 13:32:26.804381 [Database] client 406 initialized with balance 10 (bolt)
[Node 7] 2025/11/28 13:32:26.821286 [Database] client 407 initialized with balance 10 (bolt)
[Node 7] 2025/11/28 13:32:26.848255 [Database] client 408 initialized with balance 10 (bolt)
[Node 7] 2025/11/28 13:32:26.871311 [Database] client 409 initialized with balance 10 (bolt)
[Node 7] 2025/11/28 13:32:26.894331 [Database] client 410 initialized with balance 10 (bolt)
[Node 7] 2025/11/28 13:32:26.914493 [Database] client 411 initialized with balance 10 (bolt)
[Node 7] 2025/11/28 13:32:26.937261 [Database] client 412 initialized with balance 10 (bolt)
[Node 7] 2025/11/28 13:32:26.956133 [Database] client 413 initialized with balance 10 (bolt)
[Node 7] 2025/11/28 13:32:26.976191 [Database] client 414 initialized with balance 10 (bolt)
[Node 7] 2025/11/28 13:32:26.994171 [Database] client 415 initialized with balance 10 (bolt)
[Node 7] 2025/11/28 13:32:27.018240 [Database] client 416 initialized with balance 10 (bolt)
[Node 7] 2025/11/28 13:32:27.038247 [Database] client 417 initialized with balance 10 (bolt)
[Node 7] 2025/11/28 13:32:27.057171 [Database] client 418 initialized with balance 10 (bolt)
[Node 7] 2025/11/28 13:32:27.077180 [Database] client 419 initialized with balance 10 (bolt)
[Node 7] 2025/11/28 13:32:27.095190 [Database] client 420 initialized with balance 10 (bolt)
[Node 7] 2025/11/28 13:32:27.113351 [Database] client 421 initialized with balance 10 (bolt)
[Node 7] 2025/11/28 13:32:27.133174 [Database] client 422 initialized with balance 10 (bolt)
[Node 7] 2025/11/28 13:32:27.153228 [Database] client 423 initialized with balance 10 (bolt)
[Node 7] 2025/11/28 13:32:27.172299 [Database] client 424 initialized with balance 10 (bolt)
[Node 7] 2025/11/28 13:32:27.191229 [Database] client 425 initialized with balance 10 (bolt)
[Node 7] 2025/11/28 13:32:27.212116 [Database] client 426 initialized with balance 10 (bolt)
[Node 7] 2025/11/28 13:32:27.236194 [Database] client 427 initialized with balance 10 (bolt)
[Node 7] 2025/11/28 13:32:27.254241 [Database] client 428 initialized with balance 10 (bolt)
[Node 7] 2025/11/28 13:32:27.277245 [Database] client 429 initialized with balance 10 (bolt)
[Node 7] 2025/11/28 13:32:27.279307 Node 7: Leader timeout (9.130964s), no leader msgs, starting election
[Node 7] 2025/11/28 13:32:27.281366 Node 7: StartLeaderElection invoked (leader=false active=false)
[Node 7] 2025/11/28 13:32:27.297088 [Database] client 430 initialized with balance 10 (bolt)
[Node 7] 2025/11/28 13:32:27.318105 [Database] client 431 initialized with balance 10 (bolt)
[Node 7] 2025/11/28 13:32:27.334118 [Database] client 432 initialized with balance 10 (bolt)
[Node 7] 2025/11/28 13:32:27.353244 [Database] client 433 initialized with balance 10 (bolt)
[Node 7] 2025/11/28 13:32:27.372243 [Database] client 434 initialized with balance 10 (bolt)
[Node 7] 2025/11/28 13:32:27.388189 [Database] client 435 initialized with balance 10 (bolt)
[Node 7] 2025/11/28 13:32:27.407159 [Database] client 436 initialized with balance 10 (bolt)
[Node 7] 2025/11/28 13:32:27.424227 [Database] client 437 initialized with balance 10 (bolt)
[Node 7] 2025/11/28 13:32:27.443238 [Database] client 438 initialized with balance 10 (bolt)
[Node 7] 2025/11/28 13:32:27.461281 [Database] client 439 initialized with balance 10 (bolt)
[Node 7] 2025/11/28 13:32:27.474200 [Database] client 440 initialized with balance 10 (bolt)
[Node 7] 2025/11/28 13:32:27.493223 [Database] client 441 initialized with balance 10 (bolt)
[Node 7] 2025/11/28 13:32:27.512297 [Database] client 442 initialized with balance 10 (bolt)
[Node 7] 2025/11/28 13:32:27.529208 [Database] client 443 initialized with balance 10 (bolt)
[Node 7] 2025/11/28 13:32:27.546201 [Database] client 444 initialized with balance 10 (bolt)
[Node 7] 2025/11/28 13:32:27.563296 [Database] client 445 initialized with balance 10 (bolt)
[Node 7] 2025/11/28 13:32:27.580241 [Database] client 446 initialized with balance 10 (bolt)
[Node 7] 2025/11/28 13:32:27.599219 [Database] client 447 initialized with balance 10 (bolt)
[Node 7] 2025/11/28 13:32:27.617165 [Database] client 448 initialized with balance 10 (bolt)
[Node 7] 2025/11/28 13:32:27.635243 [Database] client 449 initialized with balance 10 (bolt)
[Node 7] 2025/11/28 13:32:27.653222 [Database] client 450 initialized with balance 10 (bolt)
[Node 7] 2025/11/28 13:32:27.668215 [Database] client 451 initialized with balance 10 (bolt)
[Node 7] 2025/11/28 13:32:27.688261 [Database] client 452 initialized with balance 10 (bolt)
[Node 7] 2025/11/28 13:32:27.715209 [Database] client 453 initialized with balance 10 (bolt)
[Node 7] 2025/11/28 13:32:27.734181 [Database] client 454 initialized with balance 10 (bolt)
[Node 7] 2025/11/28 13:32:27.748107 [Database] client 455 initialized with balance 10 (bolt)
[Node 7] 2025/11/28 13:32:27.766147 [Database] client 456 initialized with balance 10 (bolt)
[Node 7] 2025/11/28 13:32:27.780355 [Database] client 457 initialized with balance 10 (bolt)
[Node 7] 2025/11/28 13:32:27.807146 [Database] client 458 initialized with balance 10 (bolt)
[Node 7] 2025/11/28 13:32:27.825251 [Database] client 459 initialized with balance 10 (bolt)
[Node 7] 2025/11/28 13:32:27.843211 [Database] client 460 initialized with balance 10 (bolt)
[Node 7] 2025/11/28 13:32:27.862218 [Database] client 461 initialized with balance 10 (bolt)
[Node 7] 2025/11/28 13:32:27.880302 [Database] client 462 initialized with balance 10 (bolt)
[Node 7] 2025/11/28 13:32:27.898185 [Database] client 463 initialized with balance 10 (bolt)
[Node 7] 2025/11/28 13:32:27.916222 [Database] client 464 initialized with balance 10 (bolt)
[Node 7] 2025/11/28 13:32:27.934198 [Database] client 465 initialized with balance 10 (bolt)
[Node 7] 2025/11/28 13:32:27.952195 [Database] client 466 initialized with balance 10 (bolt)
[Node 7] 2025/11/28 13:32:27.970243 [Database] client 467 initialized with balance 10 (bolt)
[Node 7] 2025/11/28 13:32:27.988203 [Database] client 468 initialized with balance 10 (bolt)
[Node 7] 2025/11/28 13:32:28.006193 [Database] client 469 initialized with balance 10 (bolt)
[Node 7] 2025/11/28 13:32:28.024188 [Database] client 470 initialized with balance 10 (bolt)
[Node 7] 2025/11/28 13:32:28.042131 [Database] client 471 initialized with balance 10 (bolt)
[Node 7] 2025/11/28 13:32:28.060228 [Database] client 472 initialized with balance 10 (bolt)
[Node 7] 2025/11/28 13:32:28.078175 [Database] client 473 initialized with balance 10 (bolt)
[Node 7] 2025/11/28 13:32:28.092197 [Database] client 474 initialized with balance 10 (bolt)
[Node 7] 2025/11/28 13:32:28.122246 [Database] client 475 initialized with balance 10 (bolt)
[Node 7] 2025/11/28 13:32:28.139275 [Database] client 476 initialized with balance 10 (bolt)
[Node 7] 2025/11/28 13:32:28.157253 [Database] client 477 initialized with balance 10 (bolt)
[Node 7] 2025/11/28 13:32:28.178188 [Database] client 478 initialized with balance 10 (bolt)
[Node 7] 2025/11/28 13:32:28.205238 [Database] client 479 initialized with balance 10 (bolt)
[Node 7] 2025/11/28 13:32:28.229198 [Database] client 480 initialized with balance 10 (bolt)
[Node 7] 2025/11/28 13:32:28.248170 [Database] client 481 initialized with balance 10 (bolt)
[Node 7] 2025/11/28 13:32:28.271242 [Database] client 482 initialized with balance 10 (bolt)
[Node 7] 2025/11/28 13:32:28.301275 [Database] client 483 initialized with balance 10 (bolt)
[Node 7] 2025/11/28 13:32:28.319172 [Database] client 484 initialized with balance 10 (bolt)
[Node 7] 2025/11/28 13:32:28.339205 [Database] client 485 initialized with balance 10 (bolt)
[Node 7] 2025/11/28 13:32:28.358181 [Database] client 486 initialized with balance 10 (bolt)
[Node 7] 2025/11/28 13:32:28.377149 [Database] client 487 initialized with balance 10 (bolt)
[Node 7] 2025/11/28 13:32:28.395230 [Database] client 488 initialized with balance 10 (bolt)
[Node 7] 2025/11/28 13:32:28.414479 [Database] client 489 initialized with balance 10 (bolt)
[Node 7] 2025/11/28 13:32:28.439272 [Database] client 490 initialized with balance 10 (bolt)
[Node 7] 2025/11/28 13:32:28.463380 [Database] client 491 initialized with balance 10 (bolt)
[Node 7] 2025/11/28 13:32:28.487160 [Database] client 492 initialized with balance 10 (bolt)
[Node 7] 2025/11/28 13:32:28.505198 [Database] client 493 initialized with balance 10 (bolt)
[Node 7] 2025/11/28 13:32:28.523214 [Database] client 494 initialized with balance 10 (bolt)
[Node 7] 2025/11/28 13:32:28.547169 [Database] client 495 initialized with balance 10 (bolt)
[Node 7] 2025/11/28 13:32:28.561179 [Database] client 496 initialized with balance 10 (bolt)
[Node 7] 2025/11/28 13:32:28.580219 [Database] client 497 initialized with balance 10 (bolt)
[Node 7] 2025/11/28 13:32:28.597145 [Database] client 498 initialized with balance 10 (bolt)
[Node 7] 2025/11/28 13:32:28.616038 [Database] client 499 initialized with balance 10 (bolt)
[Node 7] 2025/11/28 13:32:28.634058 [Database] client 500 initialized with balance 10 (bolt)
[Node 7] 2025/11/28 13:32:28.652146 Node 7: initialization complete (maj=3)
[Node 7] 2025/11/28 13:32:28.652356 Node 7: starting RPC server at localhost:8007
[Node 7] 2025/11/28 13:36:04.867675 Node 7: Accept RPC seq=1 ballot=(5,1)
[Node 7] 2025/11/28 13:36:04.867900 Node 7 ACCEPT seq=1 ballot=(5,1) txn=(1→2,1)
[Node 7] 2025/11/28 13:36:04.867908 Node 7: Accepted seq 1
[Node 7] 2025/11/28 13:36:04.888472 Node 7: Commit RPC seq=1 ballot=(5,1)
[Node 7] 2025/11/28 13:36:04.888526 Node 7: executeRequestsInOrder triggered
[Node 7] 2025/11/28 13:36:04.888548 [Database] executing txn (bolt) (1,2,1)
[Node 7] 2025/11/28 13:36:04.907560 [Database] txn success (bolt): 1 -> 2 amount 1
[Node 7] 2025/11/28 13:36:04.907859 Node 7: executeRequestsInOrder stopping at gap seq=2
[Node 7] 2025/11/28 13:39:21.617780 Node 7: Accept RPC seq=2 ballot=(5,1)
[Node 7] 2025/11/28 13:39:21.617956 Node 7 ACCEPT seq=2 ballot=(5,1) txn=(1→2,1)
[Node 7] 2025/11/28 13:39:21.617963 Node 7: Accepted seq 2
[Node 7] 2025/11/28 13:39:21.641314 Node 7: Commit RPC seq=2 ballot=(5,1)
[Node 7] 2025/11/28 13:39:21.645444 Node 7: executeRequestsInOrder triggered
[Node 7] 2025/11/28 13:39:21.648300 [Database] executing txn (bolt) (1,2,1)
[Node 7] 2025/11/28 13:39:21.672399 [Database] txn success (bolt): 1 -> 2 amount 1
[Node 7] 2025/11/28 13:39:21.672617 Node 7: executeRequestsInOrder stopping at gap seq=3
[Node 7] 2025/11/28 13:40:58.501484 Node 7 shutting down...
[Node 7] 2025/11/28 13:40:58.502654 Node 7: stopping node
[Node 7] 2025/11/28 13:40:58.502778 Node 7: accept error: accept tcp 127.0.0.1:8007: use of closed network connection
[Node 7] 2025/11/28 13:40:58.502856 Node 7: RPC server shutting down
